{"/app/frontend/src/App.vue": {"path":"/app/frontend/src/App.vue","statementMap":{"0":{"start":{"line":16,"column":6},"end":{"line":16,"column":null}},"1":{"start":{"line":17,"column":6},"end":{"line":17,"column":null}},"2":{"start":{"line":19,"column":6},"end":{"line":19,"column":null}},"3":{"start":{"line":22,"column":13},"end":{"line":22,"column":null}},"4":{"start":{"line":23,"column":2},"end":{"line":27,"column":null}},"5":{"start":{"line":24,"column":4},"end":{"line":24,"column":null}},"6":{"start":{"line":28,"column":2},"end":{"line":28,"column":null}},"7":{"start":{"line":29,"column":2},"end":{"line":35,"column":null}},"8":{"start":{"line":30,"column":4},"end":{"line":34,"column":null}},"9":{"start":{"line":31,"column":6},"end":{"line":31,"column":null}},"10":{"start":{"line":38,"column":0},"end":{"line":42,"column":null}},"11":{"start":{"line":39,"column":10},"end":{"line":39,"column":null}},"12":{"start":{"line":40,"column":10},"end":{"line":40,"column":null}},"13":{"start":{"line":43,"column":17},"end":{"line":43,"column":null}},"14":{"start":{"line":45,"column":6},"end":{"line":49,"column":null}},"15":{"start":{"line":46,"column":2},"end":{"line":46,"column":null}},"16":{"start":{"line":46,"column":31},"end":{"line":46,"column":null}},"17":{"start":{"line":47,"column":2},"end":{"line":47,"column":null}},"18":{"start":{"line":47,"column":32},"end":{"line":47,"column":null}},"19":{"start":{"line":48,"column":2},"end":{"line":48,"column":null}},"20":{"start":{"line":68,"column":9},"end":{"line":68,"column":null}},"21":{"start":{"line":74,"column":7},"end":{"line":74,"column":null}},"22":{"start":{"line":80,"column":11},"end":{"line":80,"column":null}},"23":{"start":{"line":85,"column":10},"end":{"line":85,"column":null}},"24":{"start":{"line":93,"column":11},"end":{"line":93,"column":null}},"25":{"start":{"line":56,"column":17},"end":{"line":56,"column":null}},"26":{"start":{"line":63,"column":17},"end":{"line":63,"column":null}},"27":{"start":{"line":67,"column":11},"end":{"line":69,"column":null}}},"fnMap":{"0":{"name":"refreshHideFlag","decl":{"start":{"line":21,"column":9},"end":{"line":21,"column":27}},"loc":{"start":{"line":21,"column":27},"end":{"line":36,"column":null}},"line":21},"1":{"name":"(anonymous_1)","decl":{"start":{"line":39,"column":4},"end":{"line":39,"column":10}},"loc":{"start":{"line":39,"column":10},"end":{"line":39,"column":null}},"line":39},"2":{"name":"(anonymous_2)","decl":{"start":{"line":40,"column":4},"end":{"line":40,"column":10}},"loc":{"start":{"line":40,"column":10},"end":{"line":40,"column":null}},"line":40},"3":{"name":"(anonymous_3)","decl":{"start":{"line":45,"column":40},"end":{"line":45,"column":46}},"loc":{"start":{"line":45,"column":46},"end":{"line":49,"column":1}},"line":45},"4":{"name":"(anonymous_4)","decl":{"start":{"line":56,"column":47},"end":{"line":56,"column":51}},"loc":{"start":{"line":56,"column":17},"end":{"line":56,"column":null}},"line":56},"5":{"name":"(anonymous_5)","decl":{"start":{"line":63,"column":15},"end":{"line":63,"column":17}},"loc":{"start":{"line":63,"column":17},"end":{"line":63,"column":null}},"line":63},"6":{"name":"(anonymous_6)","decl":{"start":{"line":65,"column":6},"end":{"line":65,"column":16}},"loc":{"start":{"line":67,"column":11},"end":{"line":69,"column":null}},"line":67}},"branchMap":{"0":{"loc":{"start":{"line":29,"column":2},"end":{"line":35,"column":null}},"type":"if","locations":[{"start":{"line":29,"column":2},"end":{"line":35,"column":null}},{"start":{},"end":{}}],"line":29},"1":{"loc":{"start":{"line":46,"column":2},"end":{"line":46,"column":null}},"type":"if","locations":[{"start":{"line":46,"column":2},"end":{"line":46,"column":null}},{"start":{},"end":{}}],"line":46},"2":{"loc":{"start":{"line":47,"column":2},"end":{"line":47,"column":null}},"type":"if","locations":[{"start":{"line":47,"column":2},"end":{"line":47,"column":null}},{"start":{},"end":{}}],"line":47},"3":{"loc":{"start":{"line":56,"column":47},"end":{"line":56,"column":null}},"type":"binary-expr","locations":[{"start":{"line":56,"column":47},"end":{"line":56,"column":51}},{"start":{"line":56,"column":47},"end":{"line":56,"column":null}}],"line":56},"4":{"loc":{"start":{"line":63,"column":15},"end":{"line":63,"column":null}},"type":"binary-expr","locations":[{"start":{"line":63,"column":15},"end":{"line":63,"column":17}},{"start":{"line":63,"column":15},"end":{"line":63,"column":null}}],"line":63},"5":{"loc":{"start":{"line":65,"column":16},"end":{"line":66,"column":null}},"type":"cond-expr","locations":[{"start":{"line":65,"column":46},"end":{"line":66,"column":null}},{"start":{"line":66,"column":46},"end":{"line":66,"column":null}}],"line":65},"6":{"loc":{"start":{"line":75,"column":22},"end":{"line":75,"column":null}},"type":"cond-expr","locations":[{"start":{"line":75,"column":32},"end":{"line":75,"column":null}},{"start":{"line":75,"column":48},"end":{"line":75,"column":null}}],"line":75},"7":{"loc":{"start":{"line":94,"column":31},"end":{"line":95,"column":41}},"type":"binary-expr","locations":[{"start":{"line":94,"column":31},"end":{"line":94,"column":41}},{"start":{"line":94,"column":31},"end":{"line":95,"column":41}}],"line":94}},"s":{"0":5,"1":5,"2":5,"3":5,"4":5,"5":5,"6":5,"7":5,"8":1,"9":1,"10":5,"11":5,"12":5,"13":5,"14":5,"15":5,"16":1,"17":4,"18":4,"19":2,"20":1,"21":1,"22":1,"23":1,"24":1,"25":0,"26":0,"27":1},"f":{"0":5,"1":5,"2":5,"3":5,"4":0,"5":0,"6":1},"b":{"0":[1,4],"1":[1,4],"2":[2,2],"3":[5,5],"4":[5,5],"5":[1,0],"6":[4,1],"7":[4,4]},"meta":{"lastBranch":8,"lastFunction":7,"lastStatement":28,"seen":{"s:16:6:16:Infinity":0,"s:17:6:17:Infinity":1,"s:19:6:19:Infinity":2,"f:21:9:21:27":0,"s:22:13:22:Infinity":3,"s:23:2:27:Infinity":4,"s:24:4:24:Infinity":5,"s:28:2:28:Infinity":6,"b:29:2:35:Infinity:undefined:undefined:undefined:undefined":0,"s:29:2:35:Infinity":7,"s:30:4:34:Infinity":8,"s:31:6:31:Infinity":9,"s:38:0:42:Infinity":10,"f:39:4:39:10":1,"s:39:10:39:Infinity":11,"f:40:4:40:10":2,"s:40:10:40:Infinity":12,"s:43:17:43:Infinity":13,"s:45:6:49:Infinity":14,"f:45:40:45:46":3,"b:46:2:46:Infinity:undefined:undefined:undefined:undefined":1,"s:46:2:46:Infinity":15,"s:46:31:46:Infinity":16,"b:47:2:47:Infinity:undefined:undefined:undefined:undefined":2,"s:47:2:47:Infinity":17,"s:47:32:47:Infinity":18,"s:48:2:48:Infinity":19,"s:68:9:68:Infinity":20,"s:74:7:74:Infinity":21,"s:80:11:80:Infinity":22,"s:85:10:85:Infinity":23,"s:93:11:93:Infinity":24,"b:56:47:56:51:56:47:56:Infinity":3,"f:56:47:56:51":4,"s:56:17:56:Infinity":25,"b:63:15:63:17:63:15:63:Infinity":4,"f:63:15:63:17":5,"s:63:17:63:Infinity":26,"f:65:6:65:16":6,"s:67:11:69:Infinity":27,"b:65:46:66:Infinity:66:46:66:Infinity":5,"b:75:32:75:Infinity:75:48:75:Infinity":6,"b:94:31:94:41:94:31:95:41":7}}}
,"/app/frontend/src/axios-setup.ts": {"path":"/app/frontend/src/axios-setup.ts","statementMap":{"0":{"start":{"line":6,"column":18},"end":{"line":11,"column":null}},"1":{"start":{"line":13,"column":28},"end":{"line":39,"column":null}},"2":{"start":{"line":14,"column":10},"end":{"line":14,"column":null}},"3":{"start":{"line":15,"column":10},"end":{"line":15,"column":null}},"4":{"start":{"line":18,"column":4},"end":{"line":26,"column":null}},"5":{"start":{"line":19,"column":8},"end":{"line":23,"column":null}},"6":{"start":{"line":24,"column":8},"end":{"line":24,"column":null}},"7":{"start":{"line":25,"column":8},"end":{"line":25,"column":null}},"8":{"start":{"line":29,"column":4},"end":{"line":35,"column":null}},"9":{"start":{"line":30,"column":8},"end":{"line":34,"column":null}},"10":{"start":{"line":31,"column":12},"end":{"line":31,"column":null}},"11":{"start":{"line":33,"column":12},"end":{"line":33,"column":null}},"12":{"start":{"line":38,"column":4},"end":{"line":38,"column":null}},"13":{"start":{"line":41,"column":0},"end":{"line":52,"column":null}},"14":{"start":{"line":43,"column":22},"end":{"line":43,"column":null}},"15":{"start":{"line":44,"column":8},"end":{"line":46,"column":null}},"16":{"start":{"line":45,"column":12},"end":{"line":45,"column":null}},"17":{"start":{"line":47,"column":8},"end":{"line":47,"column":null}},"18":{"start":{"line":50,"column":8},"end":{"line":50,"column":null}},"19":{"start":{"line":54,"column":0},"end":{"line":57,"column":null}},"20":{"start":{"line":55,"column":18},"end":{"line":55,"column":null}}},"fnMap":{"0":{"name":"(anonymous_0)","decl":{"start":{"line":13,"column":28},"end":{"line":13,"column":29}},"loc":{"start":{"line":13,"column":44},"end":{"line":39,"column":null}},"line":13},"1":{"name":"(anonymous_1)","decl":{"start":{"line":42,"column":4},"end":{"line":42,"column":5}},"loc":{"start":{"line":42,"column":16},"end":{"line":48,"column":null}},"line":42},"2":{"name":"(anonymous_2)","decl":{"start":{"line":49,"column":4},"end":{"line":49,"column":5}},"loc":{"start":{"line":49,"column":15},"end":{"line":51,"column":null}},"line":49},"3":{"name":"(anonymous_3)","decl":{"start":{"line":55,"column":4},"end":{"line":55,"column":5}},"loc":{"start":{"line":55,"column":18},"end":{"line":55,"column":null}},"line":55}},"branchMap":{"0":{"loc":{"start":{"line":18,"column":4},"end":{"line":26,"column":null}},"type":"if","locations":[{"start":{"line":18,"column":4},"end":{"line":26,"column":null}},{"start":{},"end":{}}],"line":18},"1":{"loc":{"start":{"line":29,"column":4},"end":{"line":35,"column":null}},"type":"if","locations":[{"start":{"line":29,"column":4},"end":{"line":35,"column":null}},{"start":{},"end":{}}],"line":29},"2":{"loc":{"start":{"line":44,"column":8},"end":{"line":46,"column":null}},"type":"if","locations":[{"start":{"line":44,"column":8},"end":{"line":46,"column":null}},{"start":{},"end":{}}],"line":44}},"s":{"0":31,"1":31,"2":7,"3":7,"4":7,"5":1,"6":1,"7":1,"8":6,"9":5,"10":5,"11":1,"12":6,"13":31,"14":2,"15":2,"16":1,"17":2,"18":1,"19":31,"20":0},"f":{"0":7,"1":2,"2":1,"3":0},"b":{"0":[1,6],"1":[5,1],"2":[1,1]},"meta":{"lastBranch":3,"lastFunction":4,"lastStatement":21,"seen":{"s:6:18:11:Infinity":0,"s:13:28:39:Infinity":1,"f:13:28:13:29":0,"s:14:10:14:Infinity":2,"s:15:10:15:Infinity":3,"b:18:4:26:Infinity:undefined:undefined:undefined:undefined":0,"s:18:4:26:Infinity":4,"s:19:8:23:Infinity":5,"s:24:8:24:Infinity":6,"s:25:8:25:Infinity":7,"b:29:4:35:Infinity:undefined:undefined:undefined:undefined":1,"s:29:4:35:Infinity":8,"s:30:8:34:Infinity":9,"s:31:12:31:Infinity":10,"s:33:12:33:Infinity":11,"s:38:4:38:Infinity":12,"s:41:0:52:Infinity":13,"f:42:4:42:5":1,"s:43:22:43:Infinity":14,"b:44:8:46:Infinity:undefined:undefined:undefined:undefined":2,"s:44:8:46:Infinity":15,"s:45:12:45:Infinity":16,"s:47:8:47:Infinity":17,"f:49:4:49:5":2,"s:50:8:50:Infinity":18,"s:54:0:57:Infinity":19,"f:55:4:55:5":3,"s:55:18:55:Infinity":20}}}
,"/app/frontend/src/router.ts": {"path":"/app/frontend/src/router.ts","statementMap":{"0":{"start":{"line":9,"column":33},"end":{"line":174,"column":null}},"1":{"start":{"line":17,"column":25},"end":{"line":17,"column":null}},"2":{"start":{"line":23,"column":25},"end":{"line":23,"column":null}},"3":{"start":{"line":30,"column":25},"end":{"line":30,"column":null}},"4":{"start":{"line":36,"column":25},"end":{"line":36,"column":null}},"5":{"start":{"line":43,"column":25},"end":{"line":43,"column":null}},"6":{"start":{"line":44,"column":52},"end":{"line":47,"column":null}},"7":{"start":{"line":51,"column":16},"end":{"line":51,"column":null}},"8":{"start":{"line":57,"column":25},"end":{"line":57,"column":null}},"9":{"start":{"line":58,"column":52},"end":{"line":61,"column":null}},"10":{"start":{"line":67,"column":25},"end":{"line":67,"column":null}},"11":{"start":{"line":68,"column":52},"end":{"line":71,"column":null}},"12":{"start":{"line":77,"column":25},"end":{"line":77,"column":null}},"13":{"start":{"line":78,"column":52},"end":{"line":81,"column":null}},"14":{"start":{"line":87,"column":25},"end":{"line":87,"column":null}},"15":{"start":{"line":88,"column":52},"end":{"line":91,"column":null}},"16":{"start":{"line":101,"column":25},"end":{"line":101,"column":null}},"17":{"start":{"line":108,"column":25},"end":{"line":108,"column":null}},"18":{"start":{"line":115,"column":25},"end":{"line":115,"column":null}},"19":{"start":{"line":122,"column":25},"end":{"line":122,"column":null}},"20":{"start":{"line":129,"column":25},"end":{"line":129,"column":null}},"21":{"start":{"line":134,"column":16},"end":{"line":134,"column":null}},"22":{"start":{"line":140,"column":25},"end":{"line":140,"column":null}},"23":{"start":{"line":141,"column":52},"end":{"line":144,"column":null}},"24":{"start":{"line":150,"column":25},"end":{"line":150,"column":null}},"25":{"start":{"line":151,"column":52},"end":{"line":153,"column":null}},"26":{"start":{"line":159,"column":25},"end":{"line":159,"column":null}},"27":{"start":{"line":165,"column":25},"end":{"line":165,"column":null}},"28":{"start":{"line":171,"column":25},"end":{"line":171,"column":null}},"29":{"start":{"line":176,"column":6},"end":{"line":180,"column":null}},"30":{"start":{"line":182,"column":0},"end":{"line":187,"column":null}},"31":{"start":{"line":183,"column":17},"end":{"line":183,"column":null}},"32":{"start":{"line":185,"column":8},"end":{"line":185,"column":null}},"33":{"start":{"line":186,"column":4},"end":{"line":186,"column":null}}},"fnMap":{"0":{"name":"(anonymous_0)","decl":{"start":{"line":17,"column":19},"end":{"line":17,"column":25}},"loc":{"start":{"line":17,"column":25},"end":{"line":17,"column":null}},"line":17},"1":{"name":"(anonymous_1)","decl":{"start":{"line":23,"column":19},"end":{"line":23,"column":25}},"loc":{"start":{"line":23,"column":25},"end":{"line":23,"column":null}},"line":23},"2":{"name":"(anonymous_2)","decl":{"start":{"line":30,"column":19},"end":{"line":30,"column":25}},"loc":{"start":{"line":30,"column":25},"end":{"line":30,"column":null}},"line":30},"3":{"name":"(anonymous_3)","decl":{"start":{"line":36,"column":19},"end":{"line":36,"column":25}},"loc":{"start":{"line":36,"column":25},"end":{"line":36,"column":null}},"line":36},"4":{"name":"(anonymous_4)","decl":{"start":{"line":43,"column":19},"end":{"line":43,"column":25}},"loc":{"start":{"line":43,"column":25},"end":{"line":43,"column":null}},"line":43},"5":{"name":"(anonymous_5)","decl":{"start":{"line":44,"column":15},"end":{"line":44,"column":16}},"loc":{"start":{"line":44,"column":52},"end":{"line":47,"column":null}},"line":44},"6":{"name":"(anonymous_6)","decl":{"start":{"line":50,"column":24},"end":{"line":50,"column":25}},"loc":{"start":{"line":51,"column":16},"end":{"line":51,"column":null}},"line":51},"7":{"name":"(anonymous_7)","decl":{"start":{"line":57,"column":19},"end":{"line":57,"column":25}},"loc":{"start":{"line":57,"column":25},"end":{"line":57,"column":null}},"line":57},"8":{"name":"(anonymous_8)","decl":{"start":{"line":58,"column":15},"end":{"line":58,"column":16}},"loc":{"start":{"line":58,"column":52},"end":{"line":61,"column":null}},"line":58},"9":{"name":"(anonymous_9)","decl":{"start":{"line":67,"column":19},"end":{"line":67,"column":25}},"loc":{"start":{"line":67,"column":25},"end":{"line":67,"column":null}},"line":67},"10":{"name":"(anonymous_10)","decl":{"start":{"line":68,"column":15},"end":{"line":68,"column":16}},"loc":{"start":{"line":68,"column":52},"end":{"line":71,"column":null}},"line":68},"11":{"name":"(anonymous_11)","decl":{"start":{"line":77,"column":19},"end":{"line":77,"column":25}},"loc":{"start":{"line":77,"column":25},"end":{"line":77,"column":null}},"line":77},"12":{"name":"(anonymous_12)","decl":{"start":{"line":78,"column":15},"end":{"line":78,"column":16}},"loc":{"start":{"line":78,"column":52},"end":{"line":81,"column":null}},"line":78},"13":{"name":"(anonymous_13)","decl":{"start":{"line":87,"column":19},"end":{"line":87,"column":25}},"loc":{"start":{"line":87,"column":25},"end":{"line":87,"column":null}},"line":87},"14":{"name":"(anonymous_14)","decl":{"start":{"line":88,"column":15},"end":{"line":88,"column":16}},"loc":{"start":{"line":88,"column":52},"end":{"line":91,"column":null}},"line":88},"15":{"name":"(anonymous_15)","decl":{"start":{"line":101,"column":19},"end":{"line":101,"column":25}},"loc":{"start":{"line":101,"column":25},"end":{"line":101,"column":null}},"line":101},"16":{"name":"(anonymous_16)","decl":{"start":{"line":108,"column":19},"end":{"line":108,"column":25}},"loc":{"start":{"line":108,"column":25},"end":{"line":108,"column":null}},"line":108},"17":{"name":"(anonymous_17)","decl":{"start":{"line":115,"column":19},"end":{"line":115,"column":25}},"loc":{"start":{"line":115,"column":25},"end":{"line":115,"column":null}},"line":115},"18":{"name":"(anonymous_18)","decl":{"start":{"line":122,"column":19},"end":{"line":122,"column":25}},"loc":{"start":{"line":122,"column":25},"end":{"line":122,"column":null}},"line":122},"19":{"name":"(anonymous_19)","decl":{"start":{"line":129,"column":19},"end":{"line":129,"column":25}},"loc":{"start":{"line":129,"column":25},"end":{"line":129,"column":null}},"line":129},"20":{"name":"(anonymous_20)","decl":{"start":{"line":133,"column":24},"end":{"line":133,"column":25}},"loc":{"start":{"line":134,"column":16},"end":{"line":134,"column":null}},"line":134},"21":{"name":"(anonymous_21)","decl":{"start":{"line":140,"column":19},"end":{"line":140,"column":25}},"loc":{"start":{"line":140,"column":25},"end":{"line":140,"column":null}},"line":140},"22":{"name":"(anonymous_22)","decl":{"start":{"line":141,"column":15},"end":{"line":141,"column":16}},"loc":{"start":{"line":141,"column":52},"end":{"line":144,"column":null}},"line":141},"23":{"name":"(anonymous_23)","decl":{"start":{"line":150,"column":19},"end":{"line":150,"column":25}},"loc":{"start":{"line":150,"column":25},"end":{"line":150,"column":null}},"line":150},"24":{"name":"(anonymous_24)","decl":{"start":{"line":151,"column":15},"end":{"line":151,"column":16}},"loc":{"start":{"line":151,"column":52},"end":{"line":153,"column":null}},"line":151},"25":{"name":"(anonymous_25)","decl":{"start":{"line":159,"column":19},"end":{"line":159,"column":25}},"loc":{"start":{"line":159,"column":25},"end":{"line":159,"column":null}},"line":159},"26":{"name":"(anonymous_26)","decl":{"start":{"line":165,"column":19},"end":{"line":165,"column":25}},"loc":{"start":{"line":165,"column":25},"end":{"line":165,"column":null}},"line":165},"27":{"name":"(anonymous_27)","decl":{"start":{"line":171,"column":19},"end":{"line":171,"column":25}},"loc":{"start":{"line":171,"column":25},"end":{"line":171,"column":null}},"line":171},"28":{"name":"(anonymous_28)","decl":{"start":{"line":182,"column":17},"end":{"line":182,"column":18}},"loc":{"start":{"line":182,"column":25},"end":{"line":187,"column":1}},"line":182}},"branchMap":{"0":{"loc":{"start":{"line":51,"column":19},"end":{"line":51,"column":50}},"type":"binary-expr","locations":[{"start":{"line":51,"column":19},"end":{"line":51,"column":48}},{"start":{"line":51,"column":48},"end":{"line":51,"column":50}}],"line":51},"1":{"loc":{"start":{"line":134,"column":19},"end":{"line":134,"column":50}},"type":"binary-expr","locations":[{"start":{"line":134,"column":19},"end":{"line":134,"column":48}},{"start":{"line":134,"column":48},"end":{"line":134,"column":50}}],"line":134},"2":{"loc":{"start":{"line":178,"column":8},"end":{"line":178,"column":null}},"type":"cond-expr","locations":[{"start":{"line":178,"column":26},"end":{"line":178,"column":64}},{"start":{"line":178,"column":60},"end":{"line":178,"column":null}}],"line":178},"3":{"loc":{"start":{"line":183,"column":17},"end":{"line":183,"column":null}},"type":"binary-expr","locations":[{"start":{"line":183,"column":17},"end":{"line":183,"column":28}},{"start":{"line":183,"column":28},"end":{"line":183,"column":null}}],"line":183},"4":{"loc":{"start":{"line":185,"column":8},"end":{"line":185,"column":null}},"type":"cond-expr","locations":[{"start":{"line":185,"column":41},"end":{"line":185,"column":55}},{"start":{"line":185,"column":55},"end":{"line":185,"column":null}}],"line":185},"5":{"loc":{"start":{"line":185,"column":55},"end":{"line":185,"column":null}},"type":"binary-expr","locations":[{"start":{"line":185,"column":55},"end":{"line":185,"column":77}},{"start":{"line":185,"column":77},"end":{"line":185,"column":null}}],"line":185}},"s":{"0":40,"1":1,"2":1,"3":0,"4":0,"5":1,"6":1,"7":1,"8":1,"9":1,"10":1,"11":1,"12":1,"13":1,"14":1,"15":1,"16":1,"17":0,"18":1,"19":0,"20":1,"21":1,"22":1,"23":1,"24":1,"25":1,"26":0,"27":0,"28":0,"29":40,"30":40,"31":31,"32":31,"33":31},"f":{"0":1,"1":1,"2":0,"3":0,"4":1,"5":1,"6":1,"7":1,"8":1,"9":1,"10":1,"11":1,"12":1,"13":1,"14":1,"15":1,"16":0,"17":1,"18":0,"19":1,"20":1,"21":1,"22":1,"23":1,"24":1,"25":0,"26":0,"27":0,"28":31},"b":{"0":[1,0],"1":[1,0],"2":[0,40],"3":[31,0],"4":[30,1],"5":[1,0]},"meta":{"lastBranch":6,"lastFunction":29,"lastStatement":34,"seen":{"s:9:33:174:Infinity":0,"f:17:19:17:25":0,"s:17:25:17:Infinity":1,"f:23:19:23:25":1,"s:23:25:23:Infinity":2,"f:30:19:30:25":2,"s:30:25:30:Infinity":3,"f:36:19:36:25":3,"s:36:25:36:Infinity":4,"f:43:19:43:25":4,"s:43:25:43:Infinity":5,"f:44:15:44:16":5,"s:44:52:47:Infinity":6,"f:50:24:50:25":6,"s:51:16:51:Infinity":7,"b:51:19:51:48:51:48:51:50":0,"f:57:19:57:25":7,"s:57:25:57:Infinity":8,"f:58:15:58:16":8,"s:58:52:61:Infinity":9,"f:67:19:67:25":9,"s:67:25:67:Infinity":10,"f:68:15:68:16":10,"s:68:52:71:Infinity":11,"f:77:19:77:25":11,"s:77:25:77:Infinity":12,"f:78:15:78:16":12,"s:78:52:81:Infinity":13,"f:87:19:87:25":13,"s:87:25:87:Infinity":14,"f:88:15:88:16":14,"s:88:52:91:Infinity":15,"f:101:19:101:25":15,"s:101:25:101:Infinity":16,"f:108:19:108:25":16,"s:108:25:108:Infinity":17,"f:115:19:115:25":17,"s:115:25:115:Infinity":18,"f:122:19:122:25":18,"s:122:25:122:Infinity":19,"f:129:19:129:25":19,"s:129:25:129:Infinity":20,"f:133:24:133:25":20,"s:134:16:134:Infinity":21,"b:134:19:134:48:134:48:134:50":1,"f:140:19:140:25":21,"s:140:25:140:Infinity":22,"f:141:15:141:16":22,"s:141:52:144:Infinity":23,"f:150:19:150:25":23,"s:150:25:150:Infinity":24,"f:151:15:151:16":24,"s:151:52:153:Infinity":25,"f:159:19:159:25":25,"s:159:25:159:Infinity":26,"f:165:19:165:25":26,"s:165:25:165:Infinity":27,"f:171:19:171:25":27,"s:171:25:171:Infinity":28,"s:176:6:180:Infinity":29,"b:178:26:178:64:178:60:178:Infinity":2,"s:182:0:187:Infinity":30,"f:182:17:182:18":28,"s:183:17:183:Infinity":31,"b:183:17:183:28:183:28:183:Infinity":3,"s:185:8:185:Infinity":32,"b:185:41:185:55:185:55:185:Infinity":4,"b:185:55:185:77:185:77:185:Infinity":5,"s:186:4:186:Infinity":33}}}
,"/app/frontend/src/components/AceitarMapaModal.vue": {"path":"/app/frontend/src/components/AceitarMapaModal.vue","statementMap":{"0":{"start":{"line":69,"column":14},"end":{"line":69,"column":null}},"1":{"start":{"line":76,"column":6},"end":{"line":76,"column":null}},"2":{"start":{"line":78,"column":6},"end":{"line":82,"column":null}},"3":{"start":{"line":79,"column":2},"end":{"line":81,"column":null}},"4":{"start":{"line":84,"column":6},"end":{"line":88,"column":null}},"5":{"start":{"line":85,"column":2},"end":{"line":87,"column":null}},"6":{"start":{"line":90,"column":0},"end":{"line":92,"column":null}},"7":{"start":{"line":91,"column":2},"end":{"line":91,"column":null}},"8":{"start":{"line":12,"column":9},"end":{"line":12,"column":null}},"9":{"start":{"line":10,"column":13},"end":{"line":10,"column":null}},"10":{"start":{"line":43,"column":18},"end":{"line":43,"column":null}},"11":{"start":{"line":45,"column":40},"end":{"line":47,"column":16}},"12":{"start":{"line":51,"column":18},"end":{"line":51,"column":null}},"13":{"start":{"line":53,"column":44},"end":{"line":55,"column":16}},"14":{"start":{"line":28,"column":21},"end":{"line":28,"column":null}}},"fnMap":{"0":{"name":"(anonymous_0)","decl":{"start":{"line":78,"column":29},"end":{"line":78,"column":35}},"loc":{"start":{"line":78,"column":35},"end":{"line":82,"column":1}},"line":78},"1":{"name":"(anonymous_1)","decl":{"start":{"line":84,"column":28},"end":{"line":84,"column":34}},"loc":{"start":{"line":84,"column":34},"end":{"line":88,"column":1}},"line":84},"2":{"name":"(anonymous_2)","decl":{"start":{"line":90,"column":9},"end":{"line":90,"column":15}},"loc":{"start":{"line":90,"column":15},"end":{"line":92,"column":1}},"line":90},"3":{"name":"(anonymous_3)","decl":{"start":{"line":10,"column":11},"end":{"line":10,"column":13}},"loc":{"start":{"line":10,"column":13},"end":{"line":10,"column":null}},"line":10},"4":{"name":"(anonymous_4)","decl":{"start":{"line":43,"column":16},"end":{"line":43,"column":18}},"loc":{"start":{"line":43,"column":18},"end":{"line":43,"column":null}},"line":43},"5":{"name":"(anonymous_5)","decl":{"start":{"line":45,"column":8},"end":{"line":45,"column":11}},"loc":{"start":{"line":45,"column":40},"end":{"line":47,"column":16}},"line":45},"6":{"name":"(anonymous_6)","decl":{"start":{"line":51,"column":16},"end":{"line":51,"column":18}},"loc":{"start":{"line":51,"column":18},"end":{"line":51,"column":null}},"line":51},"7":{"name":"(anonymous_7)","decl":{"start":{"line":53,"column":8},"end":{"line":53,"column":11}},"loc":{"start":{"line":53,"column":44},"end":{"line":55,"column":16}},"line":53},"8":{"name":"(anonymous_8)","decl":{"start":{"line":28,"column":21},"end":{"line":28,"column":31}},"loc":{"start":{"line":28,"column":21},"end":{"line":28,"column":null}},"line":28}},"branchMap":{"0":{"loc":{"start":{"line":79,"column":9},"end":{"line":81,"column":null}},"type":"cond-expr","locations":[{"start":{"line":80,"column":8},"end":{"line":80,"column":null}},{"start":{"line":81,"column":8},"end":{"line":81,"column":null}}],"line":79},"1":{"loc":{"start":{"line":85,"column":9},"end":{"line":87,"column":null}},"type":"cond-expr","locations":[{"start":{"line":86,"column":8},"end":{"line":86,"column":null}},{"start":{"line":87,"column":8},"end":{"line":87,"column":null}}],"line":85},"2":{"loc":{"start":{"line":4,"column":26},"end":{"line":4,"column":null}},"type":"cond-expr","locations":[{"start":{"line":4,"column":32},"end":{"line":4,"column":null}},{"start":{"line":4,"column":32},"end":{"line":4,"column":null}}],"line":4},"3":{"loc":{"start":{"line":10,"column":11},"end":{"line":10,"column":null}},"type":"binary-expr","locations":[{"start":{"line":10,"column":11},"end":{"line":10,"column":13}},{"start":{"line":10,"column":11},"end":{"line":10,"column":null}}],"line":10},"4":{"loc":{"start":{"line":43,"column":16},"end":{"line":43,"column":null}},"type":"binary-expr","locations":[{"start":{"line":43,"column":16},"end":{"line":43,"column":18}},{"start":{"line":43,"column":16},"end":{"line":43,"column":null}}],"line":43},"5":{"loc":{"start":{"line":45,"column":40},"end":{"line":47,"column":16}},"type":"binary-expr","locations":[{"start":{"line":45,"column":40},"end":{"line":45,"column":null}},{"start":{"line":45,"column":40},"end":{"line":47,"column":16}}],"line":45},"6":{"loc":{"start":{"line":51,"column":16},"end":{"line":51,"column":null}},"type":"binary-expr","locations":[{"start":{"line":51,"column":16},"end":{"line":51,"column":18}},{"start":{"line":51,"column":16},"end":{"line":51,"column":null}}],"line":51},"7":{"loc":{"start":{"line":53,"column":44},"end":{"line":55,"column":16}},"type":"binary-expr","locations":[{"start":{"line":53,"column":44},"end":{"line":53,"column":null}},{"start":{"line":53,"column":44},"end":{"line":55,"column":16}}],"line":53},"8":{"loc":{"start":{"line":13,"column":15},"end":{"line":35,"column":14}},"type":"cond-expr","locations":[{"start":{"line":13,"column":21},"end":{"line":14,"column":null}},{"start":{"line":14,"column":21},"end":{"line":35,"column":14}}],"line":13},"9":{"loc":{"start":{"line":28,"column":21},"end":{"line":28,"column":null}},"type":"binary-expr","locations":[{"start":{"line":28,"column":21},"end":{"line":28,"column":31}},{"start":{"line":28,"column":21},"end":{"line":28,"column":null}}],"line":28},"10":{"loc":{"start":{"line":33,"column":8},"end":{"line":35,"column":14}},"type":"binary-expr","locations":[{"start":{"line":33,"column":8},"end":{"line":33,"column":13}},{"start":{"line":33,"column":8},"end":{"line":35,"column":14}}],"line":33}},"s":{"0":6,"1":6,"2":6,"3":6,"4":6,"5":1,"6":6,"7":0,"8":2,"9":0,"10":1,"11":5,"12":2,"13":5,"14":2},"f":{"0":6,"1":1,"2":0,"3":0,"4":1,"5":5,"6":2,"7":5,"8":2},"b":{"0":[1,5],"1":[1,0],"2":[1,5],"3":[6,6],"4":[6,5],"5":[5,5],"6":[6,5],"7":[5,5],"8":[1,5],"9":[5,4],"10":[5,4]},"meta":{"lastBranch":0,"lastFunction":0,"lastStatement":0,"seen":{}}}
,"/app/frontend/src/components/ArvoreUnidades.vue": {"path":"/app/frontend/src/components/ArvoreUnidades.vue","statementMap":{"0":{"start":{"line":29,"column":14},"end":{"line":29,"column":null}},"1":{"start":{"line":34,"column":13},"end":{"line":34,"column":null}},"2":{"start":{"line":37,"column":6},"end":{"line":37,"column":null}},"3":{"start":{"line":40,"column":0},"end":{"line":49,"column":null}},"4":{"start":{"line":41,"column":10},"end":{"line":41,"column":null}},"5":{"start":{"line":44,"column":6},"end":{"line":46,"column":null}},"6":{"start":{"line":45,"column":8},"end":{"line":45,"column":null}},"7":{"start":{"line":53,"column":6},"end":{"line":69,"column":null}},"8":{"start":{"line":54,"column":15},"end":{"line":54,"column":null}},"9":{"start":{"line":55,"column":15},"end":{"line":55,"column":null}},"10":{"start":{"line":57,"column":19},"end":{"line":65,"column":null}},"11":{"start":{"line":58,"column":4},"end":{"line":58,"column":null}},"12":{"start":{"line":59,"column":4},"end":{"line":61,"column":null}},"13":{"start":{"line":60,"column":6},"end":{"line":60,"column":null}},"14":{"start":{"line":62,"column":4},"end":{"line":64,"column":null}},"15":{"start":{"line":63,"column":6},"end":{"line":63,"column":null}},"16":{"start":{"line":63,"column":35},"end":{"line":63,"column":56}},"17":{"start":{"line":67,"column":2},"end":{"line":67,"column":null}},"18":{"start":{"line":67,"column":30},"end":{"line":67,"column":41}},"19":{"start":{"line":68,"column":2},"end":{"line":68,"column":null}},"20":{"start":{"line":71,"column":6},"end":{"line":71,"column":null}},"21":{"start":{"line":71,"column":33},"end":{"line":71,"column":53}},"22":{"start":{"line":72,"column":6},"end":{"line":72,"column":null}},"23":{"start":{"line":72,"column":31},"end":{"line":72,"column":49}},"24":{"start":{"line":75,"column":6},"end":{"line":88,"column":null}},"25":{"start":{"line":76,"column":20},"end":{"line":76,"column":null}},"26":{"start":{"line":77,"column":27},"end":{"line":77,"column":null}},"27":{"start":{"line":79,"column":2},"end":{"line":86,"column":null}},"28":{"start":{"line":80,"column":4},"end":{"line":85,"column":null}},"29":{"start":{"line":82,"column":6},"end":{"line":82,"column":null}},"30":{"start":{"line":82,"column":20},"end":{"line":82,"column":null}},"31":{"start":{"line":84,"column":6},"end":{"line":84,"column":null}},"32":{"start":{"line":87,"column":2},"end":{"line":87,"column":null}},"33":{"start":{"line":92,"column":2},"end":{"line":92,"column":null}},"34":{"start":{"line":98,"column":28},"end":{"line":98,"column":null}},"35":{"start":{"line":99,"column":2},"end":{"line":106,"column":null}},"36":{"start":{"line":100,"column":4},"end":{"line":105,"column":null}},"37":{"start":{"line":101,"column":6},"end":{"line":101,"column":null}},"38":{"start":{"line":102,"column":6},"end":{"line":104,"column":null}},"39":{"start":{"line":103,"column":8},"end":{"line":103,"column":null}},"40":{"start":{"line":107,"column":2},"end":{"line":107,"column":null}},"41":{"start":{"line":112,"column":2},"end":{"line":112,"column":null}},"42":{"start":{"line":119,"column":2},"end":{"line":119,"column":null}},"43":{"start":{"line":119,"column":26},"end":{"line":119,"column":null}},"44":{"start":{"line":121,"column":2},"end":{"line":121,"column":null}},"45":{"start":{"line":121,"column":54},"end":{"line":121,"column":null}},"46":{"start":{"line":123,"column":2},"end":{"line":123,"column":null}},"47":{"start":{"line":123,"column":38},"end":{"line":123,"column":57}},"48":{"start":{"line":129,"column":23},"end":{"line":129,"column":null}},"49":{"start":{"line":132,"column":2},"end":{"line":134,"column":null}},"50":{"start":{"line":133,"column":4},"end":{"line":133,"column":null}},"51":{"start":{"line":138,"column":32},"end":{"line":138,"column":null}},"52":{"start":{"line":138,"column":76},"end":{"line":138,"column":91}},"53":{"start":{"line":141,"column":2},"end":{"line":143,"column":null}},"54":{"start":{"line":142,"column":4},"end":{"line":142,"column":null}},"55":{"start":{"line":146,"column":35},"end":{"line":148,"column":null}},"56":{"start":{"line":147,"column":6},"end":{"line":147,"column":null}},"57":{"start":{"line":151,"column":2},"end":{"line":153,"column":null}},"58":{"start":{"line":152,"column":4},"end":{"line":152,"column":null}},"59":{"start":{"line":156,"column":2},"end":{"line":159,"column":null}},"60":{"start":{"line":158,"column":4},"end":{"line":158,"column":null}},"61":{"start":{"line":163,"column":2},"end":{"line":165,"column":null}},"62":{"start":{"line":164,"column":4},"end":{"line":164,"column":null}},"63":{"start":{"line":167,"column":2},"end":{"line":167,"column":null}},"64":{"start":{"line":171,"column":23},"end":{"line":171,"column":null}},"65":{"start":{"line":175,"column":24},"end":{"line":175,"column":null}},"66":{"start":{"line":177,"column":2},"end":{"line":186,"column":null}},"67":{"start":{"line":179,"column":4},"end":{"line":183,"column":null}},"68":{"start":{"line":180,"column":6},"end":{"line":182,"column":null}},"69":{"start":{"line":181,"column":8},"end":{"line":181,"column":null}},"70":{"start":{"line":185,"column":4},"end":{"line":185,"column":null}},"71":{"start":{"line":185,"column":31},"end":{"line":185,"column":60}},"72":{"start":{"line":189,"column":2},"end":{"line":189,"column":null}},"73":{"start":{"line":191,"column":2},"end":{"line":191,"column":null}},"74":{"start":{"line":195,"column":16},"end":{"line":195,"column":null}},"75":{"start":{"line":196,"column":2},"end":{"line":217,"column":null}},"76":{"start":{"line":197,"column":19},"end":{"line":197,"column":null}},"77":{"start":{"line":198,"column":4},"end":{"line":198,"column":null}},"78":{"start":{"line":198,"column":17},"end":{"line":198,"column":null}},"79":{"start":{"line":200,"column":21},"end":{"line":200,"column":null}},"80":{"start":{"line":201,"column":32},"end":{"line":201,"column":null}},"81":{"start":{"line":201,"column":56},"end":{"line":201,"column":86}},"82":{"start":{"line":203,"column":4},"end":{"line":215,"column":null}},"83":{"start":{"line":206,"column":6},"end":{"line":208,"column":null}},"84":{"start":{"line":207,"column":8},"end":{"line":207,"column":null}},"85":{"start":{"line":212,"column":6},"end":{"line":214,"column":null}},"86":{"start":{"line":213,"column":8},"end":{"line":213,"column":null}},"87":{"start":{"line":216,"column":4},"end":{"line":216,"column":null}},"88":{"start":{"line":220,"column":0},"end":{"line":231,"column":null}},"89":{"start":{"line":221,"column":10},"end":{"line":221,"column":null}},"90":{"start":{"line":223,"column":6},"end":{"line":228,"column":null}},"91":{"start":{"line":227,"column":8},"end":{"line":227,"column":null}},"92":{"start":{"line":236,"column":6},"end":{"line":236,"column":null}},"93":{"start":{"line":239,"column":0},"end":{"line":243,"column":null}},"94":{"start":{"line":239,"column":12},"end":{"line":239,"column":28}},"95":{"start":{"line":240,"column":3},"end":{"line":242,"column":null}},"96":{"start":{"line":241,"column":7},"end":{"line":241,"column":null}},"97":{"start":{"line":241,"column":58},"end":{"line":241,"column":66}},"98":{"start":{"line":246,"column":2},"end":{"line":246,"column":null}},"99":{"start":{"line":250,"column":2},"end":{"line":254,"column":null}},"100":{"start":{"line":251,"column":4},"end":{"line":251,"column":null}},"101":{"start":{"line":253,"column":4},"end":{"line":253,"column":null}},"102":{"start":{"line":258,"column":0},"end":{"line":267,"column":null}},"103":{"start":{"line":262,"column":6},"end":{"line":264,"column":null}},"104":{"start":{"line":263,"column":8},"end":{"line":263,"column":null}},"105":{"start":{"line":2,"column":7},"end":{"line":2,"column":null}},"106":{"start":{"line":3,"column":4},"end":{"line":12,"column":null}}},"fnMap":{"0":{"name":"(anonymous_0)","decl":{"start":{"line":41,"column":4},"end":{"line":41,"column":10}},"loc":{"start":{"line":41,"column":10},"end":{"line":41,"column":null}},"line":41},"1":{"name":"(anonymous_1)","decl":{"start":{"line":42,"column":4},"end":{"line":42,"column":5}},"loc":{"start":{"line":42,"column":18},"end":{"line":47,"column":null}},"line":42},"2":{"name":"(anonymous_2)","decl":{"start":{"line":53,"column":22},"end":{"line":53,"column":28}},"loc":{"start":{"line":53,"column":28},"end":{"line":69,"column":1}},"line":53},"3":{"name":"(anonymous_3)","decl":{"start":{"line":57,"column":19},"end":{"line":57,"column":20}},"loc":{"start":{"line":57,"column":56},"end":{"line":65,"column":null}},"line":57},"4":{"name":"(anonymous_4)","decl":{"start":{"line":63,"column":26},"end":{"line":63,"column":35}},"loc":{"start":{"line":63,"column":35},"end":{"line":63,"column":56}},"line":63},"5":{"name":"(anonymous_5)","decl":{"start":{"line":67,"column":25},"end":{"line":67,"column":30}},"loc":{"start":{"line":67,"column":30},"end":{"line":67,"column":41}},"line":67},"6":{"name":"(anonymous_6)","decl":{"start":{"line":71,"column":27},"end":{"line":71,"column":33}},"loc":{"start":{"line":71,"column":33},"end":{"line":71,"column":53}},"line":71},"7":{"name":"(anonymous_7)","decl":{"start":{"line":72,"column":25},"end":{"line":72,"column":31}},"loc":{"start":{"line":72,"column":31},"end":{"line":72,"column":49}},"line":72},"8":{"name":"(anonymous_8)","decl":{"start":{"line":75,"column":34},"end":{"line":75,"column":40}},"loc":{"start":{"line":75,"column":40},"end":{"line":88,"column":1}},"line":75},"9":{"name":"findUnidadeById","decl":{"start":{"line":91,"column":9},"end":{"line":91,"column":25}},"loc":{"start":{"line":91,"column":62},"end":{"line":93,"column":null}},"line":91},"10":{"name":"getTodasSubunidades","decl":{"start":{"line":97,"column":9},"end":{"line":97,"column":29}},"loc":{"start":{"line":97,"column":58},"end":{"line":108,"column":null}},"line":97},"11":{"name":"isChecked","decl":{"start":{"line":111,"column":9},"end":{"line":111,"column":19}},"loc":{"start":{"line":111,"column":44},"end":{"line":113,"column":null}},"line":111},"12":{"name":"isHabilitado","decl":{"start":{"line":118,"column":9},"end":{"line":118,"column":22}},"loc":{"start":{"line":118,"column":49},"end":{"line":124,"column":null}},"line":118},"13":{"name":"(anonymous_13)","decl":{"start":{"line":123,"column":29},"end":{"line":123,"column":38}},"loc":{"start":{"line":123,"column":38},"end":{"line":123,"column":57}},"line":123},"14":{"name":"getEstadoSelecao","decl":{"start":{"line":128,"column":9},"end":{"line":128,"column":26}},"loc":{"start":{"line":128,"column":71},"end":{"line":168,"column":null}},"line":128},"15":{"name":"(anonymous_15)","decl":{"start":{"line":138,"column":68},"end":{"line":138,"column":76}},"loc":{"start":{"line":138,"column":76},"end":{"line":138,"column":91}},"line":138},"16":{"name":"(anonymous_16)","decl":{"start":{"line":146,"column":64},"end":{"line":146,"column":null}},"loc":{"start":{"line":147,"column":6},"end":{"line":147,"column":null}},"line":147},"17":{"name":"toggle","decl":{"start":{"line":170,"column":9},"end":{"line":170,"column":16}},"loc":{"start":{"line":170,"column":52},"end":{"line":192,"column":null}},"line":170},"18":{"name":"(anonymous_18)","decl":{"start":{"line":179,"column":26},"end":{"line":179,"column":31}},"loc":{"start":{"line":179,"column":31},"end":{"line":183,"column":5}},"line":179},"19":{"name":"(anonymous_19)","decl":{"start":{"line":185,"column":26},"end":{"line":185,"column":31}},"loc":{"start":{"line":185,"column":31},"end":{"line":185,"column":60}},"line":185},"20":{"name":"updateAncestors","decl":{"start":{"line":194,"column":9},"end":{"line":194,"column":25}},"loc":{"start":{"line":194,"column":67},"end":{"line":218,"column":null}},"line":194},"21":{"name":"(anonymous_21)","decl":{"start":{"line":201,"column":47},"end":{"line":201,"column":56}},"loc":{"start":{"line":201,"column":56},"end":{"line":201,"column":86}},"line":201},"22":{"name":"(anonymous_22)","decl":{"start":{"line":221,"column":4},"end":{"line":221,"column":10}},"loc":{"start":{"line":221,"column":10},"end":{"line":221,"column":null}},"line":221},"23":{"name":"(anonymous_23)","decl":{"start":{"line":222,"column":4},"end":{"line":222,"column":5}},"loc":{"start":{"line":222,"column":19},"end":{"line":229,"column":null}},"line":222},"24":{"name":"(anonymous_24)","decl":{"start":{"line":239,"column":6},"end":{"line":239,"column":12}},"loc":{"start":{"line":239,"column":12},"end":{"line":239,"column":28}},"line":239},"25":{"name":"(anonymous_25)","decl":{"start":{"line":239,"column":28},"end":{"line":239,"column":29}},"loc":{"start":{"line":239,"column":45},"end":{"line":243,"column":3}},"line":239},"26":{"name":"(anonymous_26)","decl":{"start":{"line":241,"column":53},"end":{"line":241,"column":58}},"loc":{"start":{"line":241,"column":58},"end":{"line":241,"column":66}},"line":241},"27":{"name":"isExpanded","decl":{"start":{"line":245,"column":9},"end":{"line":245,"column":20}},"loc":{"start":{"line":245,"column":47},"end":{"line":247,"column":null}},"line":245},"28":{"name":"toggleExpand","decl":{"start":{"line":249,"column":9},"end":{"line":249,"column":22}},"loc":{"start":{"line":249,"column":40},"end":{"line":255,"column":null}},"line":249},"29":{"name":"(anonymous_29)","decl":{"start":{"line":260,"column":4},"end":{"line":260,"column":5}},"loc":{"start":{"line":260,"column":18},"end":{"line":265,"column":null}},"line":260}},"branchMap":{"0":{"loc":{"start":{"line":44,"column":6},"end":{"line":46,"column":null}},"type":"if","locations":[{"start":{"line":44,"column":6},"end":{"line":46,"column":null}},{"start":{},"end":{}}],"line":44},"1":{"loc":{"start":{"line":59,"column":4},"end":{"line":61,"column":null}},"type":"if","locations":[{"start":{"line":59,"column":4},"end":{"line":61,"column":null}},{"start":{},"end":{}}],"line":59},"2":{"loc":{"start":{"line":62,"column":4},"end":{"line":64,"column":null}},"type":"if","locations":[{"start":{"line":62,"column":4},"end":{"line":64,"column":null}},{"start":{},"end":{}}],"line":62},"3":{"loc":{"start":{"line":80,"column":4},"end":{"line":85,"column":null}},"type":"if","locations":[{"start":{"line":80,"column":4},"end":{"line":85,"column":null}},{"start":{"line":83,"column":11},"end":{"line":85,"column":null}}],"line":80},"4":{"loc":{"start":{"line":82,"column":6},"end":{"line":82,"column":null}},"type":"if","locations":[{"start":{"line":82,"column":6},"end":{"line":82,"column":null}},{"start":{},"end":{}}],"line":82},"5":{"loc":{"start":{"line":99,"column":2},"end":{"line":106,"column":null}},"type":"if","locations":[{"start":{"line":99,"column":2},"end":{"line":106,"column":null}},{"start":{},"end":{}}],"line":99},"6":{"loc":{"start":{"line":102,"column":6},"end":{"line":104,"column":null}},"type":"if","locations":[{"start":{"line":102,"column":6},"end":{"line":104,"column":null}},{"start":{},"end":{}}],"line":102},"7":{"loc":{"start":{"line":119,"column":2},"end":{"line":119,"column":null}},"type":"if","locations":[{"start":{"line":119,"column":2},"end":{"line":119,"column":null}},{"start":{},"end":{}}],"line":119},"8":{"loc":{"start":{"line":121,"column":2},"end":{"line":121,"column":null}},"type":"if","locations":[{"start":{"line":121,"column":2},"end":{"line":121,"column":null}},{"start":{},"end":{}}],"line":121},"9":{"loc":{"start":{"line":121,"column":6},"end":{"line":121,"column":54}},"type":"binary-expr","locations":[{"start":{"line":121,"column":6},"end":{"line":121,"column":25}},{"start":{"line":121,"column":25},"end":{"line":121,"column":54}}],"line":121},"10":{"loc":{"start":{"line":132,"column":2},"end":{"line":134,"column":null}},"type":"if","locations":[{"start":{"line":132,"column":2},"end":{"line":134,"column":null}},{"start":{},"end":{}}],"line":132},"11":{"loc":{"start":{"line":132,"column":6},"end":{"line":132,"column":54}},"type":"binary-expr","locations":[{"start":{"line":132,"column":6},"end":{"line":132,"column":25}},{"start":{"line":132,"column":25},"end":{"line":132,"column":54}}],"line":132},"12":{"loc":{"start":{"line":141,"column":2},"end":{"line":143,"column":null}},"type":"if","locations":[{"start":{"line":141,"column":2},"end":{"line":143,"column":null}},{"start":{},"end":{}}],"line":141},"13":{"loc":{"start":{"line":151,"column":2},"end":{"line":153,"column":null}},"type":"if","locations":[{"start":{"line":151,"column":2},"end":{"line":153,"column":null}},{"start":{},"end":{}}],"line":151},"14":{"loc":{"start":{"line":156,"column":2},"end":{"line":159,"column":null}},"type":"if","locations":[{"start":{"line":156,"column":2},"end":{"line":159,"column":null}},{"start":{},"end":{}}],"line":156},"15":{"loc":{"start":{"line":158,"column":11},"end":{"line":158,"column":null}},"type":"binary-expr","locations":[{"start":{"line":158,"column":11},"end":{"line":158,"column":50}},{"start":{"line":158,"column":50},"end":{"line":158,"column":null}}],"line":158},"16":{"loc":{"start":{"line":163,"column":2},"end":{"line":165,"column":null}},"type":"if","locations":[{"start":{"line":163,"column":2},"end":{"line":165,"column":null}},{"start":{},"end":{}}],"line":163},"17":{"loc":{"start":{"line":163,"column":6},"end":{"line":163,"column":59}},"type":"binary-expr","locations":[{"start":{"line":163,"column":6},"end":{"line":163,"column":45}},{"start":{"line":163,"column":45},"end":{"line":163,"column":59}}],"line":163},"18":{"loc":{"start":{"line":177,"column":2},"end":{"line":186,"column":null}},"type":"if","locations":[{"start":{"line":177,"column":2},"end":{"line":186,"column":null}},{"start":{"line":184,"column":9},"end":{"line":186,"column":null}}],"line":177},"19":{"loc":{"start":{"line":180,"column":6},"end":{"line":182,"column":null}},"type":"if","locations":[{"start":{"line":180,"column":6},"end":{"line":182,"column":null}},{"start":{},"end":{}}],"line":180},"20":{"loc":{"start":{"line":198,"column":4},"end":{"line":198,"column":null}},"type":"if","locations":[{"start":{"line":198,"column":4},"end":{"line":198,"column":null}},{"start":{},"end":{}}],"line":198},"21":{"loc":{"start":{"line":200,"column":21},"end":{"line":200,"column":null}},"type":"binary-expr","locations":[{"start":{"line":200,"column":21},"end":{"line":200,"column":38}},{"start":{"line":200,"column":38},"end":{"line":200,"column":null}}],"line":200},"22":{"loc":{"start":{"line":203,"column":4},"end":{"line":215,"column":null}},"type":"if","locations":[{"start":{"line":203,"column":4},"end":{"line":215,"column":null}},{"start":{"line":209,"column":11},"end":{"line":215,"column":null}}],"line":203},"23":{"loc":{"start":{"line":206,"column":6},"end":{"line":208,"column":null}},"type":"if","locations":[{"start":{"line":206,"column":6},"end":{"line":208,"column":null}},{"start":{},"end":{}}],"line":206},"24":{"loc":{"start":{"line":212,"column":6},"end":{"line":214,"column":null}},"type":"if","locations":[{"start":{"line":212,"column":6},"end":{"line":214,"column":null}},{"start":{},"end":{}}],"line":212},"25":{"loc":{"start":{"line":223,"column":6},"end":{"line":228,"column":null}},"type":"if","locations":[{"start":{"line":223,"column":6},"end":{"line":228,"column":null}},{"start":{},"end":{}}],"line":223},"26":{"loc":{"start":{"line":240,"column":3},"end":{"line":242,"column":null}},"type":"if","locations":[{"start":{"line":240,"column":3},"end":{"line":242,"column":null}},{"start":{},"end":{}}],"line":240},"27":{"loc":{"start":{"line":240,"column":7},"end":{"line":240,"column":46}},"type":"binary-expr","locations":[{"start":{"line":240,"column":7},"end":{"line":240,"column":22}},{"start":{"line":240,"column":22},"end":{"line":240,"column":46}}],"line":240},"28":{"loc":{"start":{"line":250,"column":2},"end":{"line":254,"column":null}},"type":"if","locations":[{"start":{"line":250,"column":2},"end":{"line":254,"column":null}},{"start":{"line":252,"column":9},"end":{"line":254,"column":null}}],"line":250},"29":{"loc":{"start":{"line":262,"column":6},"end":{"line":264,"column":null}},"type":"if","locations":[{"start":{"line":262,"column":6},"end":{"line":264,"column":null}},{"start":{},"end":{}}],"line":262}},"s":{"0":38,"1":38,"2":38,"3":38,"4":48,"5":10,"6":10,"7":38,"8":4,"9":4,"10":4,"11":33,"12":33,"13":29,"14":33,"15":33,"16":29,"17":4,"18":4,"19":4,"20":38,"21":4,"22":38,"23":0,"24":38,"25":38,"26":38,"27":38,"28":28,"29":28,"30":28,"31":0,"32":38,"33":0,"34":497,"35":497,"36":497,"37":355,"38":355,"39":355,"40":497,"41":650,"42":534,"43":341,"44":193,"45":40,"46":153,"47":153,"48":320,"49":320,"50":184,"51":136,"52":338,"53":136,"54":0,"55":136,"56":330,"57":136,"58":30,"59":106,"60":80,"61":26,"62":0,"63":26,"64":6,"65":6,"66":6,"67":4,"68":7,"69":6,"70":2,"71":16,"72":6,"73":6,"74":6,"75":6,"76":13,"77":13,"78":6,"79":7,"80":13,"81":9,"82":13,"83":1,"84":0,"85":6,"86":2,"87":7,"88":38,"89":48,"90":10,"91":0,"92":38,"93":38,"94":38,"95":38,"96":28,"97":28,"98":240,"99":1,"100":1,"101":0,"102":38,"103":17,"104":7,"105":6,"106":123},"f":{"0":48,"1":10,"2":4,"3":33,"4":29,"5":4,"6":4,"7":0,"8":38,"9":0,"10":497,"11":650,"12":534,"13":153,"14":320,"15":338,"16":330,"17":6,"18":7,"19":16,"20":6,"21":9,"22":48,"23":10,"24":38,"25":38,"26":28,"27":240,"28":1,"29":17},"b":{"0":[10,0],"1":[29,4],"2":[33,0],"3":[28,0],"4":[28,0],"5":[497,0],"6":[355,0],"7":[341,193],"8":[40,153],"9":[193,193],"10":[184,136],"11":[320,320],"12":[0,136],"13":[30,106],"14":[80,26],"15":[80,0],"16":[0,26],"17":[26,2],"18":[4,2],"19":[6,1],"20":[6,7],"21":[7,0],"22":[1,6],"23":[0,1],"24":[2,4],"25":[0,10],"26":[28,10],"27":[38,38],"28":[1,0],"29":[7,10]},"meta":{"lastBranch":0,"lastFunction":0,"lastStatement":0,"seen":{}}}
,"/app/frontend/src/components/AtividadeItem.vue": {"path":"/app/frontend/src/components/AtividadeItem.vue","statementMap":{"0":{"start":{"line":199,"column":14},"end":{"line":199,"column":null}},"1":{"start":{"line":201,"column":13},"end":{"line":201,"column":null}},"2":{"start":{"line":210,"column":6},"end":{"line":210,"column":null}},"3":{"start":{"line":211,"column":6},"end":{"line":211,"column":null}},"4":{"start":{"line":214,"column":2},"end":{"line":214,"column":null}},"5":{"start":{"line":215,"column":2},"end":{"line":215,"column":null}},"6":{"start":{"line":219,"column":2},"end":{"line":219,"column":null}},"7":{"start":{"line":220,"column":2},"end":{"line":220,"column":null}},"8":{"start":{"line":224,"column":20},"end":{"line":224,"column":null}},"9":{"start":{"line":225,"column":2},"end":{"line":227,"column":null}},"10":{"start":{"line":226,"column":4},"end":{"line":226,"column":null}},"11":{"start":{"line":228,"column":2},"end":{"line":228,"column":null}},"12":{"start":{"line":232,"column":6},"end":{"line":232,"column":null}},"13":{"start":{"line":233,"column":6},"end":{"line":233,"column":null}},"14":{"start":{"line":236,"column":2},"end":{"line":236,"column":null}},"15":{"start":{"line":237,"column":2},"end":{"line":237,"column":null}},"16":{"start":{"line":241,"column":2},"end":{"line":241,"column":null}},"17":{"start":{"line":242,"column":2},"end":{"line":242,"column":null}},"18":{"start":{"line":246,"column":20},"end":{"line":246,"column":null}},"19":{"start":{"line":247,"column":2},"end":{"line":249,"column":null}},"20":{"start":{"line":248,"column":4},"end":{"line":248,"column":null}},"21":{"start":{"line":250,"column":2},"end":{"line":250,"column":null}},"22":{"start":{"line":254,"column":6},"end":{"line":254,"column":null}},"23":{"start":{"line":257,"column":20},"end":{"line":257,"column":null}},"24":{"start":{"line":258,"column":2},"end":{"line":261,"column":null}},"25":{"start":{"line":259,"column":4},"end":{"line":259,"column":null}},"26":{"start":{"line":260,"column":4},"end":{"line":260,"column":null}},"27":{"start":{"line":85,"column":11},"end":{"line":85,"column":null}},"28":{"start":{"line":127,"column":18},"end":{"line":127,"column":78}},"29":{"start":{"line":14,"column":23},"end":{"line":14,"column":null}},"30":{"start":{"line":27,"column":35},"end":{"line":27,"column":35}},"31":{"start":{"line":37,"column":32},"end":{"line":37,"column":32}},"32":{"start":{"line":60,"column":35},"end":{"line":60,"column":35}},"33":{"start":{"line":68,"column":20},"end":{"line":68,"column":null}},"34":{"start":{"line":70,"column":34},"end":{"line":70,"column":34}},"35":{"start":{"line":99,"column":25},"end":{"line":99,"column":null}},"36":{"start":{"line":111,"column":24},"end":{"line":111,"column":null}},"37":{"start":{"line":113,"column":37},"end":{"line":113,"column":37}},"38":{"start":{"line":123,"column":34},"end":{"line":123,"column":34}},"39":{"start":{"line":138,"column":26},"end":{"line":138,"column":null}},"40":{"start":{"line":140,"column":41},"end":{"line":140,"column":41}},"41":{"start":{"line":148,"column":26},"end":{"line":148,"column":null}},"42":{"start":{"line":150,"column":40},"end":{"line":150,"column":40}},"43":{"start":{"line":163,"column":25},"end":{"line":163,"column":null}},"44":{"start":{"line":179,"column":37},"end":{"line":179,"column":37}}},"fnMap":{"0":{"name":"iniciarEdicaoAtividade","decl":{"start":{"line":213,"column":9},"end":{"line":213,"column":34}},"loc":{"start":{"line":213,"column":34},"end":{"line":216,"column":null}},"line":213},"1":{"name":"cancelarEdicaoAtividade","decl":{"start":{"line":218,"column":9},"end":{"line":218,"column":35}},"loc":{"start":{"line":218,"column":35},"end":{"line":221,"column":null}},"line":218},"2":{"name":"salvarEdicaoAtividade","decl":{"start":{"line":223,"column":9},"end":{"line":223,"column":33}},"loc":{"start":{"line":223,"column":33},"end":{"line":229,"column":null}},"line":223},"3":{"name":"iniciarEdicaoConhecimento","decl":{"start":{"line":235,"column":9},"end":{"line":235,"column":35}},"loc":{"start":{"line":235,"column":63},"end":{"line":238,"column":null}},"line":235},"4":{"name":"cancelarEdicaoConhecimento","decl":{"start":{"line":240,"column":9},"end":{"line":240,"column":38}},"loc":{"start":{"line":240,"column":38},"end":{"line":243,"column":null}},"line":240},"5":{"name":"salvarEdicaoConhecimento","decl":{"start":{"line":245,"column":9},"end":{"line":245,"column":34}},"loc":{"start":{"line":245,"column":46},"end":{"line":251,"column":null}},"line":245},"6":{"name":"adicionarConhecimento","decl":{"start":{"line":256,"column":9},"end":{"line":256,"column":33}},"loc":{"start":{"line":256,"column":33},"end":{"line":262,"column":null}},"line":256},"7":{"name":"(anonymous_7)","decl":{"start":{"line":14,"column":23},"end":{"line":14,"column":39}},"loc":{"start":{"line":14,"column":23},"end":{"line":14,"column":null}},"line":14},"8":{"name":"(anonymous_8)","decl":{"start":{"line":27,"column":12},"end":{"line":27,"column":15}},"loc":{"start":{"line":27,"column":35},"end":{"line":27,"column":35}},"line":27},"9":{"name":"(anonymous_9)","decl":{"start":{"line":37,"column":12},"end":{"line":37,"column":15}},"loc":{"start":{"line":37,"column":32},"end":{"line":37,"column":32}},"line":37},"10":{"name":"(anonymous_10)","decl":{"start":{"line":60,"column":10},"end":{"line":60,"column":13}},"loc":{"start":{"line":60,"column":35},"end":{"line":60,"column":35}},"line":60},"11":{"name":"(anonymous_11)","decl":{"start":{"line":68,"column":18},"end":{"line":68,"column":20}},"loc":{"start":{"line":68,"column":20},"end":{"line":68,"column":null}},"line":68},"12":{"name":"(anonymous_12)","decl":{"start":{"line":70,"column":10},"end":{"line":70,"column":13}},"loc":{"start":{"line":70,"column":34},"end":{"line":70,"column":34}},"line":70},"13":{"name":"(anonymous_13)","decl":{"start":{"line":99,"column":25},"end":{"line":99,"column":53}},"loc":{"start":{"line":99,"column":25},"end":{"line":99,"column":null}},"line":99},"14":{"name":"(anonymous_14)","decl":{"start":{"line":111,"column":22},"end":{"line":111,"column":24}},"loc":{"start":{"line":111,"column":24},"end":{"line":111,"column":null}},"line":111},"15":{"name":"(anonymous_15)","decl":{"start":{"line":113,"column":14},"end":{"line":113,"column":17}},"loc":{"start":{"line":113,"column":37},"end":{"line":113,"column":37}},"line":113},"16":{"name":"(anonymous_16)","decl":{"start":{"line":123,"column":14},"end":{"line":123,"column":17}},"loc":{"start":{"line":123,"column":34},"end":{"line":123,"column":34}},"line":123},"17":{"name":"(anonymous_17)","decl":{"start":{"line":138,"column":24},"end":{"line":138,"column":26}},"loc":{"start":{"line":138,"column":26},"end":{"line":138,"column":null}},"line":138},"18":{"name":"(anonymous_18)","decl":{"start":{"line":140,"column":16},"end":{"line":140,"column":19}},"loc":{"start":{"line":140,"column":41},"end":{"line":140,"column":41}},"line":140},"19":{"name":"(anonymous_19)","decl":{"start":{"line":148,"column":24},"end":{"line":148,"column":26}},"loc":{"start":{"line":148,"column":26},"end":{"line":148,"column":null}},"line":148},"20":{"name":"(anonymous_20)","decl":{"start":{"line":150,"column":16},"end":{"line":150,"column":19}},"loc":{"start":{"line":150,"column":40},"end":{"line":150,"column":40}},"line":150},"21":{"name":"(anonymous_21)","decl":{"start":{"line":163,"column":25},"end":{"line":163,"column":41}},"loc":{"start":{"line":163,"column":25},"end":{"line":163,"column":null}},"line":163},"22":{"name":"(anonymous_22)","decl":{"start":{"line":179,"column":14},"end":{"line":179,"column":17}},"loc":{"start":{"line":179,"column":37},"end":{"line":179,"column":37}},"line":179}},"branchMap":{"0":{"loc":{"start":{"line":225,"column":2},"end":{"line":227,"column":null}},"type":"if","locations":[{"start":{"line":225,"column":2},"end":{"line":227,"column":null}},{"start":{},"end":{}}],"line":225},"1":{"loc":{"start":{"line":225,"column":6},"end":{"line":225,"column":60}},"type":"binary-expr","locations":[{"start":{"line":225,"column":6},"end":{"line":225,"column":19}},{"start":{"line":225,"column":19},"end":{"line":225,"column":60}}],"line":225},"2":{"loc":{"start":{"line":247,"column":2},"end":{"line":249,"column":null}},"type":"if","locations":[{"start":{"line":247,"column":2},"end":{"line":249,"column":null}},{"start":{},"end":{}}],"line":247},"3":{"loc":{"start":{"line":258,"column":2},"end":{"line":261,"column":null}},"type":"if","locations":[{"start":{"line":258,"column":2},"end":{"line":261,"column":null}},{"start":{},"end":{}}],"line":258},"4":{"loc":{"start":{"line":12,"column":24},"end":{"line":45,"column":46}},"type":"cond-expr","locations":[{"start":{"line":12,"column":24},"end":{"line":42,"column":null}},{"start":{"line":42,"column":10},"end":{"line":45,"column":46}}],"line":12},"5":{"loc":{"start":{"line":14,"column":23},"end":{"line":14,"column":null}},"type":"binary-expr","locations":[{"start":{"line":14,"column":23},"end":{"line":14,"column":39}},{"start":{"line":14,"column":23},"end":{"line":14,"column":null}}],"line":14},"6":{"loc":{"start":{"line":27,"column":35},"end":{"line":27,"column":35}},"type":"binary-expr","locations":[{"start":{"line":27,"column":35},"end":{"line":27,"column":null}},{"start":{"line":27,"column":35},"end":{"line":27,"column":35}}],"line":27},"7":{"loc":{"start":{"line":37,"column":32},"end":{"line":37,"column":32}},"type":"binary-expr","locations":[{"start":{"line":37,"column":32},"end":{"line":37,"column":null}},{"start":{"line":37,"column":32},"end":{"line":37,"column":32}}],"line":37},"8":{"loc":{"start":{"line":49,"column":16},"end":{"line":49,"column":null}},"type":"binary-expr","locations":[{"start":{"line":49,"column":16},"end":{"line":49,"column":26}},{"start":{"line":49,"column":26},"end":{"line":49,"column":null}}],"line":49},"9":{"loc":{"start":{"line":60,"column":35},"end":{"line":60,"column":35}},"type":"binary-expr","locations":[{"start":{"line":60,"column":35},"end":{"line":60,"column":null}},{"start":{"line":60,"column":35},"end":{"line":60,"column":35}}],"line":60},"10":{"loc":{"start":{"line":68,"column":18},"end":{"line":68,"column":null}},"type":"binary-expr","locations":[{"start":{"line":68,"column":18},"end":{"line":68,"column":20}},{"start":{"line":68,"column":18},"end":{"line":68,"column":null}}],"line":68},"11":{"loc":{"start":{"line":70,"column":34},"end":{"line":70,"column":34}},"type":"binary-expr","locations":[{"start":{"line":70,"column":34},"end":{"line":70,"column":null}},{"start":{"line":70,"column":34},"end":{"line":70,"column":34}}],"line":70},"12":{"loc":{"start":{"line":76,"column":14},"end":{"line":82,"column":40}},"type":"cond-expr","locations":[{"start":{"line":76,"column":14},"end":{"line":82,"column":40}},{"start":{"line":82,"column":30},"end":{"line":82,"column":40}}],"line":76},"13":{"loc":{"start":{"line":83,"column":12},"end":{"line":81,"column":60}},"type":"binary-expr","locations":[{"start":{"line":83,"column":12},"end":{"line":83,"column":null}},{"start":{"line":83,"column":12},"end":{"line":81,"column":60}}],"line":83},"14":{"loc":{"start":{"line":99,"column":25},"end":{"line":99,"column":null}},"type":"binary-expr","locations":[{"start":{"line":99,"column":25},"end":{"line":99,"column":53}},{"start":{"line":99,"column":25},"end":{"line":99,"column":null}}],"line":99},"15":{"loc":{"start":{"line":113,"column":37},"end":{"line":113,"column":37}},"type":"binary-expr","locations":[{"start":{"line":113,"column":37},"end":{"line":113,"column":null}},{"start":{"line":113,"column":37},"end":{"line":113,"column":37}}],"line":113},"16":{"loc":{"start":{"line":123,"column":34},"end":{"line":123,"column":34}},"type":"binary-expr","locations":[{"start":{"line":123,"column":34},"end":{"line":123,"column":null}},{"start":{"line":123,"column":34},"end":{"line":123,"column":34}}],"line":123},"17":{"loc":{"start":{"line":140,"column":41},"end":{"line":140,"column":41}},"type":"binary-expr","locations":[{"start":{"line":140,"column":41},"end":{"line":140,"column":null}},{"start":{"line":140,"column":41},"end":{"line":140,"column":41}}],"line":140},"18":{"loc":{"start":{"line":150,"column":40},"end":{"line":150,"column":40}},"type":"binary-expr","locations":[{"start":{"line":150,"column":40},"end":{"line":150,"column":null}},{"start":{"line":150,"column":40},"end":{"line":150,"column":40}}],"line":150},"19":{"loc":{"start":{"line":163,"column":25},"end":{"line":163,"column":null}},"type":"binary-expr","locations":[{"start":{"line":163,"column":25},"end":{"line":163,"column":41}},{"start":{"line":163,"column":25},"end":{"line":163,"column":null}}],"line":163},"20":{"loc":{"start":{"line":179,"column":37},"end":{"line":179,"column":37}},"type":"binary-expr","locations":[{"start":{"line":179,"column":37},"end":{"line":179,"column":null}},{"start":{"line":179,"column":37},"end":{"line":179,"column":37}}],"line":179}},"s":{"0":13,"1":13,"2":13,"3":13,"4":1,"5":1,"6":1,"7":1,"8":1,"9":1,"10":1,"11":1,"12":13,"13":13,"14":1,"15":1,"16":1,"17":1,"18":1,"19":1,"20":1,"21":1,"22":13,"23":1,"24":1,"25":1,"26":1,"27":2,"28":2,"29":2,"30":1,"31":1,"32":14,"33":1,"34":14,"35":2,"36":1,"37":1,"38":1,"39":1,"40":13,"41":1,"42":13,"43":2,"44":12},"f":{"0":1,"1":1,"2":1,"3":1,"4":1,"5":1,"6":1,"7":2,"8":1,"9":1,"10":14,"11":1,"12":14,"13":2,"14":1,"15":1,"16":1,"17":1,"18":13,"19":1,"20":13,"21":2,"22":12},"b":{"0":[1,0],"1":[1,1],"2":[1,0],"3":[1,0],"4":[2,30],"5":[2,1],"6":[1,1],"7":[1,1],"8":[32,20],"9":[14,13],"10":[18,13],"11":[14,13],"12":[1,31],"13":[1,1],"14":[2,1],"15":[1,1],"16":[1,1],"17":[13,6],"18":[13,6],"19":[14,12],"20":[12,12]},"meta":{"lastBranch":0,"lastFunction":0,"lastStatement":0,"seen":{}}}
,"/app/frontend/src/components/BarraNavegacao.vue": {"path":"/app/frontend/src/components/BarraNavegacao.vue","statementMap":{"0":{"start":{"line":43,"column":6},"end":{"line":43,"column":null}},"1":{"start":{"line":44,"column":6},"end":{"line":44,"column":null}},"2":{"start":{"line":53,"column":2},"end":{"line":53,"column":null}},"3":{"start":{"line":56,"column":6},"end":{"line":58,"column":null}},"4":{"start":{"line":57,"column":10},"end":{"line":57,"column":null}},"5":{"start":{"line":60,"column":6},"end":{"line":62,"column":null}},"6":{"start":{"line":61,"column":10},"end":{"line":61,"column":null}},"7":{"start":{"line":64,"column":6},"end":{"line":110,"column":null}},"8":{"start":{"line":65,"column":36},"end":{"line":65,"column":null}},"9":{"start":{"line":66,"column":8},"end":{"line":66,"column":null}},"10":{"start":{"line":67,"column":24},"end":{"line":67,"column":null}},"11":{"start":{"line":70,"column":2},"end":{"line":70,"column":null}},"12":{"start":{"line":73,"column":2},"end":{"line":102,"column":null}},"13":{"start":{"line":74,"column":25},"end":{"line":74,"column":null}},"14":{"start":{"line":76,"column":27},"end":{"line":81,"column":null}},"15":{"start":{"line":77,"column":6},"end":{"line":79,"column":null}},"16":{"start":{"line":83,"column":4},"end":{"line":101,"column":null}},"17":{"start":{"line":85,"column":10},"end":{"line":87,"column":null}},"18":{"start":{"line":89,"column":6},"end":{"line":100,"column":null}},"19":{"start":{"line":91,"column":8},"end":{"line":99,"column":null}},"20":{"start":{"line":95,"column":10},"end":{"line":98,"column":null}},"21":{"start":{"line":105,"column":2},"end":{"line":107,"column":null}},"22":{"start":{"line":106,"column":4},"end":{"line":106,"column":null}},"23":{"start":{"line":109,"column":2},"end":{"line":109,"column":null}},"24":{"start":{"line":2,"column":7},"end":{"line":2,"column":null}},"25":{"start":{"line":10,"column":35},"end":{"line":11,"column":14}},"26":{"start":{"line":29,"column":10},"end":{"line":30,"column":45}}},"fnMap":{"0":{"name":"goBack","decl":{"start":{"line":52,"column":9},"end":{"line":52,"column":18}},"loc":{"start":{"line":52,"column":18},"end":{"line":54,"column":null}},"line":52},"1":{"name":"(anonymous_1)","decl":{"start":{"line":57,"column":4},"end":{"line":57,"column":10}},"loc":{"start":{"line":57,"column":10},"end":{"line":57,"column":null}},"line":57},"2":{"name":"(anonymous_2)","decl":{"start":{"line":61,"column":4},"end":{"line":61,"column":10}},"loc":{"start":{"line":61,"column":10},"end":{"line":61,"column":null}},"line":61},"3":{"name":"(anonymous_3)","decl":{"start":{"line":64,"column":24},"end":{"line":64,"column":44}},"loc":{"start":{"line":64,"column":44},"end":{"line":110,"column":1}},"line":64},"4":{"name":"(anonymous_4)","decl":{"start":{"line":73,"column":24},"end":{"line":73,"column":25}},"loc":{"start":{"line":73,"column":41},"end":{"line":102,"column":3}},"line":73},"5":{"name":"(anonymous_5)","decl":{"start":{"line":76,"column":27},"end":{"line":76,"column":33}},"loc":{"start":{"line":76,"column":33},"end":{"line":81,"column":null}},"line":76},"6":{"name":"(anonymous_6)","decl":{"start":{"line":10,"column":6},"end":{"line":10,"column":9}},"loc":{"start":{"line":10,"column":35},"end":{"line":11,"column":14}},"line":10},"7":{"name":"(anonymous_7)","decl":{"start":{"line":24,"column":8},"end":{"line":24,"column":null}},"loc":{"start":{"line":29,"column":10},"end":{"line":30,"column":45}},"line":29}},"branchMap":{"0":{"loc":{"start":{"line":57,"column":10},"end":{"line":57,"column":null}},"type":"binary-expr","locations":[{"start":{"line":57,"column":10},"end":{"line":57,"column":37}},{"start":{"line":57,"column":37},"end":{"line":57,"column":null}}],"line":57},"1":{"loc":{"start":{"line":61,"column":10},"end":{"line":61,"column":null}},"type":"binary-expr","locations":[{"start":{"line":61,"column":10},"end":{"line":61,"column":37}},{"start":{"line":61,"column":37},"end":{"line":61,"column":null}}],"line":61},"2":{"loc":{"start":{"line":78,"column":10},"end":{"line":79,"column":null}},"type":"binary-expr","locations":[{"start":{"line":78,"column":10},"end":{"line":78,"column":null}},{"start":{"line":79,"column":11},"end":{"line":79,"column":45}},{"start":{"line":79,"column":45},"end":{"line":79,"column":null}}],"line":78},"3":{"loc":{"start":{"line":83,"column":4},"end":{"line":101,"column":null}},"type":"if","locations":[{"start":{"line":83,"column":4},"end":{"line":101,"column":null}},{"start":{},"end":{}}],"line":83},"4":{"loc":{"start":{"line":83,"column":8},"end":{"line":83,"column":45}},"type":"binary-expr","locations":[{"start":{"line":83,"column":8},"end":{"line":83,"column":27}},{"start":{"line":83,"column":27},"end":{"line":83,"column":45}}],"line":83},"5":{"loc":{"start":{"line":85,"column":10},"end":{"line":87,"column":null}},"type":"cond-expr","locations":[{"start":{"line":86,"column":16},"end":{"line":86,"column":null}},{"start":{"line":87,"column":17},"end":{"line":87,"column":null}}],"line":85},"6":{"loc":{"start":{"line":89,"column":6},"end":{"line":100,"column":null}},"type":"if","locations":[{"start":{"line":89,"column":6},"end":{"line":100,"column":null}},{"start":{},"end":{}}],"line":89},"7":{"loc":{"start":{"line":91,"column":8},"end":{"line":99,"column":null}},"type":"if","locations":[{"start":{"line":91,"column":8},"end":{"line":99,"column":null}},{"start":{},"end":{}}],"line":91},"8":{"loc":{"start":{"line":92,"column":12},"end":{"line":93,"column":null}},"type":"binary-expr","locations":[{"start":{"line":92,"column":12},"end":{"line":92,"column":null}},{"start":{"line":93,"column":12},"end":{"line":93,"column":null}}],"line":92},"9":{"loc":{"start":{"line":105,"column":2},"end":{"line":107,"column":null}},"type":"if","locations":[{"start":{"line":105,"column":2},"end":{"line":107,"column":null}},{"start":{},"end":{}}],"line":105},"10":{"loc":{"start":{"line":10,"column":35},"end":{"line":11,"column":14}},"type":"binary-expr","locations":[{"start":{"line":10,"column":35},"end":{"line":10,"column":null}},{"start":{"line":10,"column":35},"end":{"line":11,"column":14}}],"line":10},"11":{"loc":{"start":{"line":25,"column":18},"end":{"line":30,"column":45}},"type":"cond-expr","locations":[{"start":{"line":25,"column":24},"end":{"line":29,"column":null}},{"start":{"line":29,"column":10},"end":{"line":30,"column":45}}],"line":25}},"s":{"0":8,"1":8,"2":1,"3":8,"4":8,"5":8,"6":8,"7":8,"8":9,"9":9,"10":9,"11":9,"12":9,"13":27,"14":27,"15":18,"16":27,"17":16,"18":16,"19":16,"20":16,"21":9,"22":9,"23":9,"24":1,"25":6,"26":16},"f":{"0":1,"1":8,"2":8,"3":9,"4":27,"5":18,"6":6,"7":16},"b":{"0":[8,7],"1":[8,7],"2":[18,9,8],"3":[16,11],"4":[27,18],"5":[0,16],"6":[16,0],"7":[16,0],"8":[16,16],"9":[9,0],"10":[6,6],"11":[6,10]},"meta":{"lastBranch":0,"lastFunction":0,"lastStatement":0,"seen":{}}}
,"/app/frontend/src/components/CriarCompetenciaModal.vue": {"path":"/app/frontend/src/components/CriarCompetenciaModal.vue","statementMap":{"0":{"start":{"line":83,"column":14},"end":{"line":83,"column":null}},"1":{"start":{"line":89,"column":13},"end":{"line":89,"column":null}},"2":{"start":{"line":96,"column":6},"end":{"line":96,"column":null}},"3":{"start":{"line":97,"column":6},"end":{"line":97,"column":null}},"4":{"start":{"line":98,"column":6},"end":{"line":98,"column":null}},"5":{"start":{"line":100,"column":0},"end":{"line":118,"column":null}},"6":{"start":{"line":101,"column":10},"end":{"line":101,"column":null}},"7":{"start":{"line":103,"column":6},"end":{"line":115,"column":null}},"8":{"start":{"line":104,"column":8},"end":{"line":114,"column":null}},"9":{"start":{"line":105,"column":10},"end":{"line":105,"column":null}},"10":{"start":{"line":106,"column":10},"end":{"line":108,"column":null}},"11":{"start":{"line":109,"column":10},"end":{"line":109,"column":null}},"12":{"start":{"line":111,"column":10},"end":{"line":111,"column":null}},"13":{"start":{"line":112,"column":10},"end":{"line":112,"column":null}},"14":{"start":{"line":113,"column":10},"end":{"line":113,"column":null}},"15":{"start":{"line":121,"column":2},"end":{"line":123,"column":null}},"16":{"start":{"line":122,"column":4},"end":{"line":122,"column":null}},"17":{"start":{"line":125,"column":28},"end":{"line":127,"column":null}},"18":{"start":{"line":126,"column":18},"end":{"line":126,"column":60}},"19":{"start":{"line":129,"column":2},"end":{"line":129,"column":null}},"20":{"start":{"line":133,"column":2},"end":{"line":133,"column":null}},"21":{"start":{"line":137,"column":2},"end":{"line":140,"column":null}},"22":{"start":{"line":11,"column":9},"end":{"line":11,"column":null}},"23":{"start":{"line":13,"column":11},"end":{"line":13,"column":null}},"24":{"start":{"line":23,"column":9},"end":{"line":23,"column":null}},"25":{"start":{"line":25,"column":11},"end":{"line":25,"column":null}},"26":{"start":{"line":65,"column":6},"end":{"line":65,"column":16}},"27":{"start":{"line":72,"column":31},"end":{"line":73,"column":16}},"28":{"start":{"line":15,"column":21},"end":{"line":15,"column":null}},"29":{"start":{"line":35,"column":25},"end":{"line":35,"column":null}}},"fnMap":{"0":{"name":"(anonymous_0)","decl":{"start":{"line":101,"column":4},"end":{"line":101,"column":10}},"loc":{"start":{"line":101,"column":10},"end":{"line":101,"column":null}},"line":101},"1":{"name":"(anonymous_1)","decl":{"start":{"line":102,"column":4},"end":{"line":102,"column":5}},"loc":{"start":{"line":102,"column":17},"end":{"line":116,"column":null}},"line":102},"2":{"name":"getConhecimentosModal","decl":{"start":{"line":120,"column":9},"end":{"line":120,"column":31}},"loc":{"start":{"line":120,"column":61},"end":{"line":130,"column":null}},"line":120},"3":{"name":"(anonymous_3)","decl":{"start":{"line":126,"column":11},"end":{"line":126,"column":12}},"loc":{"start":{"line":126,"column":18},"end":{"line":126,"column":60}},"line":126},"4":{"name":"fechar","decl":{"start":{"line":132,"column":9},"end":{"line":132,"column":18}},"loc":{"start":{"line":132,"column":18},"end":{"line":134,"column":null}},"line":132},"5":{"name":"salvar","decl":{"start":{"line":136,"column":9},"end":{"line":136,"column":18}},"loc":{"start":{"line":136,"column":18},"end":{"line":141,"column":null}},"line":136},"6":{"name":"(anonymous_6)","decl":{"start":{"line":63,"column":7},"end":{"line":63,"column":null}},"loc":{"start":{"line":65,"column":6},"end":{"line":65,"column":16}},"line":65},"7":{"name":"(anonymous_7)","decl":{"start":{"line":72,"column":8},"end":{"line":72,"column":11}},"loc":{"start":{"line":72,"column":31},"end":{"line":73,"column":16}},"line":72},"8":{"name":"(anonymous_8)","decl":{"start":{"line":15,"column":37},"end":{"line":15,"column":46}},"loc":{"start":{"line":15,"column":21},"end":{"line":15,"column":null}},"line":15},"9":{"name":"(anonymous_9)","decl":{"start":{"line":35,"column":25},"end":{"line":35,"column":47}},"loc":{"start":{"line":35,"column":25},"end":{"line":35,"column":null}},"line":35}},"branchMap":{"0":{"loc":{"start":{"line":103,"column":6},"end":{"line":115,"column":null}},"type":"if","locations":[{"start":{"line":103,"column":6},"end":{"line":115,"column":null}},{"start":{},"end":{}}],"line":103},"1":{"loc":{"start":{"line":104,"column":8},"end":{"line":114,"column":null}},"type":"if","locations":[{"start":{"line":104,"column":8},"end":{"line":114,"column":null}},{"start":{"line":110,"column":15},"end":{"line":114,"column":null}}],"line":104},"2":{"loc":{"start":{"line":107,"column":17},"end":{"line":107,"column":null}},"type":"binary-expr","locations":[{"start":{"line":107,"column":17},"end":{"line":107,"column":70}},{"start":{"line":107,"column":70},"end":{"line":107,"column":null}}],"line":107},"3":{"loc":{"start":{"line":121,"column":2},"end":{"line":123,"column":null}},"type":"if","locations":[{"start":{"line":121,"column":2},"end":{"line":123,"column":null}},{"start":{},"end":{}}],"line":121},"4":{"loc":{"start":{"line":5,"column":14},"end":{"line":5,"column":null}},"type":"cond-expr","locations":[{"start":{"line":5,"column":37},"end":{"line":5,"column":null}},{"start":{"line":5,"column":37},"end":{"line":5,"column":null}}],"line":5},"5":{"loc":{"start":{"line":65,"column":6},"end":{"line":65,"column":16}},"type":"binary-expr","locations":[{"start":{"line":65,"column":6},"end":{"line":65,"column":16}},{"start":{"line":65,"column":6},"end":{"line":65,"column":16}}],"line":65},"6":{"loc":{"start":{"line":67,"column":21},"end":{"line":67,"column":null}},"type":"binary-expr","locations":[{"start":{"line":67,"column":21},"end":{"line":67,"column":61}},{"start":{"line":67,"column":50},"end":{"line":67,"column":null}}],"line":67},"7":{"loc":{"start":{"line":72,"column":31},"end":{"line":73,"column":16}},"type":"binary-expr","locations":[{"start":{"line":72,"column":31},"end":{"line":72,"column":null}},{"start":{"line":72,"column":31},"end":{"line":73,"column":16}}],"line":72},"8":{"loc":{"start":{"line":21,"column":10},"end":{"line":12,"column":24}},"type":"binary-expr","locations":[{"start":{"line":21,"column":10},"end":{"line":21,"column":null}},{"start":{"line":21,"column":10},"end":{"line":12,"column":24}}],"line":21},"9":{"loc":{"start":{"line":15,"column":37},"end":{"line":15,"column":null}},"type":"binary-expr","locations":[{"start":{"line":15,"column":37},"end":{"line":15,"column":46}},{"start":{"line":15,"column":37},"end":{"line":15,"column":null}}],"line":15},"10":{"loc":{"start":{"line":56,"column":10},"end":{"line":24,"column":25}},"type":"binary-expr","locations":[{"start":{"line":56,"column":10},"end":{"line":56,"column":null}},{"start":{"line":56,"column":10},"end":{"line":24,"column":25}}],"line":56},"11":{"loc":{"start":{"line":29,"column":20},"end":{"line":29,"column":null}},"type":"cond-expr","locations":[{"start":{"line":29,"column":68},"end":{"line":29,"column":null}},{"start":{"line":29,"column":68},"end":{"line":29,"column":null}}],"line":29},"12":{"loc":{"start":{"line":35,"column":25},"end":{"line":35,"column":null}},"type":"binary-expr","locations":[{"start":{"line":35,"column":25},"end":{"line":35,"column":47}},{"start":{"line":35,"column":25},"end":{"line":35,"column":null}}],"line":35},"13":{"loc":{"start":{"line":42,"column":24},"end":{"line":50,"column":null}},"type":"cond-expr","locations":[{"start":{"line":42,"column":54},"end":{"line":50,"column":null}},{"start":{"line":50,"column":49},"end":{"line":50,"column":null}}],"line":42}},"s":{"0":6,"1":6,"2":6,"3":6,"4":6,"5":6,"6":6,"7":6,"8":5,"9":1,"10":1,"11":1,"12":4,"13":4,"14":4,"15":13,"16":0,"17":13,"18":13,"19":13,"20":1,"21":1,"22":1,"23":1,"24":1,"25":1,"26":5,"27":6,"28":2,"29":1},"f":{"0":6,"1":6,"2":13,"3":13,"4":1,"5":1,"6":5,"7":6,"8":2,"9":1},"b":{"0":[5,1],"1":[1,4],"2":[1,0],"3":[0,13],"4":[1,5],"5":[5,5],"6":[8,2],"7":[6,5],"8":[8,5],"9":[8,5],"10":[8,5],"11":[2,14],"12":[16,5],"13":[13,13]},"meta":{"lastBranch":0,"lastFunction":0,"lastStatement":0,"seen":{}}}
[...]
art":{"line":540,"column":2},"end":{"line":540,"column":null}},{"start":{},"end":{}}],"line":540},"15":{"loc":{"start":{"line":546,"column":2},"end":{"line":559,"column":null}},"type":"if","locations":[{"start":{"line":546,"column":2},"end":{"line":559,"column":null}},{"start":{"line":554,"column":9},"end":{"line":559,"column":null}}],"line":546},"16":{"loc":{"start":{"line":547,"column":4},"end":{"line":553,"column":null}},"type":"if","locations":[{"start":{"line":547,"column":4},"end":{"line":553,"column":null}},{"start":{"line":551,"column":11},"end":{"line":553,"column":null}}],"line":547},"17":{"loc":{"start":{"line":549,"column":21},"end":{"line":549,"column":null}},"type":"binary-expr","locations":[{"start":{"line":549,"column":21},"end":{"line":549,"column":36}},{"start":{"line":549,"column":36},"end":{"line":549,"column":null}}],"line":549},"18":{"loc":{"start":{"line":557,"column":19},"end":{"line":557,"column":null}},"type":"binary-expr","locations":[{"start":{"line":557,"column":19},"end":{"line":557,"column":34}},{"start":{"line":557,"column":34},"end":{"line":557,"column":null}}],"line":557},"19":{"loc":{"start":{"line":567,"column":2},"end":{"line":567,"column":null}},"type":"if","locations":[{"start":{"line":567,"column":2},"end":{"line":567,"column":null}},{"start":{},"end":{}}],"line":567},"20":{"loc":{"start":{"line":75,"column":10},"end":{"line":6,"column":12}},"type":"binary-expr","locations":[{"start":{"line":75,"column":10},"end":{"line":75,"column":null}},{"start":{"line":75,"column":10},"end":{"line":6,"column":12}}],"line":75},"21":{"loc":{"start":{"line":16,"column":8},"end":{"line":16,"column":18}},"type":"binary-expr","locations":[{"start":{"line":16,"column":8},"end":{"line":16,"column":18}},{"start":{"line":16,"column":8},"end":{"line":16,"column":18}}],"line":16},"22":{"loc":{"start":{"line":25,"column":8},"end":{"line":25,"column":18}},"type":"binary-expr","locations":[{"start":{"line":25,"column":8},"end":{"line":25,"column":18}},{"start":{"line":25,"column":8},"end":{"line":25,"column":18}}],"line":25},"23":{"loc":{"start":{"line":28,"column":18},"end":{"line":28,"column":null}},"type":"binary-expr","locations":[{"start":{"line":28,"column":18},"end":{"line":28,"column":33}},{"start":{"line":28,"column":33},"end":{"line":28,"column":null}}],"line":28},"24":{"loc":{"start":{"line":35,"column":8},"end":{"line":35,"column":18}},"type":"binary-expr","locations":[{"start":{"line":35,"column":8},"end":{"line":35,"column":18}},{"start":{"line":35,"column":8},"end":{"line":35,"column":18}}],"line":35},"25":{"loc":{"start":{"line":38,"column":18},"end":{"line":39,"column":null}},"type":"cond-expr","locations":[{"start":{"line":38,"column":18},"end":{"line":39,"column":null}},{"start":{"line":39,"column":36},"end":{"line":39,"column":null}}],"line":38},"26":{"loc":{"start":{"line":46,"column":8},"end":{"line":46,"column":18}},"type":"binary-expr","locations":[{"start":{"line":46,"column":8},"end":{"line":46,"column":18}},{"start":{"line":46,"column":8},"end":{"line":46,"column":18}}],"line":46},"27":{"loc":{"start":{"line":55,"column":8},"end":{"line":55,"column":18}},"type":"binary-expr","locations":[{"start":{"line":55,"column":8},"end":{"line":55,"column":18}},{"start":{"line":55,"column":8},"end":{"line":55,"column":18}}],"line":55},"28":{"loc":{"start":{"line":64,"column":8},"end":{"line":64,"column":18}},"type":"binary-expr","locations":[{"start":{"line":64,"column":8},"end":{"line":64,"column":18}},{"start":{"line":64,"column":8},"end":{"line":64,"column":18}}],"line":64},"29":{"loc":{"start":{"line":72,"column":13},"end":{"line":72,"column":80}},"type":"cond-expr","locations":[{"start":{"line":72,"column":30},"end":{"line":72,"column":80}},{"start":{"line":72,"column":30},"end":{"line":72,"column":80}}],"line":72},"30":{"loc":{"start":{"line":77,"column":15},"end":{"line":138,"column":36}},"type":"cond-expr","locations":[{"start":{"line":77,"column":15},"end":{"line":137,"column":null}},{"start":{"line":137,"column":4},"end":{"line":138,"column":36}}],"line":77},"31":{"loc":{"start":{"line":135,"column":12},"end":{"line":90,"column":14}},"type":"cond-expr","locations":[{"start":{"line":88,"column":52},"end":{"line":90,"column":14}},{"start":{"line":90,"column":8},"end":{"line":90,"column":14}}],"line":135},"32":{"loc":{"start":{"line":135,"column":12},"end":{"line":88,"column":60}},"type":"binary-expr","locations":[{"start":{"line":135,"column":12},"end":{"line":88,"column":28}},{"start":{"line":88,"column":28},"end":{"line":88,"column":60}}],"line":135},"33":{"loc":{"start":{"line":139,"column":10},"end":{"line":138,"column":36}},"type":"binary-expr","locations":[{"start":{"line":139,"column":10},"end":{"line":139,"column":null}},{"start":{"line":139,"column":10},"end":{"line":138,"column":36}}],"line":139},"34":{"loc":{"start":{"line":143,"column":17},"end":{"line":143,"column":null}},"type":"binary-expr","locations":[{"start":{"line":143,"column":17},"end":{"line":143,"column":38}},{"start":{"line":143,"column":38},"end":{"line":143,"column":null}}],"line":143},"35":{"loc":{"start":{"line":149,"column":17},"end":{"line":149,"column":null}},"type":"binary-expr","locations":[{"start":{"line":149,"column":17},"end":{"line":149,"column":38}},{"start":{"line":149,"column":17},"end":{"line":149,"column":null}}],"line":149},"36":{"loc":{"start":{"line":175,"column":8},"end":{"line":175,"column":18}},"type":"binary-expr","locations":[{"start":{"line":175,"column":8},"end":{"line":175,"column":18}},{"start":{"line":175,"column":8},"end":{"line":175,"column":18}}],"line":175},"37":{"loc":{"start":{"line":182,"column":8},"end":{"line":182,"column":18}},"type":"binary-expr","locations":[{"start":{"line":182,"column":8},"end":{"line":182,"column":18}},{"start":{"line":182,"column":8},"end":{"line":182,"column":18}}],"line":182},"38":{"loc":{"start":{"line":167,"column":12},"end":{"line":159,"column":55}},"type":"binary-expr","locations":[{"start":{"line":167,"column":12},"end":{"line":167,"column":null}},{"start":{"line":167,"column":12},"end":{"line":159,"column":55}}],"line":167},"39":{"loc":{"start":{"line":162,"column":21},"end":{"line":162,"column":null}},"type":"binary-expr","locations":[{"start":{"line":162,"column":21},"end":{"line":162,"column":30}},{"start":{"line":162,"column":21},"end":{"line":162,"column":null}}],"line":162},"40":{"loc":{"start":{"line":187,"column":17},"end":{"line":187,"column":null}},"type":"binary-expr","locations":[{"start":{"line":187,"column":17},"end":{"line":187,"column":41}},{"start":{"line":187,"column":17},"end":{"line":187,"column":null}}],"line":187},"41":{"loc":{"start":{"line":209,"column":8},"end":{"line":209,"column":18}},"type":"binary-expr","locations":[{"start":{"line":209,"column":8},"end":{"line":209,"column":18}},{"start":{"line":209,"column":8},"end":{"line":209,"column":18}}],"line":209},"42":{"loc":{"start":{"line":201,"column":12},"end":{"line":194,"column":92}},"type":"binary-expr","locations":[{"start":{"line":201,"column":12},"end":{"line":201,"column":null}},{"start":{"line":201,"column":12},"end":{"line":194,"column":92}}],"line":201},"43":{"loc":{"start":{"line":196,"column":21},"end":{"line":196,"column":null}},"type":"binary-expr","locations":[{"start":{"line":196,"column":21},"end":{"line":196,"column":42}},{"start":{"line":196,"column":21},"end":{"line":196,"column":null}}],"line":196},"44":{"loc":{"start":{"line":214,"column":17},"end":{"line":214,"column":null}},"type":"binary-expr","locations":[{"start":{"line":214,"column":17},"end":{"line":214,"column":36}},{"start":{"line":214,"column":17},"end":{"line":214,"column":null}}],"line":214},"45":{"loc":{"start":{"line":228,"column":8},"end":{"line":228,"column":18}},"type":"binary-expr","locations":[{"start":{"line":228,"column":8},"end":{"line":228,"column":18}},{"start":{"line":228,"column":8},"end":{"line":228,"column":18}}],"line":228},"46":{"loc":{"start":{"line":235,"column":8},"end":{"line":235,"column":18}},"type":"binary-expr","locations":[{"start":{"line":235,"column":8},"end":{"line":235,"column":18}},{"start":{"line":235,"column":8},"end":{"line":235,"column":18}}],"line":235},"47":{"loc":{"start":{"line":220,"column":114},"end":{"line":220,"column":114}},"type":"binary-expr","locations":[{"start":{"line":220,"column":114},"end":{"line":220,"column":null}},{"start":{"line":220,"column":114},"end":{"line":220,"column":114}}],"line":220},"48":{"loc":{"start":{"line":240,"column":17},"end":{"line":240,"column":null}},"type":"binary-expr","locations":[{"start":{"line":240,"column":17},"end":{"line":240,"column":38}},{"start":{"line":240,"column":17},"end":{"line":240,"column":null}}],"line":240},"49":{"loc":{"start":{"line":267,"column":8},"end":{"line":267,"column":18}},"type":"binary-expr","locations":[{"start":{"line":267,"column":8},"end":{"line":267,"column":18}},{"start":{"line":267,"column":8},"end":{"line":267,"column":18}}],"line":267},"50":{"loc":{"start":{"line":274,"column":8},"end":{"line":274,"column":18}},"type":"binary-expr","locations":[{"start":{"line":274,"column":8},"end":{"line":274,"column":18}},{"start":{"line":274,"column":8},"end":{"line":274,"column":18}}],"line":274},"51":{"loc":{"start":{"line":246,"column":68},"end":{"line":246,"column":68}},"type":"binary-expr","locations":[{"start":{"line":246,"column":68},"end":{"line":246,"column":null}},{"start":{"line":246,"column":68},"end":{"line":246,"column":68}}],"line":246},"52":{"loc":{"start":{"line":259,"column":12},"end":{"line":251,"column":28}},"type":"binary-expr","locations":[{"start":{"line":259,"column":12},"end":{"line":259,"column":null}},{"start":{"line":259,"column":12},"end":{"line":251,"column":28}}],"line":259},"53":{"loc":{"start":{"line":254,"column":21},"end":{"line":254,"column":null}},"type":"binary-expr","locations":[{"start":{"line":254,"column":21},"end":{"line":254,"column":40}},{"start":{"line":254,"column":21},"end":{"line":254,"column":null}}],"line":254},"54":{"loc":{"start":{"line":279,"column":17},"end":{"line":279,"column":null}},"type":"binary-expr","locations":[{"start":{"line":279,"column":17},"end":{"line":279,"column":38}},{"start":{"line":279,"column":17},"end":{"line":279,"column":null}}],"line":279},"55":{"loc":{"start":{"line":318,"column":8},"end":{"line":318,"column":18}},"type":"binary-expr","locations":[{"start":{"line":318,"column":8},"end":{"line":318,"column":18}},{"start":{"line":318,"column":8},"end":{"line":318,"column":18}}],"line":318}},"s":{"0":11,"1":11,"2":11,"3":14,"4":11,"5":11,"6":11,"7":11,"8":11,"9":11,"10":11,"11":11,"12":11,"13":11,"14":11,"15":11,"16":11,"17":11,"18":11,"19":11,"20":11,"21":11,"22":11,"23":11,"24":11,"25":11,"26":14,"27":0,"28":14,"29":14,"30":11,"31":2,"32":11,"33":12,"34":11,"35":11,"36":11,"37":11,"38":9,"39":11,"40":14,"41":11,"42":14,"43":14,"44":14,"45":14,"46":14,"47":11,"48":5,"49":5,"50":11,"51":5,"52":11,"53":5,"54":1,"55":4,"56":1,"57":2,"58":2,"59":1,"60":1,"61":1,"62":0,"63":0,"64":1,"65":1,"66":1,"67":1,"68":1,"69":1,"70":0,"71":1,"72":1,"73":1,"74":1,"75":0,"76":1,"77":1,"78":1,"79":1,"80":1,"81":0,"82":1,"83":0,"84":1,"85":1,"86":1,"87":1,"88":1,"89":0,"90":2,"91":0,"92":2,"93":2,"94":2,"95":2,"96":1,"97":1,"98":0,"99":1,"100":2,"101":2,"102":1,"103":0,"104":1,"105":1,"106":1,"107":1,"108":1,"109":1,"110":1,"111":1,"112":1,"113":1,"114":1,"115":1,"116":1,"117":1,"118":6,"119":6,"120":1,"121":12,"122":5,"123":5,"124":5,"125":25,"126":25,"127":0,"128":1,"129":1,"130":2,"131":0,"132":1,"133":0,"134":0,"135":1,"136":1,"137":1,"138":0,"139":1,"140":1,"141":2,"142":0,"143":1,"144":1},"f":{"0":14,"1":11,"2":11,"3":14,"4":14,"5":2,"6":12,"7":11,"8":14,"9":14,"10":5,"11":5,"12":5,"13":1,"14":2,"15":2,"16":1,"17":1,"18":0,"19":1,"20":1,"21":1,"22":1,"23":1,"24":0,"25":1,"26":1,"27":1,"28":1,"29":2,"30":1,"31":6,"32":6,"33":1,"34":12,"35":5,"36":5,"37":5,"38":25,"39":25,"40":0,"41":1,"42":1,"43":2,"44":0,"45":1,"46":0,"47":0,"48":1,"49":1,"50":1,"51":0,"52":1,"53":1,"54":2,"55":0,"56":1},"b":{"0":[0,14],"1":[9,2],"2":[14,9,3],"3":[14,10],"4":[14,10],"5":[14,13],"6":[14,5,1],"7":[5,4],"8":[1,4],"9":[1,0],"10":[1,0],"11":[1,0],"12":[0,1],"13":[0,1],"14":[0,2],"15":[1,1],"16":[1,0],"17":[1,0],"18":[1,0],"19":[0,1],"20":[25,11],"21":[6,5],"22":[6,5],"23":[25,11],"24":[1,1],"25":[12,13],"26":[12,5],"27":[5,5],"28":[5,5],"29":[1,4],"30":[25,0],"31":[0,25],"32":[25,25],"33":[0,0],"34":[25,0],"35":[25,11],"36":[1,1],"37":[1,1],"38":[2,1],"39":[2,1],"40":[25,11],"41":[1,1],"42":[1,1],"43":[1,1],"44":[25,11],"45":[1,1],"46":[1,1],"47":[1,1],"48":[25,11],"49":[1,1],"50":[1,1],"51":[2,1],"52":[2,1],"53":[2,1],"54":[25,11],"55":[1,1]},"meta":{"lastBranch":56,"lastFunction":57,"lastStatement":145,"seen":{"s:340:6:340:Infinity":0,"s:341:6:341:Infinity":1,"s:342:6:342:Infinity":2,"f:342:23:342:29":0,"s:342:29:342:64":3,"s:343:6:343:Infinity":4,"f:343:29:343:35":1,"s:343:35:343:67":5,"s:344:6:344:Infinity":6,"s:345:6:345:Infinity":7,"s:346:6:346:Infinity":8,"s:347:6:347:Infinity":9,"s:349:6:349:Infinity":10,"s:350:6:350:Infinity":11,"s:351:24:351:Infinity":12,"s:353:29:353:Infinity":13,"s:355:6:355:Infinity":14,"s:356:6:356:Infinity":15,"s:357:6:357:Infinity":16,"s:358:6:358:Infinity":17,"s:359:6:359:Infinity":18,"s:360:6:360:Infinity":19,"s:361:6:361:Infinity":20,"s:362:6:362:Infinity":21,"s:363:6:363:Infinity":22,"s:365:6:365:Infinity":23,"f:365:41:365:47":2,"s:365:47:365:68":24,"s:367:6:372:Infinity":25,"f:367:29:367:35":3,"b:368:2:368:Infinity:undefined:undefined:undefined:undefined":0,"s:368:2:368:Infinity":26,"s:368:39:368:Infinity":27,"s:369:2:371:Infinity":28,"f:370:6:370:7":4,"s:370:13:370:Infinity":29,"s:374:6:374:Infinity":30,"f:374:26:374:32":5,"s:374:32:374:62":31,"s:375:6:375:Infinity":32,"f:375:32:375:38":6,"s:375:38:375:71":33,"s:377:0:383:Infinity":34,"f:377:10:377:22":7,"s:378:2:378:Infinity":35,"s:379:2:379:Infinity":36,"b:380:2:382:Infinity:undefined:undefined:undefined:undefined":1,"s:380:2:382:Infinity":37,"s:381:4:381:Infinity":38,"s:385:6:391:Infinity":39,"f:385:29:385:35":8,"s:386:2:389:Infinity":40,"b:387:6:387:Infinity:388:7:388:Infinity:389:10:389:Infinity":2,"s:393:6:404:Infinity":41,"f:393:30:393:36":9,"s:394:19:394:Infinity":42,"s:395:26:395:Infinity":43,"b:395:26:395:66:395:66:395:Infinity":3,"s:397:6:398:Infinity":44,"b:397:6:397:Infinity:398:6:398:Infinity":4,"s:400:6:401:Infinity":45,"b:400:6:400:Infinity:401:6:401:Infinity":5,"s:403:2:403:Infinity":46,"b:403:9:403:29:403:29:403:43:403:43:403:Infinity":6,"s:406:6:412:Infinity":47,"f:406:34:406:40":10,"s:407:19:407:Infinity":48,"s:408:2:410:Infinity":49,"b:409:6:409:Infinity:410:6:410:Infinity":7,"s:414:6:416:Infinity":50,"f:414:37:414:43":11,"s:415:2:415:Infinity":51,"s:418:6:430:Infinity":52,"f:418:34:418:40":12,"b:419:2:419:Infinity:undefined:undefined:undefined:undefined":8,"s:419:2:419:Infinity":53,"s:419:29:419:Infinity":54,"s:421:2:429:Infinity":55,"f:423:11:423:12":13,"s:423:25:429:8":56,"b:426:18:426:51:426:51:426:Infinity":9,"b:428:21:428:44:428:44:428:Infinity":10,"f:432:9:432:29":14,"s:433:2:433:Infinity":57,"f:436:9:436:30":15,"s:437:2:437:Infinity":58,"f:440:9:440:31":16,"s:444:2:444:Infinity":59,"f:447:9:447:32":17,"s:448:2:448:Infinity":60,"s:449:2:449:Infinity":61,"f:452:9:452:35":18,"s:453:2:453:Infinity":62,"s:454:2:454:Infinity":63,"f:457:9:457:29":19,"s:458:2:458:Infinity":64,"f:461:9:461:30":20,"s:462:2:462:Infinity":65,"f:465:9:465:31":21,"s:466:2:466:Infinity":66,"f:469:9:469:32":22,"s:470:2:470:Infinity":67,"s:471:2:471:Infinity":68,"f:474:9:474:31":23,"s:475:2:475:Infinity":69,"f:478:9:478:32":24,"s:479:2:479:Infinity":70,"f:482:9:482:24":25,"s:483:2:483:Infinity":71,"b:483:32:483:57:483:57:483:Infinity":11,"s:484:2:484:Infinity":72,"f:487:9:487:24":26,"s:488:2:488:Infinity":73,"f:491:15:491:36":27,"b:492:2:492:Infinity:undefined:undefined:undefined:undefined":12,"s:492:2:492:Infinity":74,"s:492:29:492:Infinity":75,"s:493:2:513:Infinity":76,"s:494:4:496:Infinity":77,"s:498:4:498:Infinity":78,"s:500:4:504:Infinity":79,"s:506:4:506:Infinity":80,"s:508:4:512:Infinity":81,"f:516:15:516:36":28,"b:517:2:517:Infinity:undefined:undefined:undefined:undefined":13,"s:517:2:517:Infinity":82,"s:517:29:517:Infinity":83,"s:518:2:536:Infinity":84,"s:519:4:519:Infinity":85,"s:521:4:521:Infinity":86,"s:523:4:527:Infinity":87,"s:529:4:529:Infinity":88,"s:531:4:535:Infinity":89,"f:539:15:539:34":29,"b:540:2:540:Infinity:undefined:undefined:undefined:undefined":14,"s:540:2:540:Infinity":90,"s:540:29:540:Infinity":91,"s:542:17:542:Infinity":92,"s:543:24:543:Infinity":93,"s:544:23:544:Infinity":94,"b:546:2:559:Infinity:554:9:559:Infinity":15,"s:546:2:559:Infinity":95,"b:547:4:553:Infinity:551:11:553:Infinity":16,"s:547:4:553:Infinity":96,"s:548:6:550:Infinity":97,"b:549:21:549:36:549:36:549:Infinity":17,"s:552:6:552:Infinity":98,"s:556:4:558:Infinity":99,"b:557:19:557:34:557:34:557:Infinity":18,"s:561:2:561:Infinity":100,"s:563:2:563:Infinity":101,"f:566:15:566:36":30,"b:567:2:567:Infinity:undefined:undefined:undefined:undefined":19,"s:567:2:567:Infinity":102,"s:567:29:567:Infinity":103,"s:569:2:571:Infinity":104,"s:573:2:573:Infinity":105,"s:574:2:574:Infinity":106,"s:3:9:3:Infinity":107,"s:7:11:7:Infinity":108,"s:78:11:78:Infinity":109,"s:87:11:87:Infinity":110,"s:100:16:100:Infinity":111,"s:107:17:107:Infinity":112,"s:118:26:118:72":113,"s:120:23:120:Infinity":114,"s:155:11:155:Infinity":115,"s:193:11:193:Infinity":116,"s:247:11:247:Infinity":117,"b:75:10:75:Infinity:75:10:6:12":20,"f:14:9:14:Infinity":31,"s:16:8:16:18":118,"b:16:8:16:18:16:8:16:18":21,"f:23:9:23:Infinity":32,"s:25:8:25:18":119,"b:25:8:25:18:25:8:25:18":22,"b:28:18:28:33:28:33:28:Infinity":23,"f:33:9:33:Infinity":33,"s:35:8:35:18":120,"b:35:8:35:18:35:8:35:18":24,"b:38:18:39:Infinity:39:36:39:Infinity":25,"f:44:9:44:Infinity":34,"s:46:8:46:18":121,"b:46:8:46:18:46:8:46:18":26,"f:53:9:53:Infinity":35,"s:55:8:55:18":122,"b:55:8:55:18:55:8:55:18":27,"f:62:9:62:Infinity":36,"s:64:8:64:18":123,"b:64:8:64:18:64:8:64:18":28,"f:72:10:72:13":37,"s:72:80:72:80":124,"b:72:30:72:80:72:30:72:80":29,"b:77:15:137:Infinity:137:4:138:36":30,"b:88:52:90:14:90:8:90:14":31,"b:135:12:88:28:88:28:88:60":32,"f:118:20:118:26":38,"s:118:95:118:95":125,"f:122:64:122:Infinity":39,"s:121:20:127:Infinity":126,"b:139:10:139:Infinity:139:10:138:36":33,"b:143:17:143:38:143:38:143:Infinity":34,"b:149:17:149:38:149:17:149:Infinity":35,"f:149:17:149:38":40,"s:149:17:149:Infinity":127,"f:173:9:173:Infinity":41,"s:175:8:175:18":128,"b:175:8:175:18:175:8:175:18":36,"f:180:9:180:Infinity":42,"s:182:8:182:18":129,"b:182:8:182:18:182:8:182:18":37,"b:167:12:167:Infinity:167:12:159:55":38,"b:162:21:162:30:162:21:162:Infinity":39,"f:162:21:162:30":43,"s:162:21:162:Infinity":130,"b:187:17:187:41:187:17:187:Infinity":40,"f:187:17:187:41":44,"s:187:17:187:Infinity":131,"f:207:9:207:Infinity":45,"s:209:8:209:18":132,"b:209:8:209:18:209:8:209:18":41,"b:201:12:201:Infinity:201:12:194:92":42,"b:196:21:196:42:196:21:196:Infinity":43,"f:196:21:196:42":46,"s:196:21:196:Infinity":133,"b:214:17:214:36:214:17:214:Infinity":44,"f:214:17:214:36":47,"s:214:17:214:Infinity":134,"f:226:9:226:Infinity":48,"s:228:8:228:18":135,"b:228:8:228:18:228:8:228:18":45,"f:233:9:233:Infinity":49,"s:235:8:235:18":136,"b:235:8:235:18:235:8:235:18":46,"f:220:6:220:9":50,"s:220:114:220:114":137,"b:220:114:220:Infinity:220:114:220:114":47,"b:240:17:240:38:240:17:240:Infinity":48,"f:240:17:240:38":51,"s:240:17:240:Infinity":138,"f:265:9:265:Infinity":52,"s:267:8:267:18":139,"b:267:8:267:18:267:8:267:18":49,"f:272:9:272:Infinity":53,"s:274:8:274:18":140,"b:274:8:274:18:274:8:274:18":50,"b:246:68:246:Infinity:246:68:246:68":51,"b:259:12:259:Infinity:259:12:251:28":52,"b:254:21:254:40:254:21:254:Infinity":53,"f:254:21:254:40":54,"s:254:21:254:Infinity":141,"b:279:17:279:38:279:17:279:Infinity":54,"f:279:17:279:38":55,"s:279:17:279:Infinity":142,"f:316:9:316:Infinity":56,"s:318:8:318:18":143,"b:318:8:318:18:318:8:318:18":55,"s:299:8:307:41":144}}}
}
