TN:
SF:src/App.vue
FN:21,refreshHideFlag
FN:39,(anonymous_1)
FN:40,(anonymous_2)
FN:45,(anonymous_3)
FN:56,(anonymous_4)
FN:63,(anonymous_5)
FN:65,(anonymous_6)
FNF:7
FNH:5
FNDA:5,refreshHideFlag
FNDA:5,(anonymous_1)
FNDA:5,(anonymous_2)
FNDA:5,(anonymous_3)
FNDA:0,(anonymous_4)
FNDA:0,(anonymous_5)
FNDA:1,(anonymous_6)
DA:16,5
DA:17,5
DA:19,5
DA:22,5
DA:23,5
DA:24,5
DA:28,5
DA:29,5
DA:30,1
DA:31,1
DA:38,5
DA:39,5
DA:40,5
DA:43,5
DA:45,5
DA:46,5
DA:47,4
DA:48,2
DA:56,0
DA:63,0
DA:67,1
DA:68,1
DA:74,1
DA:80,1
DA:85,1
DA:93,1
LF:26
LH:24
BRDA:29,0,0,1
BRDA:29,0,1,4
BRDA:46,1,0,1
BRDA:46,1,1,4
BRDA:47,2,0,2
BRDA:47,2,1,2
BRDA:56,3,0,5
BRDA:56,3,1,5
BRDA:63,4,0,5
BRDA:63,4,1,5
BRDA:65,5,0,1
BRDA:65,5,1,0
BRDA:75,6,0,4
BRDA:75,6,1,1
BRDA:94,7,0,4
BRDA:94,7,1,4
BRF:16
BRH:15
end_of_record
TN:
SF:src/axios-setup.ts
FN:13,(anonymous_0)
FN:42,(anonymous_1)
FN:49,(anonymous_2)
FN:55,(anonymous_3)
FNF:4
FNH:3
FNDA:7,(anonymous_0)
FNDA:2,(anonymous_1)
FNDA:1,(anonymous_2)
FNDA:0,(anonymous_3)
DA:6,31
DA:13,31
DA:14,7
DA:15,7
DA:18,7
DA:19,1
DA:24,1
DA:25,1
DA:29,6
DA:30,5
DA:31,5
DA:33,1
DA:38,6
DA:41,31
DA:43,2
DA:44,2
DA:45,1
DA:47,2
DA:50,1
DA:54,31
DA:55,0
LF:21
LH:20
BRDA:18,0,0,1
BRDA:18,0,1,6
BRDA:29,1,0,5
BRDA:29,1,1,1
BRDA:44,2,0,1
BRDA:44,2,1,1
BRF:6
BRH:6
end_of_record
TN:
SF:src/router.ts
FN:17,(anonymous_0)
FN:23,(anonymous_1)
FN:30,(anonymous_2)
FN:36,(anonymous_3)
FN:43,(anonymous_4)
FN:44,(anonymous_5)
FN:50,(anonymous_6)
FN:57,(anonymous_7)
FN:58,(anonymous_8)
FN:67,(anonymous_9)
FN:68,(anonymous_10)
FN:77,(anonymous_11)
FN:78,(anonymous_12)
FN:87,(anonymous_13)
FN:88,(anonymous_14)
FN:101,(anonymous_15)
FN:108,(anonymous_16)
FN:115,(anonymous_17)
FN:122,(anonymous_18)
FN:129,(anonymous_19)
FN:133,(anonymous_20)
FN:140,(anonymous_21)
FN:141,(anonymous_22)
FN:150,(anonymous_23)
FN:151,(anonymous_24)
FN:159,(anonymous_25)
FN:165,(anonymous_26)
FN:171,(anonymous_27)
FN:182,(anonymous_28)
FNF:29
FNH:22
FNDA:1,(anonymous_0)
FNDA:1,(anonymous_1)
FNDA:0,(anonymous_2)
FNDA:0,(anonymous_3)
FNDA:1,(anonymous_4)
FNDA:1,(anonymous_5)
FNDA:1,(anonymous_6)
FNDA:1,(anonymous_7)
FNDA:1,(anonymous_8)
FNDA:1,(anonymous_9)
FNDA:1,(anonymous_10)
FNDA:1,(anonymous_11)
FNDA:1,(anonymous_12)
FNDA:1,(anonymous_13)
FNDA:1,(anonymous_14)
FNDA:1,(anonymous_15)
FNDA:0,(anonymous_16)
FNDA:1,(anonymous_17)
FNDA:0,(anonymous_18)
FNDA:1,(anonymous_19)
FNDA:1,(anonymous_20)
FNDA:1,(anonymous_21)
FNDA:1,(anonymous_22)
FNDA:1,(anonymous_23)
FNDA:1,(anonymous_24)
FNDA:0,(anonymous_25)
FNDA:0,(anonymous_26)
FNDA:0,(anonymous_27)
FNDA:31,(anonymous_28)
DA:9,40
DA:17,1
DA:23,1
DA:30,0
DA:36,0
DA:43,1
DA:44,1
DA:51,1
DA:57,1
DA:58,1
DA:67,1
DA:68,1
DA:77,1
DA:78,1
DA:87,1
DA:88,1
DA:101,1
DA:108,0
DA:115,1
DA:122,0
DA:129,1
DA:134,1
DA:140,1
DA:141,1
DA:150,1
DA:151,1
DA:159,0
DA:165,0
DA:171,0
DA:176,40
DA:182,40
DA:183,31
DA:185,31
DA:186,31
LF:34
LH:27
BRDA:51,0,0,1
BRDA:51,0,1,0
BRDA:134,1,0,1
BRDA:134,1,1,0
BRDA:178,2,0,0
BRDA:178,2,1,40
BRDA:183,3,0,31
BRDA:183,3,1,0
BRDA:185,4,0,30
BRDA:185,4,1,1
BRDA:185,5,0,1
BRDA:185,5,1,0
BRF:12
BRH:7
end_of_record
TN:
SF:src/components/AceitarMapaModal.vue
FN:78,(anonymous_0)
FN:84,(anonymous_1)
FN:90,(anonymous_2)
FN:10,(anonymous_3)
FN:43,(anonymous_4)
FN:45,(anonymous_5)
FN:51,(anonymous_6)
FN:53,(anonymous_7)
FN:28,(anonymous_8)
FNF:9
FNH:7
FNDA:6,(anonymous_0)
FNDA:1,(anonymous_1)
FNDA:0,(anonymous_2)
FNDA:0,(anonymous_3)
FNDA:1,(anonymous_4)
FNDA:5,(anonymous_5)
FNDA:2,(anonymous_6)
FNDA:5,(anonymous_7)
FNDA:2,(anonymous_8)
DA:10,0
DA:12,2
DA:28,2
DA:43,1
DA:45,5
DA:51,2
DA:53,5
DA:69,6
DA:76,6
DA:78,6
DA:79,6
DA:84,6
DA:85,1
DA:90,6
DA:91,0
LF:15
LH:13
BRDA:79,0,0,1
BRDA:79,0,1,5
BRDA:85,1,0,1
BRDA:85,1,1,0
BRDA:4,2,0,1
BRDA:4,2,1,5
BRDA:10,3,0,6
BRDA:10,3,1,6
BRDA:43,4,0,6
BRDA:43,4,1,5
BRDA:45,5,0,5
BRDA:45,5,1,5
BRDA:51,6,0,6
BRDA:51,6,1,5
BRDA:53,7,0,5
BRDA:53,7,1,5
BRDA:13,8,0,1
BRDA:13,8,1,5
BRDA:28,9,0,5
BRDA:28,9,1,4
BRDA:33,10,0,5
BRDA:33,10,1,4
BRF:22
BRH:21
end_of_record
TN:
SF:src/components/ArvoreUnidades.vue
FN:41,(anonymous_0)
FN:42,(anonymous_1)
FN:53,(anonymous_2)
FN:57,(anonymous_3)
FN:63,(anonymous_4)
FN:67,(anonymous_5)
FN:71,(anonymous_6)
FN:72,(anonymous_7)
FN:75,(anonymous_8)
FN:91,findUnidadeById
FN:97,getTodasSubunidades
FN:111,isChecked
FN:118,isHabilitado
FN:123,(anonymous_13)
FN:128,getEstadoSelecao
FN:138,(anonymous_15)
FN:146,(anonymous_16)
FN:170,toggle
FN:179,(anonymous_18)
FN:185,(anonymous_19)
FN:194,updateAncestors
FN:201,(anonymous_21)
FN:221,(anonymous_22)
FN:222,(anonymous_23)
FN:239,(anonymous_24)
FN:239,(anonymous_25)
FN:241,(anonymous_26)
FN:245,isExpanded
FN:249,toggleExpand
FN:260,(anonymous_29)
FNF:30
FNH:28
FNDA:48,(anonymous_0)
FNDA:10,(anonymous_1)
FNDA:4,(anonymous_2)
FNDA:33,(anonymous_3)
FNDA:29,(anonymous_4)
FNDA:4,(anonymous_5)
FNDA:4,(anonymous_6)
FNDA:0,(anonymous_7)
FNDA:38,(anonymous_8)
FNDA:0,findUnidadeById
FNDA:497,getTodasSubunidades
FNDA:650,isChecked
FNDA:534,isHabilitado
FNDA:153,(anonymous_13)
FNDA:320,getEstadoSelecao
FNDA:338,(anonymous_15)
FNDA:330,(anonymous_16)
FNDA:6,toggle
FNDA:7,(anonymous_18)
FNDA:16,(anonymous_19)
FNDA:6,updateAncestors
FNDA:9,(anonymous_21)
FNDA:48,(anonymous_22)
FNDA:10,(anonymous_23)
FNDA:38,(anonymous_24)
FNDA:38,(anonymous_25)
FNDA:28,(anonymous_26)
FNDA:240,isExpanded
FNDA:1,toggleExpand
FNDA:17,(anonymous_29)
DA:2,6
DA:3,123
DA:29,38
DA:34,38
DA:37,38
DA:40,38
DA:41,48
DA:44,10
DA:45,10
DA:53,38
DA:54,4
DA:55,4
DA:57,4
DA:58,33
DA:59,33
DA:60,29
DA:62,33
DA:63,33
DA:67,4
DA:68,4
DA:71,38
DA:72,38
DA:75,38
DA:76,38
DA:77,38
DA:79,38
DA:80,28
DA:82,28
DA:84,0
DA:87,38
DA:92,0
DA:98,497
DA:99,497
DA:100,497
DA:101,355
DA:102,355
DA:103,355
DA:107,497
DA:112,650
DA:119,534
DA:121,193
DA:123,153
DA:129,320
DA:132,320
DA:133,184
DA:138,338
DA:141,136
DA:142,0
DA:146,136
DA:147,330
DA:151,136
DA:152,30
DA:156,106
DA:158,80
DA:163,26
DA:164,0
DA:167,26
DA:171,6
DA:175,6
DA:177,6
DA:179,4
DA:180,7
DA:181,6
DA:185,16
DA:189,6
DA:191,6
DA:195,6
DA:196,6
DA:197,13
DA:198,13
DA:200,7
DA:201,13
DA:203,13
DA:206,1
DA:207,0
DA:212,6
DA:213,2
DA:216,7
DA:220,38
DA:221,48
DA:223,10
DA:227,0
DA:236,38
DA:239,38
DA:240,38
DA:241,28
DA:246,240
DA:250,1
DA:251,1
DA:253,0
DA:258,38
DA:262,17
DA:263,7
LF:93
LH:86
BRDA:44,0,0,10
BRDA:44,0,1,0
BRDA:59,1,0,29
BRDA:59,1,1,4
BRDA:62,2,0,33
BRDA:62,2,1,0
BRDA:80,3,0,28
BRDA:80,3,1,0
BRDA:82,4,0,28
BRDA:82,4,1,0
BRDA:99,5,0,497
BRDA:99,5,1,0
BRDA:102,6,0,355
BRDA:102,6,1,0
BRDA:119,7,0,341
BRDA:119,7,1,193
BRDA:121,8,0,40
BRDA:121,8,1,153
BRDA:121,9,0,193
BRDA:121,9,1,193
BRDA:132,10,0,184
BRDA:132,10,1,136
BRDA:132,11,0,320
BRDA:132,11,1,320
BRDA:141,12,0,0
BRDA:141,12,1,136
BRDA:151,13,0,30
BRDA:151,13,1,106
BRDA:156,14,0,80
BRDA:156,14,1,26
BRDA:158,15,0,80
BRDA:158,15,1,0
BRDA:163,16,0,0
BRDA:163,16,1,26
BRDA:163,17,0,26
BRDA:163,17,1,2
BRDA:177,18,0,4
BRDA:177,18,1,2
BRDA:180,19,0,6
BRDA:180,19,1,1
BRDA:198,20,0,6
BRDA:198,20,1,7
BRDA:200,21,0,7
BRDA:200,21,1,0
BRDA:203,22,0,1
BRDA:203,22,1,6
BRDA:206,23,0,0
BRDA:206,23,1,1
BRDA:212,24,0,2
BRDA:212,24,1,4
BRDA:223,25,0,0
BRDA:223,25,1,10
BRDA:240,26,0,28
BRDA:240,26,1,10
BRDA:240,27,0,38
BRDA:240,27,1,38
BRDA:250,28,0,1
BRDA:250,28,1,0
BRDA:262,29,0,7
BRDA:262,29,1,10
BRF:60
BRH:47
end_of_record
TN:
SF:src/components/AtividadeItem.vue
FN:213,iniciarEdicaoAtividade
FN:218,cancelarEdicaoAtividade
FN:223,salvarEdicaoAtividade
FN:235,iniciarEdicaoConhecimento
FN:240,cancelarEdicaoConhecimento
FN:245,salvarEdicaoConhecimento
FN:256,adicionarConhecimento
FN:14,(anonymous_7)
FN:27,(anonymous_8)
FN:37,(anonymous_9)
FN:60,(anonymous_10)
FN:68,(anonymous_11)
FN:70,(anonymous_12)
FN:99,(anonymous_13)
FN:111,(anonymous_14)
FN:113,(anonymous_15)
FN:123,(anonymous_16)
FN:138,(anonymous_17)
FN:140,(anonymous_18)
FN:148,(anonymous_19)
FN:150,(anonymous_20)
FN:163,(anonymous_21)
FN:179,(anonymous_22)
FNF:23
FNH:23
FNDA:1,iniciarEdicaoAtividade
FNDA:1,cancelarEdicaoAtividade
FNDA:1,salvarEdicaoAtividade
FNDA:1,iniciarEdicaoConhecimento
FNDA:1,cancelarEdicaoConhecimento
FNDA:1,salvarEdicaoConhecimento
FNDA:1,adicionarConhecimento
FNDA:2,(anonymous_7)
FNDA:1,(anonymous_8)
FNDA:1,(anonymous_9)
FNDA:14,(anonymous_10)
FNDA:1,(anonymous_11)
FNDA:14,(anonymous_12)
FNDA:2,(anonymous_13)
FNDA:1,(anonymous_14)
FNDA:1,(anonymous_15)
FNDA:1,(anonymous_16)
FNDA:1,(anonymous_17)
FNDA:13,(anonymous_18)
FNDA:1,(anonymous_19)
FNDA:13,(anonymous_20)
FNDA:2,(anonymous_21)
FNDA:12,(anonymous_22)
DA:14,2
DA:27,1
DA:37,1
DA:60,14
DA:68,1
DA:70,14
DA:85,2
DA:99,2
DA:111,1
DA:113,1
DA:123,1
DA:127,2
DA:138,1
DA:140,13
DA:148,1
DA:150,13
DA:163,2
DA:179,12
DA:199,13
DA:201,13
DA:210,13
DA:211,13
DA:214,1
DA:215,1
DA:219,1
DA:220,1
DA:224,1
DA:225,1
DA:226,1
DA:228,1
DA:232,13
DA:233,13
DA:236,1
DA:237,1
DA:241,1
DA:242,1
DA:246,1
DA:247,1
DA:248,1
DA:250,1
DA:254,13
DA:257,1
DA:258,1
DA:259,1
DA:260,1
LF:45
LH:45
BRDA:225,0,0,1
BRDA:225,0,1,0
BRDA:225,1,0,1
BRDA:225,1,1,1
BRDA:247,2,0,1
BRDA:247,2,1,0
BRDA:258,3,0,1
BRDA:258,3,1,0
BRDA:12,4,0,2
BRDA:12,4,1,30
BRDA:14,5,0,2
BRDA:14,5,1,1
BRDA:27,6,0,1
BRDA:27,6,1,1
BRDA:37,7,0,1
BRDA:37,7,1,1
BRDA:49,8,0,32
BRDA:49,8,1,20
BRDA:60,9,0,14
BRDA:60,9,1,13
BRDA:68,10,0,18
BRDA:68,10,1,13
BRDA:70,11,0,14
BRDA:70,11,1,13
BRDA:76,12,0,1
BRDA:76,12,1,31
BRDA:83,13,0,1
BRDA:83,13,1,1
BRDA:99,14,0,2
BRDA:99,14,1,1
BRDA:113,15,0,1
BRDA:113,15,1,1
BRDA:123,16,0,1
BRDA:123,16,1,1
BRDA:140,17,0,13
BRDA:140,17,1,6
BRDA:150,18,0,13
BRDA:150,18,1,6
BRDA:163,19,0,14
BRDA:163,19,1,12
BRDA:179,20,0,12
BRDA:179,20,1,12
BRF:42
BRH:39
end_of_record
TN:
SF:src/components/BarraNavegacao.vue
FN:52,goBack
FN:57,(anonymous_1)
FN:61,(anonymous_2)
FN:64,(anonymous_3)
FN:73,(anonymous_4)
FN:76,(anonymous_5)
FN:10,(anonymous_6)
FN:24,(anonymous_7)
FNF:8
FNH:8
FNDA:1,goBack
FNDA:8,(anonymous_1)
FNDA:8,(anonymous_2)
FNDA:9,(anonymous_3)
FNDA:27,(anonymous_4)
FNDA:18,(anonymous_5)
FNDA:6,(anonymous_6)
FNDA:16,(anonymous_7)
DA:2,1
DA:10,6
DA:29,16
DA:43,8
DA:44,8
DA:53,1
DA:56,8
DA:57,8
DA:60,8
DA:61,8
DA:64,8
DA:65,9
DA:66,9
DA:67,9
DA:70,9
DA:73,9
DA:74,27
DA:76,27
DA:77,18
DA:83,27
DA:85,16
DA:89,16
DA:91,16
DA:95,16
DA:105,9
DA:106,9
DA:109,9
LF:27
LH:27
BRDA:57,0,0,8
BRDA:57,0,1,7
BRDA:61,1,0,8
BRDA:61,1,1,7
BRDA:78,2,0,18
BRDA:78,2,1,9
BRDA:78,2,2,8
BRDA:83,3,0,16
BRDA:83,3,1,11
BRDA:83,4,0,27
BRDA:83,4,1,18
BRDA:85,5,0,0
BRDA:85,5,1,16
BRDA:89,6,0,16
BRDA:89,6,1,0
BRDA:91,7,0,16
BRDA:91,7,1,0
BRDA:92,8,0,16
BRDA:92,8,1,16
BRDA:105,9,0,9
BRDA:105,9,1,0
BRDA:10,10,0,6
BRDA:10,10,1,6
BRDA:25,11,0,6
BRDA:25,11,1,10
BRF:25
BRH:21
end_of_record
TN:
SF:src/components/CriarCompetenciaModal.vue
FN:101,(anonymous_0)
FN:102,(anonymous_1)
FN:120,getConhecimentosModal
FN:126,(anonymous_3)
FN:132,fechar
FN:136,salvar
FN:63,(anonymous_6)
FN:72,(anonymous_7)
FN:15,(anonymous_8)
FN:35,(anonymous_9)
FNF:10
FNH:10
FNDA:6,(anonymous_0)
FNDA:6,(anonymous_1)
FNDA:13,getConhecimentosModal
FNDA:13,(anonymous_3)
FNDA:1,fechar
FNDA:1,salvar
FNDA:5,(anonymous_6)
FNDA:6,(anonymous_7)
FNDA:2,(anonymous_8)
FNDA:1,(anonymous_9)
DA:11,1
DA:13,1
DA:15,2
DA:23,1
DA:25,1
DA:35,1
DA:65,5
DA:72,6
DA:83,6
DA:89,6
DA:96,6
DA:97,6
DA:98,6
DA:100,6
DA:101,6
DA:103,6
DA:104,5
DA:105,1
DA:106,1
DA:109,1
DA:111,4
DA:112,4
DA:113,4
DA:121,13
DA:122,0
DA:125,13
DA:126,13
DA:129,13
DA:133,1
DA:137,1
LF:30
LH:29
BRDA:103,0,0,5
BRDA:103,0,1,1
BRDA:104,1,0,1
BRDA:104,1,1,4
BRDA:107,2,0,1
BRDA:107,2,1,0
BRDA:121,3,0,0
BRDA:121,3,1,13
BRDA:5,4,0,1
BRDA:5,4,1,5
BRDA:65,5,0,5
BRDA:65,5,1,5
BRDA:67,6,0,8
BRDA:67,6,1,2
BRDA:72,7,0,6
BRDA:72,7,1,5
BRDA:21,8,0,8
BRDA:21,8,1,5
BRDA:15,9,0,8
BRDA:15,9,1,5
BRDA:56,10,0,8
BRDA:56,10,1,5
BRDA:29,11,0,2
BRDA:29,11,1,14
BRDA:35,12,0,16
BRDA:35,12,1,5
BRDA:42,13,0,13
BRDA:42,13,1,13
BRF:28
BRH:26
end_of_record
TN:
SF:src/components/DisponibilizarMapaModal.vue
FN:70,(anonymous_0)
FN:71,(anonymous_1)
FN:79,fechar
FN:83,disponibilizar
FN:32,(anonymous_4)
FN:19,(anonymous_5)
FNF:6
FNH:5
FNDA:5,(anonymous_0)
FNDA:0,(anonymous_1)
FNDA:1,fechar
FNDA:1,disponibilizar
FNDA:6,(anonymous_4)
FNDA:4,(anonymous_5)
DA:12,1
DA:19,4
DA:39,6
DA:57,5
DA:61,5
DA:66,5
DA:67,5
DA:69,5
DA:70,5
DA:72,0
DA:73,0
DA:74,0
DA:80,1
DA:84,1
LF:14
LH:11
BRDA:72,0,0,0
BRDA:72,0,1,0
BRDA:23,1,0,6
BRDA:23,1,1,4
BRDA:19,2,0,6
BRDA:19,2,1,4
BRDA:25,3,0,0
BRDA:25,3,1,6
BRF:8
BRH:5
end_of_record
TN:
SF:src/components/HistoricoAnaliseModal.vue
FN:82,fechar
FN:93,(anonymous_1)
FN:94,(anonymous_2)
FN:105,formatarData
FN:52,(anonymous_4)
FN:17,(anonymous_5)
FNF:6
FNH:6
FNDA:1,fechar
FNDA:17,(anonymous_1)
FNDA:17,(anonymous_2)
FNDA:4,formatarData
FNDA:4,(anonymous_4)
FNDA:4,(anonymous_5)
DA:11,2
DA:19,4
DA:21,2
DA:31,4
DA:54,4
DA:69,16
DA:74,16
DA:76,16
DA:77,16
DA:83,1
DA:84,1
DA:85,1
DA:92,16
DA:93,17
DA:95,17
DA:96,4
DA:97,4
DA:106,4
LF:18
LH:18
BRDA:95,0,0,4
BRDA:95,0,1,13
BRDA:95,1,0,17
BRDA:95,1,1,4
BRDA:95,1,2,4
BRDA:54,2,0,4
BRDA:54,2,1,4
BRDA:19,3,0,4
BRDA:19,3,1,4
BRDA:38,4,0,4
BRDA:38,4,1,2
BRDA:40,5,0,4
BRDA:40,5,1,4
BRDA:41,6,0,4
BRDA:41,6,1,0
BRF:15
BRH:14
end_of_record
TN:
SF:src/components/ImpactoMapaModal.vue
FN:163,(anonymous_0)
FN:164,(anonymous_1)
FN:180,formatTipoImpacto
FN:193,fechar
FN:136,(anonymous_4)
FN:21,(anonymous_5)
FN:99,(anonymous_6)
FN:126,(anonymous_7)
FNF:8
FNH:8
FNDA:34,(anonymous_0)
FNDA:2,(anonymous_1)
FNDA:3,formatTipoImpacto
FNDA:1,fechar
FNDA:8,(anonymous_4)
FNDA:2,(anonymous_5)
FNDA:6,(anonymous_6)
FNDA:1,(anonymous_7)
DA:21,2
DA:41,5
DA:53,1
DA:54,5
DA:72,5
DA:99,6
DA:101,5
DA:102,3
DA:128,1
DA:138,8
DA:150,32
DA:155,32
DA:157,32
DA:158,32
DA:160,32
DA:162,32
DA:163,34
DA:165,2
DA:166,2
DA:167,2
DA:168,2
DA:169,2
DA:171,0
DA:174,1
DA:181,3
DA:183,1
DA:185,1
DA:187,1
DA:189,0
DA:194,1
LF:30
LH:28
BRDA:165,0,0,2
BRDA:165,0,1,0
BRDA:168,1,0,2
BRDA:168,1,1,0
BRDA:181,2,0,1
BRDA:181,2,1,1
BRDA:181,2,2,1
BRDA:181,2,3,0
BRDA:138,3,0,8
BRDA:138,3,1,8
BRDA:17,4,0,2
BRDA:17,4,1,2
BRDA:21,5,0,2
BRDA:21,5,1,2
BRDA:38,6,0,1
BRDA:38,6,1,0
BRDA:38,7,0,1
BRDA:38,7,1,1
BRDA:75,8,0,1
BRDA:75,8,1,0
BRDA:107,9,0,3
BRDA:107,9,1,1
BRDA:110,10,0,3
BRDA:110,10,1,0
BRDA:128,11,0,1
BRDA:128,11,1,1
BRF:26
BRH:20
end_of_record
TN:
SF:src/components/ImportarAtividadesModal.vue
FN:170,(anonymous_0)
FN:175,(anonymous_1)
FN:176,(anonymous_2)
FN:184,(anonymous_3)
FN:187,(anonymous_4)
FN:197,(anonymous_5)
FN:200,(anonymous_6)
FN:210,resetModal
FN:220,selecionarProcesso
FN:233,selecionarUnidade
FN:247,fechar
FN:251,importar
FN:261,(anonymous_12)
FN:112,(anonymous_13)
FN:122,(anonymous_14)
FN:19,(anonymous_15)
FN:29,(anonymous_16)
FN:39,(anonymous_17)
FN:59,(anonymous_18)
FN:70,(anonymous_19)
FN:90,(anonymous_20)
FN:94,(anonymous_21)
FNF:22
FNH:21
FNDA:5,(anonymous_0)
FNDA:7,(anonymous_1)
FNDA:2,(anonymous_2)
FNDA:6,(anonymous_3)
FNDA:4,(anonymous_4)
FNDA:2,(anonymous_5)
FNDA:2,(anonymous_6)
FNDA:1,resetModal
FNDA:6,selecionarProcesso
FNDA:2,selecionarUnidade
FNDA:2,fechar
FNDA:2,importar
FNDA:2,(anonymous_12)
FNDA:6,(anonymous_13)
FNDA:8,(anonymous_14)
FNDA:0,(anonymous_15)
FNDA:5,(anonymous_16)
FNDA:7,(anonymous_17)
FNDA:2,(anonymous_18)
FNDA:6,(anonymous_19)
FNDA:2,(anonymous_20)
FNDA:6,(anonymous_21)
DA:19,0
DA:22,2
DA:29,5
DA:41,7
DA:52,2
DA:59,2
DA:72,6
DA:90,2
DA:94,6
DA:114,6
DA:127,8
DA:142,5
DA:147,5
DA:152,5
DA:153,5
DA:160,5
DA:162,5
DA:163,5
DA:164,5
DA:165,5
DA:166,5
DA:167,5
DA:168,5
DA:170,5
DA:174,5
DA:175,7
DA:177,2
DA:178,1
DA:179,1
DA:184,5
DA:185,6
DA:186,4
DA:187,4
DA:189,4
DA:190,4
DA:193,2
DA:197,5
DA:198,2
DA:199,2
DA:200,2
DA:202,2
DA:203,2
DA:206,0
DA:211,1
DA:212,1
DA:213,1
DA:214,1
DA:215,1
DA:216,1
DA:217,1
DA:221,6
DA:222,6
DA:223,4
DA:224,4
DA:227,2
DA:229,6
DA:230,6
DA:234,2
DA:235,2
DA:236,2
DA:238,2
DA:239,2
DA:243,0
DA:248,2
DA:252,2
DA:253,2
DA:254,0
DA:256,2
DA:257,0
DA:258,0
DA:261,2
DA:263,2
DA:264,2
DA:269,1
DA:270,1
LF:75
LH:69
BRDA:177,0,0,1
BRDA:177,0,1,1
BRDA:185,1,0,4
BRDA:185,1,1,2
BRDA:189,2,0,4
BRDA:189,2,1,0
BRDA:198,3,0,2
BRDA:198,3,1,0
BRDA:202,4,0,2
BRDA:202,4,1,0
BRDA:222,5,0,4
BRDA:222,5,1,2
BRDA:225,6,0,4
BRDA:225,6,1,0
BRDA:235,7,0,2
BRDA:235,7,1,0
BRDA:239,8,0,2
BRDA:239,8,1,0
BRDA:253,9,0,0
BRDA:253,9,1,2
BRDA:253,10,0,2
BRDA:253,10,1,2
BRDA:256,11,0,0
BRDA:256,11,1,2
BRDA:114,12,0,6
BRDA:114,12,1,5
BRDA:116,13,0,21
BRDA:116,13,1,2
BRDA:123,14,0,0
BRDA:123,14,1,8
BRDA:128,15,0,0
BRDA:128,15,1,8
BRDA:50,16,0,21
BRDA:50,16,1,5
BRDA:29,17,0,21
BRDA:29,17,1,5
BRDA:41,18,0,7
BRDA:41,18,1,5
BRDA:45,19,0,0
BRDA:45,19,1,21
BRDA:75,20,0,21
BRDA:75,20,1,5
BRDA:59,21,0,21
BRDA:59,21,1,5
BRDA:72,22,0,6
BRDA:72,22,1,5
BRDA:77,23,0,6
BRDA:77,23,1,15
BRDA:104,24,0,6
BRDA:104,24,1,2
BRDA:80,25,0,4
BRDA:80,25,1,2
BRDA:90,26,0,4
BRDA:90,26,1,2
BRF:54
BRH:43
end_of_record
TN:
SF:src/components/MainNavbar.vue
FN:77,navigateFromNavbar
FN:82,handleLogout
FN:4,(anonymous_2)
FN:10,(anonymous_3)
FN:15,(anonymous_4)
FN:20,(anonymous_5)
FN:25,(anonymous_6)
FN:45,(anonymous_7)
FNF:8
FNH:7
FNDA:5,navigateFromNavbar
FNDA:0,handleLogout
FNDA:4,(anonymous_2)
FNDA:1,(anonymous_3)
FNDA:1,(anonymous_4)
FNDA:1,(anonymous_5)
FNDA:1,(anonymous_6)
FNDA:1,(anonymous_7)
DA:2,1
DA:3,1
DA:6,4
DA:8,1
DA:9,1
DA:10,1
DA:14,1
DA:15,1
DA:19,1
DA:20,1
DA:24,1
DA:25,1
DA:31,1
DA:32,1
DA:33,1
DA:45,1
DA:50,1
DA:72,4
DA:73,4
DA:75,4
DA:78,5
DA:79,5
DA:83,0
DA:84,0
DA:87,4
LF:25
LH:23
BRDA:6,0,0,4
BRDA:6,0,1,4
BRDA:10,1,0,4
BRDA:10,1,1,4
BRDA:10,2,0,4
BRDA:10,2,1,4
BRDA:15,3,0,4
BRDA:15,3,1,4
BRDA:15,4,0,4
BRDA:15,4,1,4
BRDA:20,5,0,4
BRDA:20,5,1,4
BRDA:20,6,0,4
BRDA:20,6,1,4
BRDA:25,7,0,4
BRDA:25,7,1,4
BRDA:25,8,0,4
BRDA:25,8,1,4
BRDA:36,9,0,4
BRDA:36,9,1,4
BRDA:45,10,0,3
BRDA:45,10,1,3
BRF:22
BRH:22
end_of_record
TN:
SF:src/components/ModalAcaoBloco.vue
FN:9,(anonymous_0)
FN:56,(anonymous_1)
FN:58,(anonymous_2)
FN:63,(anonymous_3)
FN:65,(anonymous_4)
FN:16,(anonymous_5)
FN:40,(anonymous_6)
FNF:7
FNH:5
FNDA:0,(anonymous_0)
FNDA:1,(anonymous_1)
FNDA:5,(anonymous_2)
FNDA:1,(anonymous_3)
FNDA:5,(anonymous_4)
FNDA:5,(anonymous_5)
FNDA:0,(anonymous_6)
DA:9,0
DA:16,5
DA:22,2
DA:23,2
DA:33,10
DA:40,0
DA:56,1
DA:58,5
DA:63,1
DA:65,5
DA:88,6
LF:11
LH:9
BRDA:5,0,0,5
BRDA:5,0,1,1
BRDA:9,1,0,6
BRDA:9,1,1,6
BRDA:56,2,0,5
BRDA:56,2,1,5
BRDA:58,3,0,5
BRDA:58,3,1,5
BRDA:61,4,0,4
BRDA:61,4,1,1
BRDA:63,5,0,5
BRDA:63,5,1,5
BRDA:65,6,0,4
BRDA:65,6,1,1
BRDA:66,7,0,4
BRDA:66,7,1,1
BRDA:16,8,0,5
BRDA:16,8,1,5
BRDA:18,9,0,4
BRDA:18,9,1,1
BRF:20
BRH:20
end_of_record
TN:
SF:src/components/ModalFinalizacao.vue
FN:9,(anonymous_0)
FN:24,(anonymous_1)
FN:26,(anonymous_2)
FN:31,(anonymous_3)
FN:33,(anonymous_4)
FN:15,(anonymous_5)
FNF:6
FNH:5
FNDA:0,(anonymous_0)
FNDA:1,(anonymous_1)
FNDA:3,(anonymous_2)
FNDA:1,(anonymous_3)
FNDA:3,(anonymous_4)
FNDA:3,(anonymous_5)
DA:9,0
DA:15,3
DA:24,1
DA:26,3
DA:31,1
DA:33,3
DA:48,4
LF:7
LH:6
BRDA:5,0,0,4
BRDA:5,0,1,0
BRDA:9,1,0,4
BRDA:9,1,1,4
BRDA:24,2,0,3
BRDA:24,2,1,3
BRDA:26,3,0,3
BRDA:26,3,1,3
BRDA:31,4,0,3
BRDA:31,4,1,3
BRDA:33,5,0,3
BRDA:33,5,1,3
BRDA:15,6,0,3
BRDA:15,6,1,3
BRDA:15,7,0,3
BRDA:15,7,1,3
BRDA:16,8,0,3
BRDA:16,8,1,3
BRDA:16,9,0,3
BRDA:16,9,1,3
BRDA:16,10,0,3
BRDA:16,10,1,3
BRF:22
BRH:21
end_of_record
TN:
SF:src/components/ProcessoAcoes.vue
FN:11,(anonymous_0)
FN:13,(anonymous_1)
FN:20,(anonymous_2)
FN:22,(anonymous_3)
FN:31,(anonymous_4)
FN:32,(anonymous_5)
FNF:6
FNH:6
FNDA:1,(anonymous_0)
FNDA:2,(anonymous_1)
FNDA:1,(anonymous_2)
FNDA:3,(anonymous_3)
FNDA:1,(anonymous_4)
FNDA:2,(anonymous_5)
DA:11,1
DA:13,2
DA:20,1
DA:22,3
DA:31,1
DA:34,2
DA:48,6
LF:7
LH:7
BRDA:11,0,0,2
BRDA:11,0,1,2
BRDA:13,1,0,2
BRDA:13,1,1,2
BRDA:20,2,0,3
BRDA:20,2,1,3
BRDA:22,3,0,3
BRDA:22,3,1,3
BRDA:27,4,0,6
BRDA:27,4,1,3
BRDA:31,5,0,2
BRDA:31,5,1,2
BRDA:34,6,0,2
BRDA:34,6,1,2
BRF:14
BRH:14
end_of_record
TN:
SF:src/components/ProcessoDetalhes.vue
FN:7,(anonymous_0)
FNF:1
FNH:1
FNDA:1,(anonymous_0)
DA:9,1
DA:16,2
LF:2
LH:2
BRDA:9,0,0,1
BRDA:9,0,1,1
BRDA:19,1,0,1
BRDA:19,1,1,1
BRDA:17,2,0,1
BRDA:17,2,1,1
BRDA:17,3,0,1
BRDA:17,3,1,1
BRDA:18,4,0,1
BRDA:18,4,1,1
BRF:10
BRH:10
end_of_record
TN:
SF:src/components/SubprocessoCards.vue
FN:207,(anonymous_0)
FN:217,(anonymous_1)
FN:14,(anonymous_2)
FN:15,(anonymous_3)
FN:15,(anonymous_4)
FN:18,(anonymous_5)
FN:18,(anonymous_6)
FN:21,(anonymous_7)
FN:35,(anonymous_8)
FN:36,(anonymous_9)
FN:36,(anonymous_10)
FN:39,(anonymous_11)
FN:39,(anonymous_12)
FN:42,(anonymous_13)
FN:64,(anonymous_14)
FN:65,(anonymous_15)
FN:65,(anonymous_16)
FN:68,(anonymous_17)
FN:68,(anonymous_18)
FN:71,(anonymous_19)
FN:87,(anonymous_20)
FN:88,(anonymous_21)
FN:88,(anonymous_22)
FN:91,(anonymous_23)
FN:91,(anonymous_24)
FN:94,(anonymous_25)
FN:116,(anonymous_26)
FN:117,(anonymous_27)
FN:117,(anonymous_28)
FN:120,(anonymous_29)
FN:120,(anonymous_30)
FN:123,(anonymous_31)
FN:142,(anonymous_32)
FN:143,(anonymous_33)
FN:143,(anonymous_34)
FN:146,(anonymous_35)
FN:146,(anonymous_36)
FN:149,(anonymous_37)
FN:167,(anonymous_38)
FN:168,(anonymous_39)
FN:168,(anonymous_40)
FN:171,(anonymous_41)
FN:171,(anonymous_42)
FN:174,(anonymous_43)
FNF:44
FNH:30
FNDA:5,(anonymous_0)
FNDA:2,(anonymous_1)
FNDA:1,(anonymous_2)
FNDA:1,(anonymous_3)
FNDA:1,(anonymous_4)
FNDA:6,(anonymous_5)
FNDA:6,(anonymous_6)
FNDA:6,(anonymous_7)
FNDA:1,(anonymous_8)
FNDA:0,(anonymous_9)
FNDA:0,(anonymous_10)
FNDA:1,(anonymous_11)
FNDA:1,(anonymous_12)
FNDA:1,(anonymous_13)
FNDA:2,(anonymous_14)
FNDA:0,(anonymous_15)
FNDA:0,(anonymous_16)
FNDA:6,(anonymous_17)
FNDA:6,(anonymous_18)
FNDA:6,(anonymous_19)
FNDA:0,(anonymous_20)
FNDA:0,(anonymous_21)
FNDA:0,(anonymous_22)
FNDA:1,(anonymous_23)
FNDA:1,(anonymous_24)
FNDA:1,(anonymous_25)
FNDA:1,(anonymous_26)
FNDA:0,(anonymous_27)
FNDA:0,(anonymous_28)
FNDA:2,(anonymous_29)
FNDA:2,(anonymous_30)
FNDA:2,(anonymous_31)
FNDA:1,(anonymous_32)
FNDA:0,(anonymous_33)
FNDA:0,(anonymous_34)
FNDA:2,(anonymous_35)
FNDA:2,(anonymous_36)
FNDA:2,(anonymous_37)
FNDA:0,(anonymous_38)
FNDA:0,(anonymous_39)
FNDA:0,(anonymous_40)
FNDA:2,(anonymous_41)
FNDA:2,(anonymous_42)
FNDA:2,(anonymous_43)
DA:14,1
DA:15,1
DA:16,1
DA:20,6
DA:23,6
DA:35,1
DA:36,0
DA:37,0
DA:41,1
DA:44,1
DA:64,2
DA:65,0
DA:70,6
DA:73,6
DA:87,0
DA:88,0
DA:93,1
DA:96,1
DA:116,1
DA:117,0
DA:118,0
DA:122,2
DA:125,2
DA:142,1
DA:143,0
DA:144,0
DA:148,2
DA:151,2
DA:167,0
DA:168,0
DA:169,0
DA:173,2
DA:176,2
DA:193,10
DA:195,10
DA:205,10
DA:207,10
DA:208,5
DA:217,10
DA:218,2
LF:40
LH:28
BRDA:3,0,0,10
BRDA:3,0,1,2
BRDA:14,1,0,6
BRDA:14,1,1,6
BRDA:15,2,0,6
BRDA:15,2,1,6
BRDA:15,3,0,6
BRDA:15,3,1,6
BRDA:20,4,0,6
BRDA:20,4,1,6
BRDA:23,5,0,6
BRDA:23,5,1,6
BRDA:35,6,0,1
BRDA:35,6,1,1
BRDA:36,7,0,1
BRDA:36,7,1,1
BRDA:36,8,0,1
BRDA:36,8,1,1
BRDA:41,9,0,1
BRDA:41,9,1,1
BRDA:44,10,0,1
BRDA:44,10,1,1
BRDA:63,11,0,5
BRDA:63,11,1,1
BRDA:64,12,0,6
BRDA:64,12,1,6
BRDA:64,13,0,1
BRDA:64,13,1,1
BRDA:65,14,0,6
BRDA:65,14,1,6
BRDA:65,15,0,0
BRDA:65,15,1,0
BRDA:65,16,0,6
BRDA:65,16,1,6
BRDA:65,17,0,0
BRDA:65,17,1,0
BRDA:70,18,0,6
BRDA:70,18,1,6
BRDA:73,19,0,6
BRDA:73,19,1,6
BRDA:86,20,0,1
BRDA:86,20,1,0
BRDA:87,21,0,1
BRDA:87,21,1,1
BRDA:87,22,0,0
BRDA:87,22,1,0
BRDA:88,23,0,1
BRDA:88,23,1,1
BRDA:88,24,0,0
BRDA:88,24,1,0
BRDA:88,25,0,1
BRDA:88,25,1,1
BRDA:88,26,0,0
BRDA:88,26,1,0
BRDA:93,27,0,1
BRDA:93,27,1,1
BRDA:96,28,0,1
BRDA:96,28,1,1
BRDA:116,29,0,2
BRDA:116,29,1,2
BRDA:117,30,0,2
BRDA:117,30,1,2
BRDA:117,31,0,2
BRDA:117,31,1,2
BRDA:122,32,0,2
BRDA:122,32,1,2
BRDA:125,33,0,2
BRDA:125,33,1,2
BRDA:142,34,0,2
BRDA:142,34,1,2
BRDA:143,35,0,2
BRDA:143,35,1,2
BRDA:143,36,0,2
BRDA:143,36,1,2
BRDA:148,37,0,2
BRDA:148,37,1,2
BRDA:151,38,0,2
BRDA:151,38,1,2
BRDA:167,39,0,2
BRDA:167,39,1,2
BRDA:168,40,0,2
BRDA:168,40,1,2
BRDA:168,41,0,2
BRDA:168,41,1,2
BRDA:173,42,0,2
BRDA:173,42,1,2
BRDA:176,43,0,2
BRDA:176,43,1,2
BRF:88
BRH:77
end_of_record
TN:
SF:src/components/SubprocessoHeader.vue
FN:90,(anonymous_0)
FN:57,(anonymous_1)
FNF:2
FNH:2
FNDA:1,(anonymous_0)
FNDA:2,(anonymous_1)
DA:30,2
DA:37,2
DA:57,2
DA:86,13
DA:90,13
DA:91,1
LF:6
LH:6
BRDA:27,0,0,13
BRDA:27,0,1,13
BRDA:29,1,0,13
BRDA:29,1,1,13
BRDA:33,2,0,13
BRDA:33,2,1,13
BRDA:32,3,0,13
BRDA:32,3,1,13
BRDA:36,4,0,2
BRDA:36,4,1,2
BRDA:40,5,0,2
BRDA:40,5,1,2
BRDA:39,6,0,2
BRDA:39,6,1,2
BRDA:43,7,0,1
BRDA:43,7,1,12
BRDA:45,8,0,1
BRDA:45,8,1,1
BRDA:57,9,0,2
BRDA:57,9,1,2
BRF:20
BRH:20
end_of_record
TN:
SF:src/components/SubprocessoModal.vue
FN:67,(anonymous_0)
FN:71,(anonymous_1)
FN:75,(anonymous_2)
FN:82,(anonymous_3)
FN:83,(anonymous_4)
FN:8,(anonymous_5)
FN:29,(anonymous_6)
FN:31,(anonymous_7)
FN:38,(anonymous_8)
FN:40,(anonymous_9)
FN:20,(anonymous_10)
FN:15,(anonymous_11)
FNF:12
FNH:11
FNDA:5,(anonymous_0)
FNDA:5,(anonymous_1)
FNDA:7,(anonymous_2)
FNDA:6,(anonymous_3)
FNDA:6,(anonymous_4)
FNDA:0,(anonymous_5)
FNDA:1,(anonymous_6)
FNDA:5,(anonymous_7)
FNDA:1,(anonymous_8)
FNDA:5,(anonymous_9)
FNDA:10,(anonymous_10)
FNDA:4,(anonymous_11)
DA:8,0
DA:15,4
DA:21,10
DA:29,1
DA:31,5
DA:38,1
DA:40,5
DA:58,6
DA:65,6
DA:67,6
DA:68,5
DA:71,6
DA:72,5
DA:75,6
DA:76,7
DA:77,7
DA:81,6
DA:82,6
DA:84,6
DA:85,5
DA:87,1
LF:21
LH:20
BRDA:76,0,0,0
BRDA:76,0,1,7
BRDA:84,1,0,5
BRDA:84,1,1,1
BRDA:84,2,0,6
BRDA:84,2,1,5
BRDA:8,3,0,6
BRDA:8,3,1,6
BRDA:29,4,0,7
BRDA:29,4,1,5
BRDA:31,5,0,5
BRDA:31,5,1,5
BRDA:35,6,0,7
BRDA:35,6,1,7
BRDA:38,7,0,7
BRDA:38,7,1,5
BRDA:40,8,0,5
BRDA:40,8,1,5
BRDA:15,9,0,10
BRDA:15,9,1,5
BRF:20
BRH:19
end_of_record
TN:
SF:src/components/TabelaAlertas.vue
FN:41,(anonymous_0)
FN:45,(anonymous_1)
FN:53,(anonymous_2)
FN:15,(anonymous_3)
FNF:4
FNH:3
FNDA:2,(anonymous_0)
FNDA:2,(anonymous_1)
FNDA:2,(anonymous_2)
FNDA:0,(anonymous_3)
DA:17,0
DA:30,4
DA:34,4
DA:41,4
DA:42,2
DA:45,4
DA:46,2
DA:47,1
DA:48,1
DA:49,1
DA:53,4
DA:54,2
DA:55,1
DA:57,1
LF:14
LH:13
BRDA:42,0,0,1
BRDA:42,0,1,1
BRDA:46,1,0,1
BRDA:46,1,1,1
BRDA:48,2,0,1
BRDA:48,2,1,0
BRDA:54,3,0,1
BRDA:54,3,1,1
BRDA:54,4,0,2
BRDA:54,4,1,1
BRDA:17,5,0,0
BRDA:17,5,1,0
BRF:12
BRH:9
end_of_record
TN:
SF:src/components/TabelaMovimentacoes.vue
FN:43,(anonymous_0)
FN:20,(anonymous_1)
FNF:2
FNH:1
FNDA:2,(anonymous_0)
FNDA:0,(anonymous_1)
DA:2,2
DA:19,0
DA:36,3
DA:43,3
DA:44,2
DA:45,1
DA:47,1
LF:7
LH:6
BRDA:44,0,0,1
BRDA:44,0,1,1
BRDA:44,1,0,2
BRDA:44,1,1,1
BRDA:23,2,0,3
BRDA:23,2,1,3
BRF:6
BRH:6
end_of_record
TN:
SF:src/components/TabelaProcessos.vue
FN:67,(anonymous_0)
FN:87,(anonymous_1)
FN:91,(anonymous_2)
FN:95,formatarSituacao
FN:104,formatarTipo
FN:113,(anonymous_5)
FN:17,(anonymous_6)
FN:23,(anonymous_7)
FN:27,(anonymous_8)
FNF:9
FNH:9
FNDA:8,(anonymous_0)
FNDA:1,(anonymous_1)
FNDA:1,(anonymous_2)
FNDA:10,formatarSituacao
FNDA:10,formatarTipo
FNDA:10,(anonymous_5)
FNDA:2,(anonymous_6)
FNDA:10,(anonymous_7)
FNDA:10,(anonymous_8)
DA:19,2
DA:22,10
DA:26,10
DA:38,8
DA:62,8
DA:67,8
DA:68,8
DA:74,8
DA:75,1
DA:82,8
DA:84,8
DA:87,8
DA:88,1
DA:91,8
DA:92,1
DA:96,10
DA:101,10
DA:105,10
DA:110,10
DA:113,8
DA:114,10
DA:115,10
DA:117,0
LF:23
LH:22
BRDA:74,0,0,1
BRDA:74,0,1,7
BRDA:101,1,0,10
BRDA:101,1,1,1
BRDA:110,2,0,10
BRDA:110,2,1,1
BRDA:114,3,0,10
BRDA:114,3,1,0
BRDA:114,4,0,10
BRDA:114,4,1,10
BRDA:6,5,0,8
BRDA:6,5,1,0
BRDA:19,6,0,2
BRDA:19,6,1,2
BRF:14
BRH:12
end_of_record
TN:
SF:src/components/TreeRowItem.vue
FN:51,(anonymous_0)
FN:55,(anonymous_1)
FN:16,(anonymous_2)
FNF:3
FNH:3
FNDA:1,(anonymous_0)
FNDA:3,(anonymous_1)
FNDA:1,(anonymous_2)
DA:16,1
DA:40,21
DA:46,21
DA:51,21
DA:52,1
DA:55,21
DA:56,3
DA:57,2
DA:60,21
LF:9
LH:9
BRDA:56,0,0,1
BRDA:56,0,1,2
BRDA:3,1,0,1
BRDA:3,1,1,25
BRDA:10,2,0,26
BRDA:10,2,1,18
BRDA:13,3,0,44
BRDA:13,3,1,26
BRDA:13,3,2,20
BRDA:16,4,0,11
BRDA:16,4,1,7
BRDA:18,5,0,6
BRDA:18,5,1,5
BRF:13
BRH:13
end_of_record
TN:
SF:src/components/TreeTableView.vue
FN:107,(anonymous_0)
FN:108,(anonymous_1)
FN:116,(anonymous_2)
FN:117,(anonymous_3)
FN:125,(anonymous_4)
FN:127,(anonymous_5)
FN:139,(anonymous_6)
FN:153,(anonymous_7)
FN:160,(anonymous_8)
FN:161,(anonymous_9)
FN:162,(anonymous_10)
FN:170,(anonymous_11)
FN:175,(anonymous_12)
FN:176,(anonymous_13)
FN:177,(anonymous_14)
FN:185,(anonymous_15)
FN:190,(anonymous_16)
FN:19,(anonymous_17)
FN:26,(anonymous_18)
FN:47,(anonymous_19)
FNF:20
FNH:19
FNDA:19,(anonymous_0)
FNDA:22,(anonymous_1)
FNDA:12,(anonymous_2)
FNDA:12,(anonymous_3)
FNDA:17,(anonymous_4)
FNDA:25,(anonymous_5)
FNDA:9,(anonymous_6)
FNDA:3,(anonymous_7)
FNDA:1,(anonymous_8)
FNDA:2,(anonymous_9)
FNDA:2,(anonymous_10)
FNDA:1,(anonymous_11)
FNDA:1,(anonymous_12)
FNDA:2,(anonymous_13)
FNDA:2,(anonymous_14)
FNDA:1,(anonymous_15)
FNDA:0,(anonymous_16)
FNDA:3,(anonymous_17)
FNDA:3,(anonymous_18)
FNDA:28,(anonymous_19)
DA:7,4
DA:19,3
DA:26,3
DA:31,4
DA:46,28
DA:56,24
DA:102,12
DA:103,12
DA:105,12
DA:107,12
DA:108,22
DA:115,12
DA:116,12
DA:118,12
DA:125,12
DA:126,17
DA:127,17
DA:128,25
DA:129,24
DA:130,24
DA:131,8
DA:135,17
DA:136,17
DA:139,12
DA:143,9
DA:144,9
DA:145,5
DA:146,3
DA:147,3
DA:150,3
DA:153,12
DA:154,3
DA:155,3
DA:156,2
DA:160,12
DA:161,1
DA:162,2
DA:163,2
DA:164,1
DA:165,1
DA:169,1
DA:170,1
DA:171,1
DA:175,12
DA:176,1
DA:177,2
DA:178,2
DA:179,2
DA:180,1
DA:184,1
DA:185,1
DA:186,1
DA:190,12
DA:191,0
DA:194,12
LF:55
LH:54
BRDA:110,0,0,15
BRDA:110,0,1,7
BRDA:111,1,0,7
BRDA:111,1,1,15
BRDA:130,2,0,8
BRDA:130,2,1,16
BRDA:130,3,0,24
BRDA:130,3,1,8
BRDA:144,4,0,4
BRDA:144,4,1,5
BRDA:145,5,0,3
BRDA:145,5,1,2
BRDA:147,6,0,2
BRDA:147,6,1,1
BRDA:155,7,0,2
BRDA:155,7,1,1
BRDA:163,8,0,1
BRDA:163,8,1,1
BRDA:163,9,0,2
BRDA:163,9,1,2
BRDA:179,10,0,1
BRDA:179,10,1,1
BRDA:179,11,0,2
BRDA:179,11,1,2
BRDA:19,12,0,3
BRDA:19,12,1,3
BRDA:26,13,0,3
BRDA:26,13,1,3
BRDA:40,14,0,30
BRDA:40,14,1,0
BRF:30
BRH:29
end_of_record
TN:
SF:src/components/UnidadeTreeItem.vue
FN:12,(anonymous_0)
FNF:1
FNH:1
FNDA:1,(anonymous_0)
DA:4,1
DA:12,1
DA:25,1
LF:3
LH:3
BRDA:12,0,0,5
BRDA:12,0,1,5
BRDA:22,1,0,5
BRDA:22,1,1,5
BRF:4
BRH:4
end_of_record
TN:
SF:src/components/UnidadeTreeNode.vue
FN:12,(anonymous_0)
FN:29,(anonymous_1)
FN:31,(anonymous_2)
FNF:3
FNH:3
FNDA:1,(anonymous_0)
FNDA:1,(anonymous_1)
FNDA:238,(anonymous_2)
DA:3,7
DA:12,1
DA:29,1
DA:37,238
DA:46,1
DA:77,119
DA:82,119
LF:7
LH:7
BRDA:6,0,0,64
BRDA:6,0,1,99
BRDA:6,1,0,163
BRDA:6,1,1,163
BRDA:11,2,0,1
BRDA:11,2,1,63
BRDA:12,3,0,64
BRDA:12,3,1,45
BRDA:15,4,0,1
BRDA:15,4,1,63
BRDA:29,5,0,163
BRDA:29,5,1,119
BRDA:43,6,0,163
BRDA:43,6,1,163
BRDA:43,6,2,64
BRF:15
BRH:15
end_of_record
TN:
SF:src/composables/useApi.ts
FN:5,useApi
FN:11,(anonymous_1)
FN:28,(anonymous_2)
FNF:3
FNH:3
FNDA:4,useApi
FNDA:4,(anonymous_1)
FNDA:1,(anonymous_2)
DA:6,4
DA:7,4
DA:8,4
DA:9,4
DA:11,4
DA:12,4
DA:13,4
DA:14,4
DA:15,4
DA:17,4
DA:18,4
DA:20,2
DA:21,2
DA:22,2
DA:24,4
DA:28,4
DA:29,1
DA:30,1
DA:33,4
LF:19
LH:19
BRF:0
BRH:0
end_of_record
TN:
SF:src/composables/usePerfil.ts
FN:8,flattenUnidades
FN:10,(anonymous_1)
FN:17,usePerfil
FN:22,(anonymous_3)
FN:24,(anonymous_4)
FN:34,(anonymous_5)
FN:36,(anonymous_6)
FN:41,(anonymous_7)
FNF:8
FNH:8
FNDA:1,flattenUnidades
FNDA:1,(anonymous_1)
FNDA:13,usePerfil
FNDA:1,(anonymous_3)
FNDA:1,(anonymous_4)
FNDA:12,(anonymous_5)
FNDA:1,(anonymous_6)
FNDA:1,(anonymous_7)
DA:9,1
DA:10,1
DA:11,1
DA:12,1
DA:14,1
DA:18,13
DA:19,13
DA:20,13
DA:22,13
DA:24,13
DA:25,1
DA:26,1
DA:27,1
DA:34,13
DA:36,13
DA:37,1
DA:38,0
DA:40,1
DA:41,1
DA:43,1
DA:46,13
LF:21
LH:20
BRDA:12,0,0,0
BRDA:12,0,1,1
BRDA:12,1,0,1
BRDA:12,1,1,0
BRDA:26,2,0,0
BRDA:26,2,1,1
BRDA:37,3,0,0
BRDA:37,3,1,1
BRDA:43,4,0,1
BRDA:43,4,1,0
BRF:10
BRH:5
end_of_record
TN:
SF:src/mappers/alertas.ts
FN:3,mapAlertaDtoToFrontend
FNF:1
FNH:1
FNDA:1,mapAlertaDtoToFrontend
DA:4,1
LF:1
LH:1
BRF:0
BRH:0
end_of_record
TN:
SF:src/mappers/atividades.ts
FN:3,mapAtividadeVisualizacaoToModel
FN:8,(anonymous_1)
FN:12,mapConhecimentoVisualizacaoToModel
FN:20,mapAtividadeDtoToModel
FN:26,(anonymous_4)
FN:31,mapConhecimentoDtoToModel
FN:39,mapCriarAtividadeRequestToDto
FN:49,mapCriarConhecimentoRequestToDto
FNF:8
FNH:8
FNDA:3,mapAtividadeVisualizacaoToModel
FNDA:1,(anonymous_1)
FNDA:3,mapConhecimentoVisualizacaoToModel
FNDA:4,mapAtividadeDtoToModel
FNDA:2,(anonymous_4)
FNDA:6,mapConhecimentoDtoToModel
FNDA:2,mapCriarAtividadeRequestToDto
FNDA:2,mapCriarConhecimentoRequestToDto
DA:4,3
DA:5,2
DA:8,1
DA:13,3
DA:14,2
DA:21,4
DA:22,3
DA:26,2
DA:32,6
DA:33,5
DA:43,2
DA:53,2
LF:12
LH:12
BRDA:4,0,0,1
BRDA:4,0,1,2
BRDA:8,1,0,2
BRDA:8,1,1,1
BRDA:13,2,0,1
BRDA:13,2,1,2
BRDA:21,3,0,1
BRDA:21,3,1,3
BRDA:25,4,0,2
BRDA:25,4,1,1
BRDA:32,5,0,1
BRDA:32,5,1,5
BRDA:34,6,0,5
BRDA:34,6,1,1
BRF:14
BRH:14
end_of_record
TN:
SF:src/mappers/mapas.ts
FN:4,mapMapaDtoToModel
FN:18,mapMapaCompletoDtoToModel
FN:23,(anonymous_2)
FN:32,mapImpactoMapaDtoToModel
FN:40,(anonymous_4)
FN:45,(anonymous_5)
FN:50,(anonymous_6)
FN:55,(anonymous_7)
FN:65,mapMapaAjusteDtoToModel
FNF:9
FNH:7
FNDA:1,mapMapaDtoToModel
FNDA:0,mapMapaCompletoDtoToModel
FNDA:0,(anonymous_2)
FNDA:1,mapImpactoMapaDtoToModel
FNDA:1,(anonymous_4)
FNDA:1,(anonymous_5)
FNDA:1,(anonymous_6)
FNDA:1,(anonymous_7)
FNDA:1,mapMapaAjusteDtoToModel
DA:5,1
DA:19,0
DA:23,0
DA:33,1
DA:40,1
DA:45,1
DA:50,1
DA:55,1
DA:66,1
LF:9
LH:7
BRDA:13,0,0,1
BRDA:13,0,1,0
BRDA:23,1,0,0
BRDA:23,1,1,0
BRDA:26,2,0,0
BRDA:26,2,1,0
BRDA:28,3,0,0
BRDA:28,3,1,0
BRDA:39,4,0,1
BRDA:39,4,1,0
BRDA:44,5,0,1
BRDA:44,5,1,0
BRDA:49,6,0,1
BRDA:49,6,1,0
BRDA:54,7,0,1
BRDA:54,7,1,0
BRDA:58,8,0,1
BRDA:58,8,1,0
BRDA:69,9,0,1
BRDA:69,9,1,0
BRF:20
BRH:7
end_of_record
TN:
SF:src/mappers/processos.ts
FN:3,mapProcessoResumoDtoToFrontend
FN:9,mapProcessoDtoToFrontend
FN:15,mapUnidadeParticipanteDtoToFrontend
FN:27,mapProcessoDetalheDtoToFrontend
FNF:4
FNH:4
FNDA:2,mapProcessoResumoDtoToFrontend
FNDA:1,mapProcessoDtoToFrontend
FNDA:2,mapUnidadeParticipanteDtoToFrontend
FNDA:1,mapProcessoDetalheDtoToFrontend
DA:4,2
DA:10,1
DA:18,2
DA:28,1
LF:4
LH:4
BRDA:21,0,0,1
BRDA:21,0,1,1
BRDA:30,1,0,1
BRDA:30,1,1,0
BRDA:33,2,0,1
BRDA:33,2,1,0
BRF:6
BRH:4
end_of_record
TN:
SF:src/mappers/servidores.ts
FN:18,mapVWUsuarioToServidor
FN:38,mapVWUsuariosArray
FNF:2
FNH:2
FNDA:4,mapVWUsuarioToServidor
FNDA:1,mapVWUsuariosArray
DA:20,4
DA:26,4
DA:28,4
DA:39,1
LF:4
LH:4
BRDA:20,0,0,4
BRDA:20,0,1,4
BRDA:20,0,2,2
BRDA:20,0,3,0
BRDA:26,1,0,4
BRDA:26,1,1,0
BRDA:30,2,0,4
BRDA:30,2,1,0
BRDA:30,2,2,0
BRDA:30,2,3,0
BRDA:31,3,0,4
BRDA:31,3,1,3
BRDA:31,3,2,3
BRDA:31,3,3,3
BRDA:32,4,0,4
BRDA:32,4,1,3
BRDA:33,5,0,4
BRDA:33,5,1,3
BRDA:33,5,2,3
BRDA:34,6,0,4
BRDA:34,6,1,4
BRDA:34,6,2,2
BRDA:38,7,0,1
BRF:23
BRH:18
end_of_record
TN:
SF:src/mappers/sgrh.ts
FN:35,mapPerfilUnidadeToFrontend
FN:49,mapUsuarioToFrontend
FN:71,LoginResponseToFrontend
FN:80,perfisUnidadesParaDominio
FN:83,(anonymous_4)
FNF:5
FNH:5
FNDA:1,mapPerfilUnidadeToFrontend
FNDA:1,mapUsuarioToFrontend
FNDA:1,LoginResponseToFrontend
FNDA:1,perfisUnidadesParaDominio
FNDA:2,(anonymous_4)
DA:38,1
DA:50,1
DA:72,1
DA:83,2
LF:4
LH:4
BRF:0
BRH:0
end_of_record
TN:
SF:src/mappers/unidades.ts
FN:15,mapUnidadeSnapshot
FN:26,mapUnidade
FN:57,mapUnidadesArray
FNF:3
FNH:3
FNDA:2,mapUnidadeSnapshot
FNDA:8,mapUnidade
FNDA:2,mapUnidadesArray
DA:16,2
DA:27,8
DA:58,2
LF:3
LH:3
BRDA:17,0,0,2
BRDA:17,0,1,2
BRDA:17,0,2,2
BRDA:18,1,0,2
BRDA:18,1,1,2
BRDA:18,1,2,2
BRDA:19,2,0,2
BRDA:19,2,1,0
BRDA:19,2,2,0
BRDA:19,2,3,0
BRDA:20,3,0,2
BRDA:20,3,1,0
BRDA:20,4,0,2
BRDA:20,4,1,0
BRDA:21,5,0,2
BRDA:21,5,1,0
BRDA:28,6,0,8
BRDA:28,6,1,8
BRDA:28,6,2,0
BRDA:28,6,3,0
BRDA:29,7,0,8
BRDA:29,7,1,0
BRDA:29,7,2,0
BRDA:30,8,0,8
BRDA:30,8,1,2
BRDA:30,8,2,2
BRDA:31,9,0,8
BRDA:31,9,1,2
BRDA:31,9,2,2
BRDA:34,10,0,8
BRDA:34,10,1,3
BRDA:34,10,2,3
BRDA:34,10,3,3
BRDA:35,11,0,1
BRDA:35,11,1,7
BRDA:37,12,0,1
BRDA:37,12,1,1
BRDA:38,13,0,1
BRDA:38,13,1,1
BRDA:39,14,0,1
BRDA:39,14,1,1
BRDA:40,15,0,1
BRDA:40,15,1,1
BRDA:41,16,0,1
BRDA:41,16,1,1
BRDA:42,17,0,1
BRDA:42,17,1,1
BRDA:43,18,0,1
BRDA:43,18,1,1
BRDA:44,19,0,1
BRDA:44,19,1,1
BRDA:45,20,0,1
BRDA:45,20,1,0
BRDA:46,21,0,1
BRDA:46,21,1,0
BRDA:47,22,0,1
BRDA:47,22,1,0
BRDA:48,23,0,1
BRDA:48,23,1,1
BRDA:51,24,0,6
BRDA:51,24,1,2
BRDA:51,25,0,8
BRDA:51,25,1,2
BRDA:52,26,0,6
BRDA:52,26,1,0
BRDA:57,27,0,2
BRF:66
BRH:52
end_of_record
TN:
SF:src/router/diagnostico.routes.ts
FN:7,(anonymous_0)
FN:14,(anonymous_1)
FN:21,(anonymous_2)
FN:28,(anonymous_3)
FNF:4
FNH:4
FNDA:1,(anonymous_0)
FNDA:1,(anonymous_1)
FNDA:1,(anonymous_2)
FNDA:1,(anonymous_3)
DA:3,2
DA:7,1
DA:14,1
DA:21,1
DA:28,1
LF:5
LH:5
BRF:0
BRH:0
end_of_record
TN:
SF:src/router/index.ts
FN:23,(anonymous_0)
FN:36,(anonymous_1)
FNF:2
FNH:2
FNDA:5,(anonymous_0)
FNDA:4,(anonymous_1)
DA:9,1
DA:16,1
DA:23,1
DA:24,5
DA:25,5
DA:26,5
DA:27,5
DA:29,5
DA:30,1
DA:33,4
DA:36,1
DA:37,4
DA:38,4
DA:39,4
LF:14
LH:14
BRDA:17,0,0,1
BRDA:17,0,1,0
BRDA:29,1,0,1
BRDA:29,1,1,4
BRDA:29,2,0,5
BRDA:29,2,1,4
BRDA:37,3,0,4
BRDA:37,3,1,0
BRDA:38,4,0,1
BRDA:38,4,1,3
BRDA:38,5,0,3
BRDA:38,5,1,0
BRF:12
BRH:9
end_of_record
TN:
SF:src/router/main.routes.ts
FN:11,(anonymous_0)
FN:17,(anonymous_1)
FN:23,(anonymous_2)
FN:29,(anonymous_3)
FN:35,(anonymous_4)
FNF:5
FNH:5
FNDA:3,(anonymous_0)
FNDA:2,(anonymous_1)
FNDA:1,(anonymous_2)
FNDA:1,(anonymous_3)
FNDA:1,(anonymous_4)
DA:3,2
DA:11,3
DA:17,2
DA:23,1
DA:29,1
DA:35,1
LF:6
LH:6
BRF:0
BRH:0
end_of_record
TN:
SF:src/router/processo.routes.ts
FN:7,(anonymous_0)
FN:13,(anonymous_1)
FN:20,(anonymous_2)
FN:21,(anonymous_3)
FN:30,(anonymous_4)
FN:31,(anonymous_5)
FN:40,(anonymous_6)
FN:41,(anonymous_7)
FN:50,(anonymous_8)
FN:51,(anonymous_9)
FN:60,(anonymous_10)
FN:61,(anonymous_11)
FNF:12
FNH:6
FNDA:2,(anonymous_0)
FNDA:0,(anonymous_1)
FNDA:0,(anonymous_2)
FNDA:1,(anonymous_3)
FNDA:0,(anonymous_4)
FNDA:1,(anonymous_5)
FNDA:0,(anonymous_6)
FNDA:1,(anonymous_7)
FNDA:0,(anonymous_8)
FNDA:1,(anonymous_9)
FNDA:0,(anonymous_10)
FNDA:1,(anonymous_11)
DA:3,2
DA:7,2
DA:13,0
DA:20,0
DA:21,1
DA:30,0
DA:31,1
DA:40,0
DA:41,1
DA:50,0
DA:51,1
DA:60,0
DA:61,1
LF:13
LH:7
BRF:0
BRH:0
end_of_record
TN:
SF:src/router/unidade.routes.ts
FN:7,(anonymous_0)
FN:8,(anonymous_1)
FN:13,(anonymous_2)
FN:20,(anonymous_3)
FN:21,(anonymous_4)
FN:30,(anonymous_5)
FN:31,(anonymous_6)
FNF:7
FNH:7
FNDA:1,(anonymous_0)
FNDA:1,(anonymous_1)
FNDA:2,(anonymous_2)
FNDA:1,(anonymous_3)
FNDA:1,(anonymous_4)
FNDA:1,(anonymous_5)
FNDA:1,(anonymous_6)
DA:3,2
DA:7,1
DA:8,1
DA:14,2
DA:20,1
DA:21,1
DA:30,1
DA:31,1
LF:8
LH:8
BRDA:14,0,0,2
BRDA:14,0,1,1
BRF:2
BRH:2
end_of_record
TN:
SF:src/services/alertaService.ts
FN:3,marcarComoLido
FNF:1
FNH:1
FNDA:2,marcarComoLido
DA:4,2
LF:1
LH:1
BRF:0
BRH:0
end_of_record
TN:
SF:src/services/analiseService.ts
FN:4,(anonymous_0)
FN:13,(anonymous_1)
FNF:2
FNH:2
FNDA:2,(anonymous_0)
FNDA:2,(anonymous_1)
DA:4,2
DA:7,2
DA:10,1
DA:13,2
DA:16,2
DA:19,1
LF:6
LH:6
BRF:0
BRH:0
end_of_record
TN:
SF:src/services/atividadeService.ts
FN:10,listarAtividades
FN:15,obterAtividadePorCodigo
FN:20,criarAtividade
FN:29,atualizarAtividade
FN:45,excluirAtividade
FN:50,listarConhecimentos
FN:59,criarConhecimento
FN:71,atualizarConhecimento
FN:88,excluirConhecimento
FNF:9
FNH:9
FNDA:2,listarAtividades
FNDA:2,obterAtividadePorCodigo
FNDA:2,criarAtividade
FNDA:2,atualizarAtividade
FNDA:2,excluirAtividade
FNDA:2,listarConhecimentos
FNDA:2,criarConhecimento
FNDA:2,atualizarConhecimento
FNDA:2,excluirConhecimento
DA:11,2
DA:12,1
DA:16,2
DA:17,1
DA:24,2
DA:25,2
DA:26,1
DA:33,2
DA:38,2
DA:42,1
DA:46,2
DA:47,1
DA:53,2
DA:56,1
DA:63,2
DA:64,2
DA:68,1
DA:76,2
DA:81,2
DA:85,1
DA:92,2
DA:95,1
LF:22
LH:22
BRF:0
BRH:0
end_of_record
TN:
SF:src/services/atribuicaoTemporariaService.ts
FN:9,buscarTodasAtribuicoes
FN:14,criarAtribuicaoTemporaria
FNF:2
FNH:2
FNDA:1,buscarTodasAtribuicoes
FNDA:1,criarAtribuicaoTemporaria
DA:10,1
DA:11,1
DA:18,1
LF:3
LH:3
BRF:0
BRH:0
end_of_record
TN:
SF:src/services/cadastroService.ts
FN:3,disponibilizarCadastro
FN:7,disponibilizarRevisaoCadastro
FN:11,devolverCadastro
FN:18,aceitarCadastro
FN:25,homologarCadastro
FN:32,devolverRevisaoCadastro
FN:39,aceitarRevisaoCadastro
FN:46,homologarRevisaoCadastro
FNF:8
FNH:8
FNDA:1,disponibilizarCadastro
FNDA:1,disponibilizarRevisaoCadastro
FNDA:1,devolverCadastro
FNDA:1,aceitarCadastro
FNDA:1,homologarCadastro
FNDA:1,devolverRevisaoCadastro
FNDA:1,aceitarRevisaoCadastro
FNDA:1,homologarRevisaoCadastro
DA:4,1
DA:8,1
DA:15,1
DA:22,1
DA:29,1
DA:36,1
DA:43,1
DA:50,1
LF:8
LH:8
BRF:0
BRH:0
end_of_record
TN:
SF:src/services/diagnosticoService.ts
FN:49,(anonymous_0)
FN:54,(anonymous_1)
FN:68,(anonymous_2)
FN:80,(anonymous_3)
FN:90,(anonymous_4)
FN:103,(anonymous_5)
FN:112,(anonymous_6)
FNF:7
FNH:7
FNDA:1,(anonymous_0)
FNDA:1,(anonymous_1)
FNDA:2,(anonymous_2)
FNDA:1,(anonymous_3)
FNDA:1,(anonymous_4)
FNDA:1,(anonymous_5)
FNDA:1,(anonymous_6)
DA:48,2
DA:50,1
DA:51,1
DA:61,1
DA:65,1
DA:72,2
DA:73,2
DA:77,2
DA:84,1
DA:96,1
DA:100,1
DA:106,1
DA:109,1
DA:116,1
DA:120,1
LF:15
LH:15
BRDA:72,0,0,1
BRDA:72,0,1,1
BRF:2
BRH:2
end_of_record
TN:
SF:src/services/mapaService.ts
FN:7,obterMapaVisualizacao
FN:16,verificarImpactosMapa
FN:21,obterMapaCompleto
FN:26,salvarMapaCompleto
FN:37,obterMapaAjuste
FN:42,salvarMapaAjuste
FN:52,verificarMapaVigente
FN:55,(anonymous_7)
FN:64,disponibilizarMapa
FNF:9
FNH:8
FNDA:1,obterMapaVisualizacao
FNDA:1,verificarImpactosMapa
FNDA:1,obterMapaCompleto
FNDA:1,salvarMapaCompleto
FNDA:1,obterMapaAjuste
FNDA:1,salvarMapaAjuste
FNDA:3,verificarMapaVigente
FNDA:3,(anonymous_7)
FNDA:0,disponibilizarMapa
DA:10,1
DA:13,1
DA:17,1
DA:18,1
DA:22,1
DA:23,1
DA:30,1
DA:34,1
DA:38,1
DA:39,1
DA:46,1
DA:55,3
DA:56,3
DA:59,1
DA:61,2
DA:68,0
LF:16
LH:15
BRDA:61,0,0,2
BRDA:61,0,1,1
BRF:2
BRH:2
end_of_record
TN:
SF:src/services/painelService.ts
FN:17,listarProcessos
FN:45,listarAlertas
FNF:2
FNH:2
FNDA:3,listarProcessos
FNDA:2,listarAlertas
DA:25,3
DA:30,3
DA:31,1
DA:33,3
DA:34,0
DA:36,3
DA:39,2
DA:53,2
DA:57,2
DA:58,2
DA:60,2
DA:61,1
DA:63,2
DA:64,0
DA:66,2
DA:69,1
LF:16
LH:14
BRDA:20,0,0,3
BRDA:21,1,0,3
BRDA:30,2,0,1
BRDA:30,2,1,2
BRDA:30,3,0,3
BRDA:30,3,1,1
BRDA:33,4,0,0
BRDA:33,4,1,3
BRDA:48,5,0,2
BRDA:49,6,0,2
BRDA:57,7,0,2
BRDA:57,7,1,0
BRDA:57,8,0,2
BRDA:57,8,1,2
BRDA:60,9,0,1
BRDA:60,9,1,1
BRDA:60,10,0,2
BRDA:60,10,1,1
BRDA:63,11,0,0
BRDA:63,11,1,2
BRF:20
BRH:17
end_of_record
TN:
SF:src/services/processoService.ts
FN:11,criarProcesso
FN:18,buscarProcessosFinalizados
FN:25,iniciarProcesso
FN:36,finalizarProcesso
FN:40,obterProcessoPorCodigo
FN:45,atualizarProcesso
FN:56,excluirProcesso
FN:60,obterDetalhesProcesso
FN:65,processarAcaoEmBloco
FN:77,buscarSubprocessosElegiveis
FN:86,alterarDataLimiteSubprocesso
FN:93,apresentarSugestoes
FN:100,validarMapa
FN:104,homologarValidacao
FN:108,aceitarValidacao
FN:112,buscarSubprocessos
FNF:16
FNH:14
FNDA:1,criarProcesso
FNDA:1,buscarProcessosFinalizados
FNDA:1,iniciarProcesso
FNDA:1,finalizarProcesso
FNDA:1,obterProcessoPorCodigo
FNDA:1,atualizarProcesso
FNDA:1,excluirProcesso
FNDA:1,obterDetalhesProcesso
FNDA:1,processarAcaoEmBloco
FNDA:1,buscarSubprocessosElegiveis
FNDA:1,alterarDataLimiteSubprocesso
FNDA:1,apresentarSugestoes
FNDA:1,validarMapa
FNDA:0,homologarValidacao
FNDA:0,aceitarValidacao
FNDA:1,buscarSubprocessos
DA:14,1
DA:15,0
DA:19,1
DA:22,1
DA:30,1
DA:37,1
DA:41,1
DA:42,1
DA:49,1
DA:53,1
DA:57,1
DA:61,1
DA:62,1
DA:71,1
DA:80,1
DA:83,1
DA:90,1
DA:97,1
DA:101,1
DA:105,0
DA:109,0
DA:115,1
DA:116,1
LF:23
LH:20
BRDA:109,0,0,0
BRDA:109,0,1,0
BRF:2
BRH:0
end_of_record
TN:
SF:src/services/subprocessoService.ts
FN:10,importarAtividades
FN:23,listarAtividades
FN:28,obterPermissoes
FN:33,validarCadastro
FN:38,obterStatus
FN:43,buscarSubprocessoDetalhe
FN:54,buscarSubprocessoPorProcessoEUnidade
FN:64,adicionarCompetencia
FN:79,atualizarCompetencia
FN:94,removerCompetencia
FNF:10
FNH:10
FNDA:2,importarAtividades
FNDA:1,listarAtividades
FNDA:1,obterPermissoes
FNDA:1,validarCadastro
FNDA:1,obterStatus
FNDA:1,buscarSubprocessoDetalhe
FNDA:1,buscarSubprocessoPorProcessoEUnidade
FNDA:1,adicionarCompetencia
FNDA:1,atualizarCompetencia
FNDA:1,removerCompetencia
DA:14,2
DA:17,2
DA:24,1
DA:25,1
DA:29,1
DA:30,1
DA:34,1
DA:35,1
DA:39,1
DA:40,1
DA:48,1
DA:51,1
DA:58,1
DA:61,1
DA:68,1
DA:72,1
DA:76,1
DA:83,1
DA:87,1
DA:91,1
DA:98,1
DA:101,1
LF:22
LH:22
BRF:0
BRH:0
end_of_record
TN:
SF:src/services/unidadesService.ts
FN:3,buscarTodasUnidades
FN:8,buscarUnidadePorSigla
FN:13,buscarUnidadePorCodigo
FN:18,buscarArvoreComElegibilidade
FN:30,buscarArvoreUnidade
FN:35,buscarSubordinadas
FN:40,buscarSuperior
FNF:7
FNH:7
FNDA:1,buscarTodasUnidades
FNDA:1,buscarUnidadePorSigla
FNDA:1,buscarUnidadePorCodigo
FNDA:2,buscarArvoreComElegibilidade
FNDA:1,buscarArvoreUnidade
FNDA:1,buscarSubordinadas
FNDA:2,buscarSuperior
DA:4,1
DA:5,1
DA:9,1
DA:10,1
DA:14,1
DA:15,1
DA:22,2
DA:23,2
DA:24,1
DA:26,2
DA:27,2
DA:31,1
DA:32,1
DA:36,1
DA:37,1
DA:41,2
DA:42,2
LF:17
LH:17
BRDA:23,0,0,1
BRDA:23,0,1,1
BRDA:42,1,0,2
BRDA:42,1,1,1
BRF:4
BRH:4
end_of_record
TN:
SF:src/services/usuarioService.ts
FN:11,autenticar
FN:21,autorizar
FN:36,entrar
FN:44,buscarTodosUsuarios
FN:49,buscarUsuariosPorUnidade
FNF:5
FNH:5
FNDA:2,autenticar
FNDA:1,autorizar
FNDA:1,entrar
FNDA:1,buscarTodosUsuarios
FNDA:1,buscarUsuariosPorUnidade
DA:14,2
DA:18,1
DA:24,1
DA:33,1
DA:37,1
DA:41,1
DA:45,1
DA:46,1
DA:52,1
DA:53,1
LF:10
LH:10
BRF:0
BRH:0
end_of_record
TN:
SF:src/stores/alertas.ts
FN:10,(anonymous_0)
FN:15,clearError
FN:19,buscarAlertas
FN:45,marcarAlertaComoLido
FNF:4
FNH:3
FNDA:13,(anonymous_0)
FNDA:0,clearError
FNDA:2,buscarAlertas
FNDA:3,marcarAlertaComoLido
DA:10,4
DA:11,13
DA:12,13
DA:13,13
DA:16,0
DA:27,2
DA:28,2
DA:29,2
DA:37,2
DA:38,2
DA:40,0
DA:41,0
DA:46,3
DA:47,3
DA:48,3
DA:49,2
DA:50,2
DA:51,1
DA:60,2
DA:62,1
DA:63,1
DA:67,13
LF:22
LH:19
BRDA:50,0,0,1
BRDA:50,0,1,1
BRDA:50,1,0,2
BRDA:50,1,1,1
BRF:4
BRH:4
end_of_record
TN:
SF:src/stores/analises.ts
FN:10,(anonymous_0)
FN:15,clearError
FN:19,(anonymous_2)
FN:19,(anonymous_3)
FN:23,buscarAnalisesCadastro
FN:31,(anonymous_5)
FN:41,buscarAnalisesValidacao
FN:50,(anonymous_7)
FNF:8
FNH:6
FNDA:43,(anonymous_0)
FNDA:0,clearError
FNDA:24,(anonymous_2)
FNDA:38,(anonymous_3)
FNDA:15,buscarAnalisesCadastro
FNDA:0,(anonymous_5)
FNDA:3,buscarAnalisesValidacao
FNDA:1,(anonymous_7)
DA:10,4
DA:11,43
DA:12,43
DA:13,43
DA:16,0
DA:19,43
DA:20,38
DA:24,15
DA:26,15
DA:27,15
DA:28,15
DA:29,15
DA:30,14
DA:31,15
DA:32,15
DA:34,1
DA:35,1
DA:37,15
DA:42,3
DA:44,3
DA:45,3
DA:46,3
DA:48,3
DA:49,2
DA:50,3
DA:51,3
DA:53,1
DA:54,1
DA:56,3
DA:60,43
LF:30
LH:29
BRDA:20,0,0,38
BRDA:20,0,1,19
BRDA:24,1,0,0
BRDA:24,1,1,15
BRDA:30,2,0,14
BRDA:30,2,1,14
BRDA:42,3,0,0
BRDA:42,3,1,3
BRDA:49,4,0,2
BRDA:49,4,1,1
BRF:10
BRH:8
end_of_record
TN:
SF:src/stores/atividades.ts
FN:8,(anonymous_0)
FN:12,clearError
FN:17,(anonymous_2)
FN:18,(anonymous_3)
FN:23,buscarAtividadesParaSubprocesso
FN:35,adicionarAtividade
FN:51,removerAtividade
FN:63,adicionarConhecimento
FN:79,removerConhecimento
FN:95,importarAtividades
FN:109,atualizarAtividade
FN:125,atualizarConhecimento
FNF:12
FNH:11
FNDA:53,(anonymous_0)
FNDA:0,clearError
FNDA:35,(anonymous_2)
FNDA:48,(anonymous_3)
FNDA:38,buscarAtividadesParaSubprocesso
FNDA:3,adicionarAtividade
FNDA:3,removerAtividade
FNDA:3,adicionarConhecimento
FNDA:3,removerConhecimento
FNDA:2,importarAtividades
FNDA:3,atualizarAtividade
FNDA:3,atualizarConhecimento
DA:8,6
DA:9,53
DA:10,53
DA:13,0
DA:16,53
DA:18,35
DA:19,48
DA:24,38
DA:25,38
DA:26,38
DA:27,37
DA:29,1
DA:30,1
DA:31,1
DA:40,3
DA:41,3
DA:42,3
DA:43,2
DA:44,2
DA:46,1
DA:47,1
DA:52,3
DA:53,3
DA:54,3
DA:55,2
DA:56,2
DA:58,1
DA:59,1
DA:68,3
DA:69,3
DA:70,3
DA:71,2
DA:72,2
DA:74,1
DA:75,1
DA:84,3
DA:85,3
DA:86,3
DA:87,2
DA:88,2
DA:90,1
DA:91,1
DA:99,2
DA:100,2
DA:101,2
DA:102,1
DA:104,1
DA:105,1
DA:114,3
DA:115,3
DA:116,3
DA:117,2
DA:118,2
DA:120,1
DA:121,1
DA:131,3
DA:132,3
DA:133,3
DA:134,2
DA:135,2
DA:137,1
DA:138,1
DA:142,53
LF:63
LH:62
BRDA:19,0,0,48
BRDA:19,0,1,24
BRF:2
BRH:2
end_of_record
TN:
SF:src/stores/atribuicoes.ts
FN:9,(anonymous_0)
FN:15,clearError
FN:21,(anonymous_2)
FN:22,(anonymous_3)
FN:24,(anonymous_4)
FN:30,(anonymous_5)
FN:31,(anonymous_6)
FN:33,(anonymous_7)
FN:38,buscarAtribuicoes
FN:44,(anonymous_9)
FNF:10
FNH:9
FNDA:15,(anonymous_0)
FNDA:0,clearError
FNDA:2,(anonymous_2)
FNDA:2,(anonymous_3)
FNDA:6,(anonymous_4)
FNDA:2,(anonymous_5)
FNDA:2,(anonymous_6)
FNDA:6,(anonymous_7)
FNDA:2,buscarAtribuicoes
FNDA:3,(anonymous_9)
DA:7,3
DA:10,15
DA:11,15
DA:12,15
DA:13,15
DA:16,0
DA:17,0
DA:20,15
DA:22,2
DA:23,2
DA:24,6
DA:29,15
DA:31,2
DA:32,2
DA:33,6
DA:39,2
DA:40,2
DA:41,2
DA:42,2
DA:43,2
DA:44,3
DA:53,1
DA:54,1
DA:55,1
DA:57,2
DA:61,15
LF:26
LH:24
BRF:0
BRH:0
end_of_record
TN:
SF:src/stores/configuracoes.ts
FN:4,(anonymous_0)
FN:8,carregarConfiguracoes
FN:21,salvarConfiguracoes
FN:35,definirDiasInativacaoProcesso
FN:39,definirDiasAlertaNovo
FNF:5
FNH:5
FNDA:12,(anonymous_0)
FNDA:2,carregarConfiguracoes
FNDA:2,salvarConfiguracoes
FNDA:4,definirDiasInativacaoProcesso
FNDA:4,definirDiasAlertaNovo
DA:4,3
DA:5,12
DA:6,12
DA:9,2
DA:10,2
DA:11,2
DA:12,1
DA:13,1
DA:14,1
DA:17,1
DA:22,2
DA:23,2
DA:27,2
DA:28,2
DA:30,1
DA:31,1
DA:36,4
DA:40,4
DA:43,12
LF:19
LH:19
BRDA:11,0,0,1
BRDA:11,0,1,1
BRDA:13,1,0,1
BRDA:13,1,1,0
BRDA:14,2,0,1
BRDA:14,2,1,0
BRDA:36,3,0,2
BRDA:36,3,1,2
BRDA:40,4,0,2
BRDA:40,4,1,2
BRF:10
BRH:8
end_of_record
TN:
SF:src/stores/feedback.ts
FN:12,(anonymous_0)
FN:22,show
FN:34,(anonymous_2)
FN:40,close
FNF:4
FNH:4
FNDA:186,(anonymous_0)
FNDA:29,show
FNDA:2,(anonymous_2)
FNDA:3,close
DA:12,50
DA:13,186
DA:23,29
DA:31,29
DA:33,29
DA:34,28
DA:35,2
DA:41,3
DA:42,3
DA:45,186
LF:10
LH:10
BRDA:22,0,0,29
BRDA:22,1,0,29
BRDA:31,2,0,1
BRDA:31,2,1,28
BRDA:33,3,0,28
BRDA:33,3,1,1
BRDA:42,4,0,3
BRDA:42,4,1,0
BRF:8
BRH:7
end_of_record
TN:
SF:src/stores/mapas.ts
FN:19,(anonymous_0)
FN:27,clearError
FN:31,buscarMapaVisualizacao
FN:43,buscarMapaCompleto
FN:54,salvarMapa
FN:67,adicionarCompetencia
FN:78,(anonymous_6)
FN:87,atualizarCompetencia
FN:110,removerCompetencia
FN:129,buscarMapaAjuste
FN:140,salvarAjustes
FN:150,buscarImpactoMapa
FN:162,disponibilizarMapa
FNF:13
FNH:13
FNDA:99,(anonymous_0)
FNDA:3,clearError
FNDA:2,buscarMapaVisualizacao
FNDA:15,buscarMapaCompleto
FNDA:2,salvarMapa
FNDA:3,adicionarCompetencia
FNDA:2,(anonymous_6)
FNDA:4,atualizarCompetencia
FNDA:3,removerCompetencia
FNDA:2,buscarMapaAjuste
FNDA:2,salvarAjustes
FNDA:2,buscarImpactoMapa
FNDA:3,disponibilizarMapa
DA:19,13
DA:20,99
DA:21,99
DA:22,99
DA:23,99
DA:24,99
DA:25,99
DA:28,3
DA:32,2
DA:33,2
DA:34,2
DA:37,1
DA:38,1
DA:39,1
DA:44,15
DA:45,15
DA:46,15
DA:48,1
DA:49,1
DA:50,1
DA:55,2
DA:56,2
DA:57,2
DA:62,1
DA:63,1
DA:71,3
DA:72,3
DA:73,3
DA:78,2
DA:79,0
DA:82,1
DA:83,1
DA:91,4
DA:92,4
DA:94,0
DA:95,0
DA:96,0
DA:99,4
DA:100,4
DA:105,1
DA:106,1
DA:111,3
DA:112,3
DA:113,0
DA:114,0
DA:115,0
DA:118,3
DA:119,3
DA:124,1
DA:125,1
DA:130,2
DA:131,2
DA:132,2
DA:134,1
DA:135,1
DA:136,1
DA:141,2
DA:142,2
DA:143,2
DA:145,1
DA:146,1
DA:151,2
DA:152,2
DA:153,2
DA:156,1
DA:157,1
DA:158,1
DA:166,3
DA:167,3
DA:168,3
DA:169,2
DA:175,1
DA:176,1
DA:180,99
LF:74
LH:67
BRDA:78,0,0,0
BRDA:78,0,1,2
BRDA:78,1,0,2
BRDA:78,1,1,2
BRDA:78,2,0,2
BRDA:78,2,1,2
BRDA:92,3,0,0
BRDA:92,3,1,4
BRDA:92,4,0,4
BRDA:92,4,1,4
BRDA:112,5,0,0
BRDA:112,5,1,3
BRDA:112,6,0,3
BRDA:112,6,1,3
BRF:14
BRH:11
end_of_record
TN:
SF:src/stores/perfil.ts
FN:8,(anonymous_0)
FN:31,(anonymous_1)
FN:32,(anonymous_2)
FN:34,clearError
FN:38,definirServidorId
FN:43,definirPerfilUnidade
FN:52,definirToken
FN:56,definirPerfis
FN:61,loginCompleto
FN:76,(anonymous_9)
FN:107,selecionarPerfilUnidade
FN:131,logout
FNF:12
FNH:11
FNDA:104,(anonymous_0)
FNDA:8,(anonymous_1)
FNDA:0,(anonymous_2)
FNDA:1,clearError
FNDA:3,definirServidorId
FNDA:3,definirPerfilUnidade
FNDA:2,definirToken
FNDA:2,definirPerfis
FNDA:4,loginCompleto
FNDA:3,(anonymous_9)
FNDA:2,selecionarPerfilUnidade
FNDA:1,logout
DA:8,16
DA:9,104
DA:14,104
DA:17,104
DA:22,104
DA:25,104
DA:26,104
DA:29,104
DA:31,104
DA:32,104
DA:35,1
DA:39,3
DA:40,3
DA:44,3
DA:45,3
DA:46,3
DA:47,3
DA:48,3
DA:49,3
DA:53,2
DA:57,2
DA:58,2
DA:62,4
DA:63,4
DA:64,4
DA:65,4
DA:69,3
DA:71,2
DA:72,2
DA:74,2
DA:76,3
DA:79,2
DA:82,2
DA:83,1
DA:84,1
DA:89,1
DA:94,1
DA:95,1
DA:97,2
DA:99,1
DA:101,1
DA:103,1
DA:111,2
DA:112,2
DA:113,2
DA:118,1
DA:123,1
DA:124,1
DA:126,1
DA:127,1
DA:132,1
DA:133,1
DA:134,1
DA:135,1
DA:136,1
DA:137,1
DA:138,1
DA:139,1
DA:140,1
DA:141,1
DA:142,1
DA:143,1
DA:146,104
LF:63
LH:63
BRDA:10,0,0,13
BRDA:10,0,1,91
BRDA:15,1,0,104
BRDA:15,1,1,103
BRDA:18,2,0,1
BRDA:18,2,1,103
BRDA:23,3,0,104
BRDA:23,3,1,103
BRDA:27,4,0,104
BRDA:27,4,1,104
BRDA:69,5,0,2
BRDA:69,5,1,1
BRDA:82,6,0,1
BRDA:82,6,1,1
BRF:14
BRH:14
end_of_record
TN:
SF:src/stores/processos.ts
FN:16,(anonymous_0)
FN:25,(anonymous_1)
FN:26,(anonymous_2)
FN:34,clearError
FN:38,buscarProcessosPainel
FN:64,buscarProcessosFinalizados
FN:74,buscarProcessoDetalhe
FN:85,buscarSubprocessosElegiveis
FN:96,criarProcesso
FN:106,atualizarProcesso
FN:116,removerProcesso
FN:126,iniciarProcesso
FN:136,finalizarProcesso
FN:147,processarCadastroBloco
FN:164,alterarDataLimiteSubprocesso
FN:177,apresentarSugestoes
FN:190,validarMapa
FN:201,homologarValidacao
FN:212,aceitarValidacao
FN:223,atualizarStatusSubprocesso
FN:225,(anonymous_20)
FNF:21
FNH:19
FNDA:114,(anonymous_0)
FNDA:2,(anonymous_1)
FNDA:2,(anonymous_2)
FNDA:0,clearError
FNDA:3,buscarProcessosPainel
FNDA:1,buscarProcessosFinalizados
FNDA:37,buscarProcessoDetalhe
FNDA:14,buscarSubprocessosElegiveis
FNDA:2,criarProcesso
FNDA:2,atualizarProcesso
FNDA:2,removerProcesso
FNDA:2,iniciarProcesso
FNDA:3,finalizarProcesso
FNDA:3,processarCadastroBloco
FNDA:1,alterarDataLimiteSubprocesso
FNDA:1,apresentarSugestoes
FNDA:1,validarMapa
FNDA:1,homologarValidacao
FNDA:0,aceitarValidacao
FNDA:3,atualizarStatusSubprocesso
FNDA:3,(anonymous_20)
DA:16,16
DA:17,114
DA:18,114
DA:19,114
DA:20,114
DA:21,114
DA:22,114
DA:24,114
DA:26,2
DA:27,2
DA:28,1
DA:30,1
DA:35,0
DA:46,3
DA:47,3
DA:48,3
DA:56,2
DA:57,2
DA:59,1
DA:60,1
DA:65,1
DA:66,1
DA:67,1
DA:69,0
DA:70,0
DA:75,37
DA:76,37
DA:77,37
DA:79,1
DA:80,1
DA:81,1
DA:86,14
DA:87,14
DA:88,14
DA:91,0
DA:92,0
DA:97,2
DA:98,2
DA:99,2
DA:101,1
DA:102,1
DA:107,2
DA:108,2
DA:109,2
DA:111,1
DA:112,1
DA:117,2
DA:118,2
DA:119,2
DA:121,1
DA:122,1
DA:127,2
DA:128,2
DA:129,2
DA:131,1
DA:132,1
DA:137,3
DA:138,3
DA:139,3
DA:140,2
DA:142,1
DA:143,1
DA:153,3
DA:154,3
DA:155,3
DA:157,2
DA:159,1
DA:160,1
DA:165,1
DA:166,1
DA:167,1
DA:168,1
DA:169,1
DA:172,0
DA:173,0
DA:178,1
DA:179,1
DA:180,1
DA:181,1
DA:182,1
DA:185,0
DA:186,0
DA:191,1
DA:192,1
DA:193,1
DA:194,1
DA:196,0
DA:197,0
DA:202,1
DA:203,1
DA:204,1
DA:205,1
DA:207,0
DA:208,0
DA:213,0
DA:214,0
DA:215,0
DA:216,0
DA:218,0
DA:219,0
DA:224,3
DA:225,3
DA:226,3
DA:227,3
DA:228,3
DA:233,114
LF:106
LH:87
BRDA:27,0,0,1
BRDA:27,0,1,1
BRDA:27,1,0,2
BRDA:27,1,1,2
BRDA:168,2,0,1
BRDA:168,2,1,0
BRDA:181,3,0,1
BRDA:181,3,1,0
BRDA:194,4,0,1
BRDA:194,4,1,0
BRDA:205,5,0,1
BRDA:205,5,1,0
BRDA:216,6,0,0
BRDA:216,6,1,0
BRDA:224,7,0,3
BRDA:224,7,1,0
BRDA:226,8,0,3
BRDA:226,8,1,0
BRF:18
BRH:10
end_of_record
TN:
SF:src/stores/subprocessos.ts
FN:28,(anonymous_0)
FN:33,clearError
FN:37,_executarAcao
FN:62,alterarDataLimiteSubprocesso
FN:76,buscarSubprocessoDetalhe
FN:86,(anonymous_5)
FN:115,buscarSubprocessoPorProcessoEUnidade
FN:136,(anonymous_7)
FN:138,(anonymous_8)
FN:142,(anonymous_9)
FN:144,(anonymous_10)
FN:148,(anonymous_11)
FN:150,(anonymous_12)
FN:154,(anonymous_13)
FN:156,(anonymous_14)
FN:160,(anonymous_15)
FN:162,(anonymous_16)
FN:169,(anonymous_17)
FN:171,(anonymous_18)
FN:175,(anonymous_19)
FN:177,(anonymous_20)
FN:181,(anonymous_21)
FN:183,(anonymous_22)
FNF:23
FNH:22
FNDA:67,(anonymous_0)
FNDA:0,clearError
FNDA:11,_executarAcao
FNDA:1,alterarDataLimiteSubprocesso
FNDA:20,buscarSubprocessoDetalhe
FNDA:16,(anonymous_5)
FNDA:14,buscarSubprocessoPorProcessoEUnidade
FNDA:3,(anonymous_7)
FNDA:3,(anonymous_8)
FNDA:2,(anonymous_9)
FNDA:2,(anonymous_10)
FNDA:1,(anonymous_11)
FNDA:1,(anonymous_12)
FNDA:1,(anonymous_13)
FNDA:1,(anonymous_14)
FNDA:1,(anonymous_15)
FNDA:1,(anonymous_16)
FNDA:1,(anonymous_17)
FNDA:1,(anonymous_18)
FNDA:1,(anonymous_19)
FNDA:1,(anonymous_20)
FNDA:1,(anonymous_21)
FNDA:1,(anonymous_22)
DA:28,7
DA:29,67
DA:30,67
DA:31,67
DA:34,0
DA:38,11
DA:39,11
DA:40,11
DA:41,10
DA:43,10
DA:44,10
DA:45,3
DA:47,10
DA:49,1
DA:58,1
DA:66,1
DA:67,1
DA:68,1
DA:69,1
DA:71,0
DA:72,0
DA:77,20
DA:78,20
DA:79,20
DA:80,20
DA:81,20
DA:83,20
DA:84,17
DA:85,16
DA:86,16
DA:88,16
DA:94,20
DA:96,20
DA:97,3
DA:98,3
DA:99,3
DA:100,3
DA:103,17
DA:104,17
DA:110,1
DA:111,1
DA:119,14
DA:120,14
DA:121,14
DA:122,13
DA:124,2
DA:125,2
DA:129,67
DA:137,3
DA:138,3
DA:143,2
DA:144,2
DA:149,1
DA:150,1
DA:155,1
DA:156,1
DA:161,1
DA:162,1
DA:166,1
DA:167,1
DA:170,1
DA:171,1
DA:176,1
DA:177,1
DA:182,1
DA:183,1
DA:187,1
DA:188,1
LF:68
LH:65
BRDA:44,0,0,3
BRDA:44,0,1,7
BRDA:83,1,0,17
BRDA:83,1,1,3
BRDA:84,2,0,16
BRDA:84,2,1,1
BRDA:86,3,0,16
BRDA:86,3,1,16
BRDA:86,4,0,16
BRDA:86,4,1,0
BRDA:88,5,0,16
BRDA:88,5,1,0
BRDA:94,6,0,20
BRDA:94,6,1,20
BRDA:96,7,0,3
BRDA:96,7,1,17
BRDA:96,8,0,20
BRDA:96,8,1,17
BRDA:96,8,2,14
BRDA:166,9,0,1
BRDA:166,9,1,0
BRDA:187,10,0,1
BRDA:187,10,1,0
BRF:23
BRH:19
end_of_record
TN:
SF:src/stores/unidades.ts
FN:15,(anonymous_0)
FN:22,clearError
FN:27,buscarUnidadesParaProcesso
FN:49,buscarUnidade
FN:65,buscarUnidadePorCodigo
FN:81,buscarArvoreUnidade
FN:97,obterUnidadesSubordinadas
FN:111,obterUnidadeSuperior
FNF:8
FNH:7
FNDA:90,(anonymous_0)
FNDA:0,clearError
FNDA:2,buscarUnidadesParaProcesso
FNDA:26,buscarUnidade
FNDA:2,buscarUnidadePorCodigo
FNDA:2,buscarArvoreUnidade
FNDA:2,obterUnidadesSubordinadas
FNDA:2,obterUnidadeSuperior
DA:15,15
DA:16,90
DA:17,90
DA:18,90
DA:19,90
DA:20,90
DA:23,0
DA:24,0
DA:31,2
DA:32,2
DA:33,2
DA:34,2
DA:35,2
DA:39,1
DA:41,1
DA:42,1
DA:43,1
DA:45,2
DA:50,26
DA:51,26
DA:52,26
DA:53,26
DA:54,26
DA:55,25
DA:57,1
DA:58,1
DA:59,1
DA:61,26
DA:66,2
DA:67,2
DA:68,2
DA:69,2
DA:70,2
DA:71,1
DA:73,1
DA:74,1
DA:75,1
DA:77,2
DA:82,2
DA:83,2
DA:84,2
DA:85,2
DA:86,2
DA:87,1
DA:89,1
DA:90,1
DA:91,1
DA:93,2
DA:98,2
DA:99,2
DA:100,2
DA:101,2
DA:103,1
DA:104,1
DA:105,1
DA:107,2
DA:112,2
DA:113,2
DA:114,2
DA:115,2
DA:117,1
DA:118,1
DA:119,1
DA:121,2
DA:125,90
LF:65
LH:63
BRF:0
BRH:0
end_of_record
TN:
SF:src/stores/usuarios.ts
FN:7,(anonymous_0)
FN:13,clearError
FN:18,(anonymous_2)
FN:18,(anonymous_3)
FN:19,(anonymous_4)
FN:22,buscarUsuarios
FN:28,(anonymous_6)
FNF:7
FNH:6
FNDA:24,(anonymous_0)
FNDA:0,clearError
FNDA:2,(anonymous_2)
FNDA:2,(anonymous_3)
FNDA:3,(anonymous_4)
FNDA:2,buscarUsuarios
FNDA:2,(anonymous_6)
DA:7,6
DA:8,24
DA:9,24
DA:10,24
DA:11,24
DA:14,0
DA:15,0
DA:18,24
DA:19,3
DA:23,2
DA:24,2
DA:25,2
DA:26,2
DA:27,2
DA:28,2
DA:33,1
DA:34,1
DA:36,2
DA:40,24
LF:19
LH:17
BRF:0
BRH:0
end_of_record
TN:
SF:src/test-utils/helpers.ts
FN:8,getMockAtividadesData
FN:39,prepareFreshAtividadesStore
FN:47,(anonymous_2)
FN:49,(anonymous_3)
FN:53,(anonymous_4)
FN:55,(anonymous_5)
FN:65,initPinia
FNF:7
FNH:7
FNDA:2,getMockAtividadesData
FNDA:1,prepareFreshAtividadesStore
FNDA:3,(anonymous_2)
FNDA:3,(anonymous_3)
FNDA:3,(anonymous_4)
FNDA:3,(anonymous_5)
FNDA:83,initPinia
DA:9,2
DA:40,1
DA:42,1
DA:45,1
DA:46,1
DA:47,3
DA:49,3
DA:51,1
DA:53,3
DA:55,3
DA:58,1
DA:66,83
DA:67,83
DA:68,83
LF:14
LH:14
BRF:0
BRH:0
end_of_record
TN:
SF:src/test-utils/uiHelpers.ts
FN:6,selecionarProcessoEUnidade
FN:25,expectImportButtonDisabled
FN:30,expectImportButtonEnabled
FN:38,selectFirstCheckbox
FN:50,assertUnidadeOptions
FN:66,navigateAndAssertBreadcrumbs
FN:87,expectContainsAll
FNF:7
FNH:7
FNDA:1,selecionarProcessoEUnidade
FNDA:1,expectImportButtonDisabled
FNDA:1,expectImportButtonEnabled
FNDA:1,selectFirstCheckbox
FNDA:1,assertUnidadeOptions
FNDA:1,navigateAndAssertBreadcrumbs
FNDA:1,expectContainsAll
DA:11,1
DA:12,1
DA:13,1
DA:15,1
DA:16,1
DA:17,1
DA:19,1
DA:26,1
DA:27,1
DA:31,1
DA:32,1
DA:39,1
DA:40,1
DA:41,1
DA:42,1
DA:51,1
DA:52,1
DA:54,1
DA:56,1
DA:57,1
DA:58,1
DA:72,1
DA:73,1
DA:74,1
DA:77,1
DA:78,1
DA:79,1
DA:88,1
DA:89,2
LF:29
LH:29
BRDA:8,0,0,1
BRDA:9,1,0,1
BRDA:40,2,0,1
BRDA:40,2,1,0
BRF:4
BRH:3
end_of_record
TN:
SF:src/utils/apiError.ts
FN:50,normalizeError
FN:98,mapStatusToKind
FN:111,isAxiosError
FN:124,notifyError
FN:147,shouldNotifyGlobally
FN:155,existsOrFalse
FN:174,getOrNull
FNF:7
FNH:6
FNDA:57,normalizeError
FNDA:7,mapStatusToKind
FNDA:113,isAxiosError
FNDA:5,notifyError
FNDA:6,shouldNotifyGlobally
FNDA:0,existsOrFalse
FNDA:3,getOrNull
DA:52,57
DA:53,1
DA:61,56
DA:62,7
DA:64,7
DA:66,7
DA:79,49
DA:80,48
DA:88,1
DA:99,7
DA:100,6
DA:101,5
DA:102,5
DA:103,4
DA:104,4
DA:105,2
DA:112,113
DA:125,5
DA:128,5
DA:138,5
DA:139,5
DA:148,6
DA:158,0
DA:159,0
DA:160,0
DA:162,0
DA:163,0
DA:164,0
DA:166,0
DA:177,3
DA:178,3
DA:180,2
DA:181,2
DA:182,1
DA:184,1
LF:35
LH:28
BRDA:52,0,0,1
BRDA:52,0,1,56
BRDA:52,1,0,57
BRDA:52,1,1,8
BRDA:61,2,0,7
BRDA:61,2,1,49
BRDA:61,3,0,56
BRDA:61,3,1,7
BRDA:64,4,0,7
BRDA:64,4,1,1
BRDA:68,5,0,7
BRDA:68,5,1,4
BRDA:79,6,0,48
BRDA:79,6,1,1
BRDA:82,7,0,48
BRDA:82,7,1,0
BRDA:99,8,0,1
BRDA:99,8,1,6
BRDA:99,9,0,7
BRDA:99,9,1,6
BRDA:100,10,0,1
BRDA:100,10,1,5
BRDA:101,11,0,0
BRDA:101,11,1,5
BRDA:102,12,0,1
BRDA:102,12,1,4
BRDA:103,13,0,0
BRDA:103,13,1,4
BRDA:104,14,0,2
BRDA:104,14,1,2
BRDA:113,15,0,113
BRDA:113,15,1,113
BRDA:113,15,2,113
BRDA:113,15,3,15
BRDA:163,16,0,0
BRDA:163,16,1,0
BRDA:181,17,0,1
BRDA:181,17,1,1
BRF:38
BRH:33
end_of_record
TN:
SF:src/utils/index.ts
FN:9,badgeClass
FN:17,situacaoLabel
FN:62,(anonymous_2)
FN:78,parseDate
FN:155,formatDateBR
FN:176,formatDateForInput
FN:188,formatDateTimeBR
FN:206,isDateValidAndFuture
FN:223,diffInDays
FN:228,ensureValidDate
FNF:10
FNH:10
FNDA:117,badgeClass
FNDA:151,situacaoLabel
FNDA:5,(anonymous_2)
FNDA:27,parseDate
FNDA:51,formatDateBR
FNDA:15,formatDateForInput
FNDA:17,formatDateTimeBR
FNDA:8,isDateValidAndFuture
FNDA:3,diffInDays
FNDA:8,ensureValidDate
DA:10,117
DA:18,151
DA:20,99
DA:53,99
DA:55,20
DA:62,13
DA:63,5
DA:65,1
DA:67,1
DA:69,1
DA:71,1
DA:73,1
DA:81,27
DA:82,6
DA:85,21
DA:86,1
DA:90,20
DA:91,1
DA:92,1
DA:96,19
DA:97,19
DA:98,19
DA:103,19
DA:104,19
DA:106,10
DA:107,9
DA:108,9
DA:109,9
DA:110,9
DA:111,9
DA:112,9
DA:114,1
DA:115,1
DA:120,9
DA:121,9
DA:122,0
DA:123,0
DA:124,0
DA:128,9
DA:129,9
DA:130,9
DA:131,5
DA:132,5
DA:133,5
DA:134,5
DA:135,3
DA:137,3
DA:143,2
DA:149,7
DA:152,0
DA:163,51
DA:165,49
DA:168,51
DA:169,46
DA:170,46
DA:172,0
DA:177,15
DA:178,12
DA:179,12
DA:180,12
DA:181,12
DA:182,12
DA:184,0
DA:191,17
DA:193,15
DA:196,17
DA:197,15
DA:207,8
DA:208,6
DA:209,6
DA:210,6
DA:212,6
DA:215,8
DA:216,6
DA:217,6
DA:219,0
DA:224,3
DA:225,3
DA:229,8
DA:230,6
DA:231,4
DA:233,2
LF:82
LH:75
BRDA:11,0,0,117
BRDA:11,0,1,109
BRDA:18,1,0,52
BRDA:18,1,1,99
BRDA:53,2,0,79
BRDA:53,2,1,20
BRDA:55,3,0,20
BRDA:55,3,1,20
BRDA:63,4,0,1
BRDA:63,4,1,1
BRDA:63,4,2,1
BRDA:63,4,3,1
BRDA:63,4,4,1
BRDA:81,5,0,6
BRDA:81,5,1,21
BRDA:81,6,0,27
BRDA:81,6,1,25
BRDA:81,6,2,23
BRDA:85,7,0,1
BRDA:85,7,1,20
BRDA:86,8,0,0
BRDA:86,8,1,1
BRDA:90,9,0,1
BRDA:90,9,1,19
BRDA:92,10,0,0
BRDA:92,10,1,1
BRDA:96,11,0,19
BRDA:96,11,1,0
BRDA:98,12,0,0
BRDA:98,12,1,19
BRDA:104,13,0,10
BRDA:104,13,1,9
BRDA:106,14,0,9
BRDA:106,14,1,1
BRDA:112,15,0,9
BRDA:112,15,1,0
BRDA:115,16,0,1
BRDA:115,16,1,0
BRDA:121,17,0,0
BRDA:121,17,1,9
BRDA:124,18,0,0
BRDA:124,18,1,0
BRDA:130,19,0,5
BRDA:130,19,1,4
BRDA:134,20,0,3
BRDA:134,20,1,2
BRDA:134,21,0,5
BRDA:134,21,1,5
BRDA:134,21,2,5
BRDA:134,21,3,4
BRDA:134,21,4,3
BRDA:137,22,0,2
BRDA:137,22,1,1
BRDA:138,23,0,3
BRDA:138,23,1,3
BRDA:138,23,2,3
BRDA:138,23,3,2
BRDA:157,24,0,51
BRDA:163,25,0,2
BRDA:163,25,1,49
BRDA:165,26,0,2
BRDA:165,26,1,47
BRDA:165,27,0,49
BRDA:165,27,1,47
BRDA:168,28,0,3
BRDA:168,28,1,48
BRDA:168,29,0,51
BRDA:168,29,1,47
BRDA:177,30,0,3
BRDA:177,30,1,12
BRDA:177,31,0,15
BRDA:177,31,1,13
BRDA:191,32,0,2
BRDA:191,32,1,15
BRDA:193,33,0,0
BRDA:193,33,1,15
BRDA:193,34,0,15
BRDA:193,34,1,15
BRDA:196,35,0,0
BRDA:196,35,1,17
BRDA:196,36,0,17
BRDA:196,36,1,15
BRDA:207,37,0,2
BRDA:207,37,1,6
BRDA:212,38,0,0
BRDA:212,38,1,6
BRDA:212,39,0,6
BRDA:212,39,1,6
BRDA:215,40,0,0
BRDA:215,40,1,8
BRDA:229,41,0,2
BRDA:229,41,1,6
BRDA:230,42,0,4
BRDA:230,42,1,2
BRDA:230,43,0,6
BRDA:230,43,1,6
BRF:96
BRH:83
end_of_record
TN:
SF:src/utils/logger.ts
FNF:0
FNH:0
DA:3,1
LF:1
LH:1
BRF:0
BRH:0
end_of_record
TN:
SF:src/views/AutoavaliacaoDiagnostico.vue
FN:113,(anonymous_0)
FN:114,(anonymous_1)
FN:116,(anonymous_2)
FN:117,(anonymous_3)
FN:119,(anonymous_4)
FN:130,(anonymous_5)
FN:132,(anonymous_6)
FN:138,(anonymous_7)
FN:150,(anonymous_8)
FN:151,(anonymous_9)
FN:167,salvar
FN:186,concluirAutoavaliacao
FN:15,(anonymous_12)
FN:21,(anonymous_13)
FN:38,(anonymous_14)
FN:46,(anonymous_15)
FN:49,(anonymous_16)
FN:57,(anonymous_17)
FN:60,(anonymous_18)
FN:68,(anonymous_19)
FN:72,(anonymous_20)
FNF:21
FNH:15
FNDA:5,(anonymous_0)
FNDA:5,(anonymous_1)
FNDA:5,(anonymous_2)
FNDA:5,(anonymous_3)
FNDA:5,(anonymous_4)
FNDA:13,(anonymous_5)
FNDA:21,(anonymous_6)
FNDA:5,(anonymous_7)
FNDA:10,(anonymous_8)
FNDA:10,(anonymous_9)
FNDA:1,salvar
FNDA:1,concluirAutoavaliacao
FNDA:8,(anonymous_12)
FNDA:5,(anonymous_13)
FNDA:17,(anonymous_14)
FNDA:0,(anonymous_15)
FNDA:0,(anonymous_16)
FNDA:0,(anonymous_17)
FNDA:0,(anonymous_18)
FNDA:0,(anonymous_19)
FNDA:0,(anonymous_20)
DA:3,2
DA:6,2
DA:8,2
DA:15,8
DA:21,5
DA:38,17
DA:41,2
DA:42,2
DA:46,0
DA:49,0
DA:53,2
DA:57,0
DA:60,0
DA:64,2
DA:68,0
DA:72,0
DA:96,5
DA:106,5
DA:107,5
DA:108,5
DA:109,5
DA:110,5
DA:112,5
DA:113,5
DA:114,5
DA:116,5
DA:117,5
DA:119,5
DA:128,5
DA:130,5
DA:131,13
DA:132,13
DA:133,21
DA:134,21
DA:138,5
DA:139,5
DA:140,5
DA:141,5
DA:144,5
DA:147,5
DA:150,5
DA:151,10
DA:152,10
DA:160,0
DA:161,0
DA:163,5
DA:168,1
DA:170,1
DA:171,1
DA:172,1
DA:179,1
DA:181,0
DA:182,0
DA:187,1
DA:189,1
DA:190,1
DA:191,1
DA:192,1
DA:194,0
LF:59
LH:48
BRDA:113,0,0,5
BRDA:113,0,1,0
BRDA:117,1,0,5
BRDA:117,1,1,0
BRDA:119,2,0,5
BRDA:119,2,1,0
BRDA:131,3,0,0
BRDA:131,3,1,13
BRDA:134,4,0,21
BRDA:134,4,1,16
BRDA:134,4,2,11
BRDA:153,5,0,10
BRDA:153,5,1,5
BRDA:154,6,0,10
BRDA:154,6,1,5
BRDA:155,7,0,10
BRDA:155,7,1,5
BRDA:168,8,0,0
BRDA:168,8,1,1
BRDA:168,9,0,1
BRDA:168,9,1,1
BRDA:177,10,0,1
BRDA:177,10,1,1
BRDA:181,11,0,0
BRDA:181,11,1,0
BRDA:181,11,2,0
BRDA:187,12,0,0
BRDA:187,12,1,1
BRDA:194,13,0,0
BRDA:194,13,1,0
BRDA:7,14,0,13
BRDA:7,14,1,5
BRDA:15,15,0,8
BRDA:15,15,1,5
BRDA:21,16,0,5
BRDA:21,16,1,5
BRF:36
BRH:25
end_of_record
TN:
SF:src/views/CadAtividades.vue
FN:247,(anonymous_0)
FN:248,(anonymous_1)
FN:261,(anonymous_2)
FN:263,(anonymous_3)
FN:264,(anonymous_4)
FN:270,buscarUnidadeNaArvore
FN:283,(anonymous_6)
FN:292,(anonymous_7)
FN:302,(anonymous_8)
FN:306,(anonymous_9)
FN:310,(anonymous_10)
FN:312,(anonymous_11)
FN:317,adicionarAtividade
FN:334,removerAtividade
FN:352,adicionarConhecimento
FN:370,removerConhecimento
FN:385,salvarEdicaoConhecimento
FN:405,salvarEdicaoAtividade
FN:407,(anonymous_18)
FN:425,handleImportAtividades
FN:441,(anonymous_20)
FN:443,(anonymous_21)
FN:446,(anonymous_22)
FN:450,(anonymous_23)
FN:460,(anonymous_24)
FN:462,(anonymous_25)
FN:471,obterErroParaAtividade
FN:478,setAtividadeRef
FN:485,scrollParaPrimeiroErro
FN:498,(anonymous_29)
FN:512,(anonymous_30)
FN:517,formatarData
FN:521,abrirModalHistorico
FN:525,fecharModalHistorico
FN:529,formatarAcaoAnalise
FN:543,disponibilizarCadastro
FN:576,fecharModalConfirmacao
FN:580,confirmarDisponibilizacao
FN:596,abrirModalImpacto
FN:600,fecharModalImpacto
FN:8,(anonymous_40)
FN:10,(anonymous_41)
FN:35,(anonymous_42)
FN:42,(anonymous_43)
FN:50,(anonymous_44)
FN:51,(anonymous_45)
FN:60,(anonymous_46)
FN:73,(anonymous_47)
FN:89,(anonymous_48)
FN:99,(anonymous_49)
FN:105,(anonymous_50)
FN:106,(anonymous_51)
FN:107,(anonymous_52)
FN:108,(anonymous_53)
FN:109,(anonymous_54)
FN:116,(anonymous_55)
FN:128,(anonymous_56)
FN:135,(anonymous_57)
FN:145,(anonymous_58)
FN:152,(anonymous_59)
FN:159,(anonymous_60)
FN:203,(anonymous_61)
FNF:62
FNH:53
FNDA:12,(anonymous_0)
FNDA:12,(anonymous_1)
FNDA:24,(anonymous_2)
FNDA:24,(anonymous_3)
FNDA:24,(anonymous_4)
FNDA:25,buscarUnidadeNaArvore
FNDA:24,(anonymous_6)
FNDA:1,(anonymous_7)
FNDA:24,(anonymous_8)
FNDA:0,(anonymous_9)
FNDA:24,(anonymous_10)
FNDA:24,(anonymous_11)
FNDA:1,adicionarAtividade
FNDA:1,removerAtividade
FNDA:1,adicionarConhecimento
FNDA:1,removerConhecimento
FNDA:1,salvarEdicaoConhecimento
FNDA:1,salvarEdicaoAtividade
FNDA:1,(anonymous_18)
FNDA:0,handleImportAtividades
FNDA:12,(anonymous_20)
FNDA:24,(anonymous_21)
FNDA:24,(anonymous_22)
FNDA:24,(anonymous_23)
FNDA:7,(anonymous_24)
FNDA:1,(anonymous_25)
FNDA:38,obterErroParaAtividade
FNDA:50,setAtividadeRef
FNDA:1,scrollParaPrimeiroErro
FNDA:12,(anonymous_29)
FNDA:24,(anonymous_30)
FNDA:1,formatarData
FNDA:1,abrirModalHistorico
FNDA:0,fecharModalHistorico
FNDA:1,formatarAcaoAnalise
FNDA:3,disponibilizarCadastro
FNDA:2,fecharModalConfirmacao
FNDA:2,confirmarDisponibilizacao
FNDA:0,abrirModalImpacto
FNDA:0,fecharModalImpacto
FNDA:0,(anonymous_40)
FNDA:12,(anonymous_41)
FNDA:12,(anonymous_42)
FNDA:1,(anonymous_43)
FNDA:1,(anonymous_44)
FNDA:12,(anonymous_45)
FNDA:12,(anonymous_46)
FNDA:2,(anonymous_47)
FNDA:24,(anonymous_48)
FNDA:50,(anonymous_49)
FNDA:1,(anonymous_50)
FNDA:1,(anonymous_51)
FNDA:1,(anonymous_52)
FNDA:1,(anonymous_53)
FNDA:1,(anonymous_54)
FNDA:0,(anonymous_55)
FNDA:0,(anonymous_56)
FNDA:2,(anonymous_57)
FNDA:2,(anonymous_58)
FNDA:2,(anonymous_59)
FNDA:0,(anonymous_60)
FNDA:1,(anonymous_61)
DA:3,1
DA:8,0
DA:10,12
DA:12,1
DA:23,1
DA:28,1
DA:35,12
DA:44,1
DA:50,1
DA:53,12
DA:62,12
DA:73,2
DA:91,24
DA:99,50
DA:105,1
DA:106,1
DA:107,1
DA:108,1
DA:109,1
DA:116,0
DA:128,0
DA:139,2
DA:147,2
DA:154,2
DA:159,0
DA:166,1
DA:180,1
DA:205,1
DA:242,12
DA:247,12
DA:248,12
DA:250,12
DA:251,12
DA:252,12
DA:253,12
DA:254,12
DA:255,12
DA:257,12
DA:259,12
DA:261,24
DA:263,24
DA:264,12
DA:265,24
DA:267,12
DA:271,25
DA:272,25
DA:273,25
DA:275,0
DA:276,0
DA:277,0
DA:280,0
DA:283,12
DA:284,24
DA:285,24
DA:289,24
DA:292,12
DA:293,1
DA:294,1
DA:298,1
DA:301,12
DA:303,24
DA:304,24
DA:310,24
DA:311,12
DA:312,24
DA:315,12
DA:318,1
DA:319,1
DA:322,1
DA:327,1
DA:328,1
DA:329,0
DA:335,1
DA:336,1
DA:337,1
DA:342,1
DA:346,1
DA:347,1
DA:353,1
DA:354,1
DA:355,1
DA:356,1
DA:359,1
DA:364,1
DA:365,0
DA:371,1
DA:372,1
DA:373,1
DA:374,1
DA:379,1
DA:380,1
DA:386,1
DA:388,1
DA:389,1
DA:393,1
DA:399,1
DA:400,0
DA:406,1
DA:407,1
DA:408,1
DA:409,1
DA:413,1
DA:418,1
DA:419,0
DA:426,0
DA:427,0
DA:428,0
DA:429,0
DA:430,0
DA:432,0
DA:439,12
DA:441,12
DA:443,12
DA:444,24
DA:445,24
DA:446,24
DA:450,24
DA:452,12
DA:453,12
DA:454,12
DA:456,12
DA:457,12
DA:460,12
DA:461,7
DA:462,7
DA:463,1
DA:464,1
DA:467,7
DA:472,38
DA:476,12
DA:479,50
DA:480,38
DA:486,1
DA:487,1
DA:488,1
DA:489,1
DA:498,12
DA:499,12
DA:500,12
DA:501,12
DA:502,12
DA:503,12
DA:504,12
DA:506,0
DA:507,0
DA:512,12
DA:513,24
DA:514,24
DA:518,1
DA:522,1
DA:526,0
DA:530,1
DA:531,1
DA:534,0
DA:537,0
DA:539,1
DA:544,3
DA:545,3
DA:549,3
DA:550,0
DA:555,0
DA:559,3
DA:560,3
DA:561,3
DA:562,3
DA:563,2
DA:565,1
DA:567,1
DA:568,1
DA:571,1
DA:577,2
DA:581,2
DA:584,2
DA:585,1
DA:587,1
DA:590,2
DA:591,2
DA:592,2
DA:597,0
DA:601,0
LF:180
LH:153
BRDA:263,0,0,24
BRDA:263,0,1,0
BRDA:265,1,0,24
BRDA:265,1,1,0
BRDA:272,2,0,25
BRDA:272,2,1,0
BRDA:275,3,0,0
BRDA:275,3,1,0
BRDA:275,4,0,0
BRDA:275,4,1,0
BRDA:277,5,0,0
BRDA:277,5,1,0
BRDA:284,6,0,0
BRDA:284,6,1,24
BRDA:293,7,0,0
BRDA:293,7,1,1
BRDA:303,8,0,0
BRDA:303,8,1,24
BRDA:318,9,0,1
BRDA:318,9,1,0
BRDA:318,10,0,1
BRDA:318,10,1,1
BRDA:318,10,2,1
BRDA:328,11,0,0
BRDA:328,11,1,1
BRDA:335,12,0,0
BRDA:335,12,1,1
BRDA:337,13,0,1
BRDA:337,13,1,0
BRDA:346,14,0,1
BRDA:346,14,1,0
BRDA:353,15,0,0
BRDA:353,15,1,1
BRDA:355,16,0,1
BRDA:355,16,1,0
BRDA:364,17,0,0
BRDA:364,17,1,1
BRDA:371,18,0,0
BRDA:371,18,1,1
BRDA:373,19,0,1
BRDA:373,19,1,0
BRDA:379,20,0,1
BRDA:379,20,1,0
BRDA:386,21,0,0
BRDA:386,21,1,1
BRDA:388,22,0,1
BRDA:388,22,1,0
BRDA:399,23,0,0
BRDA:399,23,1,1
BRDA:406,24,0,1
BRDA:406,24,1,0
BRDA:406,25,0,1
BRDA:406,25,1,1
BRDA:408,26,0,1
BRDA:408,26,1,0
BRDA:418,27,0,0
BRDA:418,27,1,1
BRDA:427,28,0,0
BRDA:427,28,1,0
BRDA:444,29,0,0
BRDA:444,29,1,24
BRDA:463,30,0,1
BRDA:463,30,1,0
BRDA:479,31,0,38
BRDA:479,31,1,12
BRDA:486,32,0,1
BRDA:486,32,1,0
BRDA:486,33,0,1
BRDA:486,33,1,1
BRDA:488,34,0,1
BRDA:488,34,1,0
BRDA:501,35,0,12
BRDA:501,35,1,0
BRDA:513,36,0,0
BRDA:513,36,1,24
BRDA:530,37,0,0
BRDA:530,37,1,1
BRDA:531,38,0,0
BRDA:531,38,1,0
BRDA:531,38,2,0
BRDA:531,38,3,0
BRDA:531,38,4,1
BRDA:545,39,0,1
BRDA:545,39,1,2
BRDA:549,40,0,0
BRDA:549,40,1,3
BRDA:549,41,0,3
BRDA:549,41,1,3
BRDA:559,42,0,3
BRDA:559,42,1,0
BRDA:562,43,0,2
BRDA:562,43,1,1
BRDA:581,44,0,0
BRDA:581,44,1,2
BRDA:584,45,0,1
BRDA:584,45,1,1
BRDA:591,46,0,2
BRDA:591,46,1,0
BRDA:8,47,0,79
BRDA:8,47,1,12
BRDA:10,48,0,12
BRDA:10,48,1,12
BRDA:15,49,0,79
BRDA:15,49,1,0
BRDA:64,50,0,79
BRDA:64,50,1,12
BRDA:35,51,0,12
BRDA:35,51,1,12
BRDA:38,52,0,79
BRDA:38,52,1,79
BRDA:44,53,0,1
BRDA:44,53,1,1
BRDA:50,54,0,79
BRDA:50,54,1,12
BRDA:53,55,0,12
BRDA:53,55,1,12
BRDA:62,56,0,12
BRDA:62,56,1,12
BRDA:73,57,0,14
BRDA:73,57,1,12
BRDA:82,58,0,24
BRDA:82,58,1,24
BRDA:91,59,0,24
BRDA:91,59,1,12
BRDA:98,60,0,38
BRDA:98,60,1,0
BRDA:116,61,0,79
BRDA:116,61,1,12
BRDA:121,62,0,79
BRDA:121,62,1,0
BRDA:128,63,0,79
BRDA:128,63,1,12
BRDA:130,64,0,8
BRDA:130,64,1,71
BRDA:137,65,0,1
BRDA:137,65,1,1
BRDA:147,66,0,2
BRDA:147,66,1,2
BRDA:154,67,0,2
BRDA:154,67,1,2
BRDA:159,68,0,79
BRDA:159,68,1,12
BRDA:205,69,0,1
BRDA:205,69,1,1
BRDA:186,70,0,0
BRDA:186,70,1,1
BRDA:191,71,0,1
BRDA:191,71,1,1
BRDA:194,72,0,1
BRDA:194,72,1,0
BRF:150
BRH:99
end_of_record
TN:
SF:src/views/CadAtribuicao.vue
FN:131,(anonymous_0)
FN:143,(anonymous_1)
FN:155,criarAtribuicao
FN:17,(anonymous_3)
FN:28,(anonymous_4)
FN:48,(anonymous_5)
FN:62,(anonymous_6)
FN:71,(anonymous_7)
FN:79,(anonymous_8)
FN:80,(anonymous_9)
FN:91,(anonymous_10)
FN:101,(anonymous_11)
FNF:12
FNH:12
FNDA:4,(anonymous_0)
FNDA:4,(anonymous_1)
FNDA:4,criarAtribuicao
FNDA:1,(anonymous_3)
FNDA:4,(anonymous_4)
FNDA:1,(anonymous_5)
FNDA:1,(anonymous_6)
FNDA:4,(anonymous_7)
FNDA:2,(anonymous_8)
FNDA:4,(anonymous_9)
FNDA:1,(anonymous_10)
FNDA:1,(anonymous_11)
DA:6,2
DA:10,2
DA:17,1
DA:30,4
DA:41,2
DA:48,1
DA:55,2
DA:62,1
DA:73,4
DA:79,2
DA:82,4
DA:93,1
DA:101,1
DA:128,4
DA:130,4
DA:131,4
DA:133,4
DA:134,4
DA:135,4
DA:136,4
DA:137,4
DA:139,4
DA:140,4
DA:141,4
DA:143,4
DA:144,4
DA:145,4
DA:146,4
DA:147,4
DA:150,0
DA:151,0
DA:156,4
DA:157,0
DA:160,4
DA:161,4
DA:163,4
DA:164,4
DA:169,2
DA:171,2
DA:172,2
DA:173,2
DA:175,2
DA:176,2
LF:43
LH:40
BRDA:146,0,0,4
BRDA:146,0,1,0
BRDA:156,1,0,0
BRDA:156,1,1,4
BRDA:156,2,0,4
BRDA:156,2,1,4
BRDA:3,3,0,4
BRDA:3,3,1,4
BRDA:39,4,0,13
BRDA:39,4,1,4
BRDA:17,5,0,13
BRDA:17,5,1,4
BRDA:30,6,0,4
BRDA:30,6,1,4
BRDA:34,7,0,0
BRDA:34,7,1,13
BRDA:53,8,0,13
BRDA:53,8,1,4
BRDA:48,9,0,13
BRDA:48,9,1,4
BRDA:66,10,0,13
BRDA:66,10,1,4
BRDA:62,11,0,13
BRDA:62,11,1,4
BRDA:73,12,0,4
BRDA:73,12,1,4
BRDA:79,13,0,13
BRDA:79,13,1,4
BRDA:82,14,0,4
BRDA:82,14,1,4
BRDA:93,15,0,1
BRDA:93,15,1,1
BRF:32
BRH:29
end_of_record
TN:
SF:src/views/CadMapa.vue
FN:363,(anonymous_0)
FN:364,(anonymous_1)
FN:366,(anonymous_2)
FN:375,abrirModalImpacto
FN:379,fecharModalImpacto
FN:383,(anonymous_5)
FN:386,(anonymous_6)
FN:406,(anonymous_7)
FN:413,(anonymous_8)
FN:436,(anonymous_9)
FN:436,(anonymous_10)
FN:437,(anonymous_11)
FN:438,(anonymous_12)
FN:439,(anonymous_13)
FN:441,handleApiErrors
FN:453,(anonymous_15)
FN:477,abrirModalDisponibilizar
FN:482,abrirModalCriarNovaCompetencia
FN:500,abrirModalCriarLimpo
FN:505,fecharModalCriarNovaCompetencia
FN:510,iniciarEdicaoCompetencia
FN:515,descricaoAtividade
FN:516,(anonymous_22)
FN:520,getConhecimentosTooltip
FN:521,(anonymous_24)
FN:527,(anonymous_25)
FN:533,getAtividadeCompleta
FN:534,(anonymous_27)
FN:537,getConhecimentosModal
FN:543,(anonymous_29)
FN:549,adicionarCompetenciaEFecharModal
FN:581,excluirCompetencia
FN:582,(anonymous_32)
FN:589,confirmarExclusaoCompetencia
FN:601,fecharModalExcluirCompetencia
FN:606,removerAtividadeAssociada
FN:608,(anonymous_36)
FN:614,(anonymous_37)
FN:624,disponibilizarMapa
FN:640,fecharModalDisponibilizar
FN:15,(anonymous_40)
FN:34,(anonymous_41)
FN:41,(anonymous_42)
FN:55,(anonymous_43)
FN:83,(anonymous_44)
FN:95,(anonymous_45)
FN:127,(anonymous_46)
FN:144,(anonymous_47)
FN:214,(anonymous_48)
FN:225,(anonymous_49)
FN:161,(anonymous_50)
FN:168,(anonymous_51)
FN:189,(anonymous_52)
FN:232,(anonymous_53)
FN:290,(anonymous_54)
FN:298,(anonymous_55)
FN:249,(anonymous_56)
FN:255,(anonymous_57)
FN:265,(anonymous_58)
FN:272,(anonymous_59)
FN:283,(anonymous_60)
FN:306,(anonymous_61)
FN:317,(anonymous_62)
FNF:63
FNH:53
FNDA:12,(anonymous_0)
FNDA:12,(anonymous_1)
FNDA:23,(anonymous_2)
FNDA:1,abrirModalImpacto
FNDA:0,fecharModalImpacto
FNDA:24,(anonymous_5)
FNDA:12,(anonymous_6)
FNDA:12,(anonymous_7)
FNDA:29,(anonymous_8)
FNDA:15,(anonymous_9)
FNDA:3,(anonymous_10)
FNDA:3,(anonymous_11)
FNDA:1,(anonymous_12)
FNDA:2,(anonymous_13)
FNDA:0,handleApiErrors
FNDA:0,(anonymous_15)
FNDA:1,abrirModalDisponibilizar
FNDA:2,abrirModalCriarNovaCompetencia
FNDA:1,abrirModalCriarLimpo
FNDA:2,fecharModalCriarNovaCompetencia
FNDA:1,iniciarEdicaoCompetencia
FNDA:34,descricaoAtividade
FNDA:34,(anonymous_22)
FNDA:1,getConhecimentosTooltip
FNDA:0,(anonymous_24)
FNDA:0,(anonymous_25)
FNDA:17,getAtividadeCompleta
FNDA:17,(anonymous_27)
FNDA:6,getConhecimentosModal
FNDA:5,(anonymous_29)
FNDA:2,adicionarCompetenciaEFecharModal
FNDA:1,excluirCompetencia
FNDA:1,(anonymous_32)
FNDA:1,confirmarExclusaoCompetencia
FNDA:1,fecharModalExcluirCompetencia
FNDA:1,removerAtividadeAssociada
FNDA:1,(anonymous_36)
FNDA:1,(anonymous_37)
FNDA:1,disponibilizarMapa
FNDA:1,fecharModalDisponibilizar
FNDA:0,(anonymous_40)
FNDA:10,(anonymous_41)
FNDA:23,(anonymous_42)
FNDA:12,(anonymous_43)
FNDA:1,(anonymous_44)
FNDA:1,(anonymous_45)
FNDA:1,(anonymous_46)
FNDA:0,(anonymous_47)
FNDA:2,(anonymous_48)
FNDA:5,(anonymous_49)
FNDA:2,(anonymous_50)
FNDA:2,(anonymous_51)
FNDA:1,(anonymous_52)
FNDA:0,(anonymous_53)
FNDA:1,(anonymous_54)
FNDA:2,(anonymous_55)
FNDA:1,(anonymous_56)
FNDA:1,(anonymous_57)
FNDA:1,(anonymous_58)
FNDA:1,(anonymous_59)
FNDA:0,(anonymous_60)
FNDA:0,(anonymous_61)
FNDA:1,(anonymous_62)
DA:3,2
DA:15,0
DA:23,2
DA:27,2
DA:34,10
DA:43,23
DA:48,2
DA:55,12
DA:67,2
DA:74,2
DA:83,1
DA:95,1
DA:100,2
DA:108,2
DA:127,1
DA:144,0
DA:157,2
DA:159,2
DA:161,2
DA:168,2
DA:173,2
DA:189,1
DA:216,2
DA:225,5
DA:232,0
DA:242,2
DA:249,1
DA:255,1
DA:258,2
DA:265,1
DA:272,1
DA:283,0
DA:292,1
DA:300,2
DA:306,0
DA:317,1
DA:354,12
DA:355,12
DA:356,12
DA:357,12
DA:358,12
DA:359,12
DA:360,12
DA:361,12
DA:363,12
DA:364,12
DA:366,12
DA:367,23
DA:373,12
DA:376,1
DA:380,0
DA:383,24
DA:384,12
DA:386,12
DA:388,12
DA:391,12
DA:396,12
DA:397,11
DA:398,11
DA:406,12
DA:407,12
DA:408,1
DA:410,11
DA:413,29
DA:414,12
DA:415,12
DA:417,12
DA:419,12
DA:420,12
DA:421,12
DA:422,12
DA:423,12
DA:424,12
DA:425,12
DA:427,12
DA:436,15
DA:437,12
DA:438,12
DA:439,12
DA:443,0
DA:445,0
DA:446,0
DA:448,0
DA:450,0
DA:451,0
DA:452,0
DA:453,0
DA:454,0
DA:455,0
DA:456,0
DA:457,0
DA:458,0
DA:459,0
DA:464,0
DA:465,0
DA:466,0
DA:469,0
DA:470,0
DA:471,0
DA:473,0
DA:478,1
DA:479,1
DA:483,2
DA:484,2
DA:485,2
DA:487,2
DA:488,1
DA:489,1
DA:492,1
DA:494,1
DA:495,1
DA:496,1
DA:501,1
DA:502,1
DA:506,2
DA:507,2
DA:511,1
DA:512,1
DA:516,34
DA:517,34
DA:521,1
DA:522,1
DA:523,1
DA:526,0
DA:527,0
DA:530,0
DA:534,17
DA:538,6
DA:539,1
DA:542,5
DA:543,5
DA:546,5
DA:551,2
DA:558,2
DA:559,2
DA:560,1
DA:562,1
DA:566,2
DA:572,2
DA:573,2
DA:574,2
DA:575,2
DA:577,0
DA:582,1
DA:583,1
DA:584,1
DA:585,1
DA:590,1
DA:591,1
DA:596,1
DA:597,1
DA:602,1
DA:603,1
DA:607,1
DA:608,1
DA:610,1
DA:611,1
DA:614,1
DA:617,1
DA:625,1
DA:626,1
DA:628,1
DA:629,1
DA:633,1
DA:634,1
DA:636,0
DA:641,1
DA:642,1
DA:643,1
DA:644,1
LF:170
LH:138
BRDA:368,0,0,23
BRDA:368,0,1,13
BRDA:396,1,0,11
BRDA:396,1,1,1
BRDA:407,2,0,1
BRDA:407,2,1,11
BRDA:410,3,0,11
BRDA:410,3,1,0
BRDA:413,4,0,29
BRDA:413,4,1,12
BRDA:450,5,0,0
BRDA:450,5,1,0
BRDA:452,6,0,0
BRDA:452,6,1,0
BRDA:452,7,0,0
BRDA:452,7,1,0
BRDA:454,8,0,0
BRDA:454,8,1,0
BRDA:455,9,0,0
BRDA:455,9,1,0
BRDA:455,10,0,0
BRDA:455,10,1,0
BRDA:456,11,0,0
BRDA:456,11,1,0
BRDA:456,12,0,0
BRDA:456,12,1,0
BRDA:457,13,0,0
BRDA:457,13,1,0
BRDA:469,14,0,0
BRDA:469,14,1,0
BRDA:471,15,0,0
BRDA:471,15,1,0
BRDA:471,16,0,0
BRDA:471,16,1,0
BRDA:471,16,2,0
BRDA:471,16,3,0
BRDA:487,17,0,1
BRDA:487,17,1,1
BRDA:490,18,0,1
BRDA:490,18,1,0
BRDA:517,19,0,34
BRDA:517,19,1,0
BRDA:522,20,0,1
BRDA:522,20,1,0
BRDA:522,21,0,1
BRDA:522,21,1,0
BRDA:538,22,0,1
BRDA:538,22,1,5
BRDA:553,23,0,2
BRDA:553,23,1,1
BRDA:559,24,0,1
BRDA:559,24,1,1
BRDA:583,25,0,1
BRDA:583,25,1,0
BRDA:590,26,0,1
BRDA:590,26,1,0
BRDA:610,27,0,1
BRDA:610,27,1,0
BRDA:625,28,0,0
BRDA:625,28,1,1
BRDA:6,29,0,52
BRDA:6,29,1,52
BRDA:15,30,0,0
BRDA:15,30,1,0
BRDA:18,31,0,0
BRDA:18,31,1,0
BRDA:45,32,0,52
BRDA:45,32,1,12
BRDA:34,33,0,10
BRDA:34,33,1,10
BRDA:43,34,0,23
BRDA:43,34,1,12
BRDA:47,35,0,40
BRDA:47,35,1,12
BRDA:55,36,0,12
BRDA:55,36,1,12
BRDA:111,37,0,17
BRDA:111,37,1,0
BRDA:140,38,0,12
BRDA:140,38,1,12
BRDA:144,39,0,52
BRDA:144,39,1,12
BRDA:146,40,0,1
BRDA:146,40,1,51
BRDA:216,41,0,2
BRDA:216,41,1,2
BRDA:219,42,0,5
BRDA:219,42,1,3
BRDA:225,43,0,5
BRDA:225,43,1,2
BRDA:152,44,0,0
BRDA:152,44,1,5
BRDA:171,45,0,5
[...]
FN:228,(anonymous_17)
FN:229,(anonymous_18)
FN:259,(anonymous_19)
FN:8,(anonymous_20)
FN:35,(anonymous_21)
FN:36,(anonymous_22)
FNF:23
FNH:21
FNDA:13,(anonymous_0)
FNDA:13,(anonymous_1)
FNDA:26,(anonymous_2)
FNDA:13,(anonymous_3)
FNDA:13,(anonymous_4)
FNDA:13,formatarData
FNDA:26,formatarDadosParaArvore
FNDA:13,(anonymous_7)
FNDA:3,abrirDetalhesUnidade
FNDA:1,finalizarProcesso
FNDA:2,executarFinalizacao
FNDA:1,abrirModalAcaoBloco
FNDA:1,(anonymous_12)
FNDA:2,fecharModalBloco
FNDA:2,fecharModalFinalizacao
FNDA:2,confirmarFinalizacao
FNDA:3,confirmarAcaoBloco
FNDA:3,(anonymous_17)
FNDA:2,(anonymous_18)
FNDA:26,(anonymous_19)
FNDA:0,(anonymous_20)
FNDA:1,(anonymous_21)
FNDA:0,(anonymous_22)
DA:8,0
DA:35,1
DA:36,0
DA:86,13
DA:87,13
DA:88,13
DA:89,13
DA:90,13
DA:91,13
DA:94,13
DA:95,13
DA:96,13
DA:97,13
DA:99,13
DA:100,13
DA:105,13
DA:106,13
DA:107,13
DA:108,13
DA:112,13
DA:113,26
DA:115,13
DA:116,13
DA:119,13
DA:126,13
DA:127,13
DA:131,13
DA:132,12
DA:133,12
DA:134,12
DA:135,12
DA:136,12
DA:142,26
DA:143,26
DA:156,3
DA:157,3
DA:158,3
DA:159,1
DA:166,2
DA:170,1
DA:182,1
DA:183,1
DA:188,2
DA:189,2
DA:190,2
DA:191,1
DA:196,1
DA:203,1
DA:204,1
DA:210,1
DA:214,2
DA:218,2
DA:222,2
DA:223,2
DA:227,3
DA:228,3
DA:229,2
DA:230,3
DA:231,1
DA:236,1
DA:238,2
DA:239,2
DA:245,1
DA:250,3
DA:251,3
DA:254,1
DA:258,13
DA:259,26
LF:68
LH:66
BRDA:101,0,0,13
BRDA:101,0,1,0
BRDA:101,0,2,0
BRDA:106,1,0,13
BRDA:106,1,1,0
BRDA:113,2,0,26
BRDA:113,2,1,13
BRDA:116,3,0,13
BRDA:116,3,1,0
BRDA:131,4,0,1
BRDA:131,4,1,12
BRDA:142,5,0,0
BRDA:142,5,1,26
BRDA:146,6,0,13
BRDA:146,6,1,0
BRDA:147,7,0,13
BRDA:147,7,1,1
BRDA:151,8,0,13
BRDA:151,8,1,0
BRDA:156,9,0,3
BRDA:156,9,1,0
BRDA:156,10,0,3
BRDA:156,10,1,3
BRDA:158,11,0,1
BRDA:158,11,1,2
BRDA:158,12,0,3
BRDA:158,12,1,2
BRDA:166,13,0,1
BRDA:166,13,1,1
BRDA:166,14,0,2
BRDA:166,14,1,0
BRDA:166,14,2,2
BRDA:182,15,0,1
BRDA:182,15,1,0
BRDA:188,16,0,0
BRDA:188,16,1,2
BRDA:207,17,0,1
BRDA:207,17,1,0
BRDA:230,18,0,1
BRDA:230,18,1,2
BRDA:243,19,0,2
BRDA:243,19,1,0
BRDA:246,20,0,1
BRDA:246,20,1,0
BRDA:8,21,0,2
BRDA:8,21,1,2
BRDA:11,22,0,0
BRDA:11,22,1,2
BRDA:35,23,0,30
BRDA:35,23,1,13
BRDA:36,24,0,30
BRDA:36,24,1,13
BRDA:50,25,0,43
BRDA:50,25,1,13
BRF:54
BRH:39
end_of_record
TN:
SF:src/views/RelatoriosView.vue
FN:272,(anonymous_0)
FN:276,(anonymous_1)
FN:281,(anonymous_2)
FN:286,(anonymous_3)
FN:292,(anonymous_4)
FN:310,(anonymous_5)
FN:373,(anonymous_6)
FN:383,(anonymous_7)
FN:388,(anonymous_8)
FN:394,(anonymous_9)
FN:407,(anonymous_10)
FN:411,(anonymous_11)
FN:417,(anonymous_12)
FN:420,(anonymous_13)
FN:423,(anonymous_14)
FN:427,(anonymous_15)
FN:428,(anonymous_16)
FN:437,(anonymous_17)
FN:438,(anonymous_18)
FN:453,(anonymous_19)
FN:454,(anonymous_20)
FN:467,(anonymous_21)
FN:471,(anonymous_22)
FN:472,(anonymous_23)
FN:478,(anonymous_24)
FN:16,(anonymous_25)
FN:33,(anonymous_26)
FN:45,(anonymous_27)
FN:60,(anonymous_28)
FN:76,(anonymous_29)
FN:92,(anonymous_30)
FN:105,(anonymous_31)
FN:118,(anonymous_32)
FN:144,(anonymous_33)
FN:157,(anonymous_34)
FN:203,(anonymous_35)
FN:216,(anonymous_36)
FNF:37
FNH:28
FNDA:8,(anonymous_0)
FNDA:2,(anonymous_1)
FNDA:2,(anonymous_2)
FNDA:0,(anonymous_3)
FNDA:6,(anonymous_4)
FNDA:6,(anonymous_5)
FNDA:2,(anonymous_6)
FNDA:0,(anonymous_7)
FNDA:0,(anonymous_8)
FNDA:8,(anonymous_9)
FNDA:24,(anonymous_10)
FNDA:4,(anonymous_11)
FNDA:2,(anonymous_12)
FNDA:2,(anonymous_13)
FNDA:2,(anonymous_14)
FNDA:2,(anonymous_15)
FNDA:2,(anonymous_16)
FNDA:2,(anonymous_17)
FNDA:8,(anonymous_18)
FNDA:2,(anonymous_19)
FNDA:4,(anonymous_20)
FNDA:6,(anonymous_21)
FNDA:14,(anonymous_22)
FNDA:92,(anonymous_23)
FNDA:6,(anonymous_24)
FNDA:0,(anonymous_25)
FNDA:0,(anonymous_26)
FNDA:0,(anonymous_27)
FNDA:6,(anonymous_28)
FNDA:6,(anonymous_29)
FNDA:8,(anonymous_30)
FNDA:0,(anonymous_31)
FNDA:2,(anonymous_32)
FNDA:0,(anonymous_33)
FNDA:2,(anonymous_34)
FNDA:0,(anonymous_35)
FNDA:2,(anonymous_36)
DA:8,2
DA:9,2
DA:16,0
DA:26,2
DA:33,0
DA:38,2
DA:45,0
DA:52,2
DA:53,2
DA:62,6
DA:66,2
DA:69,2
DA:78,6
DA:82,2
DA:85,2
DA:94,8
DA:98,2
DA:105,0
DA:111,2
DA:118,2
DA:121,2
DA:122,2
DA:130,2
DA:144,0
DA:150,2
DA:157,2
DA:160,2
DA:161,2
DA:175,8
DA:185,2
DA:203,0
DA:209,2
DA:216,2
DA:219,2
DA:220,2
DA:232,4
DA:260,6
DA:261,6
DA:263,6
DA:264,6
DA:265,6
DA:267,6
DA:268,6
DA:269,6
DA:272,6
DA:273,8
DA:275,8
DA:276,2
DA:279,8
DA:280,1
DA:281,2
DA:284,8
DA:285,0
DA:286,0
DA:289,8
DA:292,6
DA:294,6
DA:299,6
DA:307,0
DA:310,6
DA:312,6
DA:373,6
DA:374,2
DA:376,2
DA:378,0
DA:381,2
DA:382,0
DA:383,0
DA:386,2
DA:387,0
DA:388,0
DA:391,2
DA:394,6
DA:395,8
DA:397,2
DA:399,6
DA:401,0
DA:403,0
DA:407,6
DA:408,24
DA:411,6
DA:414,4
DA:417,6
DA:418,2
DA:420,6
DA:421,2
DA:423,6
DA:424,2
DA:427,6
DA:428,2
DA:433,2
DA:434,2
DA:437,6
DA:438,8
DA:449,2
DA:450,2
DA:453,6
DA:454,4
DA:463,2
DA:464,2
DA:467,6
DA:468,6
DA:470,6
DA:471,6
DA:472,92
DA:475,6
DA:478,6
DA:479,6
DA:480,6
DA:482,6
DA:483,6
DA:484,6
DA:485,6
DA:486,6
DA:487,6
DA:488,6
DA:489,6
LF:117
LH:101
BRDA:275,0,0,1
BRDA:275,0,1,7
BRDA:279,1,0,1
BRDA:279,1,1,7
BRDA:284,2,0,0
BRDA:284,2,1,8
BRDA:294,3,0,6
BRDA:294,3,1,0
BRDA:295,4,0,6
BRDA:295,4,1,6
BRDA:295,4,2,6
BRDA:376,5,0,0
BRDA:376,5,1,2
BRDA:376,6,0,2
BRDA:376,6,1,0
BRDA:381,7,0,0
BRDA:381,7,1,2
BRDA:386,8,0,0
BRDA:386,8,1,2
BRDA:395,9,0,2
BRDA:395,9,1,6
BRDA:395,9,2,0
BRDA:395,9,3,0
BRDA:430,10,0,2
BRDA:430,10,1,0
BRDA:468,11,0,0
BRDA:468,11,1,6
BRDA:482,12,0,6
BRDA:482,12,1,0
BRDA:5,13,0,16
BRDA:5,13,1,6
BRDA:25,14,0,16
BRDA:25,14,1,6
BRDA:16,15,0,16
BRDA:16,15,1,6
BRDA:37,16,0,16
BRDA:37,16,1,6
BRDA:33,17,0,16
BRDA:33,17,1,6
BRDA:49,18,0,16
BRDA:49,18,1,6
BRDA:45,19,0,16
BRDA:45,19,1,6
BRDA:62,20,0,6
BRDA:62,20,1,6
BRDA:62,21,0,6
BRDA:62,21,1,6
BRDA:78,22,0,6
BRDA:78,22,1,6
BRDA:78,23,0,6
BRDA:78,23,1,6
BRDA:94,24,0,8
BRDA:94,24,1,6
BRDA:94,25,0,8
BRDA:94,25,1,6
BRDA:105,26,0,16
BRDA:105,26,1,6
BRDA:118,27,0,2
BRDA:118,27,1,2
BRDA:135,28,0,2
BRDA:135,28,1,0
BRDA:144,29,0,16
BRDA:144,29,1,6
BRDA:157,30,0,2
BRDA:157,30,1,2
BRDA:203,31,0,16
BRDA:203,31,1,6
BRDA:216,32,0,2
BRDA:216,32,1,2
BRF:69
BRH:57
end_of_record
TN:
SF:src/views/SubprocessoView.vue
FN:70,(anonymous_0)
FN:72,(anonymous_1)
FN:74,(anonymous_2)
FN:76,(anonymous_3)
FN:82,(anonymous_4)
FN:100,abrirModalAlterarDataLimite
FN:108,fecharModalAlterarDataLimite
FN:112,confirmarAlteracaoDataLimite
FN:3,(anonymous_8)
FNF:9
FNH:9
FNDA:12,(anonymous_0)
FNDA:4,(anonymous_1)
FNDA:12,(anonymous_2)
FNDA:12,(anonymous_3)
FNDA:4,(anonymous_4)
FNDA:2,abrirModalAlterarDataLimite
FNDA:1,fecharModalAlterarDataLimite
FNDA:1,confirmarAlteracaoDataLimite
FNDA:12,(anonymous_8)
DA:18,12
DA:59,4
DA:61,4
DA:63,4
DA:64,4
DA:66,4
DA:67,4
DA:69,4
DA:70,12
DA:72,4
DA:73,4
DA:74,12
DA:76,4
DA:77,12
DA:82,4
DA:84,4
DA:85,4
DA:86,4
DA:88,4
DA:93,4
DA:94,4
DA:95,4
DA:96,4
DA:101,2
DA:102,1
DA:104,1
DA:109,1
DA:113,1
DA:114,0
DA:117,1
DA:118,1
DA:122,1
DA:123,1
DA:125,0
LF:34
LH:32
BRDA:74,0,0,12
BRDA:74,0,1,4
BRDA:77,1,0,8
BRDA:77,1,1,4
BRDA:93,2,0,4
BRDA:93,2,1,0
BRDA:101,3,0,1
BRDA:101,3,1,1
BRDA:113,4,0,0
BRDA:113,4,1,1
BRDA:113,5,0,1
BRDA:113,5,1,1
BRDA:4,6,0,8
BRDA:4,6,1,4
BRDA:6,7,0,8
BRDA:6,7,1,0
BRDA:7,8,0,8
BRDA:7,8,1,0
BRDA:8,9,0,8
BRDA:8,9,1,0
BRDA:9,10,0,8
BRDA:9,10,1,0
BRDA:11,11,0,8
BRDA:11,11,1,0
BRDA:12,12,0,8
BRDA:12,12,1,0
BRDA:13,13,0,8
BRDA:13,13,1,0
BRDA:21,14,0,4
BRDA:21,14,1,4
BRDA:24,15,0,4
BRDA:24,15,1,8
BRDA:24,16,0,12
BRDA:24,16,1,8
BRDA:28,17,0,4
BRDA:28,17,1,0
BRDA:31,18,0,4
BRDA:31,18,1,0
BRDA:39,19,0,15
BRDA:39,19,1,4
BRF:40
BRH:29
end_of_record
TN:
SF:src/views/UnidadeView.vue
FN:88,(anonymous_0)
FN:95,(anonymous_1)
FN:103,(anonymous_2)
FN:106,(anonymous_3)
FN:116,(anonymous_4)
FN:147,(anonymous_5)
FN:157,(anonymous_6)
FN:172,(anonymous_7)
FN:176,irParaCriarAtribuicao
FN:180,(anonymous_9)
FN:199,formatarDadosParaArvore
FN:202,(anonymous_11)
FN:213,navegarParaUnidadeSubordinada
FN:218,visualizarMapa
FN:10,(anonymous_14)
FN:48,(anonymous_15)
FNF:16
FNH:16
FNDA:8,(anonymous_0)
FNDA:8,(anonymous_1)
FNDA:13,(anonymous_2)
FNDA:13,(anonymous_3)
FNDA:1,(anonymous_4)
FNDA:5,(anonymous_5)
FNDA:1,(anonymous_6)
FNDA:5,(anonymous_7)
FNDA:1,irParaCriarAtribuicao
FNDA:5,(anonymous_9)
FNDA:15,formatarDadosParaArvore
FNDA:10,(anonymous_11)
FNDA:1,navegarParaUnidadeSubordinada
FNDA:1,visualizarMapa
FNDA:2,(anonymous_14)
FNDA:1,(anonymous_15)
DA:3,2
DA:12,2
DA:21,2
DA:27,2
DA:37,2
DA:50,1
DA:85,8
DA:87,8
DA:88,8
DA:89,8
DA:90,8
DA:91,8
DA:92,8
DA:93,8
DA:95,8
DA:96,8
DA:102,8
DA:103,13
DA:106,8
DA:107,13
DA:108,13
DA:110,5
DA:113,5
DA:116,5
DA:117,1
DA:118,1
DA:119,1
DA:122,5
DA:123,1
DA:138,1
DA:145,4
DA:147,8
DA:148,5
DA:149,5
DA:154,0
DA:157,8
DA:158,1
DA:163,0
DA:165,1
DA:172,8
DA:173,5
DA:177,1
DA:180,8
DA:181,5
DA:186,0
DA:187,5
DA:190,8
DA:200,15
DA:202,15
DA:203,10
DA:204,10
DA:214,1
DA:215,1
DA:219,1
DA:220,1
LF:55
LH:52
BRDA:108,0,0,8
BRDA:108,0,1,5
BRDA:119,1,0,1
BRDA:119,1,1,1
BRDA:122,2,0,1
BRDA:122,2,1,4
BRDA:148,3,0,5
BRDA:148,3,1,0
BRDA:148,4,0,5
BRDA:148,4,1,5
BRDA:150,5,0,5
BRDA:150,5,1,0
BRDA:158,6,0,0
BRDA:158,6,1,1
BRDA:159,7,0,1
BRDA:159,7,1,1
BRDA:159,7,2,1
BRDA:166,8,0,1
BRDA:166,8,1,0
BRDA:181,9,0,0
BRDA:181,9,1,5
BRDA:182,10,0,5
BRDA:182,10,1,5
BRDA:182,10,2,5
BRDA:200,11,0,0
BRDA:200,11,1,15
BRDA:203,12,0,10
BRDA:203,12,1,0
BRDA:208,13,0,10
BRDA:208,13,1,0
BRDA:214,14,0,1
BRDA:214,14,1,0
BRDA:214,15,0,1
BRDA:214,15,1,1
BRDA:219,16,0,1
BRDA:219,16,1,0
BRDA:219,17,0,1
BRDA:219,17,1,1
BRDA:12,18,0,2
BRDA:12,18,1,2
BRDA:17,19,0,5
BRDA:17,19,1,11
BRDA:26,20,0,5
BRDA:26,20,1,5
BRDA:30,21,0,5
BRDA:30,21,1,5
BRDA:29,22,0,5
BRDA:29,22,1,5
BRDA:32,23,0,5
BRDA:32,23,1,1
BRDA:32,23,2,1
BRDA:36,24,0,1
BRDA:36,24,1,1
BRDA:40,25,0,1
BRDA:40,25,1,1
BRDA:39,26,0,1
BRDA:39,26,1,1
BRDA:50,27,0,1
BRDA:50,27,1,1
BRDA:56,28,0,11
BRDA:56,28,1,8
BRDA:59,29,0,16
BRDA:59,29,1,5
BRDA:59,29,2,5
BRF:64
BRH:54
end_of_record
TN:
SF:src/views/VisAtividades.vue
FN:206,(anonymous_0)
FN:207,(anonymous_1)
FN:224,(anonymous_2)
FN:225,buscarUnidade
FN:241,(anonymous_4)
FN:242,(anonymous_5)
FN:245,(anonymous_6)
FN:247,(anonymous_7)
FN:250,(anonymous_8)
FN:254,(anonymous_9)
FN:265,(anonymous_10)
FN:275,(anonymous_11)
FN:277,(anonymous_12)
FN:282,(anonymous_13)
FN:284,(anonymous_14)
FN:287,(anonymous_15)
FN:294,validarCadastro
FN:298,devolverCadastro
FN:302,confirmarValidacao
FN:371,confirmarDevolucao
FN:387,fecharModalValidar
FN:392,fecharModalDevolver
FN:397,abrirModalImpacto
FN:401,fecharModalImpacto
FN:405,abrirModalHistoricoAnalise
FN:409,fecharModalHistoricoAnalise
FN:20,(anonymous_26)
FN:26,(anonymous_27)
FN:34,(anonymous_28)
FN:43,(anonymous_29)
FN:95,(anonymous_30)
FN:123,(anonymous_31)
FN:130,(anonymous_32)
FN:114,(anonymous_33)
FN:138,(anonymous_34)
FN:163,(anonymous_35)
FN:170,(anonymous_36)
FN:154,(anonymous_37)
FNF:38
FNH:32
FNDA:12,(anonymous_0)
FNDA:12,(anonymous_1)
FNDA:13,(anonymous_2)
FNDA:14,buscarUnidade
FNDA:13,(anonymous_4)
FNDA:13,(anonymous_5)
FNDA:24,(anonymous_6)
FNDA:12,(anonymous_7)
FNDA:12,(anonymous_8)
FNDA:24,(anonymous_9)
FNDA:24,(anonymous_10)
FNDA:12,(anonymous_11)
FNDA:13,(anonymous_12)
FNDA:12,(anonymous_13)
FNDA:12,(anonymous_14)
FNDA:12,(anonymous_15)
FNDA:4,validarCadastro
FNDA:2,devolverCadastro
FNDA:4,confirmarValidacao
FNDA:2,confirmarDevolucao
FNDA:4,fecharModalValidar
FNDA:2,fecharModalDevolver
FNDA:0,abrirModalImpacto
FNDA:0,fecharModalImpacto
FNDA:1,abrirModalHistoricoAnalise
FNDA:0,fecharModalHistoricoAnalise
FNDA:8,(anonymous_26)
FNDA:12,(anonymous_27)
FNDA:12,(anonymous_28)
FNDA:24,(anonymous_29)
FNDA:0,(anonymous_30)
FNDA:4,(anonymous_31)
FNDA:4,(anonymous_32)
FNDA:0,(anonymous_33)
FNDA:0,(anonymous_34)
FNDA:2,(anonymous_35)
FNDA:2,(anonymous_36)
FNDA:4,(anonymous_37)
DA:3,1
DA:4,1
DA:5,1
DA:6,1
DA:9,1
DA:13,1
DA:20,8
DA:28,12
DA:36,12
DA:43,24
DA:57,1
DA:66,1
DA:67,1
DA:72,1
DA:95,0
DA:114,0
DA:125,4
DA:132,4
DA:138,0
DA:147,1
DA:154,4
DA:165,2
DA:172,2
DA:201,12
DA:206,12
DA:207,12
DA:209,12
DA:210,12
DA:211,12
DA:212,12
DA:213,12
DA:214,12
DA:215,12
DA:217,12
DA:218,12
DA:219,12
DA:220,12
DA:221,12
DA:222,12
DA:224,12
DA:229,14
DA:230,2
DA:231,1
DA:232,1
DA:233,1
DA:238,13
DA:241,13
DA:242,12
DA:243,13
DA:245,24
DA:247,12
DA:248,12
DA:249,12
DA:250,12
DA:254,12
DA:255,24
DA:256,24
DA:257,24
DA:265,12
DA:266,24
DA:267,12
DA:268,12
DA:270,24
DA:272,24
DA:275,12
DA:277,12
DA:278,13
DA:279,13
DA:282,12
DA:283,12
DA:284,12
DA:287,12
DA:288,12
DA:289,12
DA:290,12
DA:295,4
DA:299,2
DA:303,4
DA:305,4
DA:311,4
DA:312,2
DA:315,2
DA:316,2
DA:317,1
DA:322,1
DA:325,2
DA:331,2
DA:334,2
DA:342,0
DA:343,0
DA:350,2
DA:351,2
DA:352,2
DA:353,1
DA:355,1
DA:358,2
DA:359,2
DA:361,0
DA:362,0
DA:372,2
DA:373,2
DA:377,2
DA:378,1
DA:380,1
DA:383,2
DA:384,2
DA:388,4
DA:389,4
DA:393,2
DA:394,2
DA:398,0
DA:402,0
DA:406,1
DA:410,0
LF:114
LH:104
BRDA:230,0,0,1
BRDA:230,0,1,1
BRDA:231,1,0,1
BRDA:231,1,1,0
BRDA:231,2,0,1
BRDA:231,2,1,1
BRDA:233,3,0,1
BRDA:233,3,1,0
BRDA:241,4,0,13
BRDA:241,4,1,12
BRDA:243,5,0,1
BRDA:243,5,1,12
BRDA:248,6,0,0
BRDA:248,6,1,12
BRDA:255,7,0,0
BRDA:255,7,1,24
BRDA:258,8,0,24
BRDA:258,8,1,3
BRDA:258,8,2,0
BRDA:258,8,3,0
BRDA:258,8,4,0
BRDA:266,9,0,12
BRDA:266,9,1,12
BRDA:266,10,0,24
BRDA:266,10,1,24
BRDA:268,11,0,12
BRDA:268,11,1,3
BRDA:270,12,0,24
BRDA:270,12,1,4
BRDA:272,13,0,24
BRDA:272,13,1,12
BRDA:278,14,0,0
BRDA:278,14,1,13
BRDA:279,15,0,13
BRDA:279,15,1,0
BRDA:289,16,0,12
BRDA:289,16,1,0
BRDA:303,17,0,0
BRDA:303,17,1,4
BRDA:303,18,0,4
BRDA:303,18,1,4
BRDA:311,19,0,2
BRDA:311,19,1,2
BRDA:316,20,0,1
BRDA:316,20,1,1
BRDA:352,21,0,1
BRDA:352,21,1,1
BRDA:372,22,0,0
BRDA:372,22,1,2
BRDA:372,23,0,2
BRDA:372,23,1,2
BRDA:377,24,0,1
BRDA:377,24,1,1
BRDA:46,25,0,37
BRDA:46,25,1,12
BRDA:20,26,0,8
BRDA:20,26,1,8
BRDA:20,27,0,5
BRDA:20,27,1,3
BRDA:28,28,0,12
BRDA:28,28,1,12
BRDA:36,29,0,12
BRDA:36,29,1,12
BRDA:43,30,0,3
BRDA:43,30,1,21
BRDA:80,31,0,37
BRDA:80,31,1,0
BRDA:95,32,0,37
BRDA:95,32,1,12
BRDA:97,33,0,7
BRDA:97,33,1,30
BRDA:97,34,0,21
BRDA:97,34,1,9
BRDA:125,35,0,4
BRDA:125,35,1,4
BRDA:132,36,0,4
BRDA:132,36,1,4
BRDA:102,37,0,2
BRDA:102,37,1,2
BRDA:102,38,0,1
BRDA:102,38,1,1
BRDA:118,39,0,2
BRDA:118,39,1,2
BRDA:114,40,0,2
BRDA:114,40,1,2
BRDA:138,41,0,37
BRDA:138,41,1,12
BRDA:140,42,0,25
BRDA:140,42,1,12
BRDA:165,43,0,2
BRDA:165,43,1,2
BRDA:172,44,0,2
BRDA:172,44,1,2
BRDA:145,45,0,2
BRDA:145,45,1,2
BRDA:158,46,0,4
BRDA:158,46,1,2
BRDA:154,47,0,4
BRDA:154,47,1,2
BRF:99
BRH:86
end_of_record
TN:
SF:src/views/VisMapa.vue
FN:342,(anonymous_0)
FN:343,(anonymous_1)
FN:365,(anonymous_2)
FN:367,(anonymous_3)
FN:370,(anonymous_4)
FN:374,(anonymous_5)
FN:375,(anonymous_6)
FN:377,(anonymous_7)
FN:385,(anonymous_8)
FN:393,(anonymous_9)
FN:406,(anonymous_10)
FN:414,(anonymous_11)
FN:418,(anonymous_12)
FN:423,(anonymous_13)
FN:432,abrirModalAceitar
FN:436,fecharModalAceitar
FN:440,abrirModalSugestoes
FN:447,fecharModalSugestoes
FN:452,fecharModalVerSugestoes
FN:457,abrirModalValidar
FN:461,fecharModalValidar
FN:465,abrirModalDevolucao
FN:469,fecharModalDevolucao
FN:474,abrirModalHistorico
FN:478,fecharModalHistorico
FN:482,verSugestoes
FN:487,verHistorico
FN:491,confirmarSugestoes
FN:516,confirmarValidacao
FN:539,confirmarAceitacao
FN:566,confirmarDevolucao
FN:14,(anonymous_31)
FN:23,(anonymous_32)
FN:33,(anonymous_33)
FN:44,(anonymous_34)
FN:53,(anonymous_35)
FN:62,(anonymous_36)
FN:72,(anonymous_37)
FN:118,(anonymous_38)
FN:122,(anonymous_39)
FN:149,(anonymous_40)
FN:173,(anonymous_41)
FN:180,(anonymous_42)
FN:162,(anonymous_43)
FN:187,(anonymous_44)
FN:207,(anonymous_45)
FN:196,(anonymous_46)
FN:214,(anonymous_47)
FN:226,(anonymous_48)
FN:233,(anonymous_49)
FN:220,(anonymous_50)
FN:240,(anonymous_51)
FN:265,(anonymous_52)
FN:272,(anonymous_53)
FN:254,(anonymous_54)
FN:279,(anonymous_55)
FN:316,(anonymous_56)
FNF:57
FNH:49
FNDA:14,(anonymous_0)
FNDA:11,(anonymous_1)
FNDA:11,(anonymous_2)
FNDA:14,(anonymous_3)
FNDA:14,(anonymous_4)
FNDA:2,(anonymous_5)
FNDA:12,(anonymous_6)
FNDA:11,(anonymous_7)
FNDA:14,(anonymous_8)
FNDA:14,(anonymous_9)
FNDA:5,(anonymous_10)
FNDA:5,(anonymous_11)
FNDA:5,(anonymous_12)
FNDA:1,(anonymous_13)
FNDA:2,abrirModalAceitar
FNDA:2,fecharModalAceitar
FNDA:1,abrirModalSugestoes
FNDA:1,fecharModalSugestoes
FNDA:0,fecharModalVerSugestoes
FNDA:1,abrirModalValidar
FNDA:1,fecharModalValidar
FNDA:1,abrirModalDevolucao
FNDA:1,fecharModalDevolucao
FNDA:1,abrirModalHistorico
FNDA:0,fecharModalHistorico
FNDA:1,verSugestoes
FNDA:1,verHistorico
FNDA:1,confirmarSugestoes
FNDA:1,confirmarValidacao
FNDA:2,confirmarAceitacao
FNDA:1,confirmarDevolucao
FNDA:6,(anonymous_31)
FNDA:6,(anonymous_32)
FNDA:1,(anonymous_33)
FNDA:12,(anonymous_34)
FNDA:5,(anonymous_35)
FNDA:5,(anonymous_36)
FNDA:5,(anonymous_37)
FNDA:25,(anonymous_38)
FNDA:25,(anonymous_39)
FNDA:0,(anonymous_40)
FNDA:1,(anonymous_41)
FNDA:1,(anonymous_42)
FNDA:2,(anonymous_43)
FNDA:0,(anonymous_44)
FNDA:1,(anonymous_45)
FNDA:0,(anonymous_46)
FNDA:0,(anonymous_47)
FNDA:1,(anonymous_48)
FNDA:1,(anonymous_49)
FNDA:1,(anonymous_50)
FNDA:0,(anonymous_51)
FNDA:1,(anonymous_52)
FNDA:1,(anonymous_53)
FNDA:2,(anonymous_54)
FNDA:0,(anonymous_55)
FNDA:1,(anonymous_56)
DA:3,1
DA:7,1
DA:16,6
DA:25,6
DA:35,1
DA:46,12
DA:55,5
DA:64,5
DA:72,5
DA:78,1
DA:87,1
DA:100,1
DA:107,1
DA:118,25
DA:120,1
DA:121,25
DA:149,0
DA:155,1
DA:162,2
DA:175,1
DA:182,1
DA:187,0
DA:193,1
DA:196,0
DA:209,1
DA:214,0
DA:220,1
DA:228,1
DA:235,1
DA:240,0
DA:247,1
DA:254,2
DA:267,1
DA:274,1
DA:279,0
DA:299,1
DA:318,1
DA:340,11
DA:341,11
DA:342,14
DA:343,11
DA:344,11
DA:345,11
DA:346,11
DA:347,11
DA:349,11
DA:350,11
DA:351,11
DA:353,11
DA:355,11
DA:356,11
DA:357,11
DA:358,11
DA:359,11
DA:360,11
DA:361,11
DA:362,11
DA:363,11
DA:365,11
DA:367,11
DA:368,14
DA:369,14
DA:370,14
DA:374,11
DA:375,12
DA:377,11
DA:378,11
DA:379,11
DA:380,11
DA:381,9
DA:385,11
DA:386,14
DA:393,11
DA:394,14
DA:395,14
DA:397,14
DA:400,14
DA:403,14
DA:406,11
DA:407,5
DA:408,5
DA:414,11
DA:415,5
DA:418,11
DA:419,5
DA:421,4
DA:423,1
DA:433,2
DA:437,2
DA:444,1
DA:448,1
DA:449,1
DA:453,0
DA:454,0
DA:458,1
DA:462,1
DA:466,1
DA:470,1
DA:471,1
DA:475,1
DA:479,0
DA:483,1
DA:484,1
DA:488,1
DA:492,1
DA:493,1
DA:494,1
DA:498,1
DA:500,1
DA:506,1
DA:508,0
DA:517,1
DA:518,1
DA:519,1
DA:521,1
DA:523,1
DA:529,1
DA:531,0
DA:540,2
DA:542,2
DA:543,2
DA:544,2
DA:546,2
DA:547,1
DA:548,1
DA:552,0
DA:556,1
DA:561,2
DA:563,2
DA:567,1
DA:569,1
DA:573,1
DA:574,1
LF:133
LH:121
BRDA:368,0,0,0
BRDA:368,0,1,14
BRDA:380,1,0,9
BRDA:380,1,1,2
BRDA:387,2,0,14
BRDA:387,2,1,9
BRDA:387,2,2,3
BRDA:395,3,0,14
BRDA:395,3,1,10
BRDA:397,4,0,14
BRDA:397,4,1,10
BRDA:400,5,0,14
BRDA:400,5,1,13
BRDA:403,6,0,14
BRDA:403,6,1,5
BRDA:403,6,2,1
BRDA:409,7,0,5
BRDA:409,7,1,4
BRDA:419,8,0,1
BRDA:419,8,1,4
BRDA:426,9,0,1
BRDA:426,9,1,0
BRDA:428,10,0,1
BRDA:428,10,1,0
BRDA:483,11,0,1
BRDA:483,11,1,0
BRDA:492,12,0,0
BRDA:492,12,1,1
BRDA:517,13,0,0
BRDA:517,13,1,1
BRDA:540,14,0,0
BRDA:540,14,1,2
BRDA:546,15,0,1
BRDA:546,15,1,1
BRDA:547,16,0,1
BRDA:547,16,1,0
BRDA:549,17,0,1
BRDA:549,17,1,0
BRDA:557,18,0,1
BRDA:557,18,1,0
BRDA:567,19,0,0
BRDA:567,19,1,1
BRDA:75,20,0,25
BRDA:75,20,1,11
BRDA:16,21,0,6
BRDA:16,21,1,5
BRDA:25,22,0,6
BRDA:25,22,1,5
BRDA:28,23,0,25
BRDA:28,23,1,11
BRDA:35,24,0,1
BRDA:35,24,1,1
BRDA:38,25,0,12
BRDA:38,25,1,13
BRDA:46,26,0,12
BRDA:46,26,1,5
BRDA:55,27,0,5
BRDA:55,27,1,5
BRDA:64,28,0,5
BRDA:64,28,1,5
BRDA:72,29,0,1
BRDA:72,29,1,4
BRDA:77,30,0,25
BRDA:77,30,1,0
BRDA:135,31,0,0
BRDA:135,31,1,25
BRDA:135,32,0,25
BRDA:135,32,1,25
BRDA:139,33,0,0
BRDA:139,33,1,0
BRDA:143,34,0,25
BRDA:143,34,1,0
BRDA:149,35,0,25
BRDA:149,35,1,11
BRDA:175,36,0,1
BRDA:175,36,1,1
BRDA:182,37,0,1
BRDA:182,37,1,1
BRDA:167,38,0,2
BRDA:167,38,1,1
BRDA:162,39,0,2
BRDA:162,39,1,1
BRDA:187,40,0,25
BRDA:187,40,1,11
BRDA:209,41,0,1
BRDA:209,41,1,1
BRDA:201,42,0,1
BRDA:201,42,1,1
BRDA:196,43,0,1
BRDA:196,43,1,1
BRDA:214,44,0,25
BRDA:214,44,1,11
BRDA:228,45,0,1
BRDA:228,45,1,1
BRDA:235,46,0,1
BRDA:235,46,1,1
BRDA:220,47,0,1
BRDA:220,47,1,1
BRDA:240,48,0,25
BRDA:240,48,1,11
BRDA:267,49,0,1
BRDA:267,49,1,1
BRDA:274,50,0,1
BRDA:274,50,1,1
BRDA:246,51,0,2
BRDA:246,51,1,1
BRDA:259,52,0,2
BRDA:259,52,1,1
BRDA:254,53,0,2
BRDA:254,53,1,1
BRDA:279,54,0,25
BRDA:279,54,1,11
BRDA:318,55,0,1
BRDA:318,55,1,1
BRF:114
BRH:98
end_of_record
