Calculating task graph as no cached configuration is available for tasks: :backend:test --tests sgc.organizacao.model.UsuarioRepoTest
> Task :backend:processResources UP-TO-DATE
> Task :backend:processTestResources UP-TO-DATE
> Task :backend:compileJava UP-TO-DATE
> Task :backend:classes UP-TO-DATE
> Task :backend:compileTestJava UP-TO-DATE
> Task :backend:testClasses UP-TO-DATE

> Task :backend:test FAILED

═══════════════════════════════════════════════════════════════
  RESUMO DOS TESTES
═══════════════════════════════════════════════════════════════
  Resultado: SUCCESS
  Total:     0 testes
  ✓ Passou:  0
  ✗ Falhou:  0
  ○ Ignorados: 0
  Tempo:     0.014s
═══════════════════════════════════════════════════════════════

FAILURE: Build failed with an exception.

* What went wrong:
Execution failed for task ':backend:test'.
> No tests found for given includes: [sgc.organizacao.model.UsuarioRepoTest](--tests filter)

* Try:
> Run with --stacktrace option to get the stack trace.
> Run with --info or --debug option to get more log output.
> Run with --scan to generate a Build Scan (powered by Develocity).
> Get more help at https://help.gradle.org.

BUILD FAILED in 3s
5 actionable tasks: 1 executed, 4 up-to-date
Configuration cache entry stored.
