ðŸŽ¯ === JORNADA PARA 100% DE COBERTURA ===

ðŸ“ Etapa 1: Executar testes e gerar relatÃ³rio JaCoCo
â”€â”€â”€â”€â”€â”€â”€â”€â”€â”€â”€â”€â”€â”€â”€â”€â”€â”€â”€â”€â”€â”€â”€â”€â”€â”€â”€â”€â”€â”€â”€â”€â”€â”€â”€â”€â”€â”€â”€â”€â”€
Reusing configuration cache.
> Task :backend:processResources UP-TO-DATE
> Task :backend:processTestResources UP-TO-DATE
> Task :backend:compileJava UP-TO-DATE
> Task :backend:classes UP-TO-DATE

> Task :backend:compileTestJava FAILED
/Users/leonardo/sgc/backend/src/test/java/sgc/subprocesso/SubprocessoCrudControllerTest.java:76: error: cannot find symbol
        when(subprocessoFacade.obterDetalhes(1L)).thenReturn(SubprocessoDetalheResponse.builder().build());
                                                                                       ^
  symbol:   method builder()
  location: class SubprocessoDetalheResponse
1 error

[Incubating] Problems report is available at: file:///Users/leonardo/sgc/build/reports/problems/problems-report.html

FAILURE: Build failed with an exception.

* What went wrong:
Execution failed for task ':backend:compileTestJava'.
> Compilation failed; see the compiler output below.
  /Users/leonardo/sgc/backend/src/test/java/sgc/subprocesso/SubprocessoCrudControllerTest.java:76: error: cannot find symbol
          when(subprocessoFacade.obterDetalhes(1L)).thenReturn(SubprocessoDetalheResponse.builder().build());
                                                                                         ^
    symbol:   method builder()
    location: class SubprocessoDetalheResponse
  1 error

* Try:
> Check your code and dependencies to fix the compilation error(s)
> Run with --scan to get full insights from a Build Scan (powered by Develocity).

BUILD FAILED in 1s
4 actionable tasks: 1 executed, 3 up-to-date
Configuration cache entry reused.
