Reusing configuration cache.
> Task :backend:processTestResources UP-TO-DATE
> Task :backend:processResources UP-TO-DATE
> Task :backend:compileJava UP-TO-DATE
> Task :backend:classes UP-TO-DATE
> Task :backend:compileTestJava
> Task :backend:testClasses

> Task :backend:test

CDU-17: Disponibilizar Mapa de Competências > Testes de Sucesso > Deve disponibilizar mapa quando todos os dados estão corretos FAILED
    java.lang.AssertionError: Status expected:<200> but was:<403>
        at org.springframework.test.util.AssertionErrors.fail(AssertionErrors.java:62)
        at org.springframework.test.util.AssertionErrors.assertEquals(AssertionErrors.java:129)
        at org.springframework.test.web.servlet.result.StatusResultMatchers.lambda$matcher$0(StatusResultMatchers.java:600)
        at org.springframework.test.web.servlet.MockMvc$1.andExpect(MockMvc.java:212)
        at sgc.integracao.CDU17IntegrationTest$Sucesso.disponibilizarMapa_comDadosValidos_retornaOk(CDU17IntegrationTest.java:153)

CDU-17: Disponibilizar Mapa de Competências > Testes de Falha > Não deve disponibilizar mapa se houver atividade sem competência associada FAILED
    java.lang.AssertionError: Status expected:<422> but was:<403>
        at org.springframework.test.util.AssertionErrors.fail(AssertionErrors.java:62)
        at org.springframework.test.util.AssertionErrors.assertEquals(AssertionErrors.java:129)
        at org.springframework.test.web.servlet.result.StatusResultMatchers.lambda$matcher$0(StatusResultMatchers.java:600)
        at org.springframework.test.web.servlet.MockMvc$1.andExpect(MockMvc.java:212)
        at sgc.integracao.CDU17IntegrationTest$Falha.disponibilizarMapa_comAtividadeNaoAssociada_retornaBadRequest(CDU17IntegrationTest.java:258)

CDU-17: Disponibilizar Mapa de Competências > Testes de Falha > Não deve disponibilizar mapa se houver competência sem atividade associada FAILED
    java.lang.AssertionError: Status expected:<422> but was:<403>
        at org.springframework.test.util.AssertionErrors.fail(AssertionErrors.java:62)
        at org.springframework.test.util.AssertionErrors.assertEquals(AssertionErrors.java:129)
        at org.springframework.test.web.servlet.result.StatusResultMatchers.lambda$matcher$0(StatusResultMatchers.java:600)
        at org.springframework.test.web.servlet.MockMvc$1.andExpect(MockMvc.java:212)
        at sgc.integracao.CDU17IntegrationTest$Falha.disponibilizarMapa_comCompetenciaNaoAssociada_retornaBadRequest(CDU17IntegrationTest.java:287)

CDU-17: Disponibilizar Mapa de Competências > Testes de Falha > Não deve disponibilizar mapa se subprocesso não está no estado correto FAILED
    java.lang.AssertionError: Status expected:<409> but was:<403>
        at org.springframework.test.util.AssertionErrors.fail(AssertionErrors.java:62)
        at org.springframework.test.util.AssertionErrors.assertEquals(AssertionErrors.java:129)
        at org.springframework.test.web.servlet.result.StatusResultMatchers.lambda$matcher$0(StatusResultMatchers.java:600)
        at org.springframework.test.web.servlet.MockMvc$1.andExpect(MockMvc.java:212)
        at sgc.integracao.CDU17IntegrationTest$Falha.disponibilizarMapa_comEstadoInvalido_retornaConflict(CDU17IntegrationTest.java:238)

5 tests completed, 4 failed

> Task :backend:test FAILED

FAILURE: Build failed with an exception.

* What went wrong:
Execution failed for task ':backend:test'.
> There were failing tests. See the report at: file:///app/backend/build/reports/tests/test/index.html

* Try:
> Run with --scan to generate a Build Scan (powered by Develocity).

BUILD FAILED in 23s
5 actionable tasks: 2 executed, 3 up-to-date
Configuration cache entry reused.
