Downloading https://services.gradle.org/distributions/gradle-9.2.1-bin.zip
............10%.............20%.............30%.............40%.............50%.............60%.............70%.............80%.............90%.............100%

Welcome to Gradle 9.2.1!

Here are the highlights of this release:
 - Windows ARM support
 - Improved publishing APIs
 - Better guidance for dependency verification failures

For more details see https://docs.gradle.org/9.2.1/release-notes.html

Starting a Gradle Daemon (subsequent builds will be faster)
Calculating task graph as no cached configuration is available for tasks: :backend:test
> Task :backend:processTestResources
> Task :backend:processResources
> Task :backend:compileJava
> Task :backend:classes
> Task :backend:compileTestJava
> Task :backend:testClasses
> Task :backend:test

CDU-14: Analisar revisão de cadastro de atividades e conhecimentos > Endpoints de Consulta > Deve retornar impactos no mapa corretamente FAILED
    java.lang.AssertionError: JSON path "$.temImpactos"
    Expected: is <true>
         but: was <false>
        at org.hamcrest.MatcherAssert.assertThat(MatcherAssert.java:20)
        at org.springframework.test.util.JsonPathExpectationsHelper.assertValue(JsonPathExpectationsHelper.java:107)
        at org.springframework.test.web.servlet.result.JsonPathResultMatchers.lambda$value$0(JsonPathResultMatchers.java:87)
        at org.springframework.test.web.servlet.MockMvc$1.andExpect(MockMvc.java:212)
        at sgc.integracao.CDU14IntegrationTest$EndpointsDeConsulta.deveRetornarImpactosNoMapa(CDU14IntegrationTest.java:414)

CDU-14: Analisar revisão de cadastro de atividades e conhecimentos > Fluxo de Homologação > ADMIN homologa COM impactos, alterando status e criando movimentação FAILED
    org.opentest4j.AssertionFailedError:
    expected: REVISAO_CADASTRO_HOMOLOGADA
     but was: REVISAO_MAPA_HOMOLOGADO
        at app//sgc.integracao.CDU14IntegrationTest$Homologacao.adminHomologaComImpactos(CDU14IntegrationTest.java:360)

Testes de Segurança do Actuator > Deve permitir acesso de ADMIN ao Actuator FAILED
    java.lang.AssertionError: Status expected:<200> but was:<401>
        at org.springframework.test.util.AssertionErrors.fail(AssertionErrors.java:62)
        at org.springframework.test.util.AssertionErrors.assertEquals(AssertionErrors.java:129)
        at org.springframework.test.web.servlet.result.StatusResultMatchers.lambda$matcher$0(StatusResultMatchers.java:600)
        at org.springframework.test.web.servlet.MockMvc$1.andExpect(MockMvc.java:212)
        at sgc.security.ActuatorSecurityTest.devePermitirAcessoAdminAoActuator(ActuatorSecurityTest.java:42)

Testes de Segurança do Actuator > Deve negar acesso de usuário comum ao Actuator FAILED
    java.lang.AssertionError: Status expected:<403> but was:<401>
        at org.springframework.test.util.AssertionErrors.fail(AssertionErrors.java:62)
        at org.springframework.test.util.AssertionErrors.assertEquals(AssertionErrors.java:129)
        at org.springframework.test.web.servlet.result.StatusResultMatchers.lambda$matcher$0(StatusResultMatchers.java:600)
        at org.springframework.test.web.servlet.MockMvc$1.andExpect(MockMvc.java:212)
        at sgc.security.ActuatorSecurityTest.deveNegarAcessoUsuarioComumAoActuator(ActuatorSecurityTest.java:52)

Integração com Acesso AD de desenvolvimento > Deve verificar configuração do cliente AD SKIPPED

Integração com Acesso AD de desenvolvimento > Deve falhar ao tentar autenticar com título inexistente SKIPPED

Integração com Acesso AD de desenvolvimento > Deve autenticar com sucesso usando credenciais reais válidas SKIPPED

Integração com Acesso AD de desenvolvimento > Deve falhar ao tentar autenticar com senha inválida SKIPPED

572 tests completed, 4 failed, 4 skipped

> Task :backend:test FAILED

FAILURE: Build failed with an exception.

* What went wrong:
Execution failed for task ':backend:test'.
> There were failing tests. See the report at: file:///app/backend/build/reports/tests/test/index.html

* Try:
> Run with --scan to generate a Build Scan (powered by Develocity).

BUILD FAILED in 3m 21s
5 actionable tasks: 5 executed
Configuration cache entry stored.
