Calculating task graph as no cached configuration is available for tasks: :backend:test --tests sgc.alerta.dto.AlertaMapperTest --tests sgc.atividade.AtividadeServiceTest --tests sgc.sgrh.SgrhServiceTest
> Task :backend:processResources UP-TO-DATE
> Task :backend:processTestResources UP-TO-DATE
> Task :backend:compileJava UP-TO-DATE
> Task :backend:classes UP-TO-DATE
> Task :backend:compileTestJava
> Task :backend:testClasses

> Task :backend:test

SgrhServiceTest > testBuscarResponsavelUnidade() FAILED
    org.opentest4j.AssertionFailedError: expected: <6> but was: <777>
        at app//org.junit.jupiter.api.AssertionFailureBuilder.build(AssertionFailureBuilder.java:158)
        at app//org.junit.jupiter.api.AssertionFailureBuilder.buildAndThrow(AssertionFailureBuilder.java:139)
        at app//org.junit.jupiter.api.AssertEquals.failNotEqual(AssertEquals.java:201)
        at app//org.junit.jupiter.api.AssertEquals.assertEquals(AssertEquals.java:184)
        at app//org.junit.jupiter.api.AssertEquals.assertEquals(AssertEquals.java:179)
        at app//org.junit.jupiter.api.Assertions.assertEquals(Assertions.java:1188)
        at app//sgc.sgrh.SgrhServiceTest.testBuscarResponsavelUnidade(SgrhServiceTest.java:119)

SgrhServiceTest > testBuscarUnidadesOndeEhResponsavel() FAILED
    org.opentest4j.AssertionFailedError: expected: <false> but was: <true>
        at app//org.junit.jupiter.api.AssertionFailureBuilder.build(AssertionFailureBuilder.java:158)
        at app//org.junit.jupiter.api.AssertionFailureBuilder.buildAndThrow(AssertionFailureBuilder.java:139)
        at app//org.junit.jupiter.api.AssertFalse.failNotFalse(AssertFalse.java:69)
        at app//org.junit.jupiter.api.AssertFalse.assertFalse(AssertFalse.java:41)
        at app//org.junit.jupiter.api.AssertFalse.assertFalse(AssertFalse.java:35)
        at app//org.junit.jupiter.api.Assertions.assertFalse(Assertions.java:246)
        at app//sgc.sgrh.SgrhServiceTest.testBuscarUnidadesOndeEhResponsavel(SgrhServiceTest.java:128)

SgrhServiceTest > testBuscarResponsaveisUnidades() FAILED
    org.opentest4j.AssertionFailedError: expected: <true> but was: <false>
        at app//org.junit.jupiter.api.AssertionFailureBuilder.build(AssertionFailureBuilder.java:158)
        at app//org.junit.jupiter.api.AssertionFailureBuilder.buildAndThrow(AssertionFailureBuilder.java:139)
        at app//org.junit.jupiter.api.AssertTrue.failNotTrue(AssertTrue.java:69)
        at app//org.junit.jupiter.api.AssertTrue.assertTrue(AssertTrue.java:41)
        at app//org.junit.jupiter.api.AssertTrue.assertTrue(AssertTrue.java:35)
        at app//org.junit.jupiter.api.Assertions.assertTrue(Assertions.java:195)
        at app//sgc.sgrh.SgrhServiceTest.testBuscarResponsaveisUnidades(SgrhServiceTest.java:178)

40 tests completed, 3 failed

> Task :backend:test FAILED

FAILURE: Build failed with an exception.

* What went wrong:
Execution failed for task ':backend:test'.
> There were failing tests. See the report at: file:///app/backend/build/reports/tests/test/index.html

* Try:
> Run with --scan to generate a Build Scan (powered by Develocity).

BUILD FAILED in 25s
5 actionable tasks: 2 executed, 3 up-to-date
Configuration cache entry stored.
