Reusing configuration cache.
> Task :backend:processResources UP-TO-DATE
> Task :backend:processTestResources UP-TO-DATE
> Task :backend:compileJava UP-TO-DATE
> Task :backend:classes UP-TO-DATE
> Task :backend:compileTestJava
> Task :backend:testClasses

> Task :backend:test

CDU-14: Analisar revisão de cadastro de atividades e conhecimentos > Endpoints de Consulta > Deve retornar impactos no mapa corretamente FAILED
    java.lang.AssertionError: JSON path "$.temImpactos"
    Expected: is <true>
         but: was <false>
        at org.hamcrest.MatcherAssert.assertThat(MatcherAssert.java:20)
        at org.springframework.test.util.JsonPathExpectationsHelper.assertValue(JsonPathExpectationsHelper.java:107)
        at org.springframework.test.web.servlet.result.JsonPathResultMatchers.lambda$value$0(JsonPathResultMatchers.java:87)
        at org.springframework.test.web.servlet.MockMvc$1.andExpect(MockMvc.java:212)
        at sgc.integracao.CDU14IntegrationTest$EndpointsDeConsulta.deveRetornarImpactosNoMapa(CDU14IntegrationTest.java:430)

CDU-14: Analisar revisão de cadastro de atividades e conhecimentos > Fluxo de Homologação > ADMIN homologa COM impactos, alterando status e criando movimentação FAILED
    org.opentest4j.AssertionFailedError:
    expected: REVISAO_CADASTRO_HOMOLOGADA
     but was: REVISAO_MAPA_HOMOLOGADO
        at app//sgc.integracao.CDU14IntegrationTest$Homologacao.adminHomologaComImpactos(CDU14IntegrationTest.java:376)

11 tests completed, 2 failed

> Task :backend:test FAILED

FAILURE: Build failed with an exception.

* What went wrong:
Execution failed for task ':backend:test'.
> There were failing tests. See the report at: file:///app/backend/build/reports/tests/test/index.html

* Try:
> Run with --scan to generate a Build Scan (powered by Develocity).

BUILD FAILED in 34s
5 actionable tasks: 2 executed, 3 up-to-date
Configuration cache entry reused.
