Calculating task graph as no cached configuration is available for tasks: clean test
> Task :frontend:clean UP-TO-DATE
> Task :frontend:processResources NO-SOURCE
> Task :frontend:compileJava NO-SOURCE
> Task :frontend:processTestResources NO-SOURCE
> Task :frontend:classes UP-TO-DATE
> Task :clean
> Task :frontend:compileTestJava NO-SOURCE
> Task :frontend:testClasses UP-TO-DATE
> Task :frontend:test NO-SOURCE
> Task :backend:clean
> Task :backend:processTestResources
> Task :backend:processResources
> Task :backend:compileJava
> Task :backend:classes
> Task :backend:compileTestJava
> Task :backend:testClasses
> Task :backend:test

CDU-13: Analisar cadastro de atividades e conhecimentos > Deve retornar o histórico de devoluções e aceites ordenado FAILED
    java.lang.AssertionError: Status expected:<200> but was:<403>
        at org.springframework.test.util.AssertionErrors.fail(AssertionErrors.java:62)
        at org.springframework.test.util.AssertionErrors.assertEquals(AssertionErrors.java:129)
        at org.springframework.test.web.servlet.result.StatusResultMatchers.lambda$matcher$0(StatusResultMatchers.java:600)
        at org.springframework.test.web.servlet.MockMvc$1.andExpect(MockMvc.java:212)
        at sgc.integracao.CDU13IntegrationTest.getHistorico_deveRetornarAcoesOrdenadas(CDU13IntegrationTest.java:319)
  Resultado: FAILURE
  Total:     1384 testes executados
  + Passou:   1383
  - Falhou:   1
  ○ Ignorado: 0
  Tempo:     110.341s

1384 tests completed, 1 failed

> Task :backend:test FAILED

FAILURE: Build failed with an exception.

* What went wrong:
Execution failed for task ':backend:test'.
> There were failing tests. See the report at: file:///app/backend/build/reports/tests/test/index.html

* Try:
> Run with --scan to get full insights from a Build Scan (powered by Develocity).

BUILD FAILED in 2m 18s
8 actionable tasks: 7 executed, 1 up-to-date
Configuration cache entry stored.
