Reusing configuration cache.
> Task :frontend:compileJava NO-SOURCE
> Task :backend:processResources UP-TO-DATE
> Task :backend:processTestResources UP-TO-DATE
> Task :frontend:processTestResources NO-SOURCE
> Task :frontend:processResources NO-SOURCE
> Task :frontend:classes UP-TO-DATE
> Task :frontend:compileTestJava NO-SOURCE
> Task :frontend:testClasses UP-TO-DATE
> Task :frontend:test NO-SOURCE
> Task :backend:compileJava UP-TO-DATE
> Task :backend:classes UP-TO-DATE
> Task :backend:compileTestJava
> Task :backend:testClasses
> Task :backend:test

CDU-13: Analisar cadastro de atividades e conhecimentos > Deve retornar o histórico de devoluções e aceites ordenado FAILED
    java.lang.AssertionError: Status expected:<200> but was:<403>
        at org.springframework.test.util.AssertionErrors.fail(AssertionErrors.java:62)
        at org.springframework.test.util.AssertionErrors.assertEquals(AssertionErrors.java:129)
        at org.springframework.test.web.servlet.result.StatusResultMatchers.lambda$matcher$0(StatusResultMatchers.java:600)
        at org.springframework.test.web.servlet.MockMvc$1.andExpect(MockMvc.java:212)
        at sgc.integracao.CDU13IntegrationTest.getHistorico_deveRetornarAcoesOrdenadas(CDU13IntegrationTest.java:319)

SubprocessoAccessPolicyTest > canExecute - VerificarImpactos - Complex Logic FAILED
    org.opentest4j.AssertionFailedError: expected: <true> but was: <false>
        at app//org.junit.jupiter.api.AssertionFailureBuilder.build(AssertionFailureBuilder.java:158)
        at app//org.junit.jupiter.api.AssertionFailureBuilder.buildAndThrow(AssertionFailureBuilder.java:139)
        at app//org.junit.jupiter.api.AssertTrue.failNotTrue(AssertTrue.java:69)
        at app//org.junit.jupiter.api.AssertTrue.assertTrue(AssertTrue.java:41)
        at app//org.junit.jupiter.api.AssertTrue.assertTrue(AssertTrue.java:35)
        at app//org.junit.jupiter.api.Assertions.assertTrue(Assertions.java:195)
        at app//sgc.seguranca.acesso.SubprocessoAccessPolicyTest.canExecute_VerificarImpactos_Complex(SubprocessoAccessPolicyTest.java:198)
  Resultado: FAILURE
  Total:     1381 testes executados
  + Passou:   1379
  - Falhou:   2
  ○ Ignorado: 0
  Tempo:     112.089s

1381 tests completed, 2 failed

> Task :backend:test FAILED

FAILURE: Build failed with an exception.

* What went wrong:
Execution failed for task ':backend:test'.
> There were failing tests. See the report at: file:///app/backend/build/reports/tests/test/index.html

* Try:
> Run with --scan to get full insights from a Build Scan (powered by Develocity).

BUILD FAILED in 1m 57s
5 actionable tasks: 2 executed, 3 up-to-date
Configuration cache entry reused.
