Reusing configuration cache.
> Task :backend:processTestResources UP-TO-DATE
> Task :frontend:compileJava NO-SOURCE
> Task :backend:processResources UP-TO-DATE
> Task :frontend:processTestResources NO-SOURCE
> Task :frontend:processResources NO-SOURCE
> Task :frontend:classes UP-TO-DATE
> Task :frontend:compileTestJava NO-SOURCE
> Task :frontend:testClasses UP-TO-DATE
> Task :frontend:test NO-SOURCE
> Task :backend:compileJava UP-TO-DATE
> Task :backend:classes UP-TO-DATE
> Task :backend:compileTestJava
> Task :backend:testClasses
> Task :backend:test

CDU-10: Disponibilizar Revisão do Cadastro de Atividades e Conhecimentos > Deve excluir histórico de análises anteriores quando disponibilizar revisão novamente FAILED
    java.lang.AssertionError: Status expected:<200> but was:<403>
        at org.springframework.test.util.AssertionErrors.fail(AssertionErrors.java:62)
        at org.springframework.test.util.AssertionErrors.assertEquals(AssertionErrors.java:129)
        at org.springframework.test.web.servlet.result.StatusResultMatchers.lambda$matcher$0(StatusResultMatchers.java:600)
        at org.springframework.test.web.servlet.MockMvc$1.andExpect(MockMvc.java:212)
        at sgc.integracao.CDU10IntegrationTest.deveExcluirHistoricoAposNovaDisponibilizacao(CDU10IntegrationTest.java:240)

CDU-13: Analisar cadastro de atividades e conhecimentos > Deve retornar o histórico de devoluções e aceites ordenado FAILED
    java.lang.AssertionError: Status expected:<200> but was:<403>
        at org.springframework.test.util.AssertionErrors.fail(AssertionErrors.java:62)
        at org.springframework.test.util.AssertionErrors.assertEquals(AssertionErrors.java:129)
        at org.springframework.test.web.servlet.result.StatusResultMatchers.lambda$matcher$0(StatusResultMatchers.java:600)
        at org.springframework.test.web.servlet.MockMvc$1.andExpect(MockMvc.java:212)
        at sgc.integracao.CDU13IntegrationTest.getHistorico_deveRetornarAcoesOrdenadas(CDU13IntegrationTest.java:319)

CDU-17: Disponibilizar Mapa de Competências > Testes de Sucesso > Deve disponibilizar mapa quando todos os dados estão corretos FAILED
    java.lang.AssertionError:
    Expected size: 1 but was: 2 in:
    [Movimentacao[codigo=90010], Movimentacao[codigo=90009]]
        at sgc.integracao.CDU17IntegrationTest$Sucesso.disponibilizarMapa_comDadosValidos_retornaOk(CDU17IntegrationTest.java:179)

SubprocessoAccessPolicyTest > canExecute - Admin Localização (Escrita) FAILED
    org.opentest4j.AssertionFailedError: expected: <true> but was: <false>
        at app//org.junit.jupiter.api.AssertionFailureBuilder.build(AssertionFailureBuilder.java:158)
        at app//org.junit.jupiter.api.AssertionFailureBuilder.buildAndThrow(AssertionFailureBuilder.java:139)
        at app//org.junit.jupiter.api.AssertTrue.failNotTrue(AssertTrue.java:69)
        at app//org.junit.jupiter.api.AssertTrue.assertTrue(AssertTrue.java:41)
        at app//org.junit.jupiter.api.AssertTrue.assertTrue(AssertTrue.java:35)
        at app//org.junit.jupiter.api.Assertions.assertTrue(Assertions.java:195)
        at app//sgc.seguranca.acesso.SubprocessoAccessPolicyTest.canExecute_AdminLocalizacao_Escrita(SubprocessoAccessPolicyTest.java:174)

SubprocessoAccessPolicyTest > canExecute - VerificarImpactos - Complex Logic FAILED
    org.opentest4j.AssertionFailedError: expected: <true> but was: <false>
        at app//org.junit.jupiter.api.AssertionFailureBuilder.build(AssertionFailureBuilder.java:158)
        at app//org.junit.jupiter.api.AssertionFailureBuilder.buildAndThrow(AssertionFailureBuilder.java:139)
        at app//org.junit.jupiter.api.AssertTrue.failNotTrue(AssertTrue.java:69)
        at app//org.junit.jupiter.api.AssertTrue.assertTrue(AssertTrue.java:41)
        at app//org.junit.jupiter.api.AssertTrue.assertTrue(AssertTrue.java:35)
        at app//org.junit.jupiter.api.Assertions.assertTrue(Assertions.java:195)
        at app//sgc.seguranca.acesso.SubprocessoAccessPolicyTest.canExecute_VerificarImpactos_Complex(SubprocessoAccessPolicyTest.java:190)
  Resultado: FAILURE
  Total:     1380 testes executados
  + Passou:   1375
  - Falhou:   5
  ○ Ignorado: 0
  Tempo:     111.523s

1380 tests completed, 5 failed

> Task :backend:test FAILED

FAILURE: Build failed with an exception.

* What went wrong:
Execution failed for task ':backend:test'.
> There were failing tests. See the report at: file:///app/backend/build/reports/tests/test/index.html

* Try:
> Run with --scan to get full insights from a Build Scan (powered by Develocity).

BUILD FAILED in 1m 55s
5 actionable tasks: 2 executed, 3 up-to-date
Configuration cache entry reused.
