{"C:\\sgc\\src\\components\\BarraNavegacao.vue": {"path":"C:\\sgc\\src\\components\\BarraNavegacao.vue","all":false,"statementMap":{"1":{"start":{"line":2,"column":0},"end":{"line":2,"column":47}},"2":{"start":{"line":3,"column":0},"end":{"line":3,"column":11}},"3":{"start":{"line":4,"column":0},"end":{"line":4,"column":33}},"4":{"start":{"line":5,"column":0},"end":{"line":5,"column":46}},"5":{"start":{"line":6,"column":0},"end":{"line":6,"column":19}},"6":{"start":{"line":7,"column":0},"end":{"line":7,"column":21}},"8":{"start":{"line":9,"column":0},"end":{"line":9,"column":43}},"9":{"start":{"line":10,"column":0},"end":{"line":10,"column":13}},"11":{"start":{"line":12,"column":0},"end":{"line":12,"column":8}},"12":{"start":{"line":13,"column":0},"end":{"line":13,"column":34}},"13":{"start":{"line":14,"column":0},"end":{"line":14,"column":29}},"14":{"start":{"line":15,"column":0},"end":{"line":15,"column":31}},"16":{"start":{"line":17,"column":0},"end":{"line":17,"column":34}},"17":{"start":{"line":18,"column":0},"end":{"line":18,"column":11}},"18":{"start":{"line":19,"column":0},"end":{"line":19,"column":42}},"19":{"start":{"line":20,"column":0},"end":{"line":20,"column":22}},"20":{"start":{"line":21,"column":0},"end":{"line":21,"column":58}},"21":{"start":{"line":22,"column":0},"end":{"line":22,"column":29}},"22":{"start":{"line":23,"column":0},"end":{"line":23,"column":33}},"23":{"start":{"line":24,"column":0},"end":{"line":24,"column":39}},"25":{"start":{"line":26,"column":0},"end":{"line":26,"column":22}},"26":{"start":{"line":27,"column":0},"end":{"line":27,"column":56}},"27":{"start":{"line":28,"column":0},"end":{"line":28,"column":26}},"29":{"start":{"line":30,"column":0},"end":{"line":30,"column":14}},"30":{"start":{"line":31,"column":0},"end":{"line":31,"column":33}},"31":{"start":{"line":32,"column":0},"end":{"line":32,"column":33}},"32":{"start":{"line":33,"column":0},"end":{"line":33,"column":38}},"33":{"start":{"line":34,"column":0},"end":{"line":34,"column":48}},"34":{"start":{"line":35,"column":0},"end":{"line":35,"column":14}},"35":{"start":{"line":36,"column":0},"end":{"line":36,"column":49}},"36":{"start":{"line":37,"column":0},"end":{"line":37,"column":24}},"37":{"start":{"line":38,"column":0},"end":{"line":38,"column":23}},"38":{"start":{"line":39,"column":0},"end":{"line":39,"column":29}},"39":{"start":{"line":40,"column":0},"end":{"line":40,"column":17}},"40":{"start":{"line":41,"column":0},"end":{"line":41,"column":13}},"41":{"start":{"line":42,"column":0},"end":{"line":42,"column":11}},"42":{"start":{"line":43,"column":0},"end":{"line":43,"column":10}},"43":{"start":{"line":44,"column":0},"end":{"line":44,"column":8}},"47":{"start":{"line":48,"column":0},"end":{"line":48,"column":29}},"48":{"start":{"line":49,"column":0},"end":{"line":49,"column":75}},"49":{"start":{"line":50,"column":0},"end":{"line":50,"column":47}},"50":{"start":{"line":51,"column":0},"end":{"line":51,"column":37}},"52":{"start":{"line":53,"column":0},"end":{"line":53,"column":25}},"53":{"start":{"line":54,"column":0},"end":{"line":54,"column":27}},"61":{"start":{"line":62,"column":0},"end":{"line":62,"column":19}},"62":{"start":{"line":63,"column":0},"end":{"line":63,"column":16}},"63":{"start":{"line":64,"column":0},"end":{"line":64,"column":1}},"65":{"start":{"line":66,"column":0},"end":{"line":66,"column":97}},"67":{"start":{"line":68,"column":0},"end":{"line":68,"column":98}},"69":{"start":{"line":70,"column":0},"end":{"line":70,"column":45}},"70":{"start":{"line":71,"column":0},"end":{"line":71,"column":96}},"71":{"start":{"line":72,"column":0},"end":{"line":72,"column":30}},"72":{"start":{"line":73,"column":0},"end":{"line":73,"column":34}},"73":{"start":{"line":74,"column":0},"end":{"line":74,"column":49}},"76":{"start":{"line":77,"column":0},"end":{"line":77,"column":97}},"77":{"start":{"line":78,"column":0},"end":{"line":78,"column":22}},"78":{"start":{"line":79,"column":0},"end":{"line":79,"column":24}},"79":{"start":{"line":80,"column":0},"end":{"line":80,"column":81}},"80":{"start":{"line":81,"column":0},"end":{"line":81,"column":7}},"81":{"start":{"line":82,"column":0},"end":{"line":82,"column":3}},"84":{"start":{"line":85,"column":0},"end":{"line":85,"column":28}},"86":{"start":{"line":87,"column":0},"end":{"line":87,"column":28}},"87":{"start":{"line":88,"column":0},"end":{"line":88,"column":24}},"88":{"start":{"line":89,"column":0},"end":{"line":89,"column":45}},"89":{"start":{"line":90,"column":0},"end":{"line":90,"column":121}},"90":{"start":{"line":91,"column":0},"end":{"line":91,"column":9}},"91":{"start":{"line":92,"column":0},"end":{"line":92,"column":37}},"92":{"start":{"line":93,"column":0},"end":{"line":93,"column":24}},"93":{"start":{"line":94,"column":0},"end":{"line":94,"column":45}},"94":{"start":{"line":95,"column":0},"end":{"line":95,"column":78}},"95":{"start":{"line":96,"column":0},"end":{"line":96,"column":9}},"96":{"start":{"line":97,"column":0},"end":{"line":97,"column":5}},"97":{"start":{"line":98,"column":0},"end":{"line":98,"column":3}},"100":{"start":{"line":101,"column":0},"end":{"line":101,"column":43}},"101":{"start":{"line":102,"column":0},"end":{"line":102,"column":59}},"103":{"start":{"line":104,"column":0},"end":{"line":104,"column":35}},"104":{"start":{"line":105,"column":0},"end":{"line":105,"column":61}},"105":{"start":{"line":106,"column":0},"end":{"line":106,"column":63}},"106":{"start":{"line":107,"column":0},"end":{"line":107,"column":66}},"107":{"start":{"line":108,"column":0},"end":{"line":108,"column":56}},"108":{"start":{"line":109,"column":0},"end":{"line":109,"column":7}},"109":{"start":{"line":110,"column":0},"end":{"line":110,"column":3}},"113":{"start":{"line":114,"column":0},"end":{"line":114,"column":78}},"114":{"start":{"line":115,"column":0},"end":{"line":115,"column":67}},"117":{"start":{"line":118,"column":0},"end":{"line":118,"column":56}},"118":{"start":{"line":119,"column":0},"end":{"line":119,"column":56}},"119":{"start":{"line":120,"column":0},"end":{"line":120,"column":7}},"120":{"start":{"line":121,"column":0},"end":{"line":121,"column":3}},"123":{"start":{"line":124,"column":0},"end":{"line":124,"column":70}},"124":{"start":{"line":125,"column":0},"end":{"line":125,"column":30}},"125":{"start":{"line":126,"column":0},"end":{"line":126,"column":3}},"127":{"start":{"line":128,"column":0},"end":{"line":128,"column":21}},"128":{"start":{"line":129,"column":0},"end":{"line":129,"column":3}}},"s":{"1":1,"2":1,"3":1,"4":1,"5":1,"6":1,"8":1,"9":1,"11":1,"12":1,"13":1,"14":1,"16":1,"17":1,"18":1,"19":1,"20":1,"21":1,"22":1,"23":1,"25":1,"26":1,"27":17,"29":17,"30":17,"31":17,"32":17,"33":17,"34":17,"35":5,"36":17,"37":17,"38":12,"39":1,"40":1,"41":1,"42":1,"43":1,"47":1,"48":1,"49":1,"50":1,"52":1,"53":1,"61":1,"62":1,"63":1,"65":1,"67":1,"69":1,"70":15,"71":15,"72":15,"73":15,"76":15,"77":2,"78":2,"79":2,"80":2,"81":2,"84":15,"86":6,"87":4,"88":4,"89":4,"90":4,"91":6,"92":2,"93":2,"94":2,"95":2,"96":2,"97":6,"100":15,"101":15,"103":15,"104":15,"105":3,"106":15,"107":12,"108":12,"109":15,"113":15,"114":15,"117":15,"118":12,"119":12,"120":15,"123":15,"124":0,"125":0,"127":15,"128":1},"branchMap":{"0":{"type":"branch","line":62,"loc":{"start":{"line":62,"column":0},"end":{"line":64,"column":1}},"locations":[{"start":{"line":62,"column":0},"end":{"line":64,"column":1}}]},"1":{"type":"branch","line":66,"loc":{"start":{"line":66,"column":38},"end":{"line":66,"column":95}},"locations":[{"start":{"line":66,"column":38},"end":{"line":66,"column":95}}]},"2":{"type":"branch","line":66,"loc":{"start":{"line":66,"column":59},"end":{"line":66,"column":95}},"locations":[{"start":{"line":66,"column":59},"end":{"line":66,"column":95}}]},"3":{"type":"branch","line":68,"loc":{"start":{"line":68,"column":39},"end":{"line":68,"column":96}},"locations":[{"start":{"line":68,"column":39},"end":{"line":68,"column":96}}]},"4":{"type":"branch","line":68,"loc":{"start":{"line":68,"column":60},"end":{"line":68,"column":96}},"locations":[{"start":{"line":68,"column":60},"end":{"line":68,"column":96}}]},"5":{"type":"branch","line":70,"loc":{"start":{"line":70,"column":24},"end":{"line":129,"column":1}},"locations":[{"start":{"line":70,"column":24},"end":{"line":129,"column":1}}]},"6":{"type":"branch","line":77,"loc":{"start":{"line":77,"column":13},"end":{"line":77,"column":96}},"locations":[{"start":{"line":77,"column":13},"end":{"line":77,"column":96}}]},"7":{"type":"branch","line":77,"loc":{"start":{"line":77,"column":53},"end":{"line":77,"column":96}},"locations":[{"start":{"line":77,"column":53},"end":{"line":77,"column":96}}]},"8":{"type":"branch","line":77,"loc":{"start":{"line":77,"column":96},"end":{"line":82,"column":3}},"locations":[{"start":{"line":77,"column":96},"end":{"line":82,"column":3}}]},"9":{"type":"branch","line":85,"loc":{"start":{"line":85,"column":27},"end":{"line":98,"column":3}},"locations":[{"start":{"line":85,"column":27},"end":{"line":98,"column":3}}]},"10":{"type":"branch","line":87,"loc":{"start":{"line":87,"column":27},"end":{"line":92,"column":11}},"locations":[{"start":{"line":87,"column":27},"end":{"line":92,"column":11}}]},"11":{"type":"branch","line":92,"loc":{"start":{"line":92,"column":4},"end":{"line":97,"column":5}},"locations":[{"start":{"line":92,"column":4},"end":{"line":97,"column":5}}]},"12":{"type":"branch","line":105,"loc":{"start":{"line":105,"column":60},"end":{"line":107,"column":17}},"locations":[{"start":{"line":105,"column":60},"end":{"line":107,"column":17}}]},"13":{"type":"branch","line":107,"loc":{"start":{"line":107,"column":6},"end":{"line":109,"column":7}},"locations":[{"start":{"line":107,"column":6},"end":{"line":109,"column":7}}]},"14":{"type":"branch","line":118,"loc":{"start":{"line":118,"column":55},"end":{"line":120,"column":7}},"locations":[{"start":{"line":118,"column":55},"end":{"line":120,"column":7}}]},"15":{"type":"branch","line":124,"loc":{"start":{"line":124,"column":29},"end":{"line":124,"column":69}},"locations":[{"start":{"line":124,"column":29},"end":{"line":124,"column":69}}]},"16":{"type":"branch","line":124,"loc":{"start":{"line":124,"column":69},"end":{"line":126,"column":3}},"locations":[{"start":{"line":124,"column":69},"end":{"line":126,"column":3}}]},"17":{"type":"branch","line":10,"loc":{"start":{"line":10,"column":4},"end":{"line":10,"column":13}},"locations":[{"start":{"line":10,"column":4},"end":{"line":10,"column":13}}]},"18":{"type":"branch","line":27,"loc":{"start":{"line":27,"column":39},"end":{"line":27,"column":56}},"locations":[{"start":{"line":27,"column":39},"end":{"line":27,"column":56}}]},"19":{"type":"branch","line":27,"loc":{"start":{"line":27,"column":53},"end":{"line":38,"column":23}},"locations":[{"start":{"line":27,"column":53},"end":{"line":38,"column":23}}]},"20":{"type":"branch","line":38,"loc":{"start":{"line":38,"column":10},"end":{"line":39,"column":29}},"locations":[{"start":{"line":38,"column":10},"end":{"line":39,"column":29}}]},"21":{"type":"branch","line":30,"loc":{"start":{"line":30,"column":12},"end":{"line":36,"column":49}},"locations":[{"start":{"line":30,"column":12},"end":{"line":36,"column":49}}]},"22":{"type":"branch","line":36,"loc":{"start":{"line":36,"column":-1},"end":{"line":36,"column":49}},"locations":[{"start":{"line":36,"column":-1},"end":{"line":36,"column":49}}]}},"b":{"0":[1],"1":[17],"2":[15],"3":[17],"4":[15],"5":[15],"6":[5],"7":[4],"8":[2],"9":[6],"10":[4],"11":[2],"12":[3],"13":[12],"14":[12],"15":[11],"16":[0],"17":[5],"18":[17],"19":[17],"20":[12],"21":[17],"22":[5]},"fnMap":{"0":{"name":"goBack","decl":{"start":{"line":62,"column":0},"end":{"line":64,"column":1}},"loc":{"start":{"line":62,"column":0},"end":{"line":64,"column":1}},"line":62}},"f":{"0":1}}
,"C:\\sgc\\src\\components\\ImpactoMapaModal.vue": {"path":"C:\\sgc\\src\\components\\ImpactoMapaModal.vue","all":false,"statementMap":{"1":{"start":{"line":2,"column":0},"end":{"line":2,"column":6}},"2":{"start":{"line":3,"column":0},"end":{"line":3,"column":18}},"3":{"start":{"line":4,"column":0},"end":{"line":4,"column":21}},"4":{"start":{"line":5,"column":0},"end":{"line":5,"column":27}},"5":{"start":{"line":6,"column":0},"end":{"line":6,"column":27}},"6":{"start":{"line":7,"column":0},"end":{"line":7,"column":17}},"7":{"start":{"line":8,"column":0},"end":{"line":8,"column":36}},"9":{"start":{"line":10,"column":0},"end":{"line":10,"column":39}},"10":{"start":{"line":11,"column":0},"end":{"line":11,"column":33}},"11":{"start":{"line":12,"column":0},"end":{"line":12,"column":34}},"12":{"start":{"line":13,"column":0},"end":{"line":13,"column":34}},"14":{"start":{"line":15,"column":0},"end":{"line":15,"column":15}},"15":{"start":{"line":16,"column":0},"end":{"line":16,"column":17}},"16":{"start":{"line":17,"column":0},"end":{"line":17,"column":29}},"17":{"start":{"line":18,"column":0},"end":{"line":18,"column":25}},"18":{"start":{"line":19,"column":0},"end":{"line":19,"column":27}},"19":{"start":{"line":20,"column":0},"end":{"line":20,"column":12}},"20":{"start":{"line":21,"column":0},"end":{"line":21,"column":14}},"21":{"start":{"line":22,"column":0},"end":{"line":22,"column":32}},"22":{"start":{"line":23,"column":0},"end":{"line":23,"column":47}},"23":{"start":{"line":24,"column":0},"end":{"line":24,"column":30}},"24":{"start":{"line":25,"column":0},"end":{"line":25,"column":52}},"25":{"start":{"line":26,"column":0},"end":{"line":26,"column":18}},"26":{"start":{"line":27,"column":0},"end":{"line":27,"column":53}},"27":{"start":{"line":28,"column":0},"end":{"line":28,"column":56}},"29":{"start":{"line":30,"column":0},"end":{"line":30,"column":19}},"30":{"start":{"line":31,"column":0},"end":{"line":31,"column":30}},"31":{"start":{"line":32,"column":0},"end":{"line":32,"column":59}},"33":{"start":{"line":34,"column":0},"end":{"line":34,"column":64}},"35":{"start":{"line":36,"column":0},"end":{"line":36,"column":21}},"36":{"start":{"line":37,"column":0},"end":{"line":37,"column":45}},"37":{"start":{"line":38,"column":0},"end":{"line":38,"column":22}},"38":{"start":{"line":39,"column":0},"end":{"line":39,"column":60}},"39":{"start":{"line":40,"column":0},"end":{"line":40,"column":39}},"40":{"start":{"line":41,"column":0},"end":{"line":41,"column":73}},"42":{"start":{"line":43,"column":0},"end":{"line":43,"column":86}},"43":{"start":{"line":44,"column":0},"end":{"line":44,"column":24}},"44":{"start":{"line":45,"column":0},"end":{"line":45,"column":77}},"45":{"start":{"line":46,"column":0},"end":{"line":46,"column":48}},"46":{"start":{"line":47,"column":0},"end":{"line":47,"column":24}},"47":{"start":{"line":48,"column":0},"end":{"line":48,"column":47}},"48":{"start":{"line":49,"column":0},"end":{"line":49,"column":40}},"49":{"start":{"line":50,"column":0},"end":{"line":50,"column":77}},"50":{"start":{"line":51,"column":0},"end":{"line":51,"column":28}},"51":{"start":{"line":52,"column":0},"end":{"line":52,"column":68}},"52":{"start":{"line":53,"column":0},"end":{"line":53,"column":28}},"53":{"start":{"line":54,"column":0},"end":{"line":54,"column":89}},"54":{"start":{"line":55,"column":0},"end":{"line":55,"column":43}},"56":{"start":{"line":57,"column":0},"end":{"line":57,"column":32}},"57":{"start":{"line":58,"column":0},"end":{"line":58,"column":46}},"58":{"start":{"line":59,"column":0},"end":{"line":59,"column":73}},"59":{"start":{"line":60,"column":0},"end":{"line":60,"column":40}},"60":{"start":{"line":61,"column":0},"end":{"line":61,"column":48}},"61":{"start":{"line":62,"column":0},"end":{"line":62,"column":57}},"62":{"start":{"line":63,"column":0},"end":{"line":63,"column":31}},"63":{"start":{"line":64,"column":0},"end":{"line":64,"column":99}},"64":{"start":{"line":65,"column":0},"end":{"line":65,"column":52}},"65":{"start":{"line":66,"column":0},"end":{"line":66,"column":68}},"67":{"start":{"line":68,"column":0},"end":{"line":68,"column":32}},"68":{"start":{"line":69,"column":0},"end":{"line":69,"column":80}},"69":{"start":{"line":70,"column":0},"end":{"line":70,"column":60}},"70":{"start":{"line":71,"column":0},"end":{"line":71,"column":32}},"71":{"start":{"line":72,"column":0},"end":{"line":72,"column":102}},"72":{"start":{"line":73,"column":0},"end":{"line":73,"column":33}},"73":{"start":{"line":74,"column":0},"end":{"line":74,"column":31}},"74":{"start":{"line":75,"column":0},"end":{"line":75,"column":30}},"75":{"start":{"line":76,"column":0},"end":{"line":76,"column":28}},"76":{"start":{"line":77,"column":0},"end":{"line":77,"column":26}},"77":{"start":{"line":78,"column":0},"end":{"line":78,"column":24}},"78":{"start":{"line":79,"column":0},"end":{"line":79,"column":22}},"79":{"start":{"line":80,"column":0},"end":{"line":80,"column":20}},"81":{"start":{"line":82,"column":0},"end":{"line":82,"column":55}},"82":{"start":{"line":83,"column":0},"end":{"line":83,"column":17}},"83":{"start":{"line":84,"column":0},"end":{"line":84,"column":28}},"84":{"start":{"line":85,"column":0},"end":{"line":85,"column":60}},"86":{"start":{"line":87,"column":0},"end":{"line":87,"column":61}},"88":{"start":{"line":89,"column":0},"end":{"line":89,"column":19}},"89":{"start":{"line":90,"column":0},"end":{"line":90,"column":60}},"90":{"start":{"line":91,"column":0},"end":{"line":91,"column":18}},"91":{"start":{"line":92,"column":0},"end":{"line":92,"column":36}},"92":{"start":{"line":93,"column":0},"end":{"line":93,"column":55}},"93":{"start":{"line":94,"column":0},"end":{"line":94,"column":17}},"95":{"start":{"line":96,"column":0},"end":{"line":96,"column":20}},"96":{"start":{"line":97,"column":0},"end":{"line":97,"column":20}},"97":{"start":{"line":98,"column":0},"end":{"line":98,"column":26}},"98":{"start":{"line":99,"column":0},"end":{"line":99,"column":20}},"99":{"start":{"line":100,"column":0},"end":{"line":100,"column":109}},"100":{"start":{"line":101,"column":0},"end":{"line":101,"column":32}},"101":{"start":{"line":102,"column":0},"end":{"line":102,"column":35}},"103":{"start":{"line":104,"column":0},"end":{"line":104,"column":52}},"104":{"start":{"line":105,"column":0},"end":{"line":105,"column":48}},"105":{"start":{"line":106,"column":0},"end":{"line":106,"column":49}},"106":{"start":{"line":107,"column":0},"end":{"line":107,"column":25}},"107":{"start":{"line":108,"column":0},"end":{"line":108,"column":24}},"108":{"start":{"line":109,"column":0},"end":{"line":109,"column":58}},"109":{"start":{"line":110,"column":0},"end":{"line":110,"column":23}},"110":{"start":{"line":111,"column":0},"end":{"line":111,"column":60}},"111":{"start":{"line":112,"column":0},"end":{"line":112,"column":39}},"112":{"start":{"line":113,"column":0},"end":{"line":113,"column":71}},"114":{"start":{"line":115,"column":0},"end":{"line":115,"column":24}},"115":{"start":{"line":116,"column":0},"end":{"line":116,"column":102}},"116":{"start":{"line":117,"column":0},"end":{"line":117,"column":39}},"117":{"start":{"line":118,"column":0},"end":{"line":118,"column":24}},"118":{"start":{"line":119,"column":0},"end":{"line":119,"column":29}},"119":{"start":{"line":120,"column":0},"end":{"line":120,"column":33}},"120":{"start":{"line":121,"column":0},"end":{"line":121,"column":131}},"122":{"start":{"line":123,"column":0},"end":{"line":123,"column":115}},"123":{"start":{"line":124,"column":0},"end":{"line":124,"column":35}},"124":{"start":{"line":125,"column":0},"end":{"line":125,"column":93}},"125":{"start":{"line":126,"column":0},"end":{"line":126,"column":115}},"126":{"start":{"line":127,"column":0},"end":{"line":127,"column":99}},"127":{"start":{"line":128,"column":0},"end":{"line":128,"column":45}},"128":{"start":{"line":129,"column":0},"end":{"line":129,"column":37}},"129":{"start":{"line":130,"column":0},"end":{"line":130,"column":35}},"130":{"start":{"line":131,"column":0},"end":{"line":131,"column":33}},"131":{"start":{"line":132,"column":0},"end":{"line":132,"column":142}},"133":{"start":{"line":134,"column":0},"end":{"line":134,"column":118}},"134":{"start":{"line":135,"column":0},"end":{"line":135,"column":35}},"135":{"start":{"line":136,"column":0},"end":{"line":136,"column":96}},"136":{"start":{"line":137,"column":0},"end":{"line":137,"column":118}},"137":{"start":{"line":138,"column":0},"end":{"line":138,"column":99}},"138":{"start":{"line":139,"column":0},"end":{"line":139,"column":45}},"139":{"start":{"line":140,"column":0},"end":{"line":140,"column":37}},"140":{"start":{"line":141,"column":0},"end":{"line":141,"column":35}},"141":{"start":{"line":142,"column":0},"end":{"line":142,"column":30}},"142":{"start":{"line":143,"column":0},"end":{"line":143,"column":25}},"143":{"start":{"line":144,"column":0},"end":{"line":144,"column":23}},"144":{"start":{"line":145,"column":0},"end":{"line":145,"column":22}},"145":{"start":{"line":146,"column":0},"end":{"line":146,"column":20}},"146":{"start":{"line":147,"column":0},"end":{"line":147,"column":18}},"148":{"start":{"line":149,"column":0},"end":{"line":149,"column":14}},"150":{"start":{"line":151,"column":0},"end":{"line":151,"column":31}},"152":{"start":{"line":153,"column":0},"end":{"line":153,"column":16}},"153":{"start":{"line":154,"column":0},"end":{"line":154,"column":36}},"154":{"start":{"line":155,"column":0},"end":{"line":155,"column":27}},"156":{"start":{"line":157,"column":0},"end":{"line":157,"column":64}},"157":{"start":{"line":158,"column":0},"end":{"line":158,"column":18}},"158":{"start":{"line":159,"column":0},"end":{"line":159,"column":28}},"160":{"start":{"line":161,"column":0},"end":{"line":161,"column":16}},"161":{"start":{"line":162,"column":0},"end":{"line":162,"column":16}},"162":{"start":{"line":163,"column":0},"end":{"line":163,"column":14}},"163":{"start":{"line":164,"column":0},"end":{"line":164,"column":34}},"164":{"start":{"line":165,"column":0},"end":{"line":165,"column":17}},"165":{"start":{"line":166,"column":0},"end":{"line":166,"column":37}},"166":{"start":{"line":167,"column":0},"end":{"line":167,"column":25}},"167":{"start":{"line":168,"column":0},"end":{"line":168,"column":53}},"168":{"start":{"line":169,"column":0},"end":{"line":169,"column":27}},"169":{"start":{"line":170,"column":0},"end":{"line":170,"column":11}},"171":{"start":{"line":172,"column":0},"end":{"line":172,"column":19}},"172":{"start":{"line":173,"column":0},"end":{"line":173,"column":14}},"173":{"start":{"line":174,"column":0},"end":{"line":174,"column":12}},"174":{"start":{"line":175,"column":0},"end":{"line":175,"column":10}},"175":{"start":{"line":176,"column":0},"end":{"line":176,"column":8}},"176":{"start":{"line":177,"column":0},"end":{"line":177,"column":6}},"177":{"start":{"line":178,"column":0},"end":{"line":178,"column":18}},"178":{"start":{"line":179,"column":0},"end":{"line":179,"column":36}},"179":{"start":{"line":180,"column":0},"end":{"line":180,"column":4}},"183":{"start":{"line":184,"column":0},"end":{"line":184,"column":29}},"184":{"start":{"line":185,"column":0},"end":{"line":185,"column":51}},"185":{"start":{"line":186,"column":0},"end":{"line":186,"column":53}},"186":{"start":{"line":187,"column":0},"end":{"line":187,"column":45}},"187":{"start":{"line":188,"column":0},"end":{"line":188,"column":71}},"190":{"start":{"line":191,"column":0},"end":{"line":191,"column":27}},"196":{"start":{"line":197,"column":0},"end":{"line":197,"column":26}},"200":{"start":{"line":201,"column":0},"end":{"line":201,"column":41}},"201":{"start":{"line":202,"column":0},"end":{"line":202,"column":43}},"202":{"start":{"line":203,"column":0},"end":{"line":203,"column":35}},"203":{"start":{"line":204,"column":0},"end":{"line":204,"column":39}},"205":{"start":{"line":206,"column":0},"end":{"line":206,"column":23}},"206":{"start":{"line":207,"column":0},"end":{"line":207,"column":120}},"207":{"start":{"line":208,"column":0},"end":{"line":208,"column":115}},"208":{"start":{"line":209,"column":0},"end":{"line":209,"column":36}},"209":{"start":{"line":210,"column":0},"end":{"line":210,"column":39}},"210":{"start":{"line":211,"column":0},"end":{"line":211,"column":26}},"211":{"start":{"line":212,"column":0},"end":{"line":212,"column":30}},"212":{"start":{"line":213,"column":0},"end":{"line":213,"column":4}},"213":{"start":{"line":214,"column":0},"end":{"line":214,"column":41}},"214":{"start":{"line":215,"column":0},"end":{"line":215,"column":32}},"215":{"start":{"line":216,"column":0},"end":{"line":216,"column":26}},"216":{"start":{"line":217,"column":0},"end":{"line":217,"column":35}},"217":{"start":{"line":218,"column":0},"end":{"line":218,"column":4}},"218":{"start":{"line":219,"column":0},"end":{"line":219,"column":39}},"219":{"start":{"line":220,"column":0},"end":{"line":220,"column":32}},"220":{"start":{"line":221,"column":0},"end":{"line":221,"column":25}},"221":{"start":{"line":222,"column":0},"end":{"line":222,"column":33}},"222":{"start":{"line":223,"column":0},"end":{"line":223,"column":4}},"223":{"start":{"line":224,"column":0},"end":{"line":224,"column":39}},"224":{"start":{"line":225,"column":0},"end":{"line":225,"column":39}},"225":{"start":{"line":226,"column":0},"end":{"line":226,"column":26}},"226":{"start":{"line":227,"column":0},"end":{"line":227,"column":33}},"227":{"start":{"line":228,"column":0},"end":{"line":228,"column":4}},"228":{"start":{"line":229,"column":0},"end":{"line":229,"column":2}},"230":{"start":{"line":231,"column":0},"end":{"line":231,"column":83}},"231":{"start":{"line":232,"column":0},"end":{"line":232,"column":117}},"233":{"start":{"line":234,"column":0},"end":{"line":234,"column":29}},"234":{"start":{"line":235,"column":0},"end":{"line":235,"column":77}},"235":{"start":{"line":236,"column":0},"end":{"line":236,"column":3}},"237":{"start":{"line":238,"column":0},"end":{"line":238,"column":33}},"238":{"start":{"line":239,"column":0},"end":{"line":239,"column":42}},"239":{"start":{"line":240,"column":0},"end":{"line":240,"column":3}},"241":{"start":{"line":242,"column":0},"end":{"line":242,"column":44}},"242":{"start":{"line":243,"column":0},"end":{"line":243,"column":80}},"243":{"start":{"line":244,"column":0},"end":{"line":244,"column":3}},"245":{"start":{"line":246,"column":0},"end":{"line":246,"column":69}},"246":{"start":{"line":247,"column":0},"end":{"line":247,"column":30}},"247":{"start":{"line":248,"column":0},"end":{"line":248,"column":35}},"248":{"start":{"line":249,"column":0},"end":{"line":249,"column":54}},"249":{"start":{"line":250,"column":0},"end":{"line":250,"column":35}},"250":{"start":{"line":251,"column":0},"end":{"line":251,"column":4}},"251":{"start":{"line":252,"column":0},"end":{"line":252,"column":2}},"253":{"start":{"line":254,"column":0},"end":{"line":254,"column":111}},"254":{"start":{"line":255,"column":0},"end":{"line":255,"column":105}},"256":{"start":{"line":257,"column":0},"end":{"line":257,"column":20}},"257":{"start":{"line":258,"column":0},"end":{"line":258,"column":37}},"258":{"start":{"line":259,"column":0},"end":{"line":259,"column":3}},"259":{"start":{"line":260,"column":0},"end":{"line":260,"column":31}},"261":{"start":{"line":262,"column":0},"end":{"line":262,"column":16}},"262":{"start":{"line":263,"column":0},"end":{"line":263,"column":62}},"263":{"start":{"line":264,"column":0},"end":{"line":264,"column":27}},"265":{"start":{"line":266,"column":0},"end":{"line":266,"column":96}},"266":{"start":{"line":267,"column":0},"end":{"line":267,"column":79}},"267":{"start":{"line":268,"column":0},"end":{"line":268,"column":98}},"268":{"start":{"line":269,"column":0},"end":{"line":269,"column":30}},"269":{"start":{"line":270,"column":0},"end":{"line":270,"column":67}},"270":{"start":{"line":271,"column":0},"end":{"line":271,"column":91}},"271":{"start":{"line":272,"column":0},"end":{"line":272,"column":15}},"272":{"start":{"line":273,"column":0},"end":{"line":273,"column":84}},"273":{"start":{"line":274,"column":0},"end":{"line":274,"column":13}},"274":{"start":{"line":275,"column":0},"end":{"line":275,"column":13}},"275":{"start":{"line":276,"column":0},"end":{"line":276,"column":9}},"278":{"start":{"line":279,"column":0},"end":{"line":279,"column":34}},"279":{"start":{"line":280,"column":0},"end":{"line":280,"column":57}},"280":{"start":{"line":281,"column":0},"end":{"line":281,"column":91}},"281":{"start":{"line":282,"column":0},"end":{"line":282,"column":67}},"282":{"start":{"line":283,"column":0},"end":{"line":283,"column":91}},"283":{"start":{"line":284,"column":0},"end":{"line":284,"column":15}},"284":{"start":{"line":285,"column":0},"end":{"line":285,"column":103}},"285":{"start":{"line":286,"column":0},"end":{"line":286,"column":71}},"286":{"start":{"line":287,"column":0},"end":{"line":287,"column":86}},"287":{"start":{"line":288,"column":0},"end":{"line":288,"column":15}},"288":{"start":{"line":289,"column":0},"end":{"line":289,"column":13}},"289":{"start":{"line":290,"column":0},"end":{"line":290,"column":13}},"290":{"start":{"line":291,"column":0},"end":{"line":291,"column":9}},"291":{"start":{"line":292,"column":0},"end":{"line":292,"column":9}},"292":{"start":{"line":293,"column":0},"end":{"line":293,"column":35}},"293":{"start":{"line":294,"column":0},"end":{"line":294,"column":3}},"295":{"start":{"line":296,"column":0},"end":{"line":296,"column":19}},"296":{"start":{"line":297,"column":0},"end":{"line":297,"column":17}},"297":{"start":{"line":298,"column":0},"end":{"line":298,"column":1}}},"s":{"1":1,"2":1,"3":1,"4":1,"5":1,"6":1,"7":1,"9":1,"10":1,"11":1,"12":1,"14":1,"15":1,"16":1,"17":1,"18":1,"19":1,"20":1,"21":1,"22":1,"23":1,"24":1,"25":1,"26":1,"27":1,"29":1,"30":1,"31":1,"33":1,"35":1,"36":1,"37":1,"38":1,"39":1,"40":1,"42":1,"43":1,"44":1,"45":1,"46":1,"47":1,"48":1,"49":1,"50":1,"51":1,"52":1,"53":1,"54":1,"56":1,"57":1,"58":1,"59":1,"60":1,"61":1,"62":1,"63":1,"64":1,"65":1,"67":1,"68":1,"69":1,"70":1,"71":1,"72":1,"73":1,"74":1,"75":1,"76":1,"77":1,"78":1,"79":1,"81":1,"82":1,"83":1,"84":1,"86":1,"88":1,"89":1,"90":6,"91":6,"92":6,"93":6,"95":6,"96":1,"97":1,"98":1,"99":1,"100":1,"101":1,"103":1,"104":1,"105":1,"106":1,"107":1,"108":1,"109":1,"110":1,"111":1,"112":1,"114":1,"115":1,"116":1,"117":1,"118":1,"119":1,"120":1,"122":1,"123":1,"124":1,"125":1,"126":1,"127":1,"128":1,"129":1,"130":1,"131":1,"133":2,"134":2,"135":1,"136":1,"137":1,"138":1,"139":1,"140":1,"141":1,"142":1,"143":1,"144":1,"145":1,"146":1,"148":1,"150":1,"152":1,"153":1,"154":1,"156":1,"157":1,"158":1,"160":1,"161":1,"162":1,"163":1,"164":1,"165":1,"166":1,"167":1,"168":1,"169":1,"171":1,"172":1,"173":1,"174":1,"175":1,"176":1,"177":1,"178":13,"179":13,"183":1,"184":1,"185":1,"186":1,"187":1,"190":1,"196":1,"200":1,"201":1,"202":1,"203":1,"205":1,"206":1,"207":1,"208":1,"209":1,"210":1,"211":1,"212":1,"213":1,"214":1,"215":1,"216":1,"217":1,"218":1,"219":1,"220":1,"221":1,"222":1,"223":1,"224":1,"225":1,"226":1,"227":1,"228":1,"230":1,"231":1,"233":1,"234":12,"235":1,"237":1,"238":12,"239":1,"241":1,"242":12,"243":1,"245":1,"246":2,"247":2,"248":4,"249":2,"250":2,"251":2,"253":1,"254":12,"256":12,"257":1,"258":1,"259":11,"261":11,"262":11,"263":11,"265":7,"266":1,"267":1,"268":1,"269":1,"270":1,"271":1,"272":1,"273":1,"274":1,"275":1,"278":7,"279":7,"280":14,"281":6,"282":5,"283":5,"284":6,"285":6,"286":5,"287":5,"288":6,"289":7,"290":7,"291":11,"292":11,"293":1,"295":2,"296":2,"297":2},"branchMap":{"0":{"type":"branch","line":231,"loc":{"start":{"line":231,"column":25},"end":{"line":231,"column":81}},"locations":[{"start":{"line":231,"column":25},"end":{"line":231,"column":81}}]},"1":{"type":"branch","line":232,"loc":{"start":{"line":232,"column":48},"end":{"line":232,"column":115}},"locations":[{"start":{"line":232,"column":48},"end":{"line":232,"column":115}}]},"2":{"type":"branch","line":232,"loc":{"start":{"line":232,"column":84},"end":{"line":232,"column":114}},"locations":[{"start":{"line":232,"column":84},"end":{"line":232,"column":114}}]},"3":{"type":"branch","line":234,"loc":{"start":{"line":234,"column":22},"end":{"line":236,"column":1}},"locations":[{"start":{"line":234,"column":22},"end":{"line":236,"column":1}}]},"4":{"type":"branch","line":238,"loc":{"start":{"line":238,"column":26},"end":{"line":240,"column":1}},"locations":[{"start":{"line":238,"column":26},"end":{"line":240,"column":1}}]},"5":{"type":"branch","line":242,"loc":{"start":{"line":242,"column":37},"end":{"line":244,"column":1}},"locations":[{"start":{"line":242,"column":37},"end":{"line":244,"column":1}}]},"6":{"type":"branch","line":243,"loc":{"start":{"line":243,"column":31},"end":{"line":243,"column":78}},"locations":[{"start":{"line":243,"column":31},"end":{"line":243,"column":78}}]},"7":{"type":"branch","line":246,"loc":{"start":{"line":246,"column":31},"end":{"line":252,"column":2}},"locations":[{"start":{"line":246,"column":31},"end":{"line":252,"column":2}}]},"8":{"type":"branch","line":247,"loc":{"start":{"line":247,"column":20},"end":{"line":247,"column":30}},"locations":[{"start":{"line":247,"column":20},"end":{"line":247,"column":30}}]},"9":{"type":"branch","line":248,"loc":{"start":{"line":248,"column":31},"end":{"line":250,"column":35}},"locations":[{"start":{"line":248,"column":31},"end":{"line":250,"column":35}}]},"10":{"type":"branch","line":249,"loc":{"start":{"line":249,"column":29},"end":{"line":250,"column":35}},"locations":[{"start":{"line":249,"column":29},"end":{"line":250,"column":35}}]},"11":{"type":"branch","line":254,"loc":{"start":{"line":254,"column":104},"end":{"line":294,"column":1}},"locations":[{"start":{"line":254,"column":104},"end":{"line":294,"column":1}}]},"12":{"type":"branch","line":257,"loc":{"start":{"line":257,"column":19},"end":{"line":259,"column":3}},"locations":[{"start":{"line":257,"column":19},"end":{"line":259,"column":3}}]},"13":{"type":"branch","line":259,"loc":{"start":{"line":259,"column":2},"end":{"line":293,"column":35}},"locations":[{"start":{"line":259,"column":2},"end":{"line":293,"column":35}}]},"14":{"type":"branch","line":263,"loc":{"start":{"line":263,"column":14},"end":{"line":263,"column":61}},"locations":[{"start":{"line":263,"column":14},"end":{"line":263,"column":61}}]},"15":{"type":"branch","line":264,"loc":{"start":{"line":264,"column":15},"end":{"line":292,"column":7}},"locations":[{"start":{"line":264,"column":15},"end":{"line":292,"column":7}}]},"16":{"type":"branch","line":266,"loc":{"start":{"line":266,"column":95},"end":{"line":276,"column":9}},"locations":[{"start":{"line":266,"column":95},"end":{"line":276,"column":9}}]},"17":{"type":"branch","line":267,"loc":{"start":{"line":267,"column":52},"end":{"line":275,"column":11}},"locations":[{"start":{"line":267,"column":52},"end":{"line":275,"column":11}}]},"18":{"type":"branch","line":268,"loc":{"start":{"line":268,"column":60},"end":{"line":268,"column":96}},"locations":[{"start":{"line":268,"column":60},"end":{"line":268,"column":96}}]},"19":{"type":"branch","line":280,"loc":{"start":{"line":280,"column":41},"end":{"line":290,"column":11}},"locations":[{"start":{"line":280,"column":41},"end":{"line":290,"column":11}}]},"20":{"type":"branch","line":281,"loc":{"start":{"line":281,"column":90},"end":{"line":289,"column":13}},"locations":[{"start":{"line":281,"column":90},"end":{"line":289,"column":13}}]},"21":{"type":"branch","line":282,"loc":{"start":{"line":282,"column":66},"end":{"line":284,"column":15}},"locations":[{"start":{"line":282,"column":66},"end":{"line":284,"column":15}}]},"22":{"type":"branch","line":285,"loc":{"start":{"line":285,"column":88},"end":{"line":285,"column":103}},"locations":[{"start":{"line":285,"column":88},"end":{"line":285,"column":103}}]},"23":{"type":"branch","line":286,"loc":{"start":{"line":286,"column":70},"end":{"line":288,"column":15}},"locations":[{"start":{"line":286,"column":70},"end":{"line":288,"column":15}}]},"24":{"type":"branch","line":286,"loc":{"start":{"line":286,"column":43},"end":{"line":286,"column":67}},"locations":[{"start":{"line":286,"column":43},"end":{"line":286,"column":67}}]},"25":{"type":"branch","line":296,"loc":{"start":{"line":296,"column":0},"end":{"line":298,"column":1}},"locations":[{"start":{"line":296,"column":0},"end":{"line":298,"column":1}}]},"26":{"type":"branch","line":90,"loc":{"start":{"line":90,"column":52},"end":{"line":96,"column":20}},"locations":[{"start":{"line":90,"column":52},"end":{"line":96,"column":20}}]},"27":{"type":"branch","line":149,"loc":{"start":{"line":149,"column":10},"end":{"line":161,"column":16}},"locations":[{"start":{"line":149,"column":10},"end":{"line":161,"column":16}}]},"28":{"type":"branch","line":178,"loc":{"start":{"line":178,"column":10},"end":{"line":180,"column":4}},"locations":[{"start":{"line":178,"column":10},"end":{"line":180,"column":4}}]},"29":{"type":"branch","line":125,"loc":{"start":{"line":125,"column":74},"end":{"line":132,"column":45}},"locations":[{"start":{"line":125,"column":74},"end":{"line":132,"column":45}}]},"30":{"type":"branch","line":132,"loc":{"start":{"line":132,"column":66},"end":{"line":132,"column":142}},"locations":[{"start":{"line":132,"column":66},"end":{"line":132,"column":142}}]},"31":{"type":"branch","line":132,"loc":{"start":{"line":132,"column":121},"end":{"line":136,"column":53}},"locations":[{"start":{"line":132,"column":121},"end":{"line":136,"column":53}}]}},"b":{"0":[13],"1":[12],"2":[12],"3":[12],"4":[12],"5":[12],"6":[8],"7":[2],"8":[0],"9":[4],"10":[2],"11":[12],"12":[1],"13":[11],"14":[8],"15":[7],"16":[1],"17":[1],"18":[1],"19":[14],"20":[6],"21":[5],"22":[0],"23":[5],"24":[1],"25":[2],"26":[6],"27":[1],"28":[13],"29":[1],"30":[1],"31":[2]},"fnMap":{"0":{"name":"conhecimentosAtividade","decl":{"start":{"line":246,"column":31},"end":{"line":252,"column":2}},"loc":{"start":{"line":246,"column":31},"end":{"line":252,"column":2}},"line":246},"1":{"name":"fechar","decl":{"start":{"line":296,"column":0},"end":{"line":298,"column":1}},"loc":{"start":{"line":296,"column":0},"end":{"line":298,"column":1}},"line":296}},"f":{"0":2,"1":2}}
,"C:\\sgc\\src\\components\\ImportarAtividadesModal.vue": {"path":"C:\\sgc\\src\\components\\ImportarAtividadesModal.vue","all":false,"statementMap":{"1":{"start":{"line":2,"column":0},"end":{"line":2,"column":6}},"2":{"start":{"line":3,"column":0},"end":{"line":3,"column":18}},"3":{"start":{"line":4,"column":0},"end":{"line":4,"column":27}},"4":{"start":{"line":5,"column":0},"end":{"line":5,"column":27}},"5":{"start":{"line":6,"column":0},"end":{"line":6,"column":17}},"7":{"start":{"line":8,"column":0},"end":{"line":8,"column":39}},"8":{"start":{"line":9,"column":0},"end":{"line":9,"column":33}},"9":{"start":{"line":10,"column":0},"end":{"line":10,"column":34}},"10":{"start":{"line":11,"column":0},"end":{"line":11,"column":34}},"12":{"start":{"line":13,"column":0},"end":{"line":13,"column":15}},"13":{"start":{"line":14,"column":0},"end":{"line":14,"column":17}},"14":{"start":{"line":15,"column":0},"end":{"line":15,"column":25}},"15":{"start":{"line":16,"column":0},"end":{"line":16,"column":29}},"16":{"start":{"line":17,"column":0},"end":{"line":17,"column":27}},"17":{"start":{"line":18,"column":0},"end":{"line":18,"column":12}},"18":{"start":{"line":19,"column":0},"end":{"line":19,"column":14}},"19":{"start":{"line":20,"column":0},"end":{"line":20,"column":32}},"20":{"start":{"line":21,"column":0},"end":{"line":21,"column":28}},"21":{"start":{"line":22,"column":0},"end":{"line":22,"column":18}},"22":{"start":{"line":23,"column":0},"end":{"line":23,"column":32}},"23":{"start":{"line":24,"column":0},"end":{"line":24,"column":35}},"24":{"start":{"line":25,"column":0},"end":{"line":25,"column":29}},"25":{"start":{"line":26,"column":0},"end":{"line":26,"column":19}},"26":{"start":{"line":27,"column":0},"end":{"line":27,"column":34}},"27":{"start":{"line":28,"column":0},"end":{"line":28,"column":45}},"28":{"start":{"line":29,"column":0},"end":{"line":29,"column":33}},"30":{"start":{"line":31,"column":0},"end":{"line":31,"column":21}},"31":{"start":{"line":32,"column":0},"end":{"line":32,"column":24}},"32":{"start":{"line":33,"column":0},"end":{"line":33,"column":24}},"33":{"start":{"line":34,"column":0},"end":{"line":34,"column":15}},"35":{"start":{"line":36,"column":0},"end":{"line":36,"column":23}},"36":{"start":{"line":37,"column":0},"end":{"line":37,"column":21}},"37":{"start":{"line":38,"column":0},"end":{"line":38,"column":52}},"38":{"start":{"line":39,"column":0},"end":{"line":39,"column":30}},"39":{"start":{"line":40,"column":0},"end":{"line":40,"column":32}},"41":{"start":{"line":42,"column":0},"end":{"line":42,"column":36}},"42":{"start":{"line":43,"column":0},"end":{"line":43,"column":23}},"43":{"start":{"line":44,"column":0},"end":{"line":44,"column":21}},"44":{"start":{"line":45,"column":0},"end":{"line":45,"column":16}},"45":{"start":{"line":46,"column":0},"end":{"line":46,"column":49}},"46":{"start":{"line":47,"column":0},"end":{"line":47,"column":49}},"47":{"start":{"line":48,"column":0},"end":{"line":48,"column":13}},"49":{"start":{"line":50,"column":0},"end":{"line":50,"column":18}},"50":{"start":{"line":51,"column":0},"end":{"line":51,"column":16}},"52":{"start":{"line":53,"column":0},"end":{"line":53,"column":28}},"53":{"start":{"line":54,"column":0},"end":{"line":54,"column":18}},"54":{"start":{"line":55,"column":0},"end":{"line":55,"column":32}},"55":{"start":{"line":56,"column":0},"end":{"line":56,"column":34}},"56":{"start":{"line":57,"column":0},"end":{"line":57,"column":28}},"57":{"start":{"line":58,"column":0},"end":{"line":58,"column":19}},"58":{"start":{"line":59,"column":0},"end":{"line":59,"column":33}},"59":{"start":{"line":60,"column":0},"end":{"line":60,"column":44}},"60":{"start":{"line":61,"column":0},"end":{"line":61,"column":46}},"61":{"start":{"line":62,"column":0},"end":{"line":62,"column":33}},"63":{"start":{"line":64,"column":0},"end":{"line":64,"column":21}},"64":{"start":{"line":65,"column":0},"end":{"line":65,"column":24}},"65":{"start":{"line":66,"column":0},"end":{"line":66,"column":24}},"66":{"start":{"line":67,"column":0},"end":{"line":67,"column":15}},"68":{"start":{"line":69,"column":0},"end":{"line":69,"column":23}},"69":{"start":{"line":70,"column":0},"end":{"line":70,"column":21}},"70":{"start":{"line":71,"column":0},"end":{"line":71,"column":51}},"71":{"start":{"line":72,"column":0},"end":{"line":72,"column":28}},"72":{"start":{"line":73,"column":0},"end":{"line":73,"column":30}},"74":{"start":{"line":75,"column":0},"end":{"line":75,"column":32}},"75":{"start":{"line":76,"column":0},"end":{"line":76,"column":23}},"76":{"start":{"line":77,"column":0},"end":{"line":77,"column":21}},"77":{"start":{"line":78,"column":0},"end":{"line":78,"column":16}},"79":{"start":{"line":80,"column":0},"end":{"line":80,"column":41}},"80":{"start":{"line":81,"column":0},"end":{"line":81,"column":45}},"81":{"start":{"line":82,"column":0},"end":{"line":82,"column":16}},"82":{"start":{"line":83,"column":0},"end":{"line":83,"column":50}},"83":{"start":{"line":84,"column":0},"end":{"line":84,"column":61}},"85":{"start":{"line":86,"column":0},"end":{"line":86,"column":18}},"86":{"start":{"line":87,"column":0},"end":{"line":87,"column":54}},"87":{"start":{"line":88,"column":0},"end":{"line":88,"column":30}},"88":{"start":{"line":89,"column":0},"end":{"line":89,"column":34}},"90":{"start":{"line":91,"column":0},"end":{"line":91,"column":22}},"91":{"start":{"line":92,"column":0},"end":{"line":92,"column":47}},"92":{"start":{"line":93,"column":0},"end":{"line":93,"column":50}},"93":{"start":{"line":94,"column":0},"end":{"line":94,"column":31}},"94":{"start":{"line":95,"column":0},"end":{"line":95,"column":42}},"95":{"start":{"line":96,"column":0},"end":{"line":96,"column":33}},"96":{"start":{"line":97,"column":0},"end":{"line":97,"column":17}},"97":{"start":{"line":98,"column":0},"end":{"line":98,"column":22}},"98":{"start":{"line":99,"column":0},"end":{"line":99,"column":48}},"99":{"start":{"line":100,"column":0},"end":{"line":100,"column":42}},"101":{"start":{"line":102,"column":0},"end":{"line":102,"column":38}},"102":{"start":{"line":103,"column":0},"end":{"line":103,"column":24}},"103":{"start":{"line":104,"column":0},"end":{"line":104,"column":20}},"104":{"start":{"line":105,"column":0},"end":{"line":105,"column":18}},"105":{"start":{"line":106,"column":0},"end":{"line":106,"column":16}},"107":{"start":{"line":108,"column":0},"end":{"line":108,"column":49}},"108":{"start":{"line":109,"column":0},"end":{"line":109,"column":13}},"110":{"start":{"line":111,"column":0},"end":{"line":111,"column":18}},"111":{"start":{"line":112,"column":0},"end":{"line":112,"column":16}},"112":{"start":{"line":113,"column":0},"end":{"line":113,"column":14}},"114":{"start":{"line":115,"column":0},"end":{"line":115,"column":34}},"115":{"start":{"line":116,"column":0},"end":{"line":116,"column":17}},"116":{"start":{"line":117,"column":0},"end":{"line":117,"column":45}},"117":{"start":{"line":118,"column":0},"end":{"line":118,"column":25}},"118":{"start":{"line":119,"column":0},"end":{"line":119,"column":27}},"119":{"start":{"line":120,"column":0},"end":{"line":120,"column":11}},"121":{"start":{"line":122,"column":0},"end":{"line":122,"column":19}},"122":{"start":{"line":123,"column":0},"end":{"line":123,"column":17}},"123":{"start":{"line":124,"column":0},"end":{"line":124,"column":54}},"124":{"start":{"line":125,"column":0},"end":{"line":125,"column":43}},"125":{"start":{"line":126,"column":0},"end":{"line":126,"column":25}},"126":{"start":{"line":127,"column":0},"end":{"line":127,"column":29}},"127":{"start":{"line":128,"column":0},"end":{"line":128,"column":11}},"129":{"start":{"line":130,"column":0},"end":{"line":130,"column":19}},"130":{"start":{"line":131,"column":0},"end":{"line":131,"column":14}},"131":{"start":{"line":132,"column":0},"end":{"line":132,"column":12}},"132":{"start":{"line":133,"column":0},"end":{"line":133,"column":10}},"133":{"start":{"line":134,"column":0},"end":{"line":134,"column":8}},"134":{"start":{"line":135,"column":0},"end":{"line":135,"column":6}},"135":{"start":{"line":136,"column":0},"end":{"line":136,"column":18}},"136":{"start":{"line":137,"column":0},"end":{"line":137,"column":36}},"137":{"start":{"line":138,"column":0},"end":{"line":138,"column":4}},"141":{"start":{"line":142,"column":0},"end":{"line":142,"column":40}},"142":{"start":{"line":143,"column":0},"end":{"line":143,"column":52}},"143":{"start":{"line":144,"column":0},"end":{"line":144,"column":54}},"144":{"start":{"line":145,"column":0},"end":{"line":145,"column":94}},"146":{"start":{"line":147,"column":0},"end":{"line":147,"column":27}},"150":{"start":{"line":151,"column":0},"end":{"line":151,"column":26}},"155":{"start":{"line":156,"column":0},"end":{"line":156,"column":42}},"156":{"start":{"line":157,"column":0},"end":{"line":157,"column":44}},"158":{"start":{"line":159,"column":0},"end":{"line":159,"column":54}},"159":{"start":{"line":160,"column":0},"end":{"line":160,"column":54}},"160":{"start":{"line":161,"column":0},"end":{"line":161,"column":52}},"161":{"start":{"line":162,"column":0},"end":{"line":162,"column":56}},"162":{"start":{"line":163,"column":0},"end":{"line":163,"column":53}},"163":{"start":{"line":164,"column":0},"end":{"line":164,"column":51}},"164":{"start":{"line":165,"column":0},"end":{"line":165,"column":51}},"166":{"start":{"line":167,"column":0},"end":{"line":167,"column":57}},"167":{"start":{"line":168,"column":0},"end":{"line":168,"column":45}},"168":{"start":{"line":169,"column":0},"end":{"line":169,"column":121}},"169":{"start":{"line":170,"column":0},"end":{"line":170,"column":3}},"170":{"start":{"line":171,"column":0},"end":{"line":171,"column":2}},"172":{"start":{"line":173,"column":0},"end":{"line":173,"column":41}},"173":{"start":{"line":174,"column":0},"end":{"line":174,"column":16}},"174":{"start":{"line":175,"column":0},"end":{"line":175,"column":16}},"175":{"start":{"line":176,"column":0},"end":{"line":176,"column":3}},"176":{"start":{"line":177,"column":0},"end":{"line":177,"column":2}},"178":{"start":{"line":179,"column":0},"end":{"line":179,"column":41}},"179":{"start":{"line":180,"column":0},"end":{"line":180,"column":14}},"180":{"start":{"line":181,"column":0},"end":{"line":181,"column":73}},"181":{"start":{"line":182,"column":0},"end":{"line":182,"column":19}},"182":{"start":{"line":183,"column":0},"end":{"line":183,"column":34}},"183":{"start":{"line":184,"column":0},"end":{"line":184,"column":5}},"184":{"start":{"line":185,"column":0},"end":{"line":185,"column":10}},"185":{"start":{"line":186,"column":0},"end":{"line":186,"column":28}},"186":{"start":{"line":187,"column":0},"end":{"line":187,"column":3}},"187":{"start":{"line":188,"column":0},"end":{"line":188,"column":2}},"189":{"start":{"line":190,"column":0},"end":{"line":190,"column":40}},"190":{"start":{"line":191,"column":0},"end":{"line":191,"column":14}},"191":{"start":{"line":192,"column":0},"end":{"line":192,"column":73}},"192":{"start":{"line":193,"column":0},"end":{"line":193,"column":18}},"193":{"start":{"line":194,"column":0},"end":{"line":194,"column":32}},"194":{"start":{"line":195,"column":0},"end":{"line":195,"column":5}},"195":{"start":{"line":196,"column":0},"end":{"line":196,"column":10}},"196":{"start":{"line":197,"column":0},"end":{"line":197,"column":27}},"197":{"start":{"line":198,"column":0},"end":{"line":198,"column":3}},"198":{"start":{"line":199,"column":0},"end":{"line":199,"column":2}},"200":{"start":{"line":201,"column":0},"end":{"line":201,"column":23}},"201":{"start":{"line":202,"column":0},"end":{"line":202,"column":34}},"202":{"start":{"line":203,"column":0},"end":{"line":203,"column":36}},"203":{"start":{"line":204,"column":0},"end":{"line":204,"column":34}},"204":{"start":{"line":205,"column":0},"end":{"line":205,"column":33}},"205":{"start":{"line":206,"column":0},"end":{"line":206,"column":35}},"206":{"start":{"line":207,"column":0},"end":{"line":207,"column":35}},"207":{"start":{"line":208,"column":0},"end":{"line":208,"column":35}},"208":{"start":{"line":209,"column":0},"end":{"line":209,"column":1}},"210":{"start":{"line":211,"column":0},"end":{"line":211,"column":56}},"211":{"start":{"line":212,"column":0},"end":{"line":212,"column":38}},"212":{"start":{"line":213,"column":0},"end":{"line":213,"column":97}},"213":{"start":{"line":214,"column":0},"end":{"line":214,"column":33}},"214":{"start":{"line":215,"column":0},"end":{"line":215,"column":35}},"215":{"start":{"line":216,"column":0},"end":{"line":216,"column":1}},"217":{"start":{"line":218,"column":0},"end":{"line":218,"column":65}},"218":{"start":{"line":219,"column":0},"end":{"line":219,"column":38}},"219":{"start":{"line":220,"column":0},"end":{"line":220,"column":18}},"220":{"start":{"line":221,"column":0},"end":{"line":221,"column":69}},"221":{"start":{"line":222,"column":0},"end":{"line":222,"column":94}},"222":{"start":{"line":223,"column":0},"end":{"line":223,"column":96}},"223":{"start":{"line":224,"column":0},"end":{"line":224,"column":10}},"224":{"start":{"line":225,"column":0},"end":{"line":225,"column":37}},"225":{"start":{"line":226,"column":0},"end":{"line":226,"column":3}},"226":{"start":{"line":227,"column":0},"end":{"line":227,"column":1}},"228":{"start":{"line":229,"column":0},"end":{"line":229,"column":19}},"229":{"start":{"line":230,"column":0},"end":{"line":230,"column":16}},"230":{"start":{"line":231,"column":0},"end":{"line":231,"column":1}},"232":{"start":{"line":233,"column":0},"end":{"line":233,"column":21}},"233":{"start":{"line":234,"column":0},"end":{"line":234,"column":50}},"234":{"start":{"line":235,"column":0},"end":{"line":235,"column":60}},"235":{"start":{"line":236,"column":0},"end":{"line":236,"column":10}},"236":{"start":{"line":237,"column":0},"end":{"line":237,"column":3}},"237":{"start":{"line":238,"column":0},"end":{"line":238,"column":48}},"238":{"start":{"line":239,"column":0},"end":{"line":239,"column":1}}},"s":{"1":1,"2":1,"3":1,"4":1,"5":1,"7":1,"8":1,"9":1,"10":21,"12":21,"13":1,"14":1,"15":1,"16":1,"17":1,"18":1,"19":1,"20":1,"21":1,"22":1,"23":1,"24":1,"25":1,"26":1,"27":12,"28":1,"30":1,"31":21,"32":21,"33":21,"35":21,"36":1,"37":1,"38":1,"39":1,"41":1,"42":1,"43":1,"44":1,"45":1,"46":4,"47":4,"49":4,"50":1,"52":1,"53":1,"54":1,"55":1,"56":1,"57":1,"58":1,"59":8,"60":1,"61":1,"63":1,"64":21,"65":21,"66":21,"68":21,"69":1,"70":1,"71":1,"72":1,"74":1,"75":1,"76":1,"77":1,"79":1,"80":18,"81":18,"82":18,"83":9,"85":9,"86":9,"87":9,"88":9,"90":9,"91":9,"92":2,"93":9,"94":9,"95":9,"96":9,"97":9,"98":9,"99":9,"101":9,"102":9,"103":9,"104":9,"105":9,"107":9,"108":9,"110":9,"111":1,"112":1,"114":1,"115":1,"116":1,"117":1,"118":1,"119":1,"121":1,"122":1,"123":1,"124":1,"125":1,"126":1,"127":1,"129":1,"130":1,"131":1,"132":1,"133":1,"134":1,"135":1,"136":52,"137":52,"141":1,"142":1,"143":1,"144":1,"146":1,"150":1,"155":1,"156":1,"158":1,"159":1,"160":1,"161":1,"162":1,"163":1,"164":1,"166":1,"167":21,"168":22,"169":21,"170":1,"172":1,"173":1,"174":1,"175":1,"176":1,"178":1,"179":12,"180":12,"181":12,"182":12,"183":12,"184":12,"185":0,"186":0,"187":1,"189":1,"190":8,"191":8,"192":8,"193":8,"194":8,"195":8,"196":0,"197":0,"198":1,"200":1,"201":1,"202":1,"203":1,"204":1,"205":1,"206":1,"207":1,"208":1,"210":12,"211":12,"212":12,"213":12,"214":12,"215":12,"217":9,"218":9,"219":9,"220":8,"221":8,"222":8,"223":9,"224":1,"225":1,"226":9,"228":2,"229":2,"230":2,"232":1,"233":1,"234":0,"235":0,"236":0,"237":1,"238":1},"branchMap":{"0":{"type":"branch","line":167,"loc":{"start":{"line":167,"column":50},"end":{"line":171,"column":1}},"locations":[{"start":{"line":167,"column":50},"end":{"line":171,"column":1}}]},"1":{"type":"branch","line":168,"loc":{"start":{"line":168,"column":41},"end":{"line":169,"column":121}},"locations":[{"start":{"line":168,"column":41},"end":{"line":169,"column":121}}]},"2":{"type":"branch","line":169,"loc":{"start":{"line":169,"column":29},"end":{"line":169,"column":79}},"locations":[{"start":{"line":169,"column":29},"end":{"line":169,"column":79}}]},"3":{"type":"branch","line":173,"loc":{"start":{"line":173,"column":6},"end":{"line":173,"column":27}},"locations":[{"start":{"line":173,"column":6},"end":{"line":173,"column":27}}]},"4":{"type":"branch","line":173,"loc":{"start":{"line":173,"column":27},"end":{"line":177,"column":1}},"locations":[{"start":{"line":173,"column":27},"end":{"line":177,"column":1}}]},"5":{"type":"branch","line":179,"loc":{"start":{"line":179,"column":29},"end":{"line":188,"column":1}},"locations":[{"start":{"line":179,"column":29},"end":{"line":188,"column":1}}]},"6":{"type":"branch","line":185,"loc":{"start":{"line":185,"column":2},"end":{"line":187,"column":3}},"locations":[{"start":{"line":185,"column":2},"end":{"line":187,"column":3}}]},"7":{"type":"branch","line":181,"loc":{"start":{"line":181,"column":53},"end":{"line":181,"column":72}},"locations":[{"start":{"line":181,"column":53},"end":{"line":181,"column":72}}]},"8":{"type":"branch","line":190,"loc":{"start":{"line":190,"column":28},"end":{"line":199,"column":1}},"locations":[{"start":{"line":190,"column":28},"end":{"line":199,"column":1}}]},"9":{"type":"branch","line":196,"loc":{"start":{"line":196,"column":2},"end":{"line":198,"column":3}},"locations":[{"start":{"line":196,"column":2},"end":{"line":198,"column":3}}]},"10":{"type":"branch","line":192,"loc":{"start":{"line":192,"column":53},"end":{"line":192,"column":72}},"locations":[{"start":{"line":192,"column":53},"end":{"line":192,"column":72}}]},"11":{"type":"branch","line":201,"loc":{"start":{"line":201,"column":0},"end":{"line":209,"column":1}},"locations":[{"start":{"line":201,"column":0},"end":{"line":209,"column":1}}]},"12":{"type":"branch","line":211,"loc":{"start":{"line":211,"column":0},"end":{"line":216,"column":1}},"locations":[{"start":{"line":211,"column":0},"end":{"line":216,"column":1}}]},"13":{"type":"branch","line":213,"loc":{"start":{"line":213,"column":91},"end":{"line":213,"column":97}},"locations":[{"start":{"line":213,"column":91},"end":{"line":213,"column":97}}]},"14":{"type":"branch","line":218,"loc":{"start":{"line":218,"column":0},"end":{"line":227,"column":1}},"locations":[{"start":{"line":218,"column":0},"end":{"line":227,"column":1}}]},"15":{"type":"branch","line":220,"loc":{"start":{"line":220,"column":17},"end":{"line":224,"column":9}},"locations":[{"start":{"line":220,"column":17},"end":{"line":224,"column":9}}]},"16":{"type":"branch","line":223,"loc":{"start":{"line":223,"column":90},"end":{"line":223,"column":96}},"locations":[{"start":{"line":223,"column":90},"end":{"line":223,"column":96}}]},"17":{"type":"branch","line":224,"loc":{"start":{"line":224,"column":2},"end":{"line":226,"column":3}},"locations":[{"start":{"line":224,"column":2},"end":{"line":226,"column":3}}]},"18":{"type":"branch","line":229,"loc":{"start":{"line":229,"column":0},"end":{"line":231,"column":1}},"locations":[{"start":{"line":229,"column":0},"end":{"line":231,"column":1}}]},"19":{"type":"branch","line":233,"loc":{"start":{"line":233,"column":0},"end":{"line":239,"column":1}},"locations":[{"start":{"line":233,"column":0},"end":{"line":239,"column":1}}]},"20":{"type":"branch","line":234,"loc":{"start":{"line":234,"column":49},"end":{"line":237,"column":3}},"locations":[{"start":{"line":234,"column":49},"end":{"line":237,"column":3}}]},"21":{"type":"branch","line":10,"loc":{"start":{"line":10,"column":33},"end":{"line":13,"column":15}},"locations":[{"start":{"line":10,"column":33},"end":{"line":13,"column":15}}]},"22":{"type":"branch","line":27,"loc":{"start":{"line":27,"column":17},"end":{"line":28,"column":45}},"locations":[{"start":{"line":27,"column":17},"end":{"line":28,"column":45}}]},"23":{"type":"branch","line":31,"loc":{"start":{"line":31,"column":14},"end":{"line":36,"column":23}},"locations":[{"start":{"line":31,"column":14},"end":{"line":36,"column":23}}]},"24":{"type":"branch","line":46,"loc":{"start":{"line":46,"column":42},"end":{"line":50,"column":18}},"locations":[{"start":{"line":46,"column":42},"end":{"line":50,"column":18}}]},"25":{"type":"branch","line":50,"loc":{"start":{"line":50,"column":12},"end":{"line":50,"column":18}},"locations":[{"start":{"line":50,"column":12},"end":{"line":50,"column":18}}]},"26":{"type":"branch","line":59,"loc":{"start":{"line":59,"column":17},"end":{"line":60,"column":44}},"locations":[{"start":{"line":59,"column":17},"end":{"line":60,"column":44}}]},"27":{"type":"branch","line":64,"loc":{"start":{"line":64,"column":14},"end":{"line":69,"column":23}},"locations":[{"start":{"line":64,"column":14},"end":{"line":69,"column":23}}]},"28":{"type":"branch","line":80,"loc":{"start":{"line":80,"column":21},"end":{"line":111,"column":18}},"locations":[{"start":{"line":80,"column":21},"end":{"line":111,"column":18}}]},"29":{"type":"branch","line":83,"loc":{"start":{"line":83,"column":43},"end":{"line":106,"column":16}},"locations":[{"start":{"line":83,"column":43},"end":{"line":106,"column":16}}]},"30":{"type":"branch","line":106,"loc":{"start":{"line":106,"column":12},"end":{"line":111,"column":18}},"locations":[{"start":{"line":106,"column":12},"end":{"line":111,"column":18}}]},"31":{"type":"branch","line":111,"loc":{"start":{"line":111,"column":12},"end":{"line":111,"column":18}},"locations":[{"start":{"line":111,"column":12},"end":{"line":111,"column":18}}]},"32":{"type":"branch","line":136,"loc":{"start":{"line":136,"column":10},"end":{"line":138,"column":4}},"locations":[{"start":{"line":136,"column":10},"end":{"line":138,"column":4}}]},"33":{"type":"branch","line":27,"loc":{"start":{"line":27,"column":17},"end":{"line":28,"column":45}},"locations":[{"start":{"line":27,"column":17},"end":{"line":28,"column":45}}]},"34":{"type":"branch","line":59,"loc":{"start":{"line":59,"column":17},"end":{"line":60,"column":44}},"locations":[{"start":{"line":59,"column":17},"end":{"line":60,"column":44}}]},"35":{"type":"branch","line":92,"loc":{"start":{"line":92,"column":44},"end":{"line":93,"column":50}},"locations":[{"start":{"line":92,"column":44},"end":{"line":93,"column":50}}]},"36":{"type":"branch","line":92,"loc":{"start":{"line":92,"column":44},"end":{"line":93,"column":50}},"locations":[{"start":{"line":92,"column":44},"end":{"line":93,"column":50}}]}},"b":{"0":[21],"1":[22],"2":[2],"3":[23],"4":[1],"5":[12],"6":[0],"7":[12],"8":[8],"9":[0],"10":[8],"11":[1],"12":[12],"13":[0],"14":[9],"15":[8],"16":[0],"17":[1],"18":[2],"19":[1],"20":[0],"21":[21],"22":[21],"23":[21],"24":[4],"25":[48],"26":[21],"27":[21],"28":[18],"29":[9],"30":[9],"31":[34],"32":[52],"33":[12],"34":[8],"35":[7],"36":[2]},"fnMap":{"0":{"name":"resetModal","decl":{"start":{"line":201,"column":0},"end":{"line":209,"column":1}},"loc":{"start":{"line":201,"column":0},"end":{"line":209,"column":1}},"line":201},"1":{"name":"selecionarProcesso","decl":{"start":{"line":211,"column":0},"end":{"line":216,"column":1}},"loc":{"start":{"line":211,"column":0},"end":{"line":216,"column":1}},"line":211},"2":{"name":"selecionarUnidade","decl":{"start":{"line":218,"column":0},"end":{"line":227,"column":1}},"loc":{"start":{"line":218,"column":0},"end":{"line":227,"column":1}},"line":218},"3":{"name":"fechar","decl":{"start":{"line":229,"column":0},"end":{"line":231,"column":1}},"loc":{"start":{"line":229,"column":0},"end":{"line":231,"column":1}},"line":229},"4":{"name":"importar","decl":{"start":{"line":233,"column":0},"end":{"line":239,"column":1}},"loc":{"start":{"line":233,"column":0},"end":{"line":239,"column":1}},"line":233},"5":{"name":"$props.mostrar.onUpdate:modelValue._cache.<computed>._cache.<computed>","decl":{"start":{"line":27,"column":17},"end":{"line":28,"column":45}},"loc":{"start":{"line":27,"column":17},"end":{"line":28,"column":45}},"line":27},"6":{"name":"$props.mostrar.onUpdate:modelValue._cache.<computed>._cache.<computed>","decl":{"start":{"line":59,"column":17},"end":{"line":60,"column":44}},"loc":{"start":{"line":59,"column":17},"end":{"line":60,"column":44}},"line":59},"7":{"name":"onUpdate:modelValue._cache.<computed>._cache.<computed>","decl":{"start":{"line":92,"column":44},"end":{"line":93,"column":50}},"loc":{"start":{"line":92,"column":44},"end":{"line":93,"column":50}},"line":92}},"f":{"0":1,"1":12,"2":9,"3":2,"4":1,"5":12,"6":8,"7":2}}
,"C:\\sgc\\src\\components\\Navbar.vue": {"path":"C:\\sgc\\src\\components\\Navbar.vue","all":false,"statementMap":{"1":{"start":{"line":2,"column":0},"end":{"line":2,"column":73}},"2":{"start":{"line":3,"column":0},"end":{"line":3,"column":27}},"3":{"start":{"line":4,"column":0},"end":{"line":4,"column":18}},"4":{"start":{"line":5,"column":0},"end":{"line":5,"column":28}},"5":{"start":{"line":6,"column":0},"end":{"line":6,"column":20}},"6":{"start":{"line":7,"column":0},"end":{"line":7,"column":7}},"8":{"start":{"line":9,"column":0},"end":{"line":9,"column":20}},"9":{"start":{"line":10,"column":0},"end":{"line":10,"column":13}},"10":{"start":{"line":11,"column":0},"end":{"line":11,"column":33}},"11":{"start":{"line":12,"column":0},"end":{"line":12,"column":29}},"12":{"start":{"line":13,"column":0},"end":{"line":13,"column":39}},"13":{"start":{"line":14,"column":0},"end":{"line":14,"column":30}},"14":{"start":{"line":15,"column":0},"end":{"line":15,"column":35}},"15":{"start":{"line":16,"column":0},"end":{"line":16,"column":33}},"16":{"start":{"line":17,"column":0},"end":{"line":17,"column":21}},"18":{"start":{"line":19,"column":0},"end":{"line":19,"column":44}},"19":{"start":{"line":20,"column":0},"end":{"line":20,"column":15}},"21":{"start":{"line":22,"column":0},"end":{"line":22,"column":10}},"22":{"start":{"line":23,"column":0},"end":{"line":23,"column":22}},"23":{"start":{"line":24,"column":0},"end":{"line":24,"column":40}},"25":{"start":{"line":26,"column":0},"end":{"line":26,"column":61}},"26":{"start":{"line":27,"column":0},"end":{"line":27,"column":31}},"27":{"start":{"line":28,"column":0},"end":{"line":28,"column":14}},"28":{"start":{"line":29,"column":0},"end":{"line":29,"column":30}},"29":{"start":{"line":30,"column":0},"end":{"line":30,"column":22}},"30":{"start":{"line":31,"column":0},"end":{"line":31,"column":60}},"32":{"start":{"line":33,"column":0},"end":{"line":33,"column":51}},"33":{"start":{"line":34,"column":0},"end":{"line":34,"column":16}},"34":{"start":{"line":35,"column":0},"end":{"line":35,"column":15}},"35":{"start":{"line":36,"column":0},"end":{"line":36,"column":31}},"36":{"start":{"line":37,"column":0},"end":{"line":37,"column":14}},"37":{"start":{"line":38,"column":0},"end":{"line":38,"column":30}},"38":{"start":{"line":39,"column":0},"end":{"line":39,"column":22}},"39":{"start":{"line":40,"column":0},"end":{"line":40,"column":83}},"41":{"start":{"line":42,"column":0},"end":{"line":42,"column":54}},"42":{"start":{"line":43,"column":0},"end":{"line":43,"column":16}},"43":{"start":{"line":44,"column":0},"end":{"line":44,"column":15}},"44":{"start":{"line":45,"column":0},"end":{"line":45,"column":31}},"45":{"start":{"line":46,"column":0},"end":{"line":46,"column":14}},"46":{"start":{"line":47,"column":0},"end":{"line":47,"column":30}},"47":{"start":{"line":48,"column":0},"end":{"line":48,"column":22}},"48":{"start":{"line":49,"column":0},"end":{"line":49,"column":64}},"50":{"start":{"line":51,"column":0},"end":{"line":51,"column":59}},"51":{"start":{"line":52,"column":0},"end":{"line":52,"column":16}},"52":{"start":{"line":53,"column":0},"end":{"line":53,"column":15}},"53":{"start":{"line":54,"column":0},"end":{"line":54,"column":31}},"54":{"start":{"line":55,"column":0},"end":{"line":55,"column":14}},"55":{"start":{"line":56,"column":0},"end":{"line":56,"column":30}},"56":{"start":{"line":57,"column":0},"end":{"line":57,"column":22}},"57":{"start":{"line":58,"column":0},"end":{"line":58,"column":63}},"59":{"start":{"line":60,"column":0},"end":{"line":60,"column":57}},"60":{"start":{"line":61,"column":0},"end":{"line":61,"column":16}},"61":{"start":{"line":62,"column":0},"end":{"line":62,"column":15}},"62":{"start":{"line":63,"column":0},"end":{"line":63,"column":13}},"64":{"start":{"line":65,"column":0},"end":{"line":65,"column":50}},"65":{"start":{"line":66,"column":0},"end":{"line":66,"column":62}},"66":{"start":{"line":67,"column":0},"end":{"line":67,"column":55}},"67":{"start":{"line":68,"column":0},"end":{"line":68,"column":17}},"68":{"start":{"line":69,"column":0},"end":{"line":69,"column":56}},"69":{"start":{"line":70,"column":0},"end":{"line":70,"column":30}},"70":{"start":{"line":71,"column":0},"end":{"line":71,"column":38}},"71":{"start":{"line":72,"column":0},"end":{"line":72,"column":42}},"73":{"start":{"line":74,"column":0},"end":{"line":74,"column":64}},"74":{"start":{"line":75,"column":0},"end":{"line":75,"column":19}},"76":{"start":{"line":77,"column":0},"end":{"line":77,"column":19}},"78":{"start":{"line":79,"column":0},"end":{"line":79,"column":33}},"79":{"start":{"line":80,"column":0},"end":{"line":80,"column":41}},"80":{"start":{"line":81,"column":0},"end":{"line":81,"column":48}},"81":{"start":{"line":82,"column":0},"end":{"line":82,"column":40}},"82":{"start":{"line":83,"column":0},"end":{"line":83,"column":43}},"84":{"start":{"line":85,"column":0},"end":{"line":85,"column":21}},"85":{"start":{"line":86,"column":0},"end":{"line":86,"column":51}},"86":{"start":{"line":87,"column":0},"end":{"line":87,"column":32}},"87":{"start":{"line":88,"column":0},"end":{"line":88,"column":34}},"89":{"start":{"line":90,"column":0},"end":{"line":90,"column":78}},"90":{"start":{"line":91,"column":0},"end":{"line":91,"column":23}},"91":{"start":{"line":92,"column":0},"end":{"line":92,"column":21}},"92":{"start":{"line":93,"column":0},"end":{"line":93,"column":15}},"94":{"start":{"line":95,"column":0},"end":{"line":95,"column":13}},"95":{"start":{"line":96,"column":0},"end":{"line":96,"column":60}},"96":{"start":{"line":97,"column":0},"end":{"line":97,"column":33}},"98":{"start":{"line":99,"column":0},"end":{"line":99,"column":14}},"99":{"start":{"line":100,"column":0},"end":{"line":100,"column":30}},"100":{"start":{"line":101,"column":0},"end":{"line":101,"column":22}},"101":{"start":{"line":102,"column":0},"end":{"line":102,"column":46}},"102":{"start":{"line":103,"column":0},"end":{"line":103,"column":67}},"104":{"start":{"line":105,"column":0},"end":{"line":105,"column":43}},"105":{"start":{"line":106,"column":0},"end":{"line":106,"column":16}},"106":{"start":{"line":107,"column":0},"end":{"line":107,"column":15}},"108":{"start":{"line":109,"column":0},"end":{"line":109,"column":31}},"109":{"start":{"line":110,"column":0},"end":{"line":110,"column":24}},"110":{"start":{"line":111,"column":0},"end":{"line":111,"column":30}},"111":{"start":{"line":112,"column":0},"end":{"line":112,"column":26}},"112":{"start":{"line":113,"column":0},"end":{"line":113,"column":25}},"114":{"start":{"line":115,"column":0},"end":{"line":115,"column":54}},"115":{"start":{"line":116,"column":0},"end":{"line":116,"column":26}},"116":{"start":{"line":117,"column":0},"end":{"line":117,"column":15}},"117":{"start":{"line":118,"column":0},"end":{"line":118,"column":13}},"118":{"start":{"line":119,"column":0},"end":{"line":119,"column":12}},"119":{"start":{"line":120,"column":0},"end":{"line":120,"column":10}},"120":{"start":{"line":121,"column":0},"end":{"line":121,"column":8}},"124":{"start":{"line":125,"column":0},"end":{"line":125,"column":43}},"125":{"start":{"line":126,"column":0},"end":{"line":126,"column":36}},"126":{"start":{"line":127,"column":0},"end":{"line":127,"column":46}},"127":{"start":{"line":128,"column":0},"end":{"line":128,"column":54}},"128":{"start":{"line":129,"column":0},"end":{"line":129,"column":49}},"130":{"start":{"line":131,"column":0},"end":{"line":131,"column":26}},"131":{"start":{"line":132,"column":0},"end":{"line":132,"column":36}},"132":{"start":{"line":133,"column":0},"end":{"line":133,"column":44}},"134":{"start":{"line":135,"column":0},"end":{"line":135,"column":96}},"136":{"start":{"line":137,"column":0},"end":{"line":137,"column":35}},"137":{"start":{"line":138,"column":0},"end":{"line":138,"column":57}},"139":{"start":{"line":140,"column":0},"end":{"line":140,"column":42}},"140":{"start":{"line":141,"column":0},"end":{"line":141,"column":57}},"141":{"start":{"line":142,"column":0},"end":{"line":142,"column":50}},"142":{"start":{"line":143,"column":0},"end":{"line":143,"column":30}},"143":{"start":{"line":144,"column":0},"end":{"line":144,"column":56}},"144":{"start":{"line":145,"column":0},"end":{"line":145,"column":30}},"145":{"start":{"line":146,"column":0},"end":{"line":146,"column":26}},"146":{"start":{"line":147,"column":0},"end":{"line":147,"column":25}},"147":{"start":{"line":148,"column":0},"end":{"line":148,"column":27}},"148":{"start":{"line":149,"column":0},"end":{"line":149,"column":7}},"149":{"start":{"line":150,"column":0},"end":{"line":150,"column":4}},"150":{"start":{"line":151,"column":0},"end":{"line":151,"column":2}},"152":{"start":{"line":153,"column":0},"end":{"line":153,"column":43}},"153":{"start":{"line":154,"column":0},"end":{"line":154,"column":95}},"154":{"start":{"line":155,"column":0},"end":{"line":155,"column":91}},"155":{"start":{"line":156,"column":0},"end":{"line":156,"column":2}},"157":{"start":{"line":158,"column":0},"end":{"line":158,"column":35}},"158":{"start":{"line":159,"column":0},"end":{"line":159,"column":31}},"159":{"start":{"line":160,"column":0},"end":{"line":160,"column":18}},"160":{"start":{"line":161,"column":0},"end":{"line":161,"column":32}},"161":{"start":{"line":162,"column":0},"end":{"line":162,"column":4}},"162":{"start":{"line":163,"column":0},"end":{"line":163,"column":1}},"164":{"start":{"line":165,"column":0},"end":{"line":165,"column":34}},"165":{"start":{"line":166,"column":0},"end":{"line":166,"column":32}},"166":{"start":{"line":167,"column":0},"end":{"line":167,"column":1}},"168":{"start":{"line":169,"column":0},"end":{"line":169,"column":47}},"169":{"start":{"line":170,"column":0},"end":{"line":170,"column":63}},"170":{"start":{"line":171,"column":0},"end":{"line":171,"column":80}},"172":{"start":{"line":173,"column":0},"end":{"line":173,"column":23}},"173":{"start":{"line":174,"column":0},"end":{"line":174,"column":56}},"174":{"start":{"line":175,"column":0},"end":{"line":175,"column":79}},"175":{"start":{"line":176,"column":0},"end":{"line":176,"column":26}},"176":{"start":{"line":177,"column":0},"end":{"line":177,"column":3}},"177":{"start":{"line":178,"column":0},"end":{"line":178,"column":22}},"178":{"start":{"line":179,"column":0},"end":{"line":179,"column":1}},"180":{"start":{"line":181,"column":0},"end":{"line":181,"column":43}},"181":{"start":{"line":182,"column":0},"end":{"line":182,"column":47}},"182":{"start":{"line":183,"column":0},"end":{"line":183,"column":19}},"183":{"start":{"line":184,"column":0},"end":{"line":184,"column":1}}},"s":{"1":1,"2":1,"3":1,"4":1,"5":1,"6":1,"8":8,"9":1,"10":1,"11":1,"12":1,"13":1,"14":1,"15":1,"16":1,"18":1,"19":1,"21":1,"22":1,"23":1,"25":1,"26":1,"27":1,"28":1,"29":1,"30":1,"32":6,"33":6,"34":1,"35":1,"36":1,"37":1,"38":1,"39":1,"41":6,"42":6,"43":1,"44":1,"45":1,"46":1,"47":1,"48":1,"50":6,"51":6,"52":1,"53":1,"54":1,"55":1,"56":1,"57":1,"59":6,"60":6,"61":1,"62":1,"64":1,"65":1,"66":1,"67":1,"68":1,"69":30,"70":30,"71":30,"73":30,"74":1,"76":1,"78":1,"79":1,"80":1,"81":1,"82":1,"84":1,"85":1,"86":1,"87":1,"89":1,"90":1,"91":1,"92":1,"94":1,"95":1,"96":1,"98":1,"99":1,"100":1,"101":1,"102":1,"104":1,"105":1,"106":1,"108":1,"109":1,"110":1,"111":1,"112":1,"114":1,"115":1,"116":1,"117":1,"118":1,"119":1,"120":1,"124":1,"125":1,"126":1,"127":1,"128":1,"130":1,"131":1,"132":1,"134":1,"136":1,"137":1,"139":1,"140":3,"141":6,"142":6,"143":6,"144":6,"145":6,"146":6,"147":6,"148":6,"149":3,"150":1,"152":1,"153":11,"154":7,"155":1,"157":1,"158":3,"159":3,"160":3,"161":3,"162":3,"164":1,"165":2,"166":2,"168":1,"169":1,"170":1,"172":1,"173":1,"174":1,"175":1,"176":1,"177":1,"178":1,"180":4,"181":4,"182":4,"183":4},"branchMap":{"0":{"type":"branch","line":140,"loc":{"start":{"line":140,"column":35},"end":{"line":151,"column":1}},"locations":[{"start":{"line":140,"column":35},"end":{"line":151,"column":1}}]},"1":{"type":"branch","line":141,"loc":{"start":{"line":141,"column":44},"end":{"line":150,"column":3}},"locations":[{"start":{"line":141,"column":44},"end":{"line":150,"column":3}}]},"2":{"type":"branch","line":143,"loc":{"start":{"line":143,"column":21},"end":{"line":149,"column":6}},"locations":[{"start":{"line":143,"column":21},"end":{"line":149,"column":6}}]},"3":{"type":"branch","line":153,"loc":{"start":{"line":153,"column":36},"end":{"line":156,"column":1}},"locations":[{"start":{"line":153,"column":36},"end":{"line":156,"column":1}}]},"4":{"type":"branch","line":154,"loc":{"start":{"line":154,"column":50},"end":{"line":154,"column":86}},"locations":[{"start":{"line":154,"column":50},"end":{"line":154,"column":86}}]},"5":{"type":"branch","line":154,"loc":{"start":{"line":154,"column":86},"end":{"line":154,"column":95}},"locations":[{"start":{"line":154,"column":86},"end":{"line":154,"column":95}}]},"6":{"type":"branch","line":154,"loc":{"start":{"line":154,"column":93},"end":{"line":155,"column":91}},"locations":[{"start":{"line":154,"column":93},"end":{"line":155,"column":91}}]},"7":{"type":"branch","line":158,"loc":{"start":{"line":158,"column":28},"end":{"line":163,"column":1}},"locations":[{"start":{"line":158,"column":28},"end":{"line":163,"column":1}}]},"8":{"type":"branch","line":160,"loc":{"start":{"line":160,"column":11},"end":{"line":162,"column":3}},"locations":[{"start":{"line":160,"column":11},"end":{"line":162,"column":3}}]},"9":{"type":"branch","line":165,"loc":{"start":{"line":165,"column":27},"end":{"line":167,"column":1}},"locations":[{"start":{"line":165,"column":27},"end":{"line":167,"column":1}}]},"10":{"type":"branch","line":169,"loc":{"start":{"line":169,"column":28},"end":{"line":179,"column":1}},"locations":[{"start":{"line":169,"column":28},"end":{"line":179,"column":1}}]},"11":{"type":"branch","line":171,"loc":{"start":{"line":171,"column":54},"end":{"line":171,"column":79}},"locations":[{"start":{"line":171,"column":54},"end":{"line":171,"column":79}}]},"12":{"type":"branch","line":181,"loc":{"start":{"line":181,"column":0},"end":{"line":184,"column":1}},"locations":[{"start":{"line":181,"column":0},"end":{"line":184,"column":1}}]},"13":{"type":"branch","line":31,"loc":{"start":{"line":31,"column":20},"end":{"line":31,"column":60}},"locations":[{"start":{"line":31,"column":20},"end":{"line":31,"column":60}}]},"14":{"type":"branch","line":31,"loc":{"start":{"line":31,"column":48},"end":{"line":34,"column":16}},"locations":[{"start":{"line":31,"column":48},"end":{"line":34,"column":16}}]},"15":{"type":"branch","line":40,"loc":{"start":{"line":40,"column":20},"end":{"line":40,"column":83}},"locations":[{"start":{"line":40,"column":20},"end":{"line":40,"column":83}}]},"16":{"type":"branch","line":40,"loc":{"start":{"line":40,"column":79},"end":{"line":43,"column":16}},"locations":[{"start":{"line":40,"column":79},"end":{"line":43,"column":16}}]},"17":{"type":"branch","line":49,"loc":{"start":{"line":49,"column":20},"end":{"line":49,"column":64}},"locations":[{"start":{"line":49,"column":20},"end":{"line":49,"column":64}}]},"18":{"type":"branch","line":49,"loc":{"start":{"line":49,"column":48},"end":{"line":52,"column":16}},"locations":[{"start":{"line":49,"column":48},"end":{"line":52,"column":16}}]},"19":{"type":"branch","line":58,"loc":{"start":{"line":58,"column":20},"end":{"line":58,"column":63}},"locations":[{"start":{"line":58,"column":20},"end":{"line":58,"column":63}}]},"20":{"type":"branch","line":58,"loc":{"start":{"line":58,"column":48},"end":{"line":61,"column":16}},"locations":[{"start":{"line":58,"column":48},"end":{"line":61,"column":16}}]},"21":{"type":"branch","line":69,"loc":{"start":{"line":69,"column":21},"end":{"line":69,"column":56}},"locations":[{"start":{"line":69,"column":21},"end":{"line":69,"column":56}}]},"22":{"type":"branch","line":69,"loc":{"start":{"line":69,"column":41},"end":{"line":74,"column":64}},"locations":[{"start":{"line":69,"column":41},"end":{"line":74,"column":64}}]},"23":{"type":"branch","line":8,"loc":{"start":{"line":8,"column":-2},"end":{"line":9,"column":20}},"locations":[{"start":{"line":8,"column":-2},"end":{"line":9,"column":20}}]},"24":{"type":"branch","line":9,"loc":{"start":{"line":9,"column":6},"end":{"line":9,"column":20}},"locations":[{"start":{"line":9,"column":6},"end":{"line":9,"column":20}}]},"25":{"type":"branch","line":115,"loc":{"start":{"line":115,"column":14},"end":{"line":115,"column":54}},"locations":[{"start":{"line":115,"column":14},"end":{"line":115,"column":54}}]}},"b":{"0":[3],"1":[6],"2":[6],"3":[11],"4":[7],"5":[4],"6":[7],"7":[3],"8":[3],"9":[2],"10":[1],"11":[2],"12":[4],"13":[6],"14":[6],"15":[6],"16":[6],"17":[6],"18":[6],"19":[6],"20":[6],"21":[30],"22":[30],"23":[1],"24":[6],"25":[6]},"fnMap":{"0":{"name":"startEditingProfile","decl":{"start":{"line":158,"column":28},"end":{"line":163,"column":1}},"loc":{"start":{"line":158,"column":28},"end":{"line":163,"column":1}},"line":158},"1":{"name":"stopEditingProfile","decl":{"start":{"line":165,"column":27},"end":{"line":167,"column":1}},"loc":{"start":{"line":165,"column":27},"end":{"line":167,"column":1}},"line":165},"2":{"name":"handleProfileChange","decl":{"start":{"line":169,"column":28},"end":{"line":179,"column":1}},"loc":{"start":{"line":169,"column":28},"end":{"line":179,"column":1}},"line":169},"3":{"name":"navigateFromNavbar","decl":{"start":{"line":181,"column":0},"end":{"line":184,"column":1}},"loc":{"start":{"line":181,"column":0},"end":{"line":184,"column":1}},"line":181}},"f":{"0":3,"1":2,"2":1,"3":4}}
[...]
,"C:\\sgc\\src\\utils\\index.ts": {"path":"C:\\sgc\\src\\utils\\index.ts","all":false,"statementMap":{"4":{"start":{"line":5,"column":0},"end":{"line":5,"column":61}},"8":{"start":{"line":9,"column":0},"end":{"line":9,"column":16}},"9":{"start":{"line":10,"column":0},"end":{"line":10,"column":44}},"10":{"start":{"line":11,"column":0},"end":{"line":11,"column":48}},"11":{"start":{"line":12,"column":0},"end":{"line":12,"column":1}},"14":{"start":{"line":15,"column":0},"end":{"line":15,"column":54}},"15":{"start":{"line":16,"column":0},"end":{"line":16,"column":99}},"16":{"start":{"line":17,"column":0},"end":{"line":17,"column":1}},"19":{"start":{"line":20,"column":0},"end":{"line":20,"column":61}},"20":{"start":{"line":21,"column":0},"end":{"line":21,"column":17}},"21":{"start":{"line":22,"column":0},"end":{"line":22,"column":66}},"22":{"start":{"line":23,"column":0},"end":{"line":23,"column":71}},"23":{"start":{"line":24,"column":0},"end":{"line":24,"column":74}},"24":{"start":{"line":25,"column":0},"end":{"line":25,"column":59}},"25":{"start":{"line":26,"column":0},"end":{"line":26,"column":60}},"26":{"start":{"line":27,"column":0},"end":{"line":27,"column":38}},"27":{"start":{"line":28,"column":0},"end":{"line":28,"column":3}},"28":{"start":{"line":29,"column":0},"end":{"line":29,"column":2}},"33":{"start":{"line":34,"column":0},"end":{"line":34,"column":79}},"34":{"start":{"line":35,"column":0},"end":{"line":35,"column":22}},"35":{"start":{"line":36,"column":0},"end":{"line":36,"column":20}},"36":{"start":{"line":37,"column":0},"end":{"line":37,"column":5}},"39":{"start":{"line":40,"column":0},"end":{"line":40,"column":36}},"40":{"start":{"line":41,"column":0},"end":{"line":41,"column":33}},"41":{"start":{"line":42,"column":0},"end":{"line":42,"column":20}},"42":{"start":{"line":43,"column":0},"end":{"line":43,"column":5}},"45":{"start":{"line":46,"column":0},"end":{"line":46,"column":66}},"46":{"start":{"line":47,"column":0},"end":{"line":47,"column":16}},"47":{"start":{"line":48,"column":0},"end":{"line":48,"column":43}},"48":{"start":{"line":49,"column":0},"end":{"line":49,"column":59}},"49":{"start":{"line":50,"column":0},"end":{"line":50,"column":44}},"52":{"start":{"line":53,"column":0},"end":{"line":53,"column":91}},"53":{"start":{"line":54,"column":0},"end":{"line":54,"column":24}},"54":{"start":{"line":55,"column":0},"end":{"line":55,"column":9}},"56":{"start":{"line":57,"column":0},"end":{"line":57,"column":71}},"60":{"start":{"line":61,"column":0},"end":{"line":61,"column":67}},"61":{"start":{"line":62,"column":0},"end":{"line":62,"column":72}},"62":{"start":{"line":63,"column":0},"end":{"line":63,"column":76}},"63":{"start":{"line":64,"column":0},"end":{"line":64,"column":67}},"64":{"start":{"line":65,"column":0},"end":{"line":65,"column":54}},"65":{"start":{"line":66,"column":0},"end":{"line":66,"column":54}},"66":{"start":{"line":67,"column":0},"end":{"line":67,"column":67}},"68":{"start":{"line":69,"column":0},"end":{"line":69,"column":58}},"69":{"start":{"line":70,"column":0},"end":{"line":70,"column":1}},"71":{"start":{"line":72,"column":0},"end":{"line":72,"column":29}},"72":{"start":{"line":73,"column":0},"end":{"line":73,"column":41}},"73":{"start":{"line":74,"column":0},"end":{"line":74,"column":41}},"74":{"start":{"line":75,"column":0},"end":{"line":75,"column":20}},"75":{"start":{"line":76,"column":0},"end":{"line":76,"column":21}},"76":{"start":{"line":77,"column":0},"end":{"line":77,"column":18}},"77":{"start":{"line":78,"column":0},"end":{"line":78,"column":3}},"78":{"start":{"line":79,"column":0},"end":{"line":79,"column":11}},"79":{"start":{"line":80,"column":0},"end":{"line":80,"column":36}},"81":{"start":{"line":82,"column":0},"end":{"line":82,"column":7}},"82":{"start":{"line":83,"column":0},"end":{"line":83,"column":70}},"83":{"start":{"line":84,"column":0},"end":{"line":84,"column":69}},"85":{"start":{"line":86,"column":0},"end":{"line":86,"column":56}},"86":{"start":{"line":87,"column":0},"end":{"line":87,"column":11}},"87":{"start":{"line":88,"column":0},"end":{"line":88,"column":27}},"88":{"start":{"line":89,"column":0},"end":{"line":89,"column":3}},"89":{"start":{"line":90,"column":0},"end":{"line":90,"column":1}},"91":{"start":{"line":92,"column":0},"end":{"line":92,"column":75}},"92":{"start":{"line":93,"column":0},"end":{"line":93,"column":48}},"94":{"start":{"line":95,"column":0},"end":{"line":95,"column":7}},"95":{"start":{"line":96,"column":0},"end":{"line":96,"column":36}},"96":{"start":{"line":97,"column":0},"end":{"line":97,"column":63}},"97":{"start":{"line":98,"column":0},"end":{"line":98,"column":56}},"98":{"start":{"line":99,"column":0},"end":{"line":99,"column":37}},"99":{"start":{"line":100,"column":0},"end":{"line":100,"column":11}},"100":{"start":{"line":101,"column":0},"end":{"line":101,"column":14}},"101":{"start":{"line":102,"column":0},"end":{"line":102,"column":3}},"102":{"start":{"line":103,"column":0},"end":{"line":103,"column":1}},"104":{"start":{"line":105,"column":0},"end":{"line":105,"column":82}},"105":{"start":{"line":106,"column":0},"end":{"line":106,"column":29}},"106":{"start":{"line":107,"column":0},"end":{"line":107,"column":20}},"107":{"start":{"line":108,"column":0},"end":{"line":108,"column":21}},"108":{"start":{"line":109,"column":0},"end":{"line":109,"column":19}},"109":{"start":{"line":110,"column":0},"end":{"line":110,"column":20}},"110":{"start":{"line":111,"column":0},"end":{"line":111,"column":21}},"111":{"start":{"line":112,"column":0},"end":{"line":112,"column":5}},"112":{"start":{"line":113,"column":0},"end":{"line":113,"column":1}},"114":{"start":{"line":115,"column":0},"end":{"line":115,"column":78}},"115":{"start":{"line":116,"column":0},"end":{"line":116,"column":26}},"117":{"start":{"line":118,"column":0},"end":{"line":118,"column":7}},"118":{"start":{"line":119,"column":0},"end":{"line":119,"column":29}},"119":{"start":{"line":120,"column":0},"end":{"line":120,"column":31}},"120":{"start":{"line":121,"column":0},"end":{"line":121,"column":30}},"121":{"start":{"line":122,"column":0},"end":{"line":122,"column":25}},"122":{"start":{"line":123,"column":0},"end":{"line":123,"column":11}},"123":{"start":{"line":124,"column":0},"end":{"line":124,"column":17}},"124":{"start":{"line":125,"column":0},"end":{"line":125,"column":3}},"125":{"start":{"line":126,"column":0},"end":{"line":126,"column":1}},"127":{"start":{"line":128,"column":0},"end":{"line":128,"column":62}},"128":{"start":{"line":129,"column":0},"end":{"line":129,"column":63}},"129":{"start":{"line":130,"column":0},"end":{"line":130,"column":53}},"130":{"start":{"line":131,"column":0},"end":{"line":131,"column":1}},"132":{"start":{"line":133,"column":0},"end":{"line":133,"column":77}},"133":{"start":{"line":134,"column":0},"end":{"line":134,"column":25}},"134":{"start":{"line":135,"column":0},"end":{"line":135,"column":55}},"135":{"start":{"line":136,"column":0},"end":{"line":136,"column":16}},"136":{"start":{"line":137,"column":0},"end":{"line":137,"column":3}},"137":{"start":{"line":138,"column":0},"end":{"line":138,"column":14}},"138":{"start":{"line":139,"column":0},"end":{"line":139,"column":1}}},"s":{"4":1,"8":1,"9":1,"10":33,"11":33,"14":1,"15":20,"16":20,"19":1,"20":34,"21":34,"22":34,"23":34,"24":34,"25":34,"26":34,"27":34,"28":34,"33":1,"34":1442,"35":4,"36":4,"39":1438,"40":1441,"41":1433,"42":1433,"45":5,"46":9,"47":3,"48":3,"49":3,"52":3,"53":2,"54":2,"56":1,"60":1,"61":1,"62":1,"63":3,"64":1,"65":1,"66":3,"68":2,"69":2,"71":1,"72":8,"73":8,"74":8,"75":8,"76":8,"77":8,"78":8,"79":8,"81":4,"82":8,"83":8,"85":2,"86":8,"87":0,"88":0,"89":8,"91":1,"92":4,"94":2,"95":2,"96":2,"97":2,"98":2,"99":4,"100":0,"101":0,"102":4,"104":1,"105":3,"106":3,"107":3,"108":3,"109":3,"110":3,"111":3,"112":3,"114":1,"115":5,"117":3,"118":3,"119":3,"120":3,"121":3,"122":5,"123":0,"124":0,"125":5,"127":1,"128":3,"129":3,"130":3,"132":1,"133":8,"134":8,"135":4,"136":4,"137":2,"138":2},"branchMap":{"0":{"type":"branch","line":10,"loc":{"start":{"line":10,"column":7},"end":{"line":12,"column":1}},"locations":[{"start":{"line":10,"column":7},"end":{"line":12,"column":1}}]},"1":{"type":"branch","line":15,"loc":{"start":{"line":15,"column":7},"end":{"line":17,"column":1}},"locations":[{"start":{"line":15,"column":7},"end":{"line":17,"column":1}}]},"2":{"type":"branch","line":16,"loc":{"start":{"line":16,"column":79},"end":{"line":16,"column":99}},"locations":[{"start":{"line":16,"column":79},"end":{"line":16,"column":99}}]},"3":{"type":"branch","line":20,"loc":{"start":{"line":20,"column":25},"end":{"line":29,"column":2}},"locations":[{"start":{"line":20,"column":25},"end":{"line":29,"column":2}}]},"4":{"type":"branch","line":22,"loc":{"start":{"line":22,"column":4},"end":{"line":22,"column":66}},"locations":[{"start":{"line":22,"column":4},"end":{"line":22,"column":66}}]},"5":{"type":"branch","line":23,"loc":{"start":{"line":23,"column":4},"end":{"line":23,"column":71}},"locations":[{"start":{"line":23,"column":4},"end":{"line":23,"column":71}}]},"6":{"type":"branch","line":24,"loc":{"start":{"line":24,"column":4},"end":{"line":24,"column":74}},"locations":[{"start":{"line":24,"column":4},"end":{"line":24,"column":74}}]},"7":{"type":"branch","line":25,"loc":{"start":{"line":25,"column":4},"end":{"line":25,"column":59}},"locations":[{"start":{"line":25,"column":4},"end":{"line":25,"column":59}}]},"8":{"type":"branch","line":26,"loc":{"start":{"line":26,"column":4},"end":{"line":26,"column":60}},"locations":[{"start":{"line":26,"column":4},"end":{"line":26,"column":60}}]},"9":{"type":"branch","line":27,"loc":{"start":{"line":27,"column":4},"end":{"line":27,"column":38}},"locations":[{"start":{"line":27,"column":4},"end":{"line":27,"column":38}}]},"10":{"type":"branch","line":34,"loc":{"start":{"line":34,"column":7},"end":{"line":70,"column":1}},"locations":[{"start":{"line":34,"column":7},"end":{"line":70,"column":1}}]},"11":{"type":"branch","line":35,"loc":{"start":{"line":35,"column":21},"end":{"line":37,"column":5}},"locations":[{"start":{"line":35,"column":21},"end":{"line":37,"column":5}}]},"12":{"type":"branch","line":37,"loc":{"start":{"line":37,"column":4},"end":{"line":43,"column":5}},"locations":[{"start":{"line":37,"column":4},"end":{"line":43,"column":5}}]},"13":{"type":"branch","line":37,"loc":{"start":{"line":37,"column":4},"end":{"line":41,"column":32}},"locations":[{"start":{"line":37,"column":4},"end":{"line":41,"column":32}}]},"14":{"type":"branch","line":41,"loc":{"start":{"line":41,"column":32},"end":{"line":43,"column":5}},"locations":[{"start":{"line":41,"column":32},"end":{"line":43,"column":5}}]},"15":{"type":"branch","line":43,"loc":{"start":{"line":43,"column":4},"end":{"line":70,"column":1}},"locations":[{"start":{"line":43,"column":4},"end":{"line":70,"column":1}}]},"16":{"type":"branch","line":43,"loc":{"start":{"line":43,"column":4},"end":{"line":47,"column":15}},"locations":[{"start":{"line":43,"column":4},"end":{"line":47,"column":15}}]},"17":{"type":"branch","line":47,"loc":{"start":{"line":47,"column":15},"end":{"line":67,"column":67}},"locations":[{"start":{"line":47,"column":15},"end":{"line":67,"column":67}}]},"18":{"type":"branch","line":53,"loc":{"start":{"line":53,"column":63},"end":{"line":53,"column":80}},"locations":[{"start":{"line":53,"column":63},"end":{"line":53,"column":80}}]},"19":{"type":"branch","line":53,"loc":{"start":{"line":53,"column":75},"end":{"line":53,"column":90}},"locations":[{"start":{"line":53,"column":75},"end":{"line":53,"column":90}}]},"20":{"type":"branch","line":53,"loc":{"start":{"line":53,"column":90},"end":{"line":55,"column":9}},"locations":[{"start":{"line":53,"column":90},"end":{"line":55,"column":9}}]},"21":{"type":"branch","line":55,"loc":{"start":{"line":55,"column":8},"end":{"line":62,"column":72}},"locations":[{"start":{"line":55,"column":8},"end":{"line":62,"column":72}}]},"22":{"type":"branch","line":62,"loc":{"start":{"line":62,"column":35},"end":{"line":63,"column":76}},"locations":[{"start":{"line":62,"column":35},"end":{"line":63,"column":76}}]},"23":{"type":"branch","line":63,"loc":{"start":{"line":63,"column":41},"end":{"line":64,"column":36}},"locations":[{"start":{"line":63,"column":41},"end":{"line":64,"column":36}}]},"24":{"type":"branch","line":64,"loc":{"start":{"line":64,"column":36},"end":{"line":66,"column":54}},"locations":[{"start":{"line":64,"column":36},"end":{"line":66,"column":54}}]},"25":{"type":"branch","line":67,"loc":{"start":{"line":67,"column":4},"end":{"line":70,"column":1}},"locations":[{"start":{"line":67,"column":4},"end":{"line":70,"column":1}}]},"26":{"type":"branch","line":72,"loc":{"start":{"line":72,"column":7},"end":{"line":90,"column":1}},"locations":[{"start":{"line":72,"column":7},"end":{"line":90,"column":1}}]},"27":{"type":"branch","line":80,"loc":{"start":{"line":80,"column":13},"end":{"line":83,"column":47}},"locations":[{"start":{"line":80,"column":13},"end":{"line":83,"column":47}}]},"28":{"type":"branch","line":83,"loc":{"start":{"line":83,"column":36},"end":{"line":83,"column":65}},"locations":[{"start":{"line":83,"column":36},"end":{"line":83,"column":65}}]},"29":{"type":"branch","line":83,"loc":{"start":{"line":83,"column":61},"end":{"line":83,"column":70}},"locations":[{"start":{"line":83,"column":61},"end":{"line":83,"column":70}}]},"30":{"type":"branch","line":84,"loc":{"start":{"line":84,"column":9},"end":{"line":84,"column":46}},"locations":[{"start":{"line":84,"column":9},"end":{"line":84,"column":46}}]},"31":{"type":"branch","line":84,"loc":{"start":{"line":84,"column":46},"end":{"line":87,"column":10}},"locations":[{"start":{"line":84,"column":46},"end":{"line":87,"column":10}}]},"32":{"type":"branch","line":87,"loc":{"start":{"line":87,"column":2},"end":{"line":89,"column":3}},"locations":[{"start":{"line":87,"column":2},"end":{"line":89,"column":3}}]},"33":{"type":"branch","line":92,"loc":{"start":{"line":92,"column":7},"end":{"line":103,"column":1}},"locations":[{"start":{"line":92,"column":7},"end":{"line":103,"column":1}}]},"34":{"type":"branch","line":93,"loc":{"start":{"line":93,"column":7},"end":{"line":93,"column":38}},"locations":[{"start":{"line":93,"column":7},"end":{"line":93,"column":38}}]},"35":{"type":"branch","line":93,"loc":{"start":{"line":93,"column":38},"end":{"line":100,"column":10}},"locations":[{"start":{"line":93,"column":38},"end":{"line":100,"column":10}}]},"36":{"type":"branch","line":100,"loc":{"start":{"line":100,"column":2},"end":{"line":102,"column":3}},"locations":[{"start":{"line":100,"column":2},"end":{"line":102,"column":3}}]},"37":{"type":"branch","line":105,"loc":{"start":{"line":105,"column":7},"end":{"line":113,"column":1}},"locations":[{"start":{"line":105,"column":7},"end":{"line":113,"column":1}}]},"38":{"type":"branch","line":115,"loc":{"start":{"line":115,"column":7},"end":{"line":126,"column":1}},"locations":[{"start":{"line":115,"column":7},"end":{"line":126,"column":1}}]},"39":{"type":"branch","line":116,"loc":{"start":{"line":116,"column":13},"end":{"line":116,"column":26}},"locations":[{"start":{"line":116,"column":13},"end":{"line":116,"column":26}}]},"40":{"type":"branch","line":116,"loc":{"start":{"line":116,"column":20},"end":{"line":123,"column":10}},"locations":[{"start":{"line":116,"column":20},"end":{"line":123,"column":10}}]},"41":{"type":"branch","line":123,"loc":{"start":{"line":123,"column":2},"end":{"line":125,"column":3}},"locations":[{"start":{"line":123,"column":2},"end":{"line":125,"column":3}}]},"42":{"type":"branch","line":128,"loc":{"start":{"line":128,"column":7},"end":{"line":131,"column":1}},"locations":[{"start":{"line":128,"column":7},"end":{"line":131,"column":1}}]},"43":{"type":"branch","line":133,"loc":{"start":{"line":133,"column":7},"end":{"line":139,"column":1}},"locations":[{"start":{"line":133,"column":7},"end":{"line":139,"column":1}}]},"44":{"type":"branch","line":134,"loc":{"start":{"line":134,"column":13},"end":{"line":134,"column":25}},"locations":[{"start":{"line":134,"column":13},"end":{"line":134,"column":25}}]},"45":{"type":"branch","line":134,"loc":{"start":{"line":134,"column":20},"end":{"line":135,"column":54}},"locations":[{"start":{"line":134,"column":20},"end":{"line":135,"column":54}}]},"46":{"type":"branch","line":135,"loc":{"start":{"line":135,"column":54},"end":{"line":137,"column":3}},"locations":[{"start":{"line":135,"column":54},"end":{"line":137,"column":3}}]},"47":{"type":"branch","line":137,"loc":{"start":{"line":137,"column":2},"end":{"line":139,"column":1}},"locations":[{"start":{"line":137,"column":2},"end":{"line":139,"column":1}}]}},"b":{"0":[33],"1":[20],"2":[18],"3":[34],"4":[11],"5":[8],"6":[5],"7":[4],"8":[4],"9":[2],"10":[1442],"11":[4],"12":[1441],"13":[1438],"14":[1433],"15":[9],"16":[5],"17":[3],"18":[2],"19":[1],"20":[2],"21":[1],"22":[1],"23":[1],"24":[1],"25":[2],"26":[8],"27":[4],"28":[1],"29":[3],"30":[3],"31":[2],"32":[0],"33":[4],"34":[2],"35":[2],"36":[0],"37":[3],"38":[5],"39":[2],"40":[3],"41":[0],"42":[3],"43":[8],"44":[2],"45":[6],"46":[4],"47":[2]},"fnMap":{"0":{"name":"generateUniqueId","decl":{"start":{"line":10,"column":7},"end":{"line":12,"column":1}},"loc":{"start":{"line":10,"column":7},"end":{"line":12,"column":1}},"line":10},"1":{"name":"badgeClass","decl":{"start":{"line":15,"column":7},"end":{"line":17,"column":1}},"loc":{"start":{"line":15,"column":7},"end":{"line":17,"column":1}},"line":15},"2":{"name":"iconeTipo","decl":{"start":{"line":20,"column":25},"end":{"line":29,"column":2}},"loc":{"start":{"line":20,"column":25},"end":{"line":29,"column":2}},"line":20},"3":{"name":"parseDate","decl":{"start":{"line":34,"column":7},"end":{"line":70,"column":1}},"loc":{"start":{"line":34,"column":7},"end":{"line":70,"column":1}},"line":34},"4":{"name":"formatDateBR","decl":{"start":{"line":72,"column":7},"end":{"line":90,"column":1}},"loc":{"start":{"line":72,"column":7},"end":{"line":90,"column":1}},"line":72},"5":{"name":"formatDateForInput","decl":{"start":{"line":92,"column":7},"end":{"line":103,"column":1}},"loc":{"start":{"line":92,"column":7},"end":{"line":103,"column":1}},"line":92},"6":{"name":"formatDateTimeBR","decl":{"start":{"line":105,"column":7},"end":{"line":113,"column":1}},"loc":{"start":{"line":105,"column":7},"end":{"line":113,"column":1}},"line":105},"7":{"name":"isDateValidAndFuture","decl":{"start":{"line":115,"column":7},"end":{"line":126,"column":1}},"loc":{"start":{"line":115,"column":7},"end":{"line":126,"column":1}},"line":115},"8":{"name":"diffInDays","decl":{"start":{"line":128,"column":7},"end":{"line":131,"column":1}},"loc":{"start":{"line":128,"column":7},"end":{"line":131,"column":1}},"line":128},"9":{"name":"ensureValidDate","decl":{"start":{"line":133,"column":7},"end":{"line":139,"column":1}},"loc":{"start":{"line":133,"column":7},"end":{"line":139,"column":1}},"line":133}},"f":{"0":33,"1":20,"2":34,"3":1442,"4":8,"5":4,"6":3,"7":5,"8":3,"9":8}}
}
